Log file open, 12/16/21 03:45:02
LogWindows: Failed to load 'aqProf.dll' (GetLastError=126)
LogWindows: File 'aqProf.dll' does not exist
LogWindows: Failed to load 'VtuneApi.dll' (GetLastError=126)
LogWindows: File 'VtuneApi.dll' does not exist
LogWindows: Failed to load 'VtuneApi32e.dll' (GetLastError=126)
LogWindows: File 'VtuneApi32e.dll' does not exist
LogConsoleResponse: Display: Failed to find resolution value strings in scalability ini. Falling back to default.
LogConsoleResponse: Display: Failed to find resolution value strings in scalability ini. Falling back to default.
LogInit: Display: Running engine for game: TotemsOfEarth
LogPlatformFile: Not using cached read wrapper
LogTaskGraph: Started task graph with 5 named threads and 47 total threads with 3 sets of task threads.
LogStats: Stats thread started at 0.199375
LogICUInternationalization: ICU TimeZone Detection - Raw Offset: +7:00, Platform Override: ''
LogInit: Display: Loading text-based GConfig....
LogPluginManager: Mounting plugin MeshPainting
LogPluginManager: Mounting plugin XGEController
LogPluginManager: Mounting plugin LiveLink
LogPluginManager: Mounting plugin AISupport
LogPluginManager: Mounting plugin Paper2D
LogPluginManager: Mounting plugin EnvironmentQueryEditor
LogPluginManager: Mounting plugin OodleNetwork
LogPluginManager: Mounting plugin LightPropagationVolume
LogPluginManager: Mounting plugin OodleData
LogPluginManager: Mounting plugin CurveEditorTools
LogPluginManager: Mounting plugin AssetManagerEditor
LogPluginManager: Mounting plugin GameplayTagsEditor
LogPluginManager: Mounting plugin GeometryMode
LogPluginManager: Mounting plugin CameraShakePreviewer
LogPluginManager: Mounting plugin MacGraphicsSwitching
LogPluginManager: Mounting plugin CryptoKeys
LogPluginManager: Mounting plugin GameplayCameras
LogPluginManager: Mounting plugin MaterialAnalyzer
LogPluginManager: Mounting plugin MobileLauncherProfileWizard
LogPluginManager: Mounting plugin FacialAnimation
LogPluginManager: Mounting plugin AlembicImporter
LogPluginManager: Mounting plugin SpeedTreeImporter
LogPluginManager: Mounting plugin PluginBrowser
LogPluginManager: Mounting plugin DataValidation
LogPluginManager: Mounting plugin BackChannel
LogPluginManager: Mounting plugin AutomationUtils
LogPluginManager: Mounting plugin Niagara
LogPluginManager: Mounting plugin ChaosEditor
LogPluginManager: Mounting plugin ChaosNiagara
LogPluginManager: Mounting plugin ChaosClothEditor
LogPluginManager: Mounting plugin ChaosCloth
LogPluginManager: Mounting plugin ChaosSolverPlugin
LogPluginManager: Mounting plugin CharacterAI
LogPluginManager: Mounting plugin GeometryCache
LogPluginManager: Mounting plugin LuminPlatformFeatures
LogPluginManager: Mounting plugin MagicLeap
LogPluginManager: Mounting plugin GeometryCollectionPlugin
LogPluginManager: Mounting plugin MagicLeapMedia
LogPluginManager: Mounting plugin MagicLeapLightEstimation
LogPluginManager: Mounting plugin GeometryProcessing
LogPluginManager: Mounting plugin MagicLeapPassableWorld
LogPluginManager: Mounting plugin AndroidMedia
LogPluginManager: Mounting plugin MLSDK
LogPluginManager: Mounting plugin AvfMedia
LogPluginManager: Mounting plugin OpenImageDenoise
LogPluginManager: Mounting plugin MotoSynth
LogPluginManager: Mounting plugin PlanarCut
LogPluginManager: Mounting plugin ProxyLODPlugin
LogPluginManager: Mounting plugin PlatformCrypto
LogPluginManager: Mounting plugin PythonScriptPlugin
LogPluginManager: Mounting plugin SkeletalReduction
LogPluginManager: Mounting plugin ImgMedia
LogPluginManager: Mounting plugin MediaCompositing
LogPluginManager: Mounting plugin MediaPlayerEditor
LogPluginManager: Mounting plugin WmfMedia
LogPluginManager: Mounting plugin WebMMedia
LogPluginManager: Mounting plugin ActorSequence
LogPluginManager: Mounting plugin LevelSequenceEditor
LogPluginManager: Mounting plugin MatineeToLevelSequence
LogPluginManager: Mounting plugin TemplateSequence
LogPluginManager: Mounting plugin TcpMessaging
LogPluginManager: Mounting plugin UdpMessaging
LogPluginManager: Mounting plugin LauncherChunkInstaller
LogPluginManager: Mounting plugin OnlineSubsystem
LogPluginManager: Mounting plugin OnlineSubsystemNull
LogPluginManager: Mounting plugin OnlineSubsystemUtils
LogPluginManager: Mounting plugin ActorLayerUtilities
LogPluginManager: Mounting plugin AndroidMoviePlayer
LogPluginManager: Mounting plugin AndroidDeviceProfileSelector
LogPluginManager: Mounting plugin AndroidPermission
LogPluginManager: Mounting plugin AppleImageUtils
LogPluginManager: Mounting plugin AppleMoviePlayer
LogPluginManager: Mounting plugin ArchVisCharacter
LogPluginManager: Mounting plugin AssetTags
LogPluginManager: Mounting plugin AudioCapture
LogPluginManager: Mounting plugin AudioSynesthesia
LogPluginManager: Mounting plugin CableComponent
LogPluginManager: Mounting plugin ChunkDownloader
LogPluginManager: Mounting plugin CustomMeshComponent
LogPluginManager: Mounting plugin EditableMesh
LogPluginManager: Mounting plugin ScreenshotTools
LogPluginManager: Mounting plugin ExampleDeviceProfileSelector
LogPluginManager: Mounting plugin GoogleCloudMessaging
LogPluginManager: Mounting plugin GooglePAD
LogPluginManager: Mounting plugin Takes
LogPluginManager: Mounting plugin IOSDeviceProfileSelector
LogPluginManager: Mounting plugin LinuxDeviceProfileSelector
LogPluginManager: Mounting plugin LocationServicesBPLibrary
LogPluginManager: Mounting plugin MobilePatchingUtils
LogPluginManager: Mounting plugin OpenXR
LogPluginManager: Mounting plugin OpenXRHandTracking
LogPluginManager: Mounting plugin OpenXREyeTracker
LogPluginManager: Mounting plugin PhysXVehicles
LogPluginManager: Mounting plugin PostSplashScreen
LogPluginManager: Mounting plugin ProceduralMeshComponent
LogPluginManager: Mounting plugin RuntimePhysXCooking
LogPluginManager: Mounting plugin PropertyAccessEditor
LogPluginManager: Mounting plugin SignificanceManager
LogPluginManager: Mounting plugin SoundFields
LogPluginManager: Mounting plugin WindowsMoviePlayer
LogPluginManager: Mounting plugin Synthesis
LogPluginManager: Mounting plugin WebMMoviePlayer
LogPluginManager: Mounting plugin DatasmithContent
LogPluginManager: Mounting plugin AnimationSharing
LogPluginManager: Mounting plugin VariantManagerContent
LogPluginManager: Mounting plugin CodeLiteSourceCodeAccess
LogPluginManager: Mounting plugin CLionSourceCodeAccess
LogPluginManager: Mounting plugin GitSourceControl
LogPluginManager: Mounting plugin NullSourceCodeAccess
LogPluginManager: Mounting plugin KDevelopSourceCodeAccess
LogPluginManager: Mounting plugin PerforceSourceControl
LogPluginManager: Mounting plugin PixWinPlugin
LogPluginManager: Mounting plugin PropertyAccessNode
LogPluginManager: Mounting plugin PluginUtils
LogPluginManager: Mounting plugin SubversionSourceControl
LogPluginManager: Mounting plugin RiderSourceCodeAccess
LogPluginManager: Mounting plugin PlasticSourceControl
LogPluginManager: Mounting plugin TextureFormatOodle
LogPluginManager: Mounting plugin VisualStudioCodeSourceCodeAccess
LogPluginManager: Mounting plugin VisualStudioSourceCodeAccess
LogPluginManager: Mounting plugin XCodeSourceCodeAccess
LogPluginManager: Mounting plugin UObjectPlugin
LogPluginManager: Mounting plugin ContentBrowserClassDataSource
LogPluginManager: Mounting plugin ContentBrowserAssetDataSource
LogPluginManager: Mounting plugin ContentBrowserFileDataSource
LogPluginManager: Mounting plugin OnlineSubsystemGooglePlay
LogPluginManager: Mounting plugin OnlineSubsystemIOS
LogPluginManager: Mounting plugin OculusVR
LogPluginManager: Mounting plugin SteamVR
LogInit: Using libcurl 7.55.1-DEV
LogInit:  - built for x86_64-pc-win32
LogInit:  - supports SSL with OpenSSL/1.1.1
LogInit:  - supports HTTP deflate (compression) using libz 1.2.8
LogInit:  - other features:
LogInit:      CURL_VERSION_SSL
LogInit:      CURL_VERSION_LIBZ
LogInit:      CURL_VERSION_IPV6
LogInit:      CURL_VERSION_ASYNCHDNS
LogInit:      CURL_VERSION_LARGEFILE
LogInit:      CURL_VERSION_IDN
LogInit:  CurlRequestOptions (configurable via config and command line):
LogInit:  - bVerifyPeer = true  - Libcurl will verify peer certificate
LogInit:  - bUseHttpProxy = false  - Libcurl will NOT use HTTP proxy
LogInit:  - bDontReuseConnections = false  - Libcurl will reuse connections
LogInit:  - MaxHostConnections = 16  - Libcurl will limit the number of connections to a host
LogInit:  - LocalHostAddr = Default
LogInit:  - BufferSize = 65536
LogOnline: OSS: Creating online subsystem instance for: NULL
LogInit: WinSock: version 1.1 (2.2), MaxSocks=32767, MaxUdp=65467
LogOnline: OSS: TryLoadSubsystemAndSetDefault: Loaded subsystem for module [NULL]
PixWinPlugin: PIX capture plugin failed to initialize! Check that the process is launched from PIX.
LogOculusPluginWrapper: OculusPlugin initialized successfully
LogHMD: Failed initializing OVRPlugin 1.59.0
LogInit: Build: ++UE4+Release-4.27-CL-17735300
LogInit: Engine Version: 4.27.1-17735300+++UE4+Release-4.27
LogInit: Compatible Engine Version: 4.27.0-17155196+++UE4+Release-4.27
LogInit: Net CL: 17155196
LogInit: OS: Windows 10 (Release 2009) (), CPU: AMD Ryzen 7 3700X 8-Core Processor             , GPU: NVIDIA GeForce RTX 3060
LogInit: Compiled (64-bit): Oct  6 2021 14:42:51
LogInit: Compiled with Visual C++: 19.24.28315.00
LogInit: Build Configuration: Development
LogInit: Branch Name: ++UE4+Release-4.27
LogInit: Command Line:  /Game/2DSideScrollerBP/Maps/MainMenu -game -PIEVIACONSOLE -Multiprocess GameUserSettingsINI=C:/Users/punna/Documents/GitHub/totemofearth/TotemsOfEarth/Saved/Config/Windows/PIEGameUserSettings0.ini -MultiprocessSaveConfig -forcepassthrough -messaging -SessionName="Play in Standalone Game" -windowed -WinX=0 -WinY=24 SAVEWINPOS=1 -ResX=1910 -ResY=1006
LogInit: Base Directory: E:/Epic Game/Games/UE_4.27/Engine/Binaries/Win64/
LogInit: Allocator: TBB
LogInit: Installed Engine Build: 1
LogDevObjectVersion: Number of dev versions registered: 29
LogDevObjectVersion:   Dev-Blueprints (B0D832E4-1F89-4F0D-ACCF-7EB736FD4AA2): 10
LogDevObjectVersion:   Dev-Build (E1C64328-A22C-4D53-A36C-8E866417BD8C): 0
LogDevObjectVersion:   Dev-Core (375EC13C-06E4-48FB-B500-84F0262A717E): 4
LogDevObjectVersion:   Dev-Editor (E4B068ED-F494-42E9-A231-DA0B2E46BB41): 40
LogDevObjectVersion:   Dev-Framework (CFFC743F-43B0-4480-9391-14DF171D2073): 37
LogDevObjectVersion:   Dev-Mobile (B02B49B5-BB20-44E9-A304-32B752E40360): 3
LogDevObjectVersion:   Dev-Networking (A4E4105C-59A1-49B5-A7C5-40C4547EDFEE): 0
LogDevObjectVersion:   Dev-Online (39C831C9-5AE6-47DC-9A44-9C173E1C8E7C): 0
LogDevObjectVersion:   Dev-Physics (78F01B33-EBEA-4F98-B9B4-84EACCB95AA2): 14
LogDevObjectVersion:   Dev-Platform (6631380F-2D4D-43E0-8009-CF276956A95A): 0
LogDevObjectVersion:   Dev-Rendering (12F88B9F-8875-4AFC-A67C-D90C383ABD29): 45
LogDevObjectVersion:   Dev-Sequencer (7B5AE74C-D270-4C10-A958-57980B212A5A): 13
LogDevObjectVersion:   Dev-VR (D7296918-1DD6-4BDD-9DE2-64A83CC13884): 3
LogDevObjectVersion:   Dev-LoadTimes (C2A15278-BFE7-4AFE-6C17-90FF531DF755): 1
LogDevObjectVersion:   Private-Geometry (6EACA3D4-40EC-4CC1-B786-8BED09428FC5): 3
LogDevObjectVersion:   Dev-AnimPhys (29E575DD-E0A3-4627-9D10-D276232CDCEA): 17
LogDevObjectVersion:   Dev-Anim (AF43A65D-7FD3-4947-9873-3E8ED9C1BB05): 15
LogDevObjectVersion:   Dev-ReflectionCapture (6B266CEC-1EC7-4B8F-A30B-E4D90942FC07): 1
LogDevObjectVersion:   Dev-Automation (0DF73D61-A23F-47EA-B727-89E90C41499A): 1
LogDevObjectVersion:   FortniteMain (601D1886-AC64-4F84-AA16-D3DE0DEAC7D6): 47
LogDevObjectVersion:   FortniteRelease (E7086368-6B23-4C58-8439-1B7016265E91): 1
LogDevObjectVersion:   Dev-Enterprise (9DFFBCD6-494F-0158-E221-12823C92A888): 10
LogDevObjectVersion:   Dev-Niagara (F2AED0AC-9AFE-416F-8664-AA7FFA26D6FC): 1
LogDevObjectVersion:   Dev-Destruction (174F1F0B-B4C6-45A5-B13F-2EE8D0FB917D): 10
LogDevObjectVersion:   Dev-Physics-Ext (35F94A83-E258-406C-A318-09F59610247C): 41
LogDevObjectVersion:   Dev-PhysicsMaterial-Chaos (B68FC16E-8B1B-42E2-B453-215C058844FE): 1
LogDevObjectVersion:   Dev-CineCamera (B2E18506-4273-CFC2-A54E-F4BB758BBA07): 1
LogDevObjectVersion:   Dev-VirtualProduction (64F58936-FD1B-42BA-BA96-7289D5D0FA4E): 1
LogDevObjectVersion:   Dev-MediaFramework (6F0ED827-A609-4895-9C91-998D90180EA4): 2
LogInit: Presizing for max 25165824 objects, including 0 objects not considered by GC, pre-allocating 0 bytes for permanent pool.
LogConfig: Applying CVar settings from Section [/Script/Engine.StreamingSettings] File [C:/Users/punna/Documents/GitHub/totemofearth/TotemsOfEarth/Saved/Config/Windows/Engine.ini]
LogConfig: Setting CVar [[s.MinBulkDataSizeForAsyncLoading:131072]]
LogConfig: Setting CVar [[s.AsyncLoadingThreadEnabled:0]]
LogConfig: Setting CVar [[s.EventDrivenLoaderEnabled:1]]
LogConfig: Setting CVar [[s.WarnIfTimeLimitExceeded:0]]
LogConfig: Setting CVar [[s.TimeLimitExceededMultiplier:1.5]]
LogConfig: Setting CVar [[s.TimeLimitExceededMinTime:0.005]]
LogConfig: Setting CVar [[s.UseBackgroundLevelStreaming:1]]
LogConfig: Setting CVar [[s.PriorityAsyncLoadingExtraTime:15.0]]
LogConfig: Setting CVar [[s.LevelStreamingActorsUpdateTimeLimit:5.0]]
LogConfig: Setting CVar [[s.PriorityLevelStreamingActorsUpdateExtraTime:5.0]]
LogConfig: Setting CVar [[s.LevelStreamingComponentsRegistrationGranularity:10]]
LogConfig: Setting CVar [[s.UnregisterComponentsTimeLimit:1.0]]
LogConfig: Setting CVar [[s.LevelStreamingComponentsUnregistrationGranularity:5]]
LogConfig: Setting CVar [[s.FlushStreamingOnExit:1]]
LogInit: Object subsystem initialized
LogConfig: Setting CVar [[con.DebugEarlyDefault:1]]
LogConfig: Setting CVar [[r.setres:1280x720]]
[2021.12.15-20.45.03:274][  0]LogConfig: Setting CVar [[con.DebugEarlyDefault:1]]
[2021.12.15-20.45.03:274][  0]LogConfig: Setting CVar [[r.setres:1280x720]]
[2021.12.15-20.45.03:274][  0]LogConfig: Applying CVar settings from Section [/Script/Engine.RendererSettings] File [C:/Users/punna/Documents/GitHub/totemofearth/TotemsOfEarth/Saved/Config/Windows/Engine.ini]
[2021.12.15-20.45.03:274][  0]LogConfig: Setting CVar [[r.GPUCrashDebugging:0]]
[2021.12.15-20.45.03:274][  0]LogConfig: Setting CVar [[r.MobileHDR:0]]
[2021.12.15-20.45.03:274][  0]LogConfig: Applying CVar settings from Section [/Script/Engine.RendererOverrideSettings] File [C:/Users/punna/Documents/GitHub/totemofearth/TotemsOfEarth/Saved/Config/Windows/Engine.ini]
[2021.12.15-20.45.03:274][  0]LogConfig: Applying CVar settings from Section [/Script/Engine.StreamingSettings] File [C:/Users/punna/Documents/GitHub/totemofearth/TotemsOfEarth/Saved/Config/Windows/Engine.ini]
[2021.12.15-20.45.03:274][  0]LogConfig: Setting CVar [[s.MinBulkDataSizeForAsyncLoading:131072]]
[2021.12.15-20.45.03:274][  0]LogConfig: Setting CVar [[s.AsyncLoadingThreadEnabled:0]]
[2021.12.15-20.45.03:274][  0]LogConfig: Setting CVar [[s.EventDrivenLoaderEnabled:1]]
[2021.12.15-20.45.03:274][  0]LogConfig: Setting CVar [[s.WarnIfTimeLimitExceeded:0]]
[2021.12.15-20.45.03:274][  0]LogConfig: Setting CVar [[s.TimeLimitExceededMultiplier:1.5]]
[2021.12.15-20.45.03:274][  0]LogConfig: Setting CVar [[s.TimeLimitExceededMinTime:0.005]]
[2021.12.15-20.45.03:274][  0]LogConfig: Setting CVar [[s.UseBackgroundLevelStreaming:1]]
[2021.12.15-20.45.03:274][  0]LogConfig: Setting CVar [[s.PriorityAsyncLoadingExtraTime:15.0]]
[2021.12.15-20.45.03:274][  0]LogConfig: Setting CVar [[s.LevelStreamingActorsUpdateTimeLimit:5.0]]
[2021.12.15-20.45.03:274][  0]LogConfig: Setting CVar [[s.PriorityLevelStreamingActorsUpdateExtraTime:5.0]]
[2021.12.15-20.45.03:274][  0]LogConfig: Setting CVar [[s.LevelStreamingComponentsRegistrationGranularity:10]]
[2021.12.15-20.45.03:274][  0]LogConfig: Setting CVar [[s.UnregisterComponentsTimeLimit:1.0]]
[2021.12.15-20.45.03:274][  0]LogConfig: Setting CVar [[s.LevelStreamingComponentsUnregistrationGranularity:5]]
[2021.12.15-20.45.03:274][  0]LogConfig: Setting CVar [[s.FlushStreamingOnExit:1]]
[2021.12.15-20.45.03:274][  0]LogConfig: Applying CVar settings from Section [/Script/Engine.GarbageCollectionSettings] File [C:/Users/punna/Documents/GitHub/totemofearth/TotemsOfEarth/Saved/Config/Windows/Engine.ini]
[2021.12.15-20.45.03:274][  0]LogConfig: Setting CVar [[gc.MaxObjectsNotConsideredByGC:1]]
[2021.12.15-20.45.03:274][  0]LogConfig: Setting CVar [[gc.SizeOfPermanentObjectPool:0]]
[2021.12.15-20.45.03:274][  0]LogConfig: Setting CVar [[gc.FlushStreamingOnGC:0]]
[2021.12.15-20.45.03:274][  0]LogConfig: Setting CVar [[gc.NumRetriesBeforeForcingGC:10]]
[2021.12.15-20.45.03:274][  0]LogConfig: Setting CVar [[gc.AllowParallelGC:1]]
[2021.12.15-20.45.03:274][  0]LogConfig: Setting CVar [[gc.TimeBetweenPurgingPendingKillObjects:61.1]]
[2021.12.15-20.45.03:274][  0]LogConfig: Setting CVar [[gc.MaxObjectsInEditor:25165824]]
[2021.12.15-20.45.03:274][  0]LogConfig: Setting CVar [[gc.IncrementalBeginDestroyEnabled:1]]
[2021.12.15-20.45.03:274][  0]LogConfig: Setting CVar [[gc.CreateGCClusters:1]]
[2021.12.15-20.45.03:274][  0]LogConfig: Setting CVar [[gc.MinGCClusterSize:5]]
[2021.12.15-20.45.03:274][  0]LogConfig: Setting CVar [[gc.ActorClusteringEnabled:0]]
[2021.12.15-20.45.03:274][  0]LogConfig: Setting CVar [[gc.BlueprintClusteringEnabled:0]]
[2021.12.15-20.45.03:274][  0]LogConfig: Setting CVar [[gc.UseDisregardForGCOnDedicatedServers:0]]
[2021.12.15-20.45.03:274][  0]LogConfig: Setting CVar [[gc.MultithreadedDestructionEnabled:1]]
[2021.12.15-20.45.03:274][  0]LogConfig: Applying CVar settings from Section [/Script/Engine.NetworkSettings] File [C:/Users/punna/Documents/GitHub/totemofearth/TotemsOfEarth/Saved/Config/Windows/Engine.ini]
[2021.12.15-20.45.03:274][  0]LogConfig: Applying CVar settings from Section [/Script/UnrealEd.CookerSettings] File [C:/Users/punna/Documents/GitHub/totemofearth/TotemsOfEarth/Saved/Config/Windows/Engine.ini]
[2021.12.15-20.45.03:279][  0]LogConfig: Applying CVar settings from Section [ViewDistanceQuality@3] File [C:/Users/punna/Documents/GitHub/totemofearth/TotemsOfEarth/Saved/Config/Windows/Scalability.ini]
[2021.12.15-20.45.03:279][  0]LogConfig: Setting CVar [[r.SkeletalMeshLODBias:0]]
[2021.12.15-20.45.03:279][  0]LogConfig: Setting CVar [[r.ViewDistanceScale:1.0]]
[2021.12.15-20.45.03:279][  0]LogConfig: Applying CVar settings from Section [AntiAliasingQuality@3] File [C:/Users/punna/Documents/GitHub/totemofearth/TotemsOfEarth/Saved/Config/Windows/Scalability.ini]
[2021.12.15-20.45.03:279][  0]LogConfig: Setting CVar [[r.PostProcessAAQuality:4]]
[2021.12.15-20.45.03:279][  0]LogConfig: Applying CVar settings from Section [ShadowQuality@3] File [C:/Users/punna/Documents/GitHub/totemofearth/TotemsOfEarth/Saved/Config/Windows/Scalability.ini]
[2021.12.15-20.45.03:279][  0]LogConfig: Setting CVar [[r.LightFunctionQuality:1]]
[2021.12.15-20.45.03:279][  0]LogConfig: Setting CVar [[r.ShadowQuality:5]]
[2021.12.15-20.45.03:279][  0]LogConfig: Setting CVar [[r.Shadow.CSM.MaxCascades:10]]
[2021.12.15-20.45.03:279][  0]LogConfig: Setting CVar [[r.Shadow.MaxResolution:2048]]
[2021.12.15-20.45.03:279][  0]LogConfig: Setting CVar [[r.Shadow.MaxCSMResolution:2048]]
[2021.12.15-20.45.03:279][  0]LogConfig: Setting CVar [[r.Shadow.RadiusThreshold:0.01]]
[2021.12.15-20.45.03:280][  0]LogConfig: Setting CVar [[r.Shadow.DistanceScale:1.0]]
[2021.12.15-20.45.03:280][  0]LogConfig: Setting CVar [[r.Shadow.CSM.TransitionScale:1.0]]
[2021.12.15-20.45.03:280][  0]LogConfig: Setting CVar [[r.Shadow.PreShadowResolutionFactor:1.0]]
[2021.12.15-20.45.03:280][  0]LogConfig: Setting CVar [[r.DistanceFieldShadowing:1]]
[2021.12.15-20.45.03:280][  0]LogConfig: Setting CVar [[r.DistanceFieldAO:1]]
[2021.12.15-20.45.03:280][  0]LogConfig: Setting CVar [[r.AOQuality:2]]
[2021.12.15-20.45.03:280][  0]LogConfig: Setting CVar [[r.VolumetricFog:1]]
[2021.12.15-20.45.03:280][  0]LogConfig: Setting CVar [[r.VolumetricFog.GridPixelSize:8]]
[2021.12.15-20.45.03:280][  0]LogConfig: Setting CVar [[r.VolumetricFog.GridSizeZ:128]]
[2021.12.15-20.45.03:280][  0]LogConfig: Setting CVar [[r.VolumetricFog.HistoryMissSupersampleCount:4]]
[2021.12.15-20.45.03:280][  0]LogConfig: Setting CVar [[r.LightMaxDrawDistanceScale:1]]
[2021.12.15-20.45.03:280][  0]LogConfig: Setting CVar [[r.CapsuleShadows:1]]
[2021.12.15-20.45.03:280][  0]LogConfig: Applying CVar settings from Section [PostProcessQuality@3] File [C:/Users/punna/Documents/GitHub/totemofearth/TotemsOfEarth/Saved/Config/Windows/Scalability.ini]
[2021.12.15-20.45.03:280][  0]LogConfig: Setting CVar [[r.MotionBlurQuality:4]]
[2021.12.15-20.45.03:280][  0]LogConfig: Setting CVar [[r.AmbientOcclusionMipLevelFactor:0.4]]
[2021.12.15-20.45.03:280][  0]LogConfig: Setting CVar [[r.AmbientOcclusionMaxQuality:100]]
[2021.12.15-20.45.03:280][  0]LogConfig: Setting CVar [[r.AmbientOcclusionLevels:-1]]
[2021.12.15-20.45.03:280][  0]LogConfig: Setting CVar [[r.AmbientOcclusionRadiusScale:1.0]]
[2021.12.15-20.45.03:280][  0]LogConfig: Setting CVar [[r.DepthOfFieldQuality:2]]
[2021.12.15-20.45.03:280][  0]LogConfig: Setting CVar [[r.RenderTargetPoolMin:400]]
[2021.12.15-20.45.03:280][  0]LogConfig: Setting CVar [[r.LensFlareQuality:2]]
[2021.12.15-20.45.03:280][  0]LogConfig: Setting CVar [[r.SceneColorFringeQuality:1]]
[2021.12.15-20.45.03:280][  0]LogConfig: Setting CVar [[r.EyeAdaptationQuality:2]]
[2021.12.15-20.45.03:280][  0]LogConfig: Setting CVar [[r.BloomQuality:5]]
[2021.12.15-20.45.03:280][  0]LogConfig: Setting CVar [[r.FastBlurThreshold:100]]
[2021.12.15-20.45.03:280][  0]LogConfig: Setting CVar [[r.Upscale.Quality:3]]
[2021.12.15-20.45.03:280][  0]LogConfig: Setting CVar [[r.Tonemapper.GrainQuantization:1]]
[2021.12.15-20.45.03:280][  0]LogConfig: Setting CVar [[r.LightShaftQuality:1]]
[2021.12.15-20.45.03:280][  0]LogConfig: Setting CVar [[r.Filter.SizeScale:1]]
[2021.12.15-20.45.03:280][  0]LogConfig: Setting CVar [[r.Tonemapper.Quality:5]]
[2021.12.15-20.45.03:280][  0]LogConfig: Setting CVar [[r.DOF.Gather.AccumulatorQuality:1        ; higher gathering accumulator quality]]
[2021.12.15-20.45.03:280][  0]LogConfig: Setting CVar [[r.DOF.Gather.PostfilterMethod:1          ; Median3x3 postfilering method]]
[2021.12.15-20.45.03:280][  0]LogConfig: Setting CVar [[r.DOF.Gather.EnableBokehSettings:0       ; no bokeh simulation when gathering]]
[2021.12.15-20.45.03:280][  0]LogConfig: Setting CVar [[r.DOF.Gather.RingCount:4                 ; medium number of samples when gathering]]
[2021.12.15-20.45.03:280][  0]LogConfig: Setting CVar [[r.DOF.Scatter.ForegroundCompositing:1    ; additive foreground scattering]]
[2021.12.15-20.45.03:280][  0]LogConfig: Setting CVar [[r.DOF.Scatter.BackgroundCompositing:2    ; additive background scattering]]
[2021.12.15-20.45.03:280][  0]LogConfig: Setting CVar [[r.DOF.Scatter.EnableBokehSettings:1      ; bokeh simulation when scattering]]
[2021.12.15-20.45.03:280][  0]LogConfig: Setting CVar [[r.DOF.Scatter.MaxSpriteRatio:0.1         ; only a maximum of 10% of scattered bokeh]]
[2021.12.15-20.45.03:280][  0]LogConfig: Setting CVar [[r.DOF.Recombine.Quality:1                ; cheap slight out of focus]]
[2021.12.15-20.45.03:280][  0]LogConfig: Setting CVar [[r.DOF.Recombine.EnableBokehSettings:0    ; no bokeh simulation on slight out of focus]]
[2021.12.15-20.45.03:280][  0]LogConfig: Setting CVar [[r.DOF.TemporalAAQuality:1                ; more stable temporal accumulation]]
[2021.12.15-20.45.03:280][  0]LogConfig: Setting CVar [[r.DOF.Kernel.MaxForegroundRadius:0.025]]
[2021.12.15-20.45.03:280][  0]LogConfig: Setting CVar [[r.DOF.Kernel.MaxBackgroundRadius:0.025]]
[2021.12.15-20.45.03:280][  0]LogConfig: Applying CVar settings from Section [TextureQuality@3] File [C:/Users/punna/Documents/GitHub/totemofearth/TotemsOfEarth/Saved/Config/Windows/Scalability.ini]
[2021.12.15-20.45.03:280][  0]LogConfig: Setting CVar [[r.Streaming.MipBias:0]]
[2021.12.15-20.45.03:280][  0]LogConfig: Setting CVar [[r.Streaming.AmortizeCPUToGPUCopy:0]]
[2021.12.15-20.45.03:280][  0]LogConfig: Setting CVar [[r.Streaming.MaxNumTexturesToStreamPerFrame:0]]
[2021.12.15-20.45.03:280][  0]LogConfig: Setting CVar [[r.Streaming.Boost:1]]
[2021.12.15-20.45.03:280][  0]LogConfig: Setting CVar [[r.MaxAnisotropy:8]]
[2021.12.15-20.45.03:280][  0]LogConfig: Setting CVar [[r.VT.MaxAnisotropy:8]]
[2021.12.15-20.45.03:280][  0]LogConfig: Setting CVar [[r.Streaming.LimitPoolSizeToVRAM:0]]
[2021.12.15-20.45.03:280][  0]LogConfig: Setting CVar [[r.Streaming.PoolSize:1000]]
[2021.12.15-20.45.03:280][  0]LogConfig: Setting CVar [[r.Streaming.MaxEffectiveScreenSize:0]]
[2021.12.15-20.45.03:280][  0]LogConfig: Applying CVar settings from Section [EffectsQuality@3] File [C:/Users/punna/Documents/GitHub/totemofearth/TotemsOfEarth/Saved/Config/Windows/Scalability.ini]
[2021.12.15-20.45.03:280][  0]LogConfig: Setting CVar [[r.TranslucencyLightingVolumeDim:64]]
[2021.12.15-20.45.03:280][  0]LogConfig: Setting CVar [[r.RefractionQuality:2]]
[2021.12.15-20.45.03:280][  0]LogConfig: Setting CVar [[r.SSR.Quality:3]]
[2021.12.15-20.45.03:280][  0]LogConfig: Setting CVar [[r.SSR.HalfResSceneColor:0]]
[2021.12.15-20.45.03:280][  0]LogConfig: Setting CVar [[r.SceneColorFormat:4]]
[2021.12.15-20.45.03:280][  0]LogConfig: Setting CVar [[r.DetailMode:2]]
[2021.12.15-20.45.03:280][  0]LogConfig: Setting CVar [[r.TranslucencyVolumeBlur:1]]
[2021.12.15-20.45.03:280][  0]LogConfig: Setting CVar [[r.MaterialQualityLevel:1 ; High quality]]
[2021.12.15-20.45.03:280][  0]LogConfig: Setting CVar [[r.AnisotropicMaterials:1]]
[2021.12.15-20.45.03:280][  0]LogConfig: Setting CVar [[r.SSS.Scale:1]]
[2021.12.15-20.45.03:280][  0]LogConfig: Setting CVar [[r.SSS.SampleSet:2]]
[2021.12.15-20.45.03:280][  0]LogConfig: Setting CVar [[r.SSS.Quality:1]]
[2021.12.15-20.45.03:280][  0]LogConfig: Setting CVar [[r.SSS.HalfRes:0]]
[2021.12.15-20.45.03:280][  0]LogConfig: Setting CVar [[r.SSGI.Quality:3]]
[2021.12.15-20.45.03:280][  0]LogConfig: Setting CVar [[r.EmitterSpawnRateScale:1.0]]
[2021.12.15-20.45.03:280][  0]LogConfig: Setting CVar [[r.ParticleLightQuality:2]]
[2021.12.15-20.45.03:280][  0]LogConfig: Setting CVar [[r.SkyAtmosphere.AerialPerspectiveLUT.FastApplyOnOpaque:1 ; Always have FastSkyLUT 1 in this case to avoid wrong sky]]
[2021.12.15-20.45.03:280][  0]LogConfig: Setting CVar [[r.SkyAtmosphere.AerialPerspectiveLUT.SampleCountMaxPerSlice:4]]
[2021.12.15-20.45.03:280][  0]LogConfig: Setting CVar [[r.SkyAtmosphere.AerialPerspectiveLUT.DepthResolution:16.0]]
[2021.12.15-20.45.03:280][  0]LogConfig: Setting CVar [[r.SkyAtmosphere.FastSkyLUT:1]]
[2021.12.15-20.45.03:280][  0]LogConfig: Setting CVar [[r.SkyAtmosphere.FastSkyLUT.SampleCountMin:4.0]]
[2021.12.15-20.45.03:280][  0]LogConfig: Setting CVar [[r.SkyAtmosphere.FastSkyLUT.SampleCountMax:128.0]]
[2021.12.15-20.45.03:280][  0]LogConfig: Setting CVar [[r.SkyAtmosphere.SampleCountMin:4.0]]
[2021.12.15-20.45.03:280][  0]LogConfig: Setting CVar [[r.SkyAtmosphere.SampleCountMax:128.0]]
[2021.12.15-20.45.03:280][  0]LogConfig: Setting CVar [[r.SkyAtmosphere.TransmittanceLUT.UseSmallFormat:0]]
[2021.12.15-20.45.03:280][  0]LogConfig: Setting CVar [[r.SkyAtmosphere.TransmittanceLUT.SampleCount:10.0]]
[2021.12.15-20.45.03:280][  0]LogConfig: Setting CVar [[r.SkyAtmosphere.MultiScatteringLUT.SampleCount:15.0]]
[2021.12.15-20.45.03:280][  0]LogConfig: Setting CVar [[r.SkyLight.RealTimeReflectionCapture:1]]
[2021.12.15-20.45.03:280][  0]LogConfig: Applying CVar settings from Section [FoliageQuality@3] File [C:/Users/punna/Documents/GitHub/totemofearth/TotemsOfEarth/Saved/Config/Windows/Scalability.ini]
[2021.12.15-20.45.03:280][  0]LogConfig: Setting CVar [[foliage.DensityScale:1.0]]
[2021.12.15-20.45.03:280][  0]LogConfig: Setting CVar [[grass.DensityScale:1.0]]
[2021.12.15-20.45.03:280][  0]LogConfig: Applying CVar settings from Section [ShadingQuality@3] File [C:/Users/punna/Documents/GitHub/totemofearth/TotemsOfEarth/Saved/Config/Windows/Scalability.ini]
[2021.12.15-20.45.03:280][  0]LogConfig: Setting CVar [[r.HairStrands.SkyLighting.IntegrationType:2]]
[2021.12.15-20.45.03:280][  0]LogConfig: Setting CVar [[r.HairStrands.SkyAO.SampleCount:4]]
[2021.12.15-20.45.03:280][  0]LogConfig: Setting CVar [[r.HairStrands.Visibility.MSAA.SamplePerPixel:4]]
[2021.12.15-20.45.03:281][  0]LogInit: Selected Device Profile: [Windows]
[2021.12.15-20.45.03:281][  0]LogInit: Applying CVar settings loaded from the selected device profile: [Windows]
[2021.12.15-20.45.03:281][  0]LogHAL: Display: Platform has ~ 16 GB [17102860288 / 17179869184 / 16], which maps to Larger [LargestMinGB=32, LargerMinGB=12, DefaultMinGB=8, SmallerMinGB=6, SmallestMinGB=0)
[2021.12.15-20.45.03:281][  0]LogInit: Going up to parent DeviceProfile []
[2021.12.15-20.45.03:281][  0]LogConfig: Applying CVar settings from Section [ViewDistanceQuality@3] File [C:/Users/punna/Documents/GitHub/totemofearth/TotemsOfEarth/Saved/Config/Windows/Scalability.ini]
[2021.12.15-20.45.03:281][  0]LogConfig: Setting CVar [[r.SkeletalMeshLODBias:0]]
[2021.12.15-20.45.03:281][  0]LogConfig: Setting CVar [[r.ViewDistanceScale:1.0]]
[2021.12.15-20.45.03:281][  0]LogConfig: Applying CVar settings from Section [AntiAliasingQuality@3] File [C:/Users/punna/Documents/GitHub/totemofearth/TotemsOfEarth/Saved/Config/Windows/Scalability.ini]
[2021.12.15-20.45.03:281][  0]LogConfig: Setting CVar [[r.PostProcessAAQuality:4]]
[2021.12.15-20.45.03:281][  0]LogConfig: Applying CVar settings from Section [ShadowQuality@3] File [C:/Users/punna/Documents/GitHub/totemofearth/TotemsOfEarth/Saved/Config/Windows/Scalability.ini]
[2021.12.15-20.45.03:281][  0]LogConfig: Setting CVar [[r.LightFunctionQuality:1]]
[2021.12.15-20.45.03:281][  0]LogConfig: Setting CVar [[r.ShadowQuality:5]]
[2021.12.15-20.45.03:281][  0]LogConfig: Setting CVar [[r.Shadow.CSM.MaxCascades:10]]
[2021.12.15-20.45.03:281][  0]LogConfig: Setting CVar [[r.Shadow.MaxResolution:2048]]
[2021.12.15-20.45.03:281][  0]LogConfig: Setting CVar [[r.Shadow.MaxCSMResolution:2048]]
[2021.12.15-20.45.03:281][  0]LogConfig: Setting CVar [[r.Shadow.RadiusThreshold:0.01]]
[2021.12.15-20.45.03:281][  0]LogConfig: Setting CVar [[r.Shadow.DistanceScale:1.0]]
[2021.12.15-20.45.03:281][  0]LogConfig: Setting CVar [[r.Shadow.CSM.TransitionScale:1.0]]
[2021.12.15-20.45.03:281][  0]LogConfig: Setting CVar [[r.Shadow.PreShadowResolutionFactor:1.0]]
[2021.12.15-20.45.03:281][  0]LogConfig: Setting CVar [[r.DistanceFieldShadowing:1]]
[2021.12.15-20.45.03:281][  0]LogConfig: Setting CVar [[r.DistanceFieldAO:1]]
[2021.12.15-20.45.03:281][  0]LogConfig: Setting CVar [[r.AOQuality:2]]
[2021.12.15-20.45.03:281][  0]LogConfig: Setting CVar [[r.VolumetricFog:1]]
[2021.12.15-20.45.03:281][  0]LogConfig: Setting CVar [[r.VolumetricFog.GridPixelSize:8]]
[2021.12.15-20.45.03:281][  0]LogConfig: Setting CVar [[r.VolumetricFog.GridSizeZ:128]]
[2021.12.15-20.45.03:281][  0]LogConfig: Setting CVar [[r.VolumetricFog.HistoryMissSupersampleCount:4]]
[2021.12.15-20.45.03:281][  0]LogConfig: Setting CVar [[r.LightMaxDrawDistanceScale:1]]
[2021.12.15-20.45.03:281][  0]LogConfig: Setting CVar [[r.CapsuleShadows:1]]
[2021.12.15-20.45.03:281][  0]LogConfig: Applying CVar settings from Section [PostProcessQuality@3] File [C:/Users/punna/Documents/GitHub/totemofearth/TotemsOfEarth/Saved/Config/Windows/Scalability.ini]
[2021.12.15-20.45.03:281][  0]LogConfig: Setting CVar [[r.MotionBlurQuality:4]]
[2021.12.15-20.45.03:281][  0]LogConfig: Setting CVar [[r.AmbientOcclusionMipLevelFactor:0.4]]
[2021.12.15-20.45.03:281][  0]LogConfig: Setting CVar [[r.AmbientOcclusionMaxQuality:100]]
[2021.12.15-20.45.03:281][  0]LogConfig: Setting CVar [[r.AmbientOcclusionLevels:-1]]
[2021.12.15-20.45.03:281][  0]LogConfig: Setting CVar [[r.AmbientOcclusionRadiusScale:1.0]]
[2021.12.15-20.45.03:281][  0]LogConfig: Setting CVar [[r.DepthOfFieldQuality:2]]
[2021.12.15-20.45.03:281][  0]LogConfig: Setting CVar [[r.RenderTargetPoolMin:400]]
[2021.12.15-20.45.03:281][  0]LogConfig: Setting CVar [[r.LensFlareQuality:2]]
[2021.12.15-20.45.03:281][  0]LogConfig: Setting CVar [[r.SceneColorFringeQuality:1]]
[2021.12.15-20.45.03:281][  0]LogConfig: Setting CVar [[r.EyeAdaptationQuality:2]]
[2021.12.15-20.45.03:281][  0]LogConfig: Setting CVar [[r.BloomQuality:5]]
[2021.12.15-20.45.03:281][  0]LogConfig: Setting CVar [[r.FastBlurThreshold:100]]
[2021.12.15-20.45.03:281][  0]LogConfig: Setting CVar [[r.Upscale.Quality:3]]
[2021.12.15-20.45.03:281][  0]LogConfig: Setting CVar [[r.Tonemapper.GrainQuantization:1]]
[2021.12.15-20.45.03:281][  0]LogConfig: Setting CVar [[r.LightShaftQuality:1]]
[2021.12.15-20.45.03:281][  0]LogConfig: Setting CVar [[r.Filter.SizeScale:1]]
[2021.12.15-20.45.03:281][  0]LogConfig: Setting CVar [[r.Tonemapper.Quality:5]]
[2021.12.15-20.45.03:281][  0]LogConfig: Setting CVar [[r.DOF.Gather.AccumulatorQuality:1        ; higher gathering accumulator quality]]
[2021.12.15-20.45.03:281][  0]LogConfig: Setting CVar [[r.DOF.Gather.PostfilterMethod:1          ; Median3x3 postfilering method]]
[2021.12.15-20.45.03:281][  0]LogConfig: Setting CVar [[r.DOF.Gather.EnableBokehSettings:0       ; no bokeh simulation when gathering]]
[2021.12.15-20.45.03:281][  0]LogConfig: Setting CVar [[r.DOF.Gather.RingCount:4                 ; medium number of samples when gathering]]
[2021.12.15-20.45.03:281][  0]LogConfig: Setting CVar [[r.DOF.Scatter.ForegroundCompositing:1    ; additive foreground scattering]]
[2021.12.15-20.45.03:281][  0]LogConfig: Setting CVar [[r.DOF.Scatter.BackgroundCompositing:2    ; additive background scattering]]
[2021.12.15-20.45.03:281][  0]LogConfig: Setting CVar [[r.DOF.Scatter.EnableBokehSettings:1      ; bokeh simulation when scattering]]
[2021.12.15-20.45.03:281][  0]LogConfig: Setting CVar [[r.DOF.Scatter.MaxSpriteRatio:0.1         ; only a maximum of 10% of scattered bokeh]]
[2021.12.15-20.45.03:281][  0]LogConfig: Setting CVar [[r.DOF.Recombine.Quality:1                ; cheap slight out of focus]]
[2021.12.15-20.45.03:281][  0]LogConfig: Setting CVar [[r.DOF.Recombine.EnableBokehSettings:0    ; no bokeh simulation on slight out of focus]]
[2021.12.15-20.45.03:281][  0]LogConfig: Setting CVar [[r.DOF.TemporalAAQuality:1                ; more stable temporal accumulation]]
[2021.12.15-20.45.03:281][  0]LogConfig: Setting CVar [[r.DOF.Kernel.MaxForegroundRadius:0.025]]
[2021.12.15-20.45.03:281][  0]LogConfig: Setting CVar [[r.DOF.Kernel.MaxBackgroundRadius:0.025]]
[2021.12.15-20.45.03:281][  0]LogConfig: Applying CVar settings from Section [TextureQuality@3] File [C:/Users/punna/Documents/GitHub/totemofearth/TotemsOfEarth/Saved/Config/Windows/Scalability.ini]
[2021.12.15-20.45.03:281][  0]LogConfig: Setting CVar [[r.Streaming.MipBias:0]]
[2021.12.15-20.45.03:281][  0]LogConfig: Setting CVar [[r.Streaming.AmortizeCPUToGPUCopy:0]]
[2021.12.15-20.45.03:281][  0]LogConfig: Setting CVar [[r.Streaming.MaxNumTexturesToStreamPerFrame:0]]
[2021.12.15-20.45.03:281][  0]LogConfig: Setting CVar [[r.Streaming.Boost:1]]
[2021.12.15-20.45.03:281][  0]LogConfig: Setting CVar [[r.MaxAnisotropy:8]]
[2021.12.15-20.45.03:281][  0]LogConfig: Setting CVar [[r.VT.MaxAnisotropy:8]]
[2021.12.15-20.45.03:281][  0]LogConfig: Setting CVar [[r.Streaming.LimitPoolSizeToVRAM:0]]
[2021.12.15-20.45.03:281][  0]LogConfig: Setting CVar [[r.Streaming.PoolSize:1000]]
[2021.12.15-20.45.03:281][  0]LogConfig: Setting CVar [[r.Streaming.MaxEffectiveScreenSize:0]]
[2021.12.15-20.45.03:281][  0]LogConfig: Applying CVar settings from Section [EffectsQuality@3] File [C:/Users/punna/Documents/GitHub/totemofearth/TotemsOfEarth/Saved/Config/Windows/Scalability.ini]
[2021.12.15-20.45.03:281][  0]LogConfig: Setting CVar [[r.TranslucencyLightingVolumeDim:64]]
[2021.12.15-20.45.03:281][  0]LogConfig: Setting CVar [[r.RefractionQuality:2]]
[2021.12.15-20.45.03:281][  0]LogConfig: Setting CVar [[r.SSR.Quality:3]]
[2021.12.15-20.45.03:281][  0]LogConfig: Setting CVar [[r.SSR.HalfResSceneColor:0]]
[2021.12.15-20.45.03:281][  0]LogConfig: Setting CVar [[r.SceneColorFormat:4]]
[2021.12.15-20.45.03:281][  0]LogConfig: Setting CVar [[r.DetailMode:2]]
[2021.12.15-20.45.03:281][  0]LogConfig: Setting CVar [[r.TranslucencyVolumeBlur:1]]
[2021.12.15-20.45.03:281][  0]LogConfig: Setting CVar [[r.MaterialQualityLevel:1 ; High quality]]
[2021.12.15-20.45.03:281][  0]LogConfig: Setting CVar [[r.AnisotropicMaterials:1]]
[2021.12.15-20.45.03:281][  0]LogConfig: Setting CVar [[r.SSS.Scale:1]]
[2021.12.15-20.45.03:281][  0]LogConfig: Setting CVar [[r.SSS.SampleSet:2]]
[2021.12.15-20.45.03:281][  0]LogConfig: Setting CVar [[r.SSS.Quality:1]]
[2021.12.15-20.45.03:281][  0]LogConfig: Setting CVar [[r.SSS.HalfRes:0]]
[2021.12.15-20.45.03:281][  0]LogConfig: Setting CVar [[r.SSGI.Quality:3]]
[2021.12.15-20.45.03:281][  0]LogConfig: Setting CVar [[r.EmitterSpawnRateScale:1.0]]
[2021.12.15-20.45.03:281][  0]LogConfig: Setting CVar [[r.ParticleLightQuality:2]]
[2021.12.15-20.45.03:281][  0]LogConfig: Setting CVar [[r.SkyAtmosphere.AerialPerspectiveLUT.FastApplyOnOpaque:1 ; Always have FastSkyLUT 1 in this case to avoid wrong sky]]
[2021.12.15-20.45.03:281][  0]LogConfig: Setting CVar [[r.SkyAtmosphere.AerialPerspectiveLUT.SampleCountMaxPerSlice:4]]
[2021.12.15-20.45.03:281][  0]LogConfig: Setting CVar [[r.SkyAtmosphere.AerialPerspectiveLUT.DepthResolution:16.0]]
[2021.12.15-20.45.03:281][  0]LogConfig: Setting CVar [[r.SkyAtmosphere.FastSkyLUT:1]]
[2021.12.15-20.45.03:281][  0]LogConfig: Setting CVar [[r.SkyAtmosphere.FastSkyLUT.SampleCountMin:4.0]]
[2021.12.15-20.45.03:281][  0]LogConfig: Setting CVar [[r.SkyAtmosphere.FastSkyLUT.SampleCountMax:128.0]]
[2021.12.15-20.45.03:282][  0]LogConfig: Setting CVar [[r.SkyAtmosphere.SampleCountMin:4.0]]
[2021.12.15-20.45.03:282][  0]LogConfig: Setting CVar [[r.SkyAtmosphere.SampleCountMax:128.0]]
[2021.12.15-20.45.03:282][  0]LogConfig: Setting CVar [[r.SkyAtmosphere.TransmittanceLUT.UseSmallFormat:0]]
[2021.12.15-20.45.03:282][  0]LogConfig: Setting CVar [[r.SkyAtmosphere.TransmittanceLUT.SampleCount:10.0]]
[2021.12.15-20.45.03:282][  0]LogConfig: Setting CVar [[r.SkyAtmosphere.MultiScatteringLUT.SampleCount:15.0]]
[2021.12.15-20.45.03:282][  0]LogConfig: Setting CVar [[r.SkyLight.RealTimeReflectionCapture:1]]
[2021.12.15-20.45.03:282][  0]LogConfig: Applying CVar settings from Section [FoliageQuality@3] File [C:/Users/punna/Documents/GitHub/totemofearth/TotemsOfEarth/Saved/Config/Windows/Scalability.ini]
[2021.12.15-20.45.03:282][  0]LogConfig: Setting CVar [[foliage.DensityScale:1.0]]
[2021.12.15-20.45.03:282][  0]LogConfig: Setting CVar [[grass.DensityScale:1.0]]
[2021.12.15-20.45.03:282][  0]LogConfig: Applying CVar settings from Section [ShadingQuality@3] File [C:/Users/punna/Documents/GitHub/totemofearth/TotemsOfEarth/Saved/Config/Windows/Scalability.ini]
[2021.12.15-20.45.03:282][  0]LogConfig: Setting CVar [[r.HairStrands.SkyLighting.IntegrationType:2]]
[2021.12.15-20.45.03:282][  0]LogConfig: Setting CVar [[r.HairStrands.SkyAO.SampleCount:4]]
[2021.12.15-20.45.03:282][  0]LogConfig: Setting CVar [[r.HairStrands.Visibility.MSAA.SamplePerPixel:4]]
[2021.12.15-20.45.03:282][  0]LogConfig: Applying CVar settings from Section [Startup] File [../../../Engine/Config/ConsoleVariables.ini]
[2021.12.15-20.45.03:282][  0]LogConfig: Setting CVar [[net.UseAdaptiveNetUpdateFrequency:0]]
[2021.12.15-20.45.03:282][  0]LogConfig: Setting CVar [[p.chaos.AllowCreatePhysxBodies:1]]
[2021.12.15-20.45.03:282][  0]LogConfig: Setting CVar [[fx.SkipVectorVMBackendOptimizations:1]]
[2021.12.15-20.45.03:282][  0]LogConfig: Applying CVar settings from Section [ConsoleVariables] File [C:/Users/punna/Documents/GitHub/totemofearth/TotemsOfEarth/Saved/Config/Windows/Engine.ini]
[2021.12.15-20.45.03:282][  0]LogConfig: Applying CVar settings from Section [ConsoleVariables] File [C:/Users/punna/Documents/GitHub/totemofearth/TotemsOfEarth/Saved/Config/Windows/Editor.ini]
[2021.12.15-20.45.03:282][  0]LogInit: Computer: DESKTOP-8EPG0SH
[2021.12.15-20.45.03:282][  0]LogInit: User: punna
[2021.12.15-20.45.03:282][  0]LogInit: CPU Page size=4096, Cores=8
[2021.12.15-20.45.03:282][  0]LogInit: High frequency timer resolution =10.000000 MHz
[2021.12.15-20.45.03:282][  0]LogMemory: Memory total: Physical=15.9GB (16GB approx)
[2021.12.15-20.45.03:282][  0]LogMemory: Platform Memory Stats for Windows
[2021.12.15-20.45.03:282][  0]LogMemory: Process Physical Memory: 147.27 MB used, 147.27 MB peak
[2021.12.15-20.45.03:282][  0]LogMemory: Process Virtual Memory: 131.12 MB used, 131.12 MB peak
[2021.12.15-20.45.03:282][  0]LogMemory: Physical Memory: 9881.25 MB used,  6429.31 MB free, 16310.56 MB total
[2021.12.15-20.45.03:282][  0]LogMemory: Virtual Memory: 134212952.00 MB used,  4777.90 MB free, 134217728.00 MB total
[2021.12.15-20.45.03:286][  0]LogWindows: WindowsPlatformFeatures enabled
[2021.12.15-20.45.03:314][  0]LogInit: Physics initialised using underlying interface: PhysX
[2021.12.15-20.45.03:314][  0]LogInit: Using OS detected language (en-US).
[2021.12.15-20.45.03:314][  0]LogInit: Using OS detected locale (th-TH).
[2021.12.15-20.45.03:315][  0]LogTextLocalizationManager: No specific localization for 'en-US' exists, so the 'en' localization will be used.
[2021.12.15-20.45.03:316][  0]LogTextLocalizationManager: No localization for 'th-TH' exists, so 'en' will be used for the locale.
[2021.12.15-20.45.03:500][  0]LogWindowsTextInputMethodSystem: Display: IME system deactivated.
[2021.12.15-20.45.03:517][  0]LogSlate: New Slate User Created.  User Index 0, Is Virtual User: 0
[2021.12.15-20.45.03:517][  0]LogSlate: Slate User Registered.  User Index 0, Is Virtual User: 0
[2021.12.15-20.45.03:527][  0]LogD3D11RHI: Loaded GFSDK_Aftermath_Lib.x64.dll
[2021.12.15-20.45.03:529][  0]LogHMD: Failed to initialize OpenVR with code 110
[2021.12.15-20.45.03:529][  0]LogD3D11RHI: D3D11 min allowed feature level: 11_0
[2021.12.15-20.45.03:529][  0]LogD3D11RHI: D3D11 max allowed feature level: 11_0
[2021.12.15-20.45.03:529][  0]LogD3D11RHI: D3D11 adapters:
[2021.12.15-20.45.03:615][  0]LogD3D11RHI:    0. 'NVIDIA GeForce RTX 3060' (Feature Level 11_0)
[2021.12.15-20.45.03:615][  0]LogD3D11RHI:       12143/0/8155 MB DedicatedVideo/DedicatedSystem/SharedSystem, Outputs:1, VendorId:0x10de
[2021.12.15-20.45.03:617][  0]LogD3D11RHI:    1. 'Microsoft Basic Render Driver' (Feature Level 11_0)
[2021.12.15-20.45.03:617][  0]LogD3D11RHI:       0/0/8155 MB DedicatedVideo/DedicatedSystem/SharedSystem, Outputs:0, VendorId:0x1414
[2021.12.15-20.45.03:617][  0]LogD3D11RHI: Chosen D3D11 Adapter:
[2021.12.15-20.45.03:617][  0]LogD3D11RHI:     Description : NVIDIA GeForce RTX 3060
[2021.12.15-20.45.03:617][  0]LogD3D11RHI:     VendorId    : 10de
[2021.12.15-20.45.03:617][  0]LogD3D11RHI:     DeviceId    : 2504
[2021.12.15-20.45.03:617][  0]LogD3D11RHI:     SubSysId    : 153610de
[2021.12.15-20.45.03:617][  0]LogD3D11RHI:     Revision    : 00a1
[2021.12.15-20.45.03:617][  0]LogD3D11RHI:     DedicatedVideoMemory : 12732858368 bytes
[2021.12.15-20.45.03:617][  0]LogD3D11RHI:     DedicatedSystemMemory : 0 bytes
[2021.12.15-20.45.03:617][  0]LogD3D11RHI:     SharedSystemMemory : 8551430144 bytes
[2021.12.15-20.45.03:617][  0]LogD3D11RHI:     AdapterLuid : 0 39402
[2021.12.15-20.45.03:624][  0]LogD3D11RHI: Creating new Direct3DDevice
[2021.12.15-20.45.03:624][  0]LogD3D11RHI:     GPU DeviceId: 0x2504 (for the marketing name, search the web for "GPU Device Id")
[2021.12.15-20.45.03:624][  0]LogWindows: EnumDisplayDevices:
[2021.12.15-20.45.03:624][  0]LogWindows:    0. 'NVIDIA GeForce RTX 3060' (P:1 D:1)
[2021.12.15-20.45.03:625][  0]LogWindows:    1. 'NVIDIA GeForce RTX 3060' (P:0 D:0)
[2021.12.15-20.45.03:625][  0]LogWindows:    2. 'NVIDIA GeForce RTX 3060' (P:0 D:0)
[2021.12.15-20.45.03:625][  0]LogWindows:    3. 'NVIDIA GeForce RTX 3060' (P:0 D:0)
[2021.12.15-20.45.03:625][  0]LogWindows: DebugString: FoundDriverCount:4 
[2021.12.15-20.45.03:625][  0]LogD3D11RHI:     Adapter Name: NVIDIA GeForce RTX 3060
[2021.12.15-20.45.03:625][  0]LogD3D11RHI:   Driver Version: 497.09 (internal:30.0.14.9709, unified:497.09)
[2021.12.15-20.45.03:625][  0]LogD3D11RHI:      Driver Date: 11-26-2021
[2021.12.15-20.45.03:625][  0]LogRHI: Texture pool is 8500 MB (70% of 12143 MB)
[2021.12.15-20.45.03:625][  0]LogD3D11RHI: Creating D3DDevice using adapter:
[2021.12.15-20.45.03:625][  0]LogD3D11RHI:     Description : NVIDIA GeForce RTX 3060
[2021.12.15-20.45.03:625][  0]LogD3D11RHI:     VendorId    : 10de
[2021.12.15-20.45.03:625][  0]LogD3D11RHI:     DeviceId    : 2504
[2021.12.15-20.45.03:625][  0]LogD3D11RHI:     SubSysId    : 153610de
[2021.12.15-20.45.03:625][  0]LogD3D11RHI:     Revision    : 00a1
[2021.12.15-20.45.03:625][  0]LogD3D11RHI:     DedicatedVideoMemory : 12732858368 bytes
[2021.12.15-20.45.03:625][  0]LogD3D11RHI:     DedicatedSystemMemory : 0 bytes
[2021.12.15-20.45.03:625][  0]LogD3D11RHI:     SharedSystemMemory : 8551430144 bytes
[2021.12.15-20.45.03:625][  0]LogD3D11RHI:     AdapterLuid : 0 39402
[2021.12.15-20.45.03:679][  0]LogD3D11RHI: RHI has support for 64 bit atomics
[2021.12.15-20.45.03:679][  0]LogD3D11RHI: Async texture creation enabled
[2021.12.15-20.45.03:679][  0]LogD3D11RHI: Array index from any shader is supported
[2021.12.15-20.45.03:699][  0]LogD3D11RHI: GPU Timing Frequency: 1000.000000 (Debug: 2 1)
[2021.12.15-20.45.03:719][  0]LogRHI: GeForceNow SDK initialized: 1
[2021.12.15-20.45.03:933][  0]LogTargetPlatformManager: Display: Loaded TargetPlatform 'WindowsNoEditor'
[2021.12.15-20.45.03:937][  0]LogTargetPlatformManager: Display: Loaded TargetPlatform 'Windows'
[2021.12.15-20.45.03:940][  0]LogTargetPlatformManager: Display: Loaded TargetPlatform 'WindowsClient'
[2021.12.15-20.45.03:943][  0]LogTargetPlatformManager: Display: Loaded TargetPlatform 'WindowsServer'
[2021.12.15-20.45.03:943][  0]LogTargetPlatformManager: Display: Building Assets For Windows
[2021.12.15-20.45.03:947][  0]LogAudioDebug: Display: Lib vorbis DLL was dynamically loaded.
[2021.12.15-20.45.03:966][  0]LogTextureFormatOodle: Display: Oodle Texture 2.9.0 init RDO Off
[2021.12.15-20.45.03:986][  0]LogRendererCore: Ray tracing is disabled. Reason: r.RayTracing=0.
[2021.12.15-20.45.03:986][  0]LogShaderCompilers: Guid format shader working directory is -12 characters bigger than the processId version (C:/Users/punna/Documents/GitHub/totemofearth/TotemsOfEarth/Intermediate/Shaders/WorkingDirectory/9240/).
[2021.12.15-20.45.03:986][  0]LogShaderCompilers: Cleaned the shader compiler working directory 'C:/Users/punna/AppData/Local/Temp/UnrealShaderWorkingDir/8A8FED6F4D3C2266F44C3E8217265DFC/'.
[2021.12.15-20.45.03:986][  0]LogXGEController: Cannot use XGE Controller as Incredibuild is not installed on this machine.
[2021.12.15-20.45.03:987][  0]LogShaderCompilers: Cannot use XGE Shader Compiler as Incredibuild is not installed on this machine.
[2021.12.15-20.45.03:987][  0]LogShaderCompilers: Display: Using Local Shader Compiler.
[2021.12.15-20.45.04:595][  0]LogDerivedDataCache: Display: Max Cache Size: 512 MB
[2021.12.15-20.45.04:643][  0]LogDerivedDataCache: Loaded boot cache 0.05s 94MB C:/Users/punna/AppData/Local/UnrealEngine/4.27/DerivedDataCache/Boot.ddc.
[2021.12.15-20.45.04:643][  0]LogDerivedDataCache: Display: Loaded Boot cache: C:/Users/punna/AppData/Local/UnrealEngine/4.27/DerivedDataCache/Boot.ddc
[2021.12.15-20.45.04:643][  0]LogDerivedDataCache: FDerivedDataBackendGraph:  Pak pak cache file C:/Users/punna/Documents/GitHub/totemofearth/TotemsOfEarth/DerivedDataCache/DDC.ddp not found, will not use a pak cache.
[2021.12.15-20.45.04:643][  0]LogDerivedDataCache: Unable to find inner node Pak for hierarchical cache Hierarchy.
[2021.12.15-20.45.04:643][  0]LogDerivedDataCache: FDerivedDataBackendGraph:  CompressedPak pak cache file C:/Users/punna/Documents/GitHub/totemofearth/TotemsOfEarth/DerivedDataCache/Compressed.ddp not found, will not use a pak cache.
[2021.12.15-20.45.04:643][  0]LogDerivedDataCache: Unable to find inner node CompressedPak for hierarchical cache Hierarchy.
[2021.12.15-20.45.04:658][  0]LogDerivedDataCache: Display: Pak cache opened for reading ../../../Engine/DerivedDataCache/Compressed.ddp.
[2021.12.15-20.45.04:658][  0]LogDerivedDataCache: FDerivedDataBackendGraph:  EnterprisePak pak cache file ../../../Enterprise/DerivedDataCache/Compressed.ddp not found, will not use a pak cache.
[2021.12.15-20.45.04:658][  0]LogDerivedDataCache: Unable to find inner node EnterprisePak for hierarchical cache Hierarchy.
[2021.12.15-20.45.04:666][  0]LogDerivedDataCache: Speed tests for C:/Users/punna/AppData/Local/UnrealEngine/Common/DerivedDataCache took 0.01 seconds
[2021.12.15-20.45.04:666][  0]LogDerivedDataCache: Display: Performance to C:/Users/punna/AppData/Local/UnrealEngine/Common/DerivedDataCache: Latency=0.03ms. RandomReadSpeed=1815.44MBs, RandomWriteSpeed=143.28MBs. Assigned SpeedClass 'Local'
[2021.12.15-20.45.04:667][  0]LogDerivedDataCache: Using Local data cache path C:/Users/punna/AppData/Local/UnrealEngine/Common/DerivedDataCache: Writable
[2021.12.15-20.45.04:667][  0]LogDerivedDataCache: Shared data cache path not found in *engine.ini, will not use an Shared cache.
[2021.12.15-20.45.04:667][  0]LogDerivedDataCache: Unable to find inner node Shared for hierarchical cache Hierarchy.
[2021.12.15-20.45.04:698][  0]LogSlate: Using FreeType 2.10.0
[2021.12.15-20.45.04:699][  0]LogSlate: SlateFontServices - WITH_FREETYPE: 1, WITH_HARFBUZZ: 1
[2021.12.15-20.45.04:760][  0]LogInit: Using OS detected language (en-US).
[2021.12.15-20.45.04:760][  0]LogInit: Using OS detected locale (th-TH).
[2021.12.15-20.45.04:760][  0]LogTextLocalizationManager: No localization for 'en-US' exists, so 'en' will be used for the language.
[2021.12.15-20.45.04:760][  0]LogTextLocalizationManager: No localization for 'th-TH' exists, so 'en' will be used for the locale.
[2021.12.15-20.45.04:763][  0]LogTextLocalizationManager: Compacting localization data took   0.00ms
[2021.12.15-20.45.04:763][  0]LogAssetRegistry: FAssetRegistry took 0.0021 seconds to start up
[2021.12.15-20.45.04:898][  0]LogPackageLocalizationCache: Processed 27 localized package path(s) for 1 prioritized culture(s) in 0.000844 seconds
[2021.12.15-20.45.04:953][  0]LogInit: Selected Device Profile: [Windows]
[2021.12.15-20.45.04:953][  0]LogInit: Active device profile: [0000021D524B9B00][0000021D4AEE4C80 49] Windows
[2021.12.15-20.45.04:953][  0]LogInit: Profiles: [0000021D524B9B00][0000021D4AEE4C80 49] Windows, [0000021D524BF200][0000021D4AEECE00 49] WindowsNoEditor, [0000021D524BB900][0000021D4AEF0F80 49] WindowsServer, [0000021D524BCA00][0000021D4B1C5100 49] WindowsClient, [0000021D524B8B00][0000021D4B1C9280 49] IOS, [0000021D524BEA00][0000021D4B1CD400 49] iPadAir, [0000021D524BB300][0000021D4AEE9540 49] iPadAir2, [0000021D5245D300][0000021D4B1D5780 49] IPadPro, [0000021D5245D400][0000021D4B1D17C0 49] iPadAir3, [0000021D524BDB00][0000021D4B1D9900 49] iPadAir4, [0000021D5245FA00][0000021D4B1E1A80 49] iPadMini2, [0000021D524BE600][0000021D4B1E5C00 49] iPadMini3, [0000021D5245FF00][0000021D4B1E8200 49] iPadMini4, [0000021D524BF700][0000021D4B1EC380 49] iPadMini5, [0000021D524A9000][0000021D4B1F4640 49] iPhone6, [0000021D524A9100][0000021D4B1F0680 49] iPodTouch6, [0000021D524BB500][0000021D4B1FC940 49] iPhone7, [0000021D524BB400][0000021D4B1F8980 49] iPodTouch7, [0000021D524A8100][0000021D4B200B00 49] iPhone5S, [0000021D5245C700][0000021D4B204C80 49] iPhone6Plus, [0000021D524AAF00][0000021D4B208E00 49] iPhone6S, [0000021D5245DA00][0000021D4B20CF80 49] iPhone6SPlus, [0000021D524A8A00][0000021D47E91100 49] iPhone7Plus, [0000021D5245FE00][0000021D47E95280 49] iPhoneSE, [0000021D524B8200][0000021D47E99400 49] iPhone8, [0000021D5245C600][0000021D47E9D580 49] iPhone8Plus, [0000021D524BA400][0000021D4B1DD6C0 49] iPhoneX, [0000021D5245EF00][0000021D47EA1800 49] iPhoneXS, [0000021D524BA100][0000021D47EA5940 49] iPhoneXSMax, [0000021D5245F400][0000021D47EA9A80 49] iPhoneXR, [0000021D524B8900][0000021D47EB1C00 49] iPhone11, [0000021D5245E500][0000021D47EB4200 49] iPhone11Pro, [0000021D524B9800][0000021D47EB8380 49] iPhone11ProMax, [0000021D5245E600][0000021D47EBC500 49] iPhoneSE2, [0000021D524B8F00][0000021D47EC0680 49] iPhone12Mini, [0000021D5245ED00][0000021D47EC4800 49] iPhone12, [0000021D524BA800][0000021D47EC8980 49] iPhone12Pro, [0000021D5245C500][0000021D47ECCB00 49] iPhone12ProMax, [0000021D524B9100][0000021D47ED0C80 49] iPadPro105, [0000021D5245DE00][0000021D47ED4E00 49] iPadPro129, [0000021D524B8E00][0000021D47ED8F80 49] iPadPro97, [0000021D5245EA00][0000021D47EDD100 49] iPadPro2_129, [0000021D524B9000][0000021D47EE1280 49] iPad5, [0000021D5245C400][0000021D47EE5400 49] iPad6, [0000021D524BBF00][0000021D47EE9580 49] iPad7, [0000021D5245FD00][0000021D47EED700 49] iPad8, [0000021D524BA700][0000021D47EF1880 49] iPadPro11, [0000021D5245F000][0000021D47EAD9C0 49] iPadPro2_11, [0000021D524BBA00][0000021D47EF5B00 49] iPadPro3_129, [0000021D5245F700][0000021D47EF80C0 49] iPadPro4_129, [0000021D524B9400][0000021D47F00240 49] AppleTV, [0000021D5245EB00][0000021D47F043C0 49] AppleTV4K, [0000021D524B8D00][0000021D47F08540 49] TVOS, [0000021D5245E100][0000021D47F0C6C0 49] Mac, [0000021D524B8300][0000021D47F10840 49] MacClient, [0000021D5245D000][0000021D47F149C0 49] MacNoEditor, [0000021D524B8800][0000021D47F18B40 49] MacServer, [0000021D5245E900][0000021D47F1CCC0 49] Linux, [0000021D524BBB00][0000021D47F20E40 49] LinuxAArch64, [0000021D5245E400][0000021D47F24FC0 49] LinuxNoEditor, [0000021D524BB600][0000021D47F29140 49] LinuxAArch64NoEditor, [0000021D5245CC00][0000021D47F2D2C0 49] LinuxClient, [0000021D524BBD00][0000021D477ED440 49] LinuxAArch64Client, [0000021D5245FB00][0000021D477F15C0 49] LinuxServer, [0000021D524BB800][0000021D477F5740 49] LinuxAArch64Server, [0000021D5245F200][0000021D477F98C0 49] Android, [0000021D524B9300][0000021D477FDA40 49] Android_Low, [0000021D5245DB00][0000021D47EFDB80 49] Android_Mid, [0000021D524B8400][0000021D47800140 49] Android_High, [0000021D5245E800][0000021D47804280 49] Android_Default, [0000021D524BA000][0000021D478083C0 49] Android_Adreno4xx, [0000021D52540200][0000021D4B4B6540 49] Android_Adreno5xx_Low, [0000021D524BAB00][0000021D4B4BA6C0 49] Android_Adreno5xx, [0000021D524BD400][0000021D4B4BE840 49] Android_Adreno6xx, [0000021D524AB900][0000021D4B4C29C0 49] Android_Adreno6xx_Vulkan, [0000021D524BEF00][0000021D4B4C6B40 49] Android_Mali_T6xx, [0000021D524A8C00][0000021D4B4CACC0 49] Android_Mali_T7xx, [0000021D524BD200][0000021D4B4CEE40 49] Android_Mali_T8xx, [0000021D524A9400][0000021D4B4D2FC0 49] Android_Mali_G71, [0000021D524BC500][0000021D4B4D7140 49] Android_Mali_G72, [0000021D524A9900][0000021D4B4DB2C0 49] Android_Mali_G72_Vulkan, [0000021D524BFE00][0000021D4B4DF440 49] Android_Mali_G76, [0000021D524AA900][0000021D4B4E35C0 49] Android_Mali_G76_Vulkan, [0000021D524BD000][0000021D44131740 49] Android_Mali_G77, [0000021D524A9700][0000021D441358C0 49] Android_Mali_G77_Vulkan, [0000021D524BC200][0000021D44139A40 49] Android_Mali_G78, [0000021D524A9E00][0000021D4413DBC0 49] Android_Mali_G78_Vulkan, [0000021D524BD600][0000021D4780C180 49] Android_Mali_G710, [0000021D524AA100][0000021D441402C0 49] Android_Mali_G710_Vulkan, [0000021D524BC800][0000021D44144400 49] Android_Vulkan_SM5, [0000021D524AA400][0000021D44148540 49] Android_PowerVR_G6xxx, [0000021D524BF100][0000021D441506C0 49] Android_PowerVR_GT7xxx, [0000021D524A9F00][0000021D44154840 49] Android_PowerVR_GE8xxx, [0000021D524BF900][0000021D441589C0 49] Android_PowerVR_GM9xxx, [0000021D524A9200][0000021D4B4E6B40 49] Android_PowerVR_GM9xxx_Vulkan, [0000021D524BF300][0000021D4B4EACC0 49] Android_TegraK1, [0000021D524ABC00][0000021D4B4EEE40 49] Android_Unknown_Vulkan, [0000021D524BC900][0000021D4B4F2FC0 49] Lumin, [0000021D524ABF00][0000021D4B4F7140 49] Lumin_Desktop, [0000021D524BD500][0000021D4B4FB2C0 49] HoloLens, 
[2021.12.15-20.45.04:981][  0]LogMeshReduction: Using QuadricMeshReduction for automatic static mesh reduction
[2021.12.15-20.45.04:981][  0]LogMeshReduction: Using SimplygonMeshReduction for automatic skeletal mesh reduction
[2021.12.15-20.45.04:981][  0]LogMeshReduction: Using ProxyLODMeshReduction for automatic mesh merging
[2021.12.15-20.45.04:981][  0]LogMeshReduction: No distributed automatic mesh merging module available
[2021.12.15-20.45.04:981][  0]LogMeshMerging: No distributed automatic mesh merging module available
[2021.12.15-20.45.05:061][  0]LogNetVersion: TotemsOfEarth 1.0.0, NetCL: 17155196, EngineNetVer: 17, GameNetVer: 0 (Checksum: 2481923679)
[2021.12.15-20.45.05:247][  0]LogTexture: Default maximum texture size for cubemaps generated from long-lat sources has been changed from 512 to unlimited. In order to preserve old behaiour for '/Engine/MapTemplates/Sky/DaylightAmbientCubemap.DaylightAmbientCubemap', its maximum texture size has been explicitly set to 512.
[2021.12.15-20.45.05:293][  0]LogHMD: PokeAHoleMaterial loaded successfully
[2021.12.15-20.45.05:357][  0]LogMoviePlayer: Initializing movie player
[2021.12.15-20.45.05:437][  0]LogNiagaraDebuggerClient: Niagara Debugger Client Initialized | Session: D9B9FF4E483E3CB91AE863A9687326C6 | Instance: FD7F2200421EADF2E26D61A2E6E2A22C (DESKTOP-8EPG0SH-9240).
[2021.12.15-20.45.05:453][  0]LogCollectionManager: Loaded 0 collections in 0.000625 seconds
[2021.12.15-20.45.05:455][  0]LogFileCache: Scanning file cache for directory 'C:/Users/punna/Documents/GitHub/totemofearth/TotemsOfEarth/Saved/Collections/' took 0.00s
[2021.12.15-20.45.05:455][  0]LogFileCache: Scanning file cache for directory 'C:/Users/punna/Documents/GitHub/totemofearth/TotemsOfEarth/Content/Developers/punna/Collections/' took 0.00s
[2021.12.15-20.45.05:455][  0]LogFileCache: Scanning file cache for directory 'C:/Users/punna/Documents/GitHub/totemofearth/TotemsOfEarth/Content/Collections/' took 0.00s
[2021.12.15-20.45.05:455][  0]LogCollectionManager: Fixed up redirectors for 0 collections in 0.000001 seconds (updated 0 objects)
[2021.12.15-20.45.05:524][  0]LogImageWrapper: Warning: PNG Warning: Duplicate iCCP chunk
[2021.12.15-20.45.05:524][  0]LogImageWrapper: Warning: PNG Warning: Duplicate iCCP chunk
[2021.12.15-20.45.05:524][  0]LogPython: Using Python 3.7.7
[2021.12.15-20.45.05:908][  0]LogTcpMessaging: Initializing TcpMessaging bridge
[2021.12.15-20.45.05:910][  0]LogUdpMessaging: Initializing bridge on interface 0.0.0.0:0 to multicast group 230.0.0.1:6666.
[2021.12.15-20.45.06:015][  0]LogOpenImageDenoise: OIDN starting up
[2021.12.15-20.45.06:031][  0]LogAndroidPermission: UAndroidPermissionCallbackProxy::GetInstance
[2021.12.15-20.45.06:044][  0]LogAudioCaptureCore: Display: No Audio Capture implementations found. Audio input will be silent.
[2021.12.15-20.45.06:044][  0]LogAudioCaptureCore: Display: No Audio Capture implementations found. Audio input will be silent.
[2021.12.15-20.45.06:090][  0]SourceControl: Source control is disabled
[2021.12.15-20.45.06:090][  0]SourceControl: Source control is disabled
[2021.12.15-20.45.06:092][  0]SourceControl: Source control is disabled
[2021.12.15-20.45.06:094][  0]LogUProjectInfo: Found projects:
[2021.12.15-20.45.06:113][  0]LogOcInput: OculusInput pre-init called
[2021.12.15-20.45.06:121][  0]LogUObjectArray: 22121 objects as part of root set at end of initial load.
[2021.12.15-20.45.06:121][  0]LogUObjectAllocator: 5975440 out of 0 bytes used by permanent object pool.
[2021.12.15-20.45.06:121][  0]LogUObjectArray: CloseDisregardForGC: 0/0 objects in disregard for GC pool
[2021.12.15-20.45.06:164][  0]LogEngine: Initializing Engine...
[2021.12.15-20.45.06:167][  0]LogHMD: Failed to enumerate extensions. Please check that you have a valid OpenXR runtime installed.
[2021.12.15-20.45.06:167][  0]LogHMD: Failed to initialize OpenVR with code 110
[2021.12.15-20.45.06:167][  0]LogMagicLeap: Warning: VR disabled because ZI is not enabled.  To enable, in the editor, Edit -> Project Settings -> Plugins -> Magic Leap Plugin -> Enable Zero Iteration
[2021.12.15-20.45.06:169][  0]LogStats: UGameplayTagsManager::InitializeManager -  0.000 s
[2021.12.15-20.45.06:254][  0]LogInit: Initializing FReadOnlyCVARCache
[2021.12.15-20.45.06:254][  0]LogAudio: Display: Initializing Audio Device Manager...
[2021.12.15-20.45.06:257][  0]LogAudio: Display: Loading Default Audio Settings Objects...
[2021.12.15-20.45.06:258][  0]LogAudio: Display: No default SoundConcurrencyObject specified (or failed to load).
[2021.12.15-20.45.06:258][  0]LogAudio: Display: Audio Device Manager Initialized
[2021.12.15-20.45.06:258][  0]LogAudio: Display: Creating Audio Device:                 Id: 1, Scope: Shared, Realtime: True
[2021.12.15-20.45.06:258][  0]LogAudioMixer: Display: Audio Mixer Platform Settings:
[2021.12.15-20.45.06:258][  0]LogAudioMixer: Display: 	Sample Rate:						  48000
[2021.12.15-20.45.06:258][  0]LogAudioMixer: Display: 	Callback Buffer Frame Size Requested: 1024
[2021.12.15-20.45.06:258][  0]LogAudioMixer: Display: 	Callback Buffer Frame Size To Use:	  1024
[2021.12.15-20.45.06:258][  0]LogAudioMixer: Display: 	Number of buffers to queue:			  2
[2021.12.15-20.45.06:258][  0]LogAudioMixer: Display: 	Max Channels (voices):				  32
[2021.12.15-20.45.06:258][  0]LogAudioMixer: Display: 	Number of Async Source Workers:		  0
[2021.12.15-20.45.06:258][  0]LogAudio: Display: AudioDevice MaxSources: 32
[2021.12.15-20.45.06:258][  0]LogAudio: Display: Audio Spatialization Plugin: None (built-in).
[2021.12.15-20.45.06:258][  0]LogAudio: Display: Audio Reverb Plugin: None (built-in).
[2021.12.15-20.45.06:259][  0]LogAudio: Display: Audio Occlusion Plugin: None (built-in).
[2021.12.15-20.45.06:259][  0]LogAudioMixer: Display: Initializing audio mixer.
[2021.12.15-20.45.06:266][  0]LogAudioMixer: Display: 0: FrontLeft
[2021.12.15-20.45.06:266][  0]LogAudioMixer: Display: 1: FrontRight
[2021.12.15-20.45.06:281][  0]LogAudioMixer: Display: Using Audio Device Speakers (High Definition Audio Device)
[2021.12.15-20.45.06:286][  0]LogAudioMixer: Display: Initializing Sound Submixes...
[2021.12.15-20.45.06:287][  0]LogAudioMixer: Display: Creating Master Submix 'MasterSubmixDefault'
[2021.12.15-20.45.06:287][  0]LogAudioMixer: Display: Creating Master Submix 'MasterReverbSubmixDefault'
[2021.12.15-20.45.06:288][  0]LogAudioMixer: Display: Creating Master Submix 'MasterEQSubmixDefault'
[2021.12.15-20.45.06:288][  0]LogAudioMixer: FMixerPlatformXAudio2::StartAudioStream() called
[2021.12.15-20.45.06:288][  0]LogAudioMixer: Display: Output buffers initialized: Frames=1024, Channels=2, Samples=2048
[2021.12.15-20.45.06:289][  0]LogAudioMixer: Display: Starting AudioMixerPlatformInterface::RunInternal()
[2021.12.15-20.45.06:289][  0]LogAudioMixer: Display: FMixerPlatformXAudio2::SubmitBuffer() called for the first time
[2021.12.15-20.45.06:289][  0]LogInit: FAudioDevice initialized.
[2021.12.15-20.45.06:291][  0]LogNetVersion: Set ProjectVersion to 1.0.0.0. Version Checksum will be recalculated on next use.
[2021.12.15-20.45.06:291][  0]LogInit: Texture streaming: Enabled
[2021.12.15-20.45.06:339][  0]LogAudio: Display: Audio Device (ID: 1) registered with world 'Untitled'.
[2021.12.15-20.45.06:339][  0]LogSlate: Updating window title bar state: overlay mode, drag disabled, window buttons hidden, title bar hidden
[2021.12.15-20.45.06:340][  0]LogInit: Display: Game Engine Initialized.
[2021.12.15-20.45.06:340][  0]LogNiagaraEditor: GEditor isn't valid! Particle reset commands will not work for Niagara components!
[2021.12.15-20.45.06:424][  0]LogImageWrapper: Warning: PNG Warning: Duplicate iCCP chunk
[2021.12.15-20.45.06:424][  0]LogImageWrapper: Warning: PNG Warning: Duplicate iCCP chunk
[2021.12.15-20.45.06:424][  0]LogInit: Display: Starting Game.
[2021.12.15-20.45.06:424][  0]LogNet: Browse: /Game/2DSideScrollerBP/Maps/MainMenu?Name=Player
[2021.12.15-20.45.06:425][  0]LogLoad: LoadMap: /Game/2DSideScrollerBP/Maps/MainMenu?Name=Player
[2021.12.15-20.45.06:425][  0]LogWorld: BeginTearingDown for /Temp/Untitled_0
[2021.12.15-20.45.06:426][  0]LogWorld: UWorld::CleanupWorld for Untitled, bSessionEnded=true, bCleanupResources=true
[2021.12.15-20.45.06:426][  0]LogSlate: InvalidateAllWidgets triggered.  All widgets were invalidated
[2021.12.15-20.45.06:438][  0]LogAudio: Display: Audio Device unregistered from world 'None'.
[2021.12.15-20.45.06:440][  0]LogUObjectHash: Compacting FUObjectHashTables data took   0.75ms
[2021.12.15-20.45.06:452][  0]LogAudio: Display: Audio Device (ID: 1) registered with world 'MainMenu'.
[2021.12.15-20.45.06:458][  0]LogAIModule: Creating AISystem for world MainMenu
[2021.12.15-20.45.06:458][  0]LogLoad: Game class is 'GameMode'
[2021.12.15-20.45.06:459][  0]LogWorld: Bringing World /Game/2DSideScrollerBP/Maps/MainMenu.MainMenu up for play (max tick rate 0) at 2021.12.16-03.45.06
[2021.12.15-20.45.06:459][  0]LogWorld: Bringing up level for play took: 0.000414
[2021.12.15-20.45.06:459][  0]LogGameMode: FindPlayerStart: PATHS NOT DEFINED or NO PLAYERSTART with positive rating
[2021.12.15-20.45.06:460][  0]LogGameMode: Display: Match State Changed from EnteringMap to WaitingToStart
[2021.12.15-20.45.06:460][  0]LogGameState: Match State Changed from EnteringMap to WaitingToStart
[2021.12.15-20.45.06:460][  0]LogGameMode: Display: Match State Changed from WaitingToStart to InProgress
[2021.12.15-20.45.06:461][  0]LogViewport: Display: Viewport MouseLockMode Changed, LockOnCapture -> DoNotLock
[2021.12.15-20.45.06:461][  0]LogViewport: Display: Viewport MouseCaptureMode Changed, CapturePermanently_IncludingInitialMouseDown -> NoCapture
[2021.12.15-20.45.06:461][  0]LogGameState: Match State Changed from WaitingToStart to InProgress
[2021.12.15-20.45.06:461][  0]LogLoad: Took 0.036704 seconds to LoadMap(/Game/2DSideScrollerBP/Maps/MainMenu)
[2021.12.15-20.45.06:536][  0]LogSlate: Took 0.000145 seconds to synchronously load lazily loaded font '../../../Engine/Content/Slate/Fonts/Roboto-Regular.ttf' (155K)
[2021.12.15-20.45.06:552][  0]LogRenderer: Reallocating scene render targets to support 1912x1008 Format 10 NumSamples 1 (Frame:1).
[2021.12.15-20.45.06:552][  0]LogInit: Display: Engine is initialized. Leaving FEngineLoop::Init()
[2021.12.15-20.45.06:552][  0]LogLoad: (Engine Initialization) Total time: 4.08 seconds
[2021.12.15-20.45.06:552][  0]LogLoad: (Engine Initialization) Total Blueprint compile time: 0.00 seconds
[2021.12.15-20.45.06:559][  0]LogContentStreaming: Texture pool size now 1000 MB
[2021.12.15-20.45.07:394][246]LogPackageName: SearchForPackageOnDisk took   0.053s to resolve ChooseCharacter.umap.
[2021.12.15-20.45.07:394][246]LogGameMode: Display: Match State Changed from InProgress to LeavingMap
[2021.12.15-20.45.07:394][246]LogGameState: Match State Changed from InProgress to LeavingMap
[2021.12.15-20.45.07:452][246]LogPackageName: SearchForPackageOnDisk took   0.057s to resolve ChooseCharacter.umap.
[2021.12.15-20.45.07:452][246]LogNet: Browse: /Game/2DSideScrollerBP/Maps/ChooseCharacter
[2021.12.15-20.45.07:452][246]LogLoad: LoadMap: /Game/2DSideScrollerBP/Maps/ChooseCharacter
[2021.12.15-20.45.07:452][246]LogWorld: BeginTearingDown for /Game/2DSideScrollerBP/Maps/MainMenu
[2021.12.15-20.45.07:453][246]LogWorld: UWorld::CleanupWorld for MainMenu, bSessionEnded=true, bCleanupResources=true
[2021.12.15-20.45.07:453][246]LogSlate: InvalidateAllWidgets triggered.  All widgets were invalidated
[2021.12.15-20.45.07:500][246]LogAudio: Display: Audio Device unregistered from world 'None'.
[2021.12.15-20.45.07:501][246]LogUObjectHash: Compacting FUObjectHashTables data took   0.70ms
[2021.12.15-20.45.07:516][246]LogAudio: Display: Audio Device (ID: 1) registered with world 'ChooseCharacter'.
[2021.12.15-20.45.07:517][246]LogAIModule: Creating AISystem for world ChooseCharacter
[2021.12.15-20.45.07:517][246]LogLoad: Game class is 'GameMode'
[2021.12.15-20.45.07:518][246]LogWorld: Bringing World /Game/2DSideScrollerBP/Maps/ChooseCharacter.ChooseCharacter up for play (max tick rate 0) at 2021.12.16-03.45.07
[2021.12.15-20.45.07:518][246]LogWorld: Bringing up level for play took: 0.000231
[2021.12.15-20.45.07:518][246]LogGameMode: FindPlayerStart: PATHS NOT DEFINED or NO PLAYERSTART with positive rating
[2021.12.15-20.45.07:518][246]LogGameMode: Display: Match State Changed from EnteringMap to WaitingToStart
[2021.12.15-20.45.07:518][246]LogGameState: Match State Changed from EnteringMap to WaitingToStart
[2021.12.15-20.45.07:518][246]LogGameMode: Display: Match State Changed from WaitingToStart to InProgress
[2021.12.15-20.45.07:519][246]LogGameState: Match State Changed from WaitingToStart to InProgress
[2021.12.15-20.45.07:519][246]LogLoad: Took 0.067269 seconds to LoadMap(/Game/2DSideScrollerBP/Maps/ChooseCharacter)
[2021.12.15-20.45.08:238][541]LogPackageName: SearchForPackageOnDisk took   0.054s to resolve AryaCharacter.umap.
[2021.12.15-20.45.08:238][541]LogGameMode: Display: Match State Changed from InProgress to LeavingMap
[2021.12.15-20.45.08:238][541]LogGameState: Match State Changed from InProgress to LeavingMap
[2021.12.15-20.45.08:291][541]LogPackageName: SearchForPackageOnDisk took   0.053s to resolve AryaCharacter.umap.
[2021.12.15-20.45.08:291][541]LogNet: Browse: /Game/2DSideScrollerBP/Maps/AryaCharacter
[2021.12.15-20.45.08:291][541]LogLoad: LoadMap: /Game/2DSideScrollerBP/Maps/AryaCharacter
[2021.12.15-20.45.08:291][541]LogWorld: BeginTearingDown for /Game/2DSideScrollerBP/Maps/ChooseCharacter
[2021.12.15-20.45.08:291][541]LogWorld: UWorld::CleanupWorld for ChooseCharacter, bSessionEnded=true, bCleanupResources=true
[2021.12.15-20.45.08:291][541]LogSlate: InvalidateAllWidgets triggered.  All widgets were invalidated
[2021.12.15-20.45.08:319][541]LogAudio: Display: Audio Device unregistered from world 'None'.
[2021.12.15-20.45.08:320][541]LogUObjectHash: Compacting FUObjectHashTables data took   0.53ms
[2021.12.15-20.45.08:343][541]LogAudio: Display: Audio Device (ID: 1) registered with world 'AryaCharacter'.
[2021.12.15-20.45.08:344][541]LogAIModule: Creating AISystem for world AryaCharacter
[2021.12.15-20.45.08:344][541]LogLoad: Game class is 'GameMode'
[2021.12.15-20.45.08:345][541]LogWorld: Bringing World /Game/2DSideScrollerBP/Maps/AryaCharacter.AryaCharacter up for play (max tick rate 0) at 2021.12.16-03.45.08
[2021.12.15-20.45.08:345][541]LogWorld: Bringing up level for play took: 0.000277
[2021.12.15-20.45.08:345][541]LogGameMode: FindPlayerStart: PATHS NOT DEFINED or NO PLAYERSTART with positive rating
[2021.12.15-20.45.08:346][541]LogGameMode: Display: Match State Changed from EnteringMap to WaitingToStart
[2021.12.15-20.45.08:346][541]LogGameState: Match State Changed from EnteringMap to WaitingToStart
[2021.12.15-20.45.08:346][541]LogGameMode: Display: Match State Changed from WaitingToStart to InProgress
[2021.12.15-20.45.08:346][541]LogGameState: Match State Changed from WaitingToStart to InProgress
[2021.12.15-20.45.08:347][541]LogLoad: Took 0.055981 seconds to LoadMap(/Game/2DSideScrollerBP/Maps/AryaCharacter)
[2021.12.15-20.45.09:056][832]LogPackageName: SearchForPackageOnDisk took   0.053s to resolve Story.umap.
[2021.12.15-20.45.09:056][832]LogGameMode: Display: Match State Changed from InProgress to LeavingMap
[2021.12.15-20.45.09:056][832]LogGameState: Match State Changed from InProgress to LeavingMap
[2021.12.15-20.45.09:110][832]LogPackageName: SearchForPackageOnDisk took   0.053s to resolve Story.umap.
[2021.12.15-20.45.09:110][832]LogNet: Browse: /Game/2DSideScrollerBP/Maps/Story
[2021.12.15-20.45.09:110][832]LogLoad: LoadMap: /Game/2DSideScrollerBP/Maps/Story
[2021.12.15-20.45.09:110][832]LogWorld: BeginTearingDown for /Game/2DSideScrollerBP/Maps/AryaCharacter
[2021.12.15-20.45.09:110][832]LogWorld: UWorld::CleanupWorld for AryaCharacter, bSessionEnded=true, bCleanupResources=true
[2021.12.15-20.45.09:110][832]LogSlate: InvalidateAllWidgets triggered.  All widgets were invalidated
[2021.12.15-20.45.09:146][832]LogAudio: Display: Waited 35.700001 ms for audio thread.
[2021.12.15-20.45.09:149][832]LogAudio: Display: Audio Device unregistered from world 'None'.
[2021.12.15-20.45.09:150][832]LogUObjectHash: Compacting FUObjectHashTables data took   0.54ms
[2021.12.15-20.45.09:162][832]LogAudio: Display: Audio Device (ID: 1) registered with world 'Story'.
[2021.12.15-20.45.09:163][832]LogAIModule: Creating AISystem for world Story
[2021.12.15-20.45.09:163][832]LogLoad: Game class is 'GameMode'
[2021.12.15-20.45.09:164][832]LogWorld: Bringing World /Game/2DSideScrollerBP/Maps/Story.Story up for play (max tick rate 0) at 2021.12.16-03.45.09
[2021.12.15-20.45.09:164][832]LogWorld: Bringing up level for play took: 0.000215
[2021.12.15-20.45.09:164][832]LogGameMode: FindPlayerStart: PATHS NOT DEFINED or NO PLAYERSTART with positive rating
[2021.12.15-20.45.09:164][832]LogGameMode: Display: Match State Changed from EnteringMap to WaitingToStart
[2021.12.15-20.45.09:164][832]LogGameState: Match State Changed from EnteringMap to WaitingToStart
[2021.12.15-20.45.09:164][832]LogGameMode: Display: Match State Changed from WaitingToStart to InProgress
[2021.12.15-20.45.09:165][832]LogGameState: Match State Changed from WaitingToStart to InProgress
[2021.12.15-20.45.09:165][832]LogLoad: Took 0.054904 seconds to LoadMap(/Game/2DSideScrollerBP/Maps/Story)
[2021.12.15-20.45.19:771][514]LogSlate: Window 'TotemsOfEarth (64-bit Development PCD3D_SM5) ' being destroyed
[2021.12.15-20.45.19:772][514]LogWindowsTextInputMethodSystem: Display: IME system deactivated.
[2021.12.15-20.45.19:774][515]LogSlate: Updating window title bar state: overlay mode, drag disabled, window buttons hidden, title bar hidden
[2021.12.15-20.45.19:774][515]LogEngine: All Windows Closed
[2021.12.15-20.45.19:774][515]LogWindows: FPlatformMisc::RequestExit(0)
[2021.12.15-20.45.19:774][515]LogWindows: FPlatformMisc::RequestExitWithStatus(0, 0)
[2021.12.15-20.45.19:774][515]LogCore: Engine exit requested (reason: Win RequestExit)
[2021.12.15-20.45.19:774][516]LogCore: Engine exit requested (reason: EngineExit() was called; note: exit was already requested)
[2021.12.15-20.45.19:774][516]LogInit: Display: PreExit Game.
[2021.12.15-20.45.19:774][516]LogWorld: BeginTearingDown for /Game/2DSideScrollerBP/Maps/Story
[2021.12.15-20.45.19:774][516]LogWorld: UWorld::CleanupWorld for Story, bSessionEnded=true, bCleanupResources=true
[2021.12.15-20.45.19:775][516]LogSlate: InvalidateAllWidgets triggered.  All widgets were invalidated
[2021.12.15-20.45.20:178][516]LogAudio: Display: Beginning Audio Device Manager Shutdown (Module: AudioMixerXAudio2)...
[2021.12.15-20.45.20:178][516]LogAudio: Display: Destroying 1 Remaining Audio Device(s)...
[2021.12.15-20.45.20:178][516]LogAudio: Display: Audio Device unregistered from world 'Story'.
[2021.12.15-20.45.20:226][516]LogAudioMixer: FMixerPlatformXAudio2::StopAudioStream() called
[2021.12.15-20.45.20:227][516]LogAudioMixer: FMixerPlatformXAudio2::StopAudioStream() called
[2021.12.15-20.45.20:229][516]LogAudio: Display: Audio Device Manager Shutdown
[2021.12.15-20.45.20:231][516]LogExit: Preparing to exit.
[2021.12.15-20.45.20:926][516]LogSlate: Updating window title bar state: overlay mode, drag disabled, window buttons hidden, title bar hidden
[2021.12.15-20.45.20:927][516]LogUObjectHash: Compacting FUObjectHashTables data took   0.71ms
[2021.12.15-20.45.20:956][516]LogMoviePlayer: Shutting down movie player
[2021.12.15-20.45.21:077][516]LogDemo: Cleaned up 0 splitscreen connections with owner deletion
[2021.12.15-20.45.21:080][516]LogExit: Game engine shut down
[2021.12.15-20.45.21:116][516]LogExit: Object subsystem successfully closed.
[2021.12.15-20.45.21:126][516]LogShaderCompilers: Display: === FShaderJobCache stats ===
[2021.12.15-20.45.21:126][516]LogShaderCompilers: Display: Total job queries 0, among them cache hits 0 (0.00%)
[2021.12.15-20.45.21:126][516]LogShaderCompilers: Display: Tracking 0 distinct input hashes that result in 0 distinct outputs (0.00%)
[2021.12.15-20.45.21:126][516]LogShaderCompilers: Display: RAM used: 0.00 MB (0.00 GB) of 819.20 MB (0.80 GB) budget. Usage: 0.00%
[2021.12.15-20.45.21:126][516]LogShaderCompilers: Display: ================================================
[2021.12.15-20.45.21:136][516]LogShaderCompilers: Display: Shaders left to compile 0
[2021.12.15-20.45.21:142][516]LogModuleManager: Shutting down and abandoning module SequenceRecorderSections (558)
[2021.12.15-20.45.21:142][516]LogModuleManager: Shutting down and abandoning module SequenceRecorder (556)
[2021.12.15-20.45.21:142][516]LogModuleManager: Shutting down and abandoning module AutomationController (554)
[2021.12.15-20.45.21:142][516]LogModuleManager: Shutting down and abandoning module AutomationWorker (552)
[2021.12.15-20.45.21:142][516]LogModuleManager: Shutting down and abandoning module Voice (550)
[2021.12.15-20.45.21:142][516]LogModuleManager: Shutting down and abandoning module AIModule (548)
[2021.12.15-20.45.21:142][516]LogModuleManager: Shutting down and abandoning module GameplayDebugger (547)
[2021.12.15-20.45.21:142][516]LogModuleManager: Shutting down and abandoning module AITestSuite (545)
[2021.12.15-20.45.21:142][516]LogModuleManager: Shutting down and abandoning module NavigationSystem (543)
[2021.12.15-20.45.21:143][516]LogModuleManager: Shutting down and abandoning module SteamVREditor (540)
[2021.12.15-20.45.21:143][516]LogModuleManager: Shutting down and abandoning module ToolMenus (539)
[2021.12.15-20.45.21:143][516]LogModuleManager: Shutting down and abandoning module OculusMR (536)
[2021.12.15-20.45.21:143][516]LogModuleManager: Shutting down and abandoning module OpenXRInput (534)
[2021.12.15-20.45.21:143][516]LogModuleManager: Shutting down and abandoning module TakeRecorderSources (532)
[2021.12.15-20.45.21:143][516]LogModuleManager: Shutting down and abandoning module TakeRecorder (531)
[2021.12.15-20.45.21:143][516]LogModuleManager: Shutting down and abandoning module TakeTrackRecorders (528)
[2021.12.15-20.45.21:143][516]LogModuleManager: Shutting down and abandoning module TakesCore (526)
[2021.12.15-20.45.21:143][516]LogModuleManager: Shutting down and abandoning module WebMMediaFactory (524)
[2021.12.15-20.45.21:143][516]LogModuleManager: Shutting down and abandoning module WebMMedia (522)
[2021.12.15-20.45.21:143][516]LogModuleManager: Shutting down and abandoning module WmfMediaFactory (520)
[2021.12.15-20.45.21:143][516]LogModuleManager: Shutting down and abandoning module OpenExrWrapper (518)
[2021.12.15-20.45.21:143][516]LogModuleManager: Shutting down and abandoning module ImgMediaFactory (516)
[2021.12.15-20.45.21:143][516]LogModuleManager: Shutting down and abandoning module PlanarCut (514)
[2021.12.15-20.45.21:143][516]LogModuleManager: Shutting down and abandoning module AvfMediaFactory (512)
[2021.12.15-20.45.21:143][516]LogModuleManager: Shutting down and abandoning module MagicLeapMediaCodecFactory (510)
[2021.12.15-20.45.21:143][516]LogModuleManager: Shutting down and abandoning module MagicLeapMediaFactory (508)
[2021.12.15-20.45.21:143][516]LogModuleManager: Shutting down and abandoning module CharacterAI (506)
[2021.12.15-20.45.21:143][516]LogModuleManager: Shutting down and abandoning module SessionServices (504)
[2021.12.15-20.45.21:143][516]LogModuleManager: Shutting down and abandoning module MovieSceneCapture (502)
[2021.12.15-20.45.21:143][516]LogModuleManager: Shutting down and abandoning module LiveCoding (500)
[2021.12.15-20.45.21:143][516]LogModuleManager: Shutting down and abandoning module LevelSequence (498)
[2021.12.15-20.45.21:143][516]LogModuleManager: Shutting down and abandoning module MovieSceneTracks (496)
[2021.12.15-20.45.21:143][516]LogModuleManager: Shutting down and abandoning module MovieScene (494)
[2021.12.15-20.45.21:143][516]LogModuleManager: Shutting down and abandoning module StreamingPauseRendering (492)
[2021.12.15-20.45.21:143][516]LogModuleManager: Shutting down and abandoning module PortalServices (490)
[2021.12.15-20.45.21:143][516]LogModuleManager: Shutting down and abandoning module PortalRpc (488)
[2021.12.15-20.45.21:143][516]LogModuleManager: Shutting down and abandoning module MessagingRpc (486)
[2021.12.15-20.45.21:143][516]LogModuleManager: Shutting down and abandoning module AudioMixerXAudio2 (484)
[2021.12.15-20.45.21:143][516]LogModuleManager: Shutting down and abandoning module AudioMixerCore (483)
[2021.12.15-20.45.21:143][516]LogModuleManager: Shutting down and abandoning module ImageWriteQueue (480)
[2021.12.15-20.45.21:146][516]LogModuleManager: Shutting down and abandoning module ProfilerService (478)
[2021.12.15-20.45.21:156][516]LogModuleManager: Shutting down and abandoning module TaskGraph (476)
[2021.12.15-20.45.21:156][516]LogModuleManager: Shutting down and abandoning module OculusInput (474)
[2021.12.15-20.45.21:156][516]LogModuleManager: Shutting down and abandoning module UObjectPlugin (472)
[2021.12.15-20.45.21:156][516]LogModuleManager: Shutting down and abandoning module VisualStudioSourceCodeAccess (470)
[2021.12.15-20.45.21:156][516]LogModuleManager: Shutting down and abandoning module HotReload (469)
[2021.12.15-20.45.21:156][516]LogModuleManager: Shutting down and abandoning module VisualStudioCodeSourceCodeAccess (466)
[2021.12.15-20.45.21:156][516]LogModuleManager: Shutting down and abandoning module SubversionSourceControl (464)
[2021.12.15-20.45.21:157][516]LogModuleManager: Shutting down and abandoning module PerforceSourceControl (462)
[2021.12.15-20.45.21:157][516]LogModuleManager: Shutting down and abandoning module SourceControl (461)
[2021.12.15-20.45.21:157][516]LogModuleManager: Shutting down and abandoning module CLionSourceCodeAccess (458)
[2021.12.15-20.45.21:157][516]LogModuleManager: Shutting down and abandoning module Synthesis (456)
[2021.12.15-20.45.21:157][516]LogModuleManager: Shutting down and abandoning module ProceduralMeshComponent (454)
[2021.12.15-20.45.21:157][516]LogModuleManager: Shutting down and abandoning module MobilePatchingUtils (452)
[2021.12.15-20.45.21:157][516]LogModuleManager: Shutting down and abandoning module TakeMovieScene (450)
[2021.12.15-20.45.21:157][516]LogModuleManager: Shutting down and abandoning module GooglePAD (448)
[2021.12.15-20.45.21:157][516]LogModuleManager: Shutting down and abandoning module EditableMesh (446)
[2021.12.15-20.45.21:157][516]LogModuleManager: Shutting down and abandoning module CustomMeshComponent (444)
[2021.12.15-20.45.21:157][516]LogModuleManager: Shutting down and abandoning module CableComponent (442)
[2021.12.15-20.45.21:157][516]LogModuleManager: Shutting down and abandoning module AudioCapture (440)
[2021.12.15-20.45.21:157][516]LogModuleManager: Shutting down and abandoning module AudioCaptureRtAudio (439)
[2021.12.15-20.45.21:157][516]LogModuleManager: Shutting down and abandoning module AssetTags (436)
[2021.12.15-20.45.21:157][516]LogModuleManager: Shutting down and abandoning module ArchVisCharacter (434)
[2021.12.15-20.45.21:157][516]LogModuleManager: Shutting down and abandoning module AppleImageUtilsBlueprintSupport (432)
[2021.12.15-20.45.21:157][516]LogModuleManager: Shutting down and abandoning module AppleImageUtils (430)
[2021.12.15-20.45.21:157][516]LogModuleManager: Shutting down and abandoning module AndroidPermission (428)
[2021.12.15-20.45.21:157][516]LogModuleManager: Shutting down and abandoning module ActorLayerUtilities (426)
[2021.12.15-20.45.21:157][516]LogModuleManager: Shutting down and abandoning module TemplateSequence (424)
[2021.12.15-20.45.21:157][516]LogModuleManager: Shutting down and abandoning module MediaCompositing (422)
[2021.12.15-20.45.21:157][516]LogModuleManager: Shutting down and abandoning module ImgMedia (420)
[2021.12.15-20.45.21:157][516]LogModuleManager: Shutting down and abandoning module MotoSynth (418)
[2021.12.15-20.45.21:157][516]LogModuleManager: Shutting down and abandoning module OpenImageDenoise (416)
[2021.12.15-20.45.21:157][516]LogOpenImageDenoise: OIDN shutting down
[2021.12.15-20.45.21:157][516]LogModuleManager: Shutting down and abandoning module MagicLeapSharedWorld (414)
[2021.12.15-20.45.21:157][516]LogModuleManager: Shutting down and abandoning module MeshConversion (412)
[2021.12.15-20.45.21:157][516]LogModuleManager: Shutting down and abandoning module DynamicMesh (410)
[2021.12.15-20.45.21:157][516]LogModuleManager: Shutting down and abandoning module GeometryAlgorithms (408)
[2021.12.15-20.45.21:157][516]LogModuleManager: Shutting down and abandoning module GeometricObjects (406)
[2021.12.15-20.45.21:157][516]LogModuleManager: Shutting down and abandoning module MagicLeapLightEstimation (404)
[2021.12.15-20.45.21:157][516]LogModuleManager: Shutting down and abandoning module GeometryCollectionTracks (402)
[2021.12.15-20.45.21:157][516]LogModuleManager: Shutting down and abandoning module GeometryCollectionSequencer (401)
[2021.12.15-20.45.21:157][516]LogModuleManager: Shutting down and abandoning module MagicLeapHelperVulkan (398)
[2021.12.15-20.45.21:157][516]LogModuleManager: Shutting down and abandoning module MagicLeapHelperOpenGL (396)
[2021.12.15-20.45.21:157][516]LogModuleManager: Shutting down and abandoning module MagicLeapAudio (394)
[2021.12.15-20.45.21:157][516]LogModuleManager: Shutting down and abandoning module GeometryCacheTracks (392)
[2021.12.15-20.45.21:157][516]LogModuleManager: Shutting down and abandoning module GeometryCacheSequencer (391)
[2021.12.15-20.45.21:157][516]LogModuleManager: Shutting down and abandoning module GeometryCache (388)
[2021.12.15-20.45.21:157][516]LogModuleManager: Shutting down and abandoning module GeometryCacheEd (387)
[2021.12.15-20.45.21:157][516]LogModuleManager: Shutting down and abandoning module ChaosNiagara (384)
[2021.12.15-20.45.21:157][516]LogModuleManager: Shutting down and abandoning module FieldSystemEngine (383)
[2021.12.15-20.45.21:157][516]LogModuleManager: Shutting down and abandoning module AutomationUtils (380)
[2021.12.15-20.45.21:157][516]LogModuleManager: Shutting down and abandoning module BackChannel (378)
[2021.12.15-20.45.21:157][516]LogModuleManager: Shutting down and abandoning module OodleNetworkHandlerComponent (376)
[2021.12.15-20.45.21:157][516]LogModuleManager: Shutting down and abandoning module LiveLinkSequencer (374)
[2021.12.15-20.45.21:157][516]LogModuleManager: Shutting down and abandoning module LiveLinkMovieScene (372)
[2021.12.15-20.45.21:157][516]LogModuleManager: Shutting down and abandoning module LiveLinkGraphNode (370)
[2021.12.15-20.45.21:157][516]LogModuleManager: Shutting down and abandoning module LiveLinkComponents (368)
[2021.12.15-20.45.21:157][516]LogModuleManager: Shutting down and abandoning module LiveLink (366)
[2021.12.15-20.45.21:951][516]LogModuleManager: Shutting down and abandoning module PropertyAccessNode (364)
[2021.12.15-20.45.21:951][516]LogModuleManager: Shutting down and abandoning module AnimationSharing (362)
[2021.12.15-20.45.21:951][516]LogModuleManager: Shutting down and abandoning module SoundFields (360)
[2021.12.15-20.45.21:952][516]LogModuleManager: Shutting down and abandoning module SignificanceManager (358)
[2021.12.15-20.45.21:952][516]LogModuleManager: Shutting down and abandoning module PropertyAccessEditor (356)
[2021.12.15-20.45.21:952][516]LogModuleManager: Shutting down and abandoning module RuntimePhysXCooking (354)
[2021.12.15-20.45.21:952][516]LogModuleManager: Shutting down and abandoning module PhysXVehiclesEditor (352)
[2021.12.15-20.45.21:952][516]LogModuleManager: Shutting down and abandoning module LocationServicesBPLibrary (348)
[2021.12.15-20.45.21:952][516]LogModuleManager: Shutting down and abandoning module AudioSynesthesia (346)
[2021.12.15-20.45.21:952][516]LogModuleManager: Shutting down and abandoning module AudioSynesthesiaCore (344)
[2021.12.15-20.45.21:952][516]LogModuleManager: Shutting down and abandoning module UdpMessaging (342)
