Log file open, 12/16/21 01:08:15
LogWindows: Failed to load 'aqProf.dll' (GetLastError=126)
LogWindows: File 'aqProf.dll' does not exist
LogWindows: Failed to load 'VtuneApi.dll' (GetLastError=126)
LogWindows: File 'VtuneApi.dll' does not exist
LogWindows: Failed to load 'VtuneApi32e.dll' (GetLastError=126)
LogWindows: File 'VtuneApi32e.dll' does not exist
LogConsoleResponse: Display: Failed to find resolution value strings in scalability ini. Falling back to default.
LogConsoleResponse: Display: Failed to find resolution value strings in scalability ini. Falling back to default.
LogInit: Display: Running engine for game: TotemsOfEarth
LogPlatformFile: Not using cached read wrapper
LogTaskGraph: Started task graph with 5 named threads and 47 total threads with 3 sets of task threads.
LogStats: Stats thread started at 0.200837
LogICUInternationalization: ICU TimeZone Detection - Raw Offset: +7:00, Platform Override: ''
LogInit: Display: Loading text-based GConfig....
LogPluginManager: Mounting plugin MeshPainting
LogPluginManager: Mounting plugin XGEController
LogPluginManager: Mounting plugin Paper2D
LogPluginManager: Mounting plugin AISupport
LogPluginManager: Mounting plugin EnvironmentQueryEditor
LogPluginManager: Mounting plugin CameraShakePreviewer
LogPluginManager: Mounting plugin LightPropagationVolume
LogPluginManager: Mounting plugin LiveLink
LogPluginManager: Mounting plugin OodleData
LogPluginManager: Mounting plugin AnimationSharing
LogPluginManager: Mounting plugin GameplayCameras
LogPluginManager: Mounting plugin OodleNetwork
LogPluginManager: Mounting plugin DatasmithContent
LogPluginManager: Mounting plugin CLionSourceCodeAccess
LogPluginManager: Mounting plugin CodeLiteSourceCodeAccess
LogPluginManager: Mounting plugin NullSourceCodeAccess
LogPluginManager: Mounting plugin PixWinPlugin
LogPluginManager: Mounting plugin GitSourceControl
LogPluginManager: Mounting plugin KDevelopSourceCodeAccess
LogPluginManager: Mounting plugin PlasticSourceControl
LogPluginManager: Mounting plugin PluginUtils
LogPluginManager: Mounting plugin PropertyAccessNode
LogPluginManager: Mounting plugin PerforceSourceControl
LogPluginManager: Mounting plugin RiderSourceCodeAccess
LogPluginManager: Mounting plugin TextureFormatOodle
LogPluginManager: Mounting plugin SubversionSourceControl
LogPluginManager: Mounting plugin UObjectPlugin
LogPluginManager: Mounting plugin Niagara
LogPluginManager: Mounting plugin AlembicImporter
LogPluginManager: Mounting plugin AutomationUtils
LogPluginManager: Mounting plugin ChaosCloth
LogPluginManager: Mounting plugin ChaosEditor
LogPluginManager: Mounting plugin ChaosNiagara
LogPluginManager: Mounting plugin ChaosClothEditor
LogPluginManager: Mounting plugin VisualStudioCodeSourceCodeAccess
LogPluginManager: Mounting plugin ChaosSolverPlugin
LogPluginManager: Mounting plugin XCodeSourceCodeAccess
LogPluginManager: Mounting plugin VisualStudioSourceCodeAccess
LogPluginManager: Mounting plugin VariantManagerContent
LogPluginManager: Mounting plugin CharacterAI
LogPluginManager: Mounting plugin BackChannel
LogPluginManager: Mounting plugin GeometryCollectionPlugin
LogPluginManager: Mounting plugin AssetManagerEditor
LogPluginManager: Mounting plugin GeometryCache
LogPluginManager: Mounting plugin CurveEditorTools
LogPluginManager: Mounting plugin CryptoKeys
LogPluginManager: Mounting plugin DataValidation
LogPluginManager: Mounting plugin FacialAnimation
LogPluginManager: Mounting plugin GameplayTagsEditor
LogPluginManager: Mounting plugin GeometryMode
LogPluginManager: Mounting plugin MacGraphicsSwitching
LogPluginManager: Mounting plugin MaterialAnalyzer
LogPluginManager: Mounting plugin PluginBrowser
LogPluginManager: Mounting plugin MobileLauncherProfileWizard
LogPluginManager: Mounting plugin GeometryProcessing
LogPluginManager: Mounting plugin SpeedTreeImporter
LogPluginManager: Mounting plugin MotoSynth
LogPluginManager: Mounting plugin OpenImageDenoise
LogPluginManager: Mounting plugin PlanarCut
LogPluginManager: Mounting plugin PlatformCrypto
LogPluginManager: Mounting plugin PythonScriptPlugin
LogPluginManager: Mounting plugin LuminPlatformFeatures
LogPluginManager: Mounting plugin MagicLeap
LogPluginManager: Mounting plugin MagicLeapLightEstimation
LogPluginManager: Mounting plugin ProxyLODPlugin
LogPluginManager: Mounting plugin SkeletalReduction
LogPluginManager: Mounting plugin MagicLeapMedia
LogPluginManager: Mounting plugin MagicLeapPassableWorld
LogPluginManager: Mounting plugin MLSDK
LogPluginManager: Mounting plugin AndroidMedia
LogPluginManager: Mounting plugin AvfMedia
LogPluginManager: Mounting plugin MediaCompositing
LogPluginManager: Mounting plugin ImgMedia
LogPluginManager: Mounting plugin MediaPlayerEditor
LogPluginManager: Mounting plugin WebMMedia
LogPluginManager: Mounting plugin WmfMedia
LogPluginManager: Mounting plugin LauncherChunkInstaller
LogPluginManager: Mounting plugin TcpMessaging
LogPluginManager: Mounting plugin UdpMessaging
LogPluginManager: Mounting plugin ActorSequence
LogPluginManager: Mounting plugin LevelSequenceEditor
LogPluginManager: Mounting plugin MatineeToLevelSequence
LogPluginManager: Mounting plugin TemplateSequence
LogPluginManager: Mounting plugin OnlineSubsystem
LogPluginManager: Mounting plugin OnlineSubsystemNull
LogPluginManager: Mounting plugin OnlineSubsystemUtils
LogPluginManager: Mounting plugin ScreenshotTools
LogPluginManager: Mounting plugin ActorLayerUtilities
LogPluginManager: Mounting plugin Takes
LogPluginManager: Mounting plugin AndroidMoviePlayer
LogPluginManager: Mounting plugin AndroidPermission
LogPluginManager: Mounting plugin AppleMoviePlayer
LogPluginManager: Mounting plugin AppleImageUtils
LogPluginManager: Mounting plugin ArchVisCharacter
LogPluginManager: Mounting plugin AndroidDeviceProfileSelector
LogPluginManager: Mounting plugin AudioCapture
LogPluginManager: Mounting plugin AudioSynesthesia
LogPluginManager: Mounting plugin CableComponent
LogPluginManager: Mounting plugin ChunkDownloader
LogPluginManager: Mounting plugin EditableMesh
LogPluginManager: Mounting plugin AssetTags
LogPluginManager: Mounting plugin ExampleDeviceProfileSelector
LogPluginManager: Mounting plugin GoogleCloudMessaging
LogPluginManager: Mounting plugin GooglePAD
LogPluginManager: Mounting plugin CustomMeshComponent
LogPluginManager: Mounting plugin IOSDeviceProfileSelector
LogPluginManager: Mounting plugin LinuxDeviceProfileSelector
LogPluginManager: Mounting plugin LocationServicesBPLibrary
LogPluginManager: Mounting plugin MobilePatchingUtils
LogPluginManager: Mounting plugin OpenXR
LogPluginManager: Mounting plugin OpenXRHandTracking
LogPluginManager: Mounting plugin OpenXREyeTracker
LogPluginManager: Mounting plugin PhysXVehicles
LogPluginManager: Mounting plugin PostSplashScreen
LogPluginManager: Mounting plugin ProceduralMeshComponent
LogPluginManager: Mounting plugin PropertyAccessEditor
LogPluginManager: Mounting plugin RuntimePhysXCooking
LogPluginManager: Mounting plugin SignificanceManager
LogPluginManager: Mounting plugin SoundFields
LogPluginManager: Mounting plugin Synthesis
LogPluginManager: Mounting plugin WebMMoviePlayer
LogPluginManager: Mounting plugin WindowsMoviePlayer
LogPluginManager: Mounting plugin ContentBrowserAssetDataSource
LogPluginManager: Mounting plugin ContentBrowserFileDataSource
LogPluginManager: Mounting plugin ContentBrowserClassDataSource
LogPluginManager: Mounting plugin OnlineSubsystemGooglePlay
LogPluginManager: Mounting plugin OnlineSubsystemIOS
LogPluginManager: Mounting plugin OculusVR
LogPluginManager: Mounting plugin SteamVR
PixWinPlugin: PIX capture plugin failed to initialize! Check that the process is launched from PIX.
LogInit: Using libcurl 7.55.1-DEV
LogInit:  - built for x86_64-pc-win32
LogInit:  - supports SSL with OpenSSL/1.1.1
LogInit:  - supports HTTP deflate (compression) using libz 1.2.8
LogInit:  - other features:
LogInit:      CURL_VERSION_SSL
LogInit:      CURL_VERSION_LIBZ
LogInit:      CURL_VERSION_IPV6
LogInit:      CURL_VERSION_ASYNCHDNS
LogInit:      CURL_VERSION_LARGEFILE
LogInit:      CURL_VERSION_IDN
LogInit:  CurlRequestOptions (configurable via config and command line):
LogInit:  - bVerifyPeer = true  - Libcurl will verify peer certificate
LogInit:  - bUseHttpProxy = false  - Libcurl will NOT use HTTP proxy
LogInit:  - bDontReuseConnections = false  - Libcurl will reuse connections
LogInit:  - MaxHostConnections = 16  - Libcurl will limit the number of connections to a host
LogInit:  - LocalHostAddr = Default
LogInit:  - BufferSize = 65536
LogOnline: OSS: Creating online subsystem instance for: NULL
LogInit: WinSock: version 1.1 (2.2), MaxSocks=32767, MaxUdp=65467
LogOnline: OSS: TryLoadSubsystemAndSetDefault: Loaded subsystem for module [NULL]
LogOculusPluginWrapper: OculusPlugin initialized successfully
LogHMD: Failed initializing OVRPlugin 1.59.0
LogInit: Build: ++UE4+Release-4.27-CL-17735300
LogInit: Engine Version: 4.27.1-17735300+++UE4+Release-4.27
LogInit: Compatible Engine Version: 4.27.0-17155196+++UE4+Release-4.27
LogInit: Net CL: 17155196
LogInit: OS: Windows 10 (Release 2009) (), CPU: AMD Ryzen 7 3700X 8-Core Processor             , GPU: NVIDIA GeForce RTX 3060
LogInit: Compiled (64-bit): Oct  6 2021 14:42:51
LogInit: Compiled with Visual C++: 19.24.28315.00
LogInit: Build Configuration: Development
LogInit: Branch Name: ++UE4+Release-4.27
LogInit: Command Line: 
LogInit: Base Directory: E:/Epic Game/Games/UE_4.27/Engine/Binaries/Win64/
LogInit: Allocator: TBB
LogInit: Installed Engine Build: 1
LogDevObjectVersion: Number of dev versions registered: 29
LogDevObjectVersion:   Dev-Blueprints (B0D832E4-1F89-4F0D-ACCF-7EB736FD4AA2): 10
LogDevObjectVersion:   Dev-Build (E1C64328-A22C-4D53-A36C-8E866417BD8C): 0
LogDevObjectVersion:   Dev-Core (375EC13C-06E4-48FB-B500-84F0262A717E): 4
LogDevObjectVersion:   Dev-Editor (E4B068ED-F494-42E9-A231-DA0B2E46BB41): 40
LogDevObjectVersion:   Dev-Framework (CFFC743F-43B0-4480-9391-14DF171D2073): 37
LogDevObjectVersion:   Dev-Mobile (B02B49B5-BB20-44E9-A304-32B752E40360): 3
LogDevObjectVersion:   Dev-Networking (A4E4105C-59A1-49B5-A7C5-40C4547EDFEE): 0
LogDevObjectVersion:   Dev-Online (39C831C9-5AE6-47DC-9A44-9C173E1C8E7C): 0
LogDevObjectVersion:   Dev-Physics (78F01B33-EBEA-4F98-B9B4-84EACCB95AA2): 14
LogDevObjectVersion:   Dev-Platform (6631380F-2D4D-43E0-8009-CF276956A95A): 0
LogDevObjectVersion:   Dev-Rendering (12F88B9F-8875-4AFC-A67C-D90C383ABD29): 45
LogDevObjectVersion:   Dev-Sequencer (7B5AE74C-D270-4C10-A958-57980B212A5A): 13
LogDevObjectVersion:   Dev-VR (D7296918-1DD6-4BDD-9DE2-64A83CC13884): 3
LogDevObjectVersion:   Dev-LoadTimes (C2A15278-BFE7-4AFE-6C17-90FF531DF755): 1
LogDevObjectVersion:   Private-Geometry (6EACA3D4-40EC-4CC1-B786-8BED09428FC5): 3
LogDevObjectVersion:   Dev-AnimPhys (29E575DD-E0A3-4627-9D10-D276232CDCEA): 17
LogDevObjectVersion:   Dev-Anim (AF43A65D-7FD3-4947-9873-3E8ED9C1BB05): 15
LogDevObjectVersion:   Dev-ReflectionCapture (6B266CEC-1EC7-4B8F-A30B-E4D90942FC07): 1
LogDevObjectVersion:   Dev-Automation (0DF73D61-A23F-47EA-B727-89E90C41499A): 1
LogDevObjectVersion:   FortniteMain (601D1886-AC64-4F84-AA16-D3DE0DEAC7D6): 47
LogDevObjectVersion:   FortniteRelease (E7086368-6B23-4C58-8439-1B7016265E91): 1
LogDevObjectVersion:   Dev-Enterprise (9DFFBCD6-494F-0158-E221-12823C92A888): 10
LogDevObjectVersion:   Dev-Niagara (F2AED0AC-9AFE-416F-8664-AA7FFA26D6FC): 1
LogDevObjectVersion:   Dev-Destruction (174F1F0B-B4C6-45A5-B13F-2EE8D0FB917D): 10
LogDevObjectVersion:   Dev-Physics-Ext (35F94A83-E258-406C-A318-09F59610247C): 41
LogDevObjectVersion:   Dev-PhysicsMaterial-Chaos (B68FC16E-8B1B-42E2-B453-215C058844FE): 1
LogDevObjectVersion:   Dev-CineCamera (B2E18506-4273-CFC2-A54E-F4BB758BBA07): 1
LogDevObjectVersion:   Dev-VirtualProduction (64F58936-FD1B-42BA-BA96-7289D5D0FA4E): 1
LogDevObjectVersion:   Dev-MediaFramework (6F0ED827-A609-4895-9C91-998D90180EA4): 2
LogInit: Presizing for max 25165824 objects, including 0 objects not considered by GC, pre-allocating 0 bytes for permanent pool.
LogConfig: Applying CVar settings from Section [/Script/Engine.StreamingSettings] File [C:/Users/punna/Documents/GitHub/totemofearth/TotemsOfEarth/Saved/Config/Windows/Engine.ini]
LogConfig: Setting CVar [[s.MinBulkDataSizeForAsyncLoading:131072]]
LogConfig: Setting CVar [[s.AsyncLoadingThreadEnabled:0]]
LogConfig: Setting CVar [[s.EventDrivenLoaderEnabled:1]]
LogConfig: Setting CVar [[s.WarnIfTimeLimitExceeded:0]]
LogConfig: Setting CVar [[s.TimeLimitExceededMultiplier:1.5]]
LogConfig: Setting CVar [[s.TimeLimitExceededMinTime:0.005]]
LogConfig: Setting CVar [[s.UseBackgroundLevelStreaming:1]]
LogConfig: Setting CVar [[s.PriorityAsyncLoadingExtraTime:15.0]]
LogConfig: Setting CVar [[s.LevelStreamingActorsUpdateTimeLimit:5.0]]
LogConfig: Setting CVar [[s.PriorityLevelStreamingActorsUpdateExtraTime:5.0]]
LogConfig: Setting CVar [[s.LevelStreamingComponentsRegistrationGranularity:10]]
LogConfig: Setting CVar [[s.UnregisterComponentsTimeLimit:1.0]]
LogConfig: Setting CVar [[s.LevelStreamingComponentsUnregistrationGranularity:5]]
LogConfig: Setting CVar [[s.FlushStreamingOnExit:1]]
LogInit: Object subsystem initialized
LogConfig: Setting CVar [[con.DebugEarlyDefault:1]]
LogConfig: Setting CVar [[r.setres:1280x720]]
[2021.12.15-18.08.16:046][  0]LogConfig: Setting CVar [[r.VSync:0]]
[2021.12.15-18.08.16:046][  0]LogConfig: Setting CVar [[r.RHICmdBypass:0]]
[2021.12.15-18.08.16:046][  0]LogConfig: Applying CVar settings from Section [/Script/Engine.RendererSettings] File [C:/Users/punna/Documents/GitHub/totemofearth/TotemsOfEarth/Saved/Config/Windows/Engine.ini]
[2021.12.15-18.08.16:046][  0]LogConfig: Setting CVar [[r.GPUCrashDebugging:0]]
[2021.12.15-18.08.16:046][  0]LogConfig: Setting CVar [[r.MobileHDR:0]]
[2021.12.15-18.08.16:046][  0]LogConfig: Applying CVar settings from Section [/Script/Engine.RendererOverrideSettings] File [C:/Users/punna/Documents/GitHub/totemofearth/TotemsOfEarth/Saved/Config/Windows/Engine.ini]
[2021.12.15-18.08.16:046][  0]LogConfig: Applying CVar settings from Section [/Script/Engine.StreamingSettings] File [C:/Users/punna/Documents/GitHub/totemofearth/TotemsOfEarth/Saved/Config/Windows/Engine.ini]
[2021.12.15-18.08.16:046][  0]LogConfig: Setting CVar [[s.MinBulkDataSizeForAsyncLoading:131072]]
[2021.12.15-18.08.16:046][  0]LogConfig: Setting CVar [[s.AsyncLoadingThreadEnabled:0]]
[2021.12.15-18.08.16:046][  0]LogConfig: Setting CVar [[s.EventDrivenLoaderEnabled:1]]
[2021.12.15-18.08.16:046][  0]LogConfig: Setting CVar [[s.WarnIfTimeLimitExceeded:0]]
[2021.12.15-18.08.16:046][  0]LogConfig: Setting CVar [[s.TimeLimitExceededMultiplier:1.5]]
[2021.12.15-18.08.16:046][  0]LogConfig: Setting CVar [[s.TimeLimitExceededMinTime:0.005]]
[2021.12.15-18.08.16:046][  0]LogConfig: Setting CVar [[s.UseBackgroundLevelStreaming:1]]
[2021.12.15-18.08.16:046][  0]LogConfig: Setting CVar [[s.PriorityAsyncLoadingExtraTime:15.0]]
[2021.12.15-18.08.16:046][  0]LogConfig: Setting CVar [[s.LevelStreamingActorsUpdateTimeLimit:5.0]]
[2021.12.15-18.08.16:046][  0]LogConfig: Setting CVar [[s.PriorityLevelStreamingActorsUpdateExtraTime:5.0]]
[2021.12.15-18.08.16:046][  0]LogConfig: Setting CVar [[s.LevelStreamingComponentsRegistrationGranularity:10]]
[2021.12.15-18.08.16:046][  0]LogConfig: Setting CVar [[s.UnregisterComponentsTimeLimit:1.0]]
[2021.12.15-18.08.16:046][  0]LogConfig: Setting CVar [[s.LevelStreamingComponentsUnregistrationGranularity:5]]
[2021.12.15-18.08.16:046][  0]LogConfig: Setting CVar [[s.FlushStreamingOnExit:1]]
[2021.12.15-18.08.16:046][  0]LogConfig: Applying CVar settings from Section [/Script/Engine.GarbageCollectionSettings] File [C:/Users/punna/Documents/GitHub/totemofearth/TotemsOfEarth/Saved/Config/Windows/Engine.ini]
[2021.12.15-18.08.16:046][  0]LogConfig: Setting CVar [[gc.MaxObjectsNotConsideredByGC:1]]
[2021.12.15-18.08.16:046][  0]LogConfig: Setting CVar [[gc.SizeOfPermanentObjectPool:0]]
[2021.12.15-18.08.16:046][  0]LogConfig: Setting CVar [[gc.FlushStreamingOnGC:0]]
[2021.12.15-18.08.16:046][  0]LogConfig: Setting CVar [[gc.NumRetriesBeforeForcingGC:10]]
[2021.12.15-18.08.16:046][  0]LogConfig: Setting CVar [[gc.AllowParallelGC:1]]
[2021.12.15-18.08.16:046][  0]LogConfig: Setting CVar [[gc.TimeBetweenPurgingPendingKillObjects:61.1]]
[2021.12.15-18.08.16:046][  0]LogConfig: Setting CVar [[gc.MaxObjectsInEditor:25165824]]
[2021.12.15-18.08.16:046][  0]LogConfig: Setting CVar [[gc.IncrementalBeginDestroyEnabled:1]]
[2021.12.15-18.08.16:046][  0]LogConfig: Setting CVar [[gc.CreateGCClusters:1]]
[2021.12.15-18.08.16:046][  0]LogConfig: Setting CVar [[gc.MinGCClusterSize:5]]
[2021.12.15-18.08.16:046][  0]LogConfig: Setting CVar [[gc.ActorClusteringEnabled:0]]
[2021.12.15-18.08.16:046][  0]LogConfig: Setting CVar [[gc.BlueprintClusteringEnabled:0]]
[2021.12.15-18.08.16:046][  0]LogConfig: Setting CVar [[gc.UseDisregardForGCOnDedicatedServers:0]]
[2021.12.15-18.08.16:046][  0]LogConfig: Setting CVar [[gc.MultithreadedDestructionEnabled:1]]
[2021.12.15-18.08.16:046][  0]LogConfig: Applying CVar settings from Section [/Script/Engine.NetworkSettings] File [C:/Users/punna/Documents/GitHub/totemofearth/TotemsOfEarth/Saved/Config/Windows/Engine.ini]
[2021.12.15-18.08.16:046][  0]LogConfig: Applying CVar settings from Section [/Script/UnrealEd.CookerSettings] File [C:/Users/punna/Documents/GitHub/totemofearth/TotemsOfEarth/Saved/Config/Windows/Engine.ini]
[2021.12.15-18.08.16:052][  0]LogConfig: Applying CVar settings from Section [ViewDistanceQuality@3] File [C:/Users/punna/Documents/GitHub/totemofearth/TotemsOfEarth/Saved/Config/Windows/Scalability.ini]
[2021.12.15-18.08.16:052][  0]LogConfig: Setting CVar [[r.SkeletalMeshLODBias:0]]
[2021.12.15-18.08.16:052][  0]LogConfig: Setting CVar [[r.ViewDistanceScale:1.0]]
[2021.12.15-18.08.16:052][  0]LogConfig: Applying CVar settings from Section [AntiAliasingQuality@3] File [C:/Users/punna/Documents/GitHub/totemofearth/TotemsOfEarth/Saved/Config/Windows/Scalability.ini]
[2021.12.15-18.08.16:052][  0]LogConfig: Setting CVar [[r.PostProcessAAQuality:4]]
[2021.12.15-18.08.16:052][  0]LogConfig: Applying CVar settings from Section [ShadowQuality@3] File [C:/Users/punna/Documents/GitHub/totemofearth/TotemsOfEarth/Saved/Config/Windows/Scalability.ini]
[2021.12.15-18.08.16:052][  0]LogConfig: Setting CVar [[r.LightFunctionQuality:1]]
[2021.12.15-18.08.16:052][  0]LogConfig: Setting CVar [[r.ShadowQuality:5]]
[2021.12.15-18.08.16:052][  0]LogConfig: Setting CVar [[r.Shadow.CSM.MaxCascades:10]]
[2021.12.15-18.08.16:052][  0]LogConfig: Setting CVar [[r.Shadow.MaxResolution:2048]]
[2021.12.15-18.08.16:052][  0]LogConfig: Setting CVar [[r.Shadow.MaxCSMResolution:2048]]
[2021.12.15-18.08.16:052][  0]LogConfig: Setting CVar [[r.Shadow.RadiusThreshold:0.01]]
[2021.12.15-18.08.16:052][  0]LogConfig: Setting CVar [[r.Shadow.DistanceScale:1.0]]
[2021.12.15-18.08.16:052][  0]LogConfig: Setting CVar [[r.Shadow.CSM.TransitionScale:1.0]]
[2021.12.15-18.08.16:052][  0]LogConfig: Setting CVar [[r.Shadow.PreShadowResolutionFactor:1.0]]
[2021.12.15-18.08.16:052][  0]LogConfig: Setting CVar [[r.DistanceFieldShadowing:1]]
[2021.12.15-18.08.16:052][  0]LogConfig: Setting CVar [[r.DistanceFieldAO:1]]
[2021.12.15-18.08.16:052][  0]LogConfig: Setting CVar [[r.AOQuality:2]]
[2021.12.15-18.08.16:052][  0]LogConfig: Setting CVar [[r.VolumetricFog:1]]
[2021.12.15-18.08.16:052][  0]LogConfig: Setting CVar [[r.VolumetricFog.GridPixelSize:8]]
[2021.12.15-18.08.16:053][  0]LogConfig: Setting CVar [[r.VolumetricFog.GridSizeZ:128]]
[2021.12.15-18.08.16:053][  0]LogConfig: Setting CVar [[r.VolumetricFog.HistoryMissSupersampleCount:4]]
[2021.12.15-18.08.16:053][  0]LogConfig: Setting CVar [[r.LightMaxDrawDistanceScale:1]]
[2021.12.15-18.08.16:053][  0]LogConfig: Setting CVar [[r.CapsuleShadows:1]]
[2021.12.15-18.08.16:053][  0]LogConfig: Applying CVar settings from Section [PostProcessQuality@3] File [C:/Users/punna/Documents/GitHub/totemofearth/TotemsOfEarth/Saved/Config/Windows/Scalability.ini]
[2021.12.15-18.08.16:053][  0]LogConfig: Setting CVar [[r.MotionBlurQuality:4]]
[2021.12.15-18.08.16:053][  0]LogConfig: Setting CVar [[r.AmbientOcclusionMipLevelFactor:0.4]]
[2021.12.15-18.08.16:053][  0]LogConfig: Setting CVar [[r.AmbientOcclusionMaxQuality:100]]
[2021.12.15-18.08.16:053][  0]LogConfig: Setting CVar [[r.AmbientOcclusionLevels:-1]]
[2021.12.15-18.08.16:053][  0]LogConfig: Setting CVar [[r.AmbientOcclusionRadiusScale:1.0]]
[2021.12.15-18.08.16:053][  0]LogConfig: Setting CVar [[r.DepthOfFieldQuality:2]]
[2021.12.15-18.08.16:053][  0]LogConfig: Setting CVar [[r.RenderTargetPoolMin:400]]
[2021.12.15-18.08.16:053][  0]LogConfig: Setting CVar [[r.LensFlareQuality:2]]
[2021.12.15-18.08.16:053][  0]LogConfig: Setting CVar [[r.SceneColorFringeQuality:1]]
[2021.12.15-18.08.16:053][  0]LogConfig: Setting CVar [[r.EyeAdaptationQuality:2]]
[2021.12.15-18.08.16:053][  0]LogConfig: Setting CVar [[r.BloomQuality:5]]
[2021.12.15-18.08.16:053][  0]LogConfig: Setting CVar [[r.FastBlurThreshold:100]]
[2021.12.15-18.08.16:053][  0]LogConfig: Setting CVar [[r.Upscale.Quality:3]]
[2021.12.15-18.08.16:053][  0]LogConfig: Setting CVar [[r.Tonemapper.GrainQuantization:1]]
[2021.12.15-18.08.16:053][  0]LogConfig: Setting CVar [[r.LightShaftQuality:1]]
[2021.12.15-18.08.16:053][  0]LogConfig: Setting CVar [[r.Filter.SizeScale:1]]
[2021.12.15-18.08.16:053][  0]LogConfig: Setting CVar [[r.Tonemapper.Quality:5]]
[2021.12.15-18.08.16:053][  0]LogConfig: Setting CVar [[r.DOF.Gather.AccumulatorQuality:1        ; higher gathering accumulator quality]]
[2021.12.15-18.08.16:053][  0]LogConfig: Setting CVar [[r.DOF.Gather.PostfilterMethod:1          ; Median3x3 postfilering method]]
[2021.12.15-18.08.16:053][  0]LogConfig: Setting CVar [[r.DOF.Gather.EnableBokehSettings:0       ; no bokeh simulation when gathering]]
[2021.12.15-18.08.16:053][  0]LogConfig: Setting CVar [[r.DOF.Gather.RingCount:4                 ; medium number of samples when gathering]]
[2021.12.15-18.08.16:053][  0]LogConfig: Setting CVar [[r.DOF.Scatter.ForegroundCompositing:1    ; additive foreground scattering]]
[2021.12.15-18.08.16:053][  0]LogConfig: Setting CVar [[r.DOF.Scatter.BackgroundCompositing:2    ; additive background scattering]]
[2021.12.15-18.08.16:053][  0]LogConfig: Setting CVar [[r.DOF.Scatter.EnableBokehSettings:1      ; bokeh simulation when scattering]]
[2021.12.15-18.08.16:053][  0]LogConfig: Setting CVar [[r.DOF.Scatter.MaxSpriteRatio:0.1         ; only a maximum of 10% of scattered bokeh]]
[2021.12.15-18.08.16:053][  0]LogConfig: Setting CVar [[r.DOF.Recombine.Quality:1                ; cheap slight out of focus]]
[2021.12.15-18.08.16:053][  0]LogConfig: Setting CVar [[r.DOF.Recombine.EnableBokehSettings:0    ; no bokeh simulation on slight out of focus]]
[2021.12.15-18.08.16:053][  0]LogConfig: Setting CVar [[r.DOF.TemporalAAQuality:1                ; more stable temporal accumulation]]
[2021.12.15-18.08.16:053][  0]LogConfig: Setting CVar [[r.DOF.Kernel.MaxForegroundRadius:0.025]]
[2021.12.15-18.08.16:053][  0]LogConfig: Setting CVar [[r.DOF.Kernel.MaxBackgroundRadius:0.025]]
[2021.12.15-18.08.16:053][  0]LogConfig: Applying CVar settings from Section [TextureQuality@3] File [C:/Users/punna/Documents/GitHub/totemofearth/TotemsOfEarth/Saved/Config/Windows/Scalability.ini]
[2021.12.15-18.08.16:053][  0]LogConfig: Setting CVar [[r.Streaming.MipBias:0]]
[2021.12.15-18.08.16:053][  0]LogConfig: Setting CVar [[r.Streaming.AmortizeCPUToGPUCopy:0]]
[2021.12.15-18.08.16:053][  0]LogConfig: Setting CVar [[r.Streaming.MaxNumTexturesToStreamPerFrame:0]]
[2021.12.15-18.08.16:053][  0]LogConfig: Setting CVar [[r.Streaming.Boost:1]]
[2021.12.15-18.08.16:053][  0]LogConfig: Setting CVar [[r.MaxAnisotropy:8]]
[2021.12.15-18.08.16:053][  0]LogConfig: Setting CVar [[r.VT.MaxAnisotropy:8]]
[2021.12.15-18.08.16:053][  0]LogConfig: Setting CVar [[r.Streaming.LimitPoolSizeToVRAM:0]]
[2021.12.15-18.08.16:053][  0]LogConfig: Setting CVar [[r.Streaming.PoolSize:1000]]
[2021.12.15-18.08.16:053][  0]LogConfig: Setting CVar [[r.Streaming.MaxEffectiveScreenSize:0]]
[2021.12.15-18.08.16:053][  0]LogConfig: Applying CVar settings from Section [EffectsQuality@3] File [C:/Users/punna/Documents/GitHub/totemofearth/TotemsOfEarth/Saved/Config/Windows/Scalability.ini]
[2021.12.15-18.08.16:053][  0]LogConfig: Setting CVar [[r.TranslucencyLightingVolumeDim:64]]
[2021.12.15-18.08.16:053][  0]LogConfig: Setting CVar [[r.RefractionQuality:2]]
[2021.12.15-18.08.16:053][  0]LogConfig: Setting CVar [[r.SSR.Quality:3]]
[2021.12.15-18.08.16:053][  0]LogConfig: Setting CVar [[r.SSR.HalfResSceneColor:0]]
[2021.12.15-18.08.16:053][  0]LogConfig: Setting CVar [[r.SceneColorFormat:4]]
[2021.12.15-18.08.16:053][  0]LogConfig: Setting CVar [[r.DetailMode:2]]
[2021.12.15-18.08.16:053][  0]LogConfig: Setting CVar [[r.TranslucencyVolumeBlur:1]]
[2021.12.15-18.08.16:053][  0]LogConfig: Setting CVar [[r.MaterialQualityLevel:1 ; High quality]]
[2021.12.15-18.08.16:053][  0]LogConfig: Setting CVar [[r.AnisotropicMaterials:1]]
[2021.12.15-18.08.16:053][  0]LogConfig: Setting CVar [[r.SSS.Scale:1]]
[2021.12.15-18.08.16:053][  0]LogConfig: Setting CVar [[r.SSS.SampleSet:2]]
[2021.12.15-18.08.16:053][  0]LogConfig: Setting CVar [[r.SSS.Quality:1]]
[2021.12.15-18.08.16:053][  0]LogConfig: Setting CVar [[r.SSS.HalfRes:0]]
[2021.12.15-18.08.16:053][  0]LogConfig: Setting CVar [[r.SSGI.Quality:3]]
[2021.12.15-18.08.16:053][  0]LogConfig: Setting CVar [[r.EmitterSpawnRateScale:1.0]]
[2021.12.15-18.08.16:053][  0]LogConfig: Setting CVar [[r.ParticleLightQuality:2]]
[2021.12.15-18.08.16:053][  0]LogConfig: Setting CVar [[r.SkyAtmosphere.AerialPerspectiveLUT.FastApplyOnOpaque:1 ; Always have FastSkyLUT 1 in this case to avoid wrong sky]]
[2021.12.15-18.08.16:053][  0]LogConfig: Setting CVar [[r.SkyAtmosphere.AerialPerspectiveLUT.SampleCountMaxPerSlice:4]]
[2021.12.15-18.08.16:053][  0]LogConfig: Setting CVar [[r.SkyAtmosphere.AerialPerspectiveLUT.DepthResolution:16.0]]
[2021.12.15-18.08.16:053][  0]LogConfig: Setting CVar [[r.SkyAtmosphere.FastSkyLUT:1]]
[2021.12.15-18.08.16:053][  0]LogConfig: Setting CVar [[r.SkyAtmosphere.FastSkyLUT.SampleCountMin:4.0]]
[2021.12.15-18.08.16:053][  0]LogConfig: Setting CVar [[r.SkyAtmosphere.FastSkyLUT.SampleCountMax:128.0]]
[2021.12.15-18.08.16:053][  0]LogConfig: Setting CVar [[r.SkyAtmosphere.SampleCountMin:4.0]]
[2021.12.15-18.08.16:053][  0]LogConfig: Setting CVar [[r.SkyAtmosphere.SampleCountMax:128.0]]
[2021.12.15-18.08.16:053][  0]LogConfig: Setting CVar [[r.SkyAtmosphere.TransmittanceLUT.UseSmallFormat:0]]
[2021.12.15-18.08.16:053][  0]LogConfig: Setting CVar [[r.SkyAtmosphere.TransmittanceLUT.SampleCount:10.0]]
[2021.12.15-18.08.16:053][  0]LogConfig: Setting CVar [[r.SkyAtmosphere.MultiScatteringLUT.SampleCount:15.0]]
[2021.12.15-18.08.16:053][  0]LogConfig: Setting CVar [[r.SkyLight.RealTimeReflectionCapture:1]]
[2021.12.15-18.08.16:053][  0]LogConfig: Applying CVar settings from Section [FoliageQuality@3] File [C:/Users/punna/Documents/GitHub/totemofearth/TotemsOfEarth/Saved/Config/Windows/Scalability.ini]
[2021.12.15-18.08.16:053][  0]LogConfig: Setting CVar [[foliage.DensityScale:1.0]]
[2021.12.15-18.08.16:053][  0]LogConfig: Setting CVar [[grass.DensityScale:1.0]]
[2021.12.15-18.08.16:053][  0]LogConfig: Applying CVar settings from Section [ShadingQuality@3] File [C:/Users/punna/Documents/GitHub/totemofearth/TotemsOfEarth/Saved/Config/Windows/Scalability.ini]
[2021.12.15-18.08.16:053][  0]LogConfig: Setting CVar [[r.HairStrands.SkyLighting.IntegrationType:2]]
[2021.12.15-18.08.16:053][  0]LogConfig: Setting CVar [[r.HairStrands.SkyAO.SampleCount:4]]
[2021.12.15-18.08.16:053][  0]LogConfig: Setting CVar [[r.HairStrands.Visibility.MSAA.SamplePerPixel:4]]
[2021.12.15-18.08.16:054][  0]LogInit: Selected Device Profile: [Windows]
[2021.12.15-18.08.16:054][  0]LogInit: Applying CVar settings loaded from the selected device profile: [Windows]
[2021.12.15-18.08.16:054][  0]LogHAL: Display: Platform has ~ 16 GB [17102860288 / 17179869184 / 16], which maps to Larger [LargestMinGB=32, LargerMinGB=12, DefaultMinGB=8, SmallerMinGB=6, SmallestMinGB=0)
[2021.12.15-18.08.16:054][  0]LogInit: Going up to parent DeviceProfile []
[2021.12.15-18.08.16:054][  0]LogConfig: Applying CVar settings from Section [ViewDistanceQuality@3] File [C:/Users/punna/Documents/GitHub/totemofearth/TotemsOfEarth/Saved/Config/Windows/Scalability.ini]
[2021.12.15-18.08.16:054][  0]LogConfig: Setting CVar [[r.SkeletalMeshLODBias:0]]
[2021.12.15-18.08.16:054][  0]LogConfig: Setting CVar [[r.ViewDistanceScale:1.0]]
[2021.12.15-18.08.16:054][  0]LogConfig: Applying CVar settings from Section [AntiAliasingQuality@3] File [C:/Users/punna/Documents/GitHub/totemofearth/TotemsOfEarth/Saved/Config/Windows/Scalability.ini]
[2021.12.15-18.08.16:054][  0]LogConfig: Setting CVar [[r.PostProcessAAQuality:4]]
[2021.12.15-18.08.16:054][  0]LogConfig: Applying CVar settings from Section [ShadowQuality@3] File [C:/Users/punna/Documents/GitHub/totemofearth/TotemsOfEarth/Saved/Config/Windows/Scalability.ini]
[2021.12.15-18.08.16:054][  0]LogConfig: Setting CVar [[r.LightFunctionQuality:1]]
[2021.12.15-18.08.16:054][  0]LogConfig: Setting CVar [[r.ShadowQuality:5]]
[2021.12.15-18.08.16:054][  0]LogConfig: Setting CVar [[r.Shadow.CSM.MaxCascades:10]]
[2021.12.15-18.08.16:054][  0]LogConfig: Setting CVar [[r.Shadow.MaxResolution:2048]]
[2021.12.15-18.08.16:054][  0]LogConfig: Setting CVar [[r.Shadow.MaxCSMResolution:2048]]
[2021.12.15-18.08.16:054][  0]LogConfig: Setting CVar [[r.Shadow.RadiusThreshold:0.01]]
[2021.12.15-18.08.16:054][  0]LogConfig: Setting CVar [[r.Shadow.DistanceScale:1.0]]
[2021.12.15-18.08.16:054][  0]LogConfig: Setting CVar [[r.Shadow.CSM.TransitionScale:1.0]]
[2021.12.15-18.08.16:054][  0]LogConfig: Setting CVar [[r.Shadow.PreShadowResolutionFactor:1.0]]
[2021.12.15-18.08.16:054][  0]LogConfig: Setting CVar [[r.DistanceFieldShadowing:1]]
[2021.12.15-18.08.16:054][  0]LogConfig: Setting CVar [[r.DistanceFieldAO:1]]
[2021.12.15-18.08.16:054][  0]LogConfig: Setting CVar [[r.AOQuality:2]]
[2021.12.15-18.08.16:054][  0]LogConfig: Setting CVar [[r.VolumetricFog:1]]
[2021.12.15-18.08.16:054][  0]LogConfig: Setting CVar [[r.VolumetricFog.GridPixelSize:8]]
[2021.12.15-18.08.16:054][  0]LogConfig: Setting CVar [[r.VolumetricFog.GridSizeZ:128]]
[2021.12.15-18.08.16:054][  0]LogConfig: Setting CVar [[r.VolumetricFog.HistoryMissSupersampleCount:4]]
[2021.12.15-18.08.16:054][  0]LogConfig: Setting CVar [[r.LightMaxDrawDistanceScale:1]]
[2021.12.15-18.08.16:054][  0]LogConfig: Setting CVar [[r.CapsuleShadows:1]]
[2021.12.15-18.08.16:054][  0]LogConfig: Applying CVar settings from Section [PostProcessQuality@3] File [C:/Users/punna/Documents/GitHub/totemofearth/TotemsOfEarth/Saved/Config/Windows/Scalability.ini]
[2021.12.15-18.08.16:054][  0]LogConfig: Setting CVar [[r.MotionBlurQuality:4]]
[2021.12.15-18.08.16:054][  0]LogConfig: Setting CVar [[r.AmbientOcclusionMipLevelFactor:0.4]]
[2021.12.15-18.08.16:054][  0]LogConfig: Setting CVar [[r.AmbientOcclusionMaxQuality:100]]
[2021.12.15-18.08.16:054][  0]LogConfig: Setting CVar [[r.AmbientOcclusionLevels:-1]]
[2021.12.15-18.08.16:054][  0]LogConfig: Setting CVar [[r.AmbientOcclusionRadiusScale:1.0]]
[2021.12.15-18.08.16:054][  0]LogConfig: Setting CVar [[r.DepthOfFieldQuality:2]]
[2021.12.15-18.08.16:054][  0]LogConfig: Setting CVar [[r.RenderTargetPoolMin:400]]
[2021.12.15-18.08.16:054][  0]LogConfig: Setting CVar [[r.LensFlareQuality:2]]
[2021.12.15-18.08.16:054][  0]LogConfig: Setting CVar [[r.SceneColorFringeQuality:1]]
[2021.12.15-18.08.16:054][  0]LogConfig: Setting CVar [[r.EyeAdaptationQuality:2]]
[2021.12.15-18.08.16:054][  0]LogConfig: Setting CVar [[r.BloomQuality:5]]
[2021.12.15-18.08.16:054][  0]LogConfig: Setting CVar [[r.FastBlurThreshold:100]]
[2021.12.15-18.08.16:054][  0]LogConfig: Setting CVar [[r.Upscale.Quality:3]]
[2021.12.15-18.08.16:054][  0]LogConfig: Setting CVar [[r.Tonemapper.GrainQuantization:1]]
[2021.12.15-18.08.16:054][  0]LogConfig: Setting CVar [[r.LightShaftQuality:1]]
[2021.12.15-18.08.16:054][  0]LogConfig: Setting CVar [[r.Filter.SizeScale:1]]
[2021.12.15-18.08.16:054][  0]LogConfig: Setting CVar [[r.Tonemapper.Quality:5]]
[2021.12.15-18.08.16:054][  0]LogConfig: Setting CVar [[r.DOF.Gather.AccumulatorQuality:1        ; higher gathering accumulator quality]]
[2021.12.15-18.08.16:054][  0]LogConfig: Setting CVar [[r.DOF.Gather.PostfilterMethod:1          ; Median3x3 postfilering method]]
[2021.12.15-18.08.16:054][  0]LogConfig: Setting CVar [[r.DOF.Gather.EnableBokehSettings:0       ; no bokeh simulation when gathering]]
[2021.12.15-18.08.16:054][  0]LogConfig: Setting CVar [[r.DOF.Gather.RingCount:4                 ; medium number of samples when gathering]]
[2021.12.15-18.08.16:054][  0]LogConfig: Setting CVar [[r.DOF.Scatter.ForegroundCompositing:1    ; additive foreground scattering]]
[2021.12.15-18.08.16:054][  0]LogConfig: Setting CVar [[r.DOF.Scatter.BackgroundCompositing:2    ; additive background scattering]]
[2021.12.15-18.08.16:054][  0]LogConfig: Setting CVar [[r.DOF.Scatter.EnableBokehSettings:1      ; bokeh simulation when scattering]]
[2021.12.15-18.08.16:054][  0]LogConfig: Setting CVar [[r.DOF.Scatter.MaxSpriteRatio:0.1         ; only a maximum of 10% of scattered bokeh]]
[2021.12.15-18.08.16:054][  0]LogConfig: Setting CVar [[r.DOF.Recombine.Quality:1                ; cheap slight out of focus]]
[2021.12.15-18.08.16:054][  0]LogConfig: Setting CVar [[r.DOF.Recombine.EnableBokehSettings:0    ; no bokeh simulation on slight out of focus]]
[2021.12.15-18.08.16:054][  0]LogConfig: Setting CVar [[r.DOF.TemporalAAQuality:1                ; more stable temporal accumulation]]
[2021.12.15-18.08.16:054][  0]LogConfig: Setting CVar [[r.DOF.Kernel.MaxForegroundRadius:0.025]]
[2021.12.15-18.08.16:054][  0]LogConfig: Setting CVar [[r.DOF.Kernel.MaxBackgroundRadius:0.025]]
[2021.12.15-18.08.16:054][  0]LogConfig: Applying CVar settings from Section [TextureQuality@3] File [C:/Users/punna/Documents/GitHub/totemofearth/TotemsOfEarth/Saved/Config/Windows/Scalability.ini]
[2021.12.15-18.08.16:054][  0]LogConfig: Setting CVar [[r.Streaming.MipBias:0]]
[2021.12.15-18.08.16:054][  0]LogConfig: Setting CVar [[r.Streaming.AmortizeCPUToGPUCopy:0]]
[2021.12.15-18.08.16:054][  0]LogConfig: Setting CVar [[r.Streaming.MaxNumTexturesToStreamPerFrame:0]]
[2021.12.15-18.08.16:054][  0]LogConfig: Setting CVar [[r.Streaming.Boost:1]]
[2021.12.15-18.08.16:054][  0]LogConfig: Setting CVar [[r.MaxAnisotropy:8]]
[2021.12.15-18.08.16:054][  0]LogConfig: Setting CVar [[r.VT.MaxAnisotropy:8]]
[2021.12.15-18.08.16:054][  0]LogConfig: Setting CVar [[r.Streaming.LimitPoolSizeToVRAM:0]]
[2021.12.15-18.08.16:054][  0]LogConfig: Setting CVar [[r.Streaming.PoolSize:1000]]
[2021.12.15-18.08.16:054][  0]LogConfig: Setting CVar [[r.Streaming.MaxEffectiveScreenSize:0]]
[2021.12.15-18.08.16:054][  0]LogConfig: Applying CVar settings from Section [EffectsQuality@3] File [C:/Users/punna/Documents/GitHub/totemofearth/TotemsOfEarth/Saved/Config/Windows/Scalability.ini]
[2021.12.15-18.08.16:054][  0]LogConfig: Setting CVar [[r.TranslucencyLightingVolumeDim:64]]
[2021.12.15-18.08.16:054][  0]LogConfig: Setting CVar [[r.RefractionQuality:2]]
[2021.12.15-18.08.16:054][  0]LogConfig: Setting CVar [[r.SSR.Quality:3]]
[2021.12.15-18.08.16:054][  0]LogConfig: Setting CVar [[r.SSR.HalfResSceneColor:0]]
[2021.12.15-18.08.16:054][  0]LogConfig: Setting CVar [[r.SceneColorFormat:4]]
[2021.12.15-18.08.16:054][  0]LogConfig: Setting CVar [[r.DetailMode:2]]
[2021.12.15-18.08.16:054][  0]LogConfig: Setting CVar [[r.TranslucencyVolumeBlur:1]]
[2021.12.15-18.08.16:054][  0]LogConfig: Setting CVar [[r.MaterialQualityLevel:1 ; High quality]]
[2021.12.15-18.08.16:054][  0]LogConfig: Setting CVar [[r.AnisotropicMaterials:1]]
[2021.12.15-18.08.16:054][  0]LogConfig: Setting CVar [[r.SSS.Scale:1]]
[2021.12.15-18.08.16:054][  0]LogConfig: Setting CVar [[r.SSS.SampleSet:2]]
[2021.12.15-18.08.16:054][  0]LogConfig: Setting CVar [[r.SSS.Quality:1]]
[2021.12.15-18.08.16:054][  0]LogConfig: Setting CVar [[r.SSS.HalfRes:0]]
[2021.12.15-18.08.16:054][  0]LogConfig: Setting CVar [[r.SSGI.Quality:3]]
[2021.12.15-18.08.16:054][  0]LogConfig: Setting CVar [[r.EmitterSpawnRateScale:1.0]]
[2021.12.15-18.08.16:054][  0]LogConfig: Setting CVar [[r.ParticleLightQuality:2]]
[2021.12.15-18.08.16:054][  0]LogConfig: Setting CVar [[r.SkyAtmosphere.AerialPerspectiveLUT.FastApplyOnOpaque:1 ; Always have FastSkyLUT 1 in this case to avoid wrong sky]]
[2021.12.15-18.08.16:055][  0]LogConfig: Setting CVar [[r.SkyAtmosphere.AerialPerspectiveLUT.SampleCountMaxPerSlice:4]]
[2021.12.15-18.08.16:055][  0]LogConfig: Setting CVar [[r.SkyAtmosphere.AerialPerspectiveLUT.DepthResolution:16.0]]
[2021.12.15-18.08.16:055][  0]LogConfig: Setting CVar [[r.SkyAtmosphere.FastSkyLUT:1]]
[2021.12.15-18.08.16:055][  0]LogConfig: Setting CVar [[r.SkyAtmosphere.FastSkyLUT.SampleCountMin:4.0]]
[2021.12.15-18.08.16:055][  0]LogConfig: Setting CVar [[r.SkyAtmosphere.FastSkyLUT.SampleCountMax:128.0]]
[2021.12.15-18.08.16:055][  0]LogConfig: Setting CVar [[r.SkyAtmosphere.SampleCountMin:4.0]]
[2021.12.15-18.08.16:055][  0]LogConfig: Setting CVar [[r.SkyAtmosphere.SampleCountMax:128.0]]
[2021.12.15-18.08.16:055][  0]LogConfig: Setting CVar [[r.SkyAtmosphere.TransmittanceLUT.UseSmallFormat:0]]
[2021.12.15-18.08.16:055][  0]LogConfig: Setting CVar [[r.SkyAtmosphere.TransmittanceLUT.SampleCount:10.0]]
[2021.12.15-18.08.16:055][  0]LogConfig: Setting CVar [[r.SkyAtmosphere.MultiScatteringLUT.SampleCount:15.0]]
[2021.12.15-18.08.16:055][  0]LogConfig: Setting CVar [[r.SkyLight.RealTimeReflectionCapture:1]]
[2021.12.15-18.08.16:055][  0]LogConfig: Applying CVar settings from Section [FoliageQuality@3] File [C:/Users/punna/Documents/GitHub/totemofearth/TotemsOfEarth/Saved/Config/Windows/Scalability.ini]
[2021.12.15-18.08.16:055][  0]LogConfig: Setting CVar [[foliage.DensityScale:1.0]]
[2021.12.15-18.08.16:055][  0]LogConfig: Setting CVar [[grass.DensityScale:1.0]]
[2021.12.15-18.08.16:055][  0]LogConfig: Applying CVar settings from Section [ShadingQuality@3] File [C:/Users/punna/Documents/GitHub/totemofearth/TotemsOfEarth/Saved/Config/Windows/Scalability.ini]
[2021.12.15-18.08.16:055][  0]LogConfig: Setting CVar [[r.HairStrands.SkyLighting.IntegrationType:2]]
[2021.12.15-18.08.16:055][  0]LogConfig: Setting CVar [[r.HairStrands.SkyAO.SampleCount:4]]
[2021.12.15-18.08.16:055][  0]LogConfig: Setting CVar [[r.HairStrands.Visibility.MSAA.SamplePerPixel:4]]
[2021.12.15-18.08.16:055][  0]LogConfig: Applying CVar settings from Section [Startup] File [../../../Engine/Config/ConsoleVariables.ini]
[2021.12.15-18.08.16:055][  0]LogConfig: Setting CVar [[net.UseAdaptiveNetUpdateFrequency:0]]
[2021.12.15-18.08.16:055][  0]LogConfig: Setting CVar [[p.chaos.AllowCreatePhysxBodies:1]]
[2021.12.15-18.08.16:055][  0]LogConfig: Setting CVar [[fx.SkipVectorVMBackendOptimizations:1]]
[2021.12.15-18.08.16:055][  0]LogConfig: Applying CVar settings from Section [ConsoleVariables] File [C:/Users/punna/Documents/GitHub/totemofearth/TotemsOfEarth/Saved/Config/Windows/Engine.ini]
[2021.12.15-18.08.16:055][  0]LogConfig: Applying CVar settings from Section [ConsoleVariables] File [C:/Users/punna/Documents/GitHub/totemofearth/TotemsOfEarth/Saved/Config/Windows/Editor.ini]
[2021.12.15-18.08.16:055][  0]LogInit: Computer: DESKTOP-8EPG0SH
[2021.12.15-18.08.16:055][  0]LogInit: User: punna
[2021.12.15-18.08.16:055][  0]LogInit: CPU Page size=4096, Cores=8
[2021.12.15-18.08.16:055][  0]LogInit: High frequency timer resolution =10.000000 MHz
[2021.12.15-18.08.16:055][  0]LogMemory: Memory total: Physical=15.9GB (16GB approx)
[2021.12.15-18.08.16:055][  0]LogMemory: Platform Memory Stats for Windows
[2021.12.15-18.08.16:055][  0]LogMemory: Process Physical Memory: 149.28 MB used, 149.29 MB peak
[2021.12.15-18.08.16:055][  0]LogMemory: Process Virtual Memory: 123.19 MB used, 123.19 MB peak
[2021.12.15-18.08.16:055][  0]LogMemory: Physical Memory: 8191.15 MB used,  8119.41 MB free, 16310.56 MB total
[2021.12.15-18.08.16:055][  0]LogMemory: Virtual Memory: 134210152.00 MB used,  7577.21 MB free, 134217728.00 MB total
[2021.12.15-18.08.16:061][  0]LogWindows: WindowsPlatformFeatures enabled
[2021.12.15-18.08.16:092][  0]LogInit: Physics initialised using underlying interface: PhysX
[2021.12.15-18.08.16:093][  0]LogInit: Using OS detected language (en-US).
[2021.12.15-18.08.16:093][  0]LogInit: Using OS detected locale (th-TH).
[2021.12.15-18.08.16:095][  0]LogTextLocalizationManager: No specific localization for 'en-US' exists, so the 'en' localization will be used.
[2021.12.15-18.08.16:255][  0]LogInit: Setting process to per monitor DPI aware
[2021.12.15-18.08.16:263][  0]LogWindowsTextInputMethodSystem: Display: IME system deactivated.
[2021.12.15-18.08.16:273][  0]LogSlate: New Slate User Created.  User Index 0, Is Virtual User: 0
[2021.12.15-18.08.16:274][  0]LogSlate: Slate User Registered.  User Index 0, Is Virtual User: 0
[2021.12.15-18.08.16:370][  0]LogD3D11RHI: Loaded GFSDK_Aftermath_Lib.x64.dll
[2021.12.15-18.08.16:372][  0]LogHMD: Failed to initialize OpenVR with code 110
[2021.12.15-18.08.16:372][  0]LogD3D11RHI: D3D11 min allowed feature level: 11_0
[2021.12.15-18.08.16:372][  0]LogD3D11RHI: D3D11 max allowed feature level: 11_0
[2021.12.15-18.08.16:372][  0]LogD3D11RHI: D3D11 adapters:
[2021.12.15-18.08.16:463][  0]LogD3D11RHI:    0. 'NVIDIA GeForce RTX 3060' (Feature Level 11_0)
[2021.12.15-18.08.16:463][  0]LogD3D11RHI:       12143/0/8155 MB DedicatedVideo/DedicatedSystem/SharedSystem, Outputs:1, VendorId:0x10de
[2021.12.15-18.08.16:465][  0]LogD3D11RHI:    1. 'Microsoft Basic Render Driver' (Feature Level 11_0)
[2021.12.15-18.08.16:465][  0]LogD3D11RHI:       0/0/8155 MB DedicatedVideo/DedicatedSystem/SharedSystem, Outputs:0, VendorId:0x1414
[2021.12.15-18.08.16:465][  0]LogD3D11RHI: Chosen D3D11 Adapter:
[2021.12.15-18.08.16:465][  0]LogD3D11RHI:     Description : NVIDIA GeForce RTX 3060
[2021.12.15-18.08.16:465][  0]LogD3D11RHI:     VendorId    : 10de
[2021.12.15-18.08.16:465][  0]LogD3D11RHI:     DeviceId    : 2504
[2021.12.15-18.08.16:465][  0]LogD3D11RHI:     SubSysId    : 153610de
[2021.12.15-18.08.16:465][  0]LogD3D11RHI:     Revision    : 00a1
[2021.12.15-18.08.16:465][  0]LogD3D11RHI:     DedicatedVideoMemory : 12732858368 bytes
[2021.12.15-18.08.16:465][  0]LogD3D11RHI:     DedicatedSystemMemory : 0 bytes
[2021.12.15-18.08.16:465][  0]LogD3D11RHI:     SharedSystemMemory : 8551430144 bytes
[2021.12.15-18.08.16:465][  0]LogD3D11RHI:     AdapterLuid : 0 39402
[2021.12.15-18.08.16:471][  0]LogD3D11RHI: Creating new Direct3DDevice
[2021.12.15-18.08.16:471][  0]LogD3D11RHI:     GPU DeviceId: 0x2504 (for the marketing name, search the web for "GPU Device Id")
[2021.12.15-18.08.16:472][  0]LogWindows: EnumDisplayDevices:
[2021.12.15-18.08.16:472][  0]LogWindows:    0. 'NVIDIA GeForce RTX 3060' (P:1 D:1)
[2021.12.15-18.08.16:472][  0]LogWindows:    1. 'NVIDIA GeForce RTX 3060' (P:0 D:0)
[2021.12.15-18.08.16:472][  0]LogWindows:    2. 'NVIDIA GeForce RTX 3060' (P:0 D:0)
[2021.12.15-18.08.16:472][  0]LogWindows:    3. 'NVIDIA GeForce RTX 3060' (P:0 D:0)
[2021.12.15-18.08.16:472][  0]LogWindows: DebugString: FoundDriverCount:4 
[2021.12.15-18.08.16:472][  0]LogD3D11RHI:     Adapter Name: NVIDIA GeForce RTX 3060
[2021.12.15-18.08.16:472][  0]LogD3D11RHI:   Driver Version: 497.09 (internal:30.0.14.9709, unified:497.09)
[2021.12.15-18.08.16:472][  0]LogD3D11RHI:      Driver Date: 11-26-2021
[2021.12.15-18.08.16:472][  0]LogRHI: Texture pool is 8500 MB (70% of 12143 MB)
[2021.12.15-18.08.16:472][  0]LogD3D11RHI: Creating D3DDevice using adapter:
[2021.12.15-18.08.16:472][  0]LogD3D11RHI:     Description : NVIDIA GeForce RTX 3060
[2021.12.15-18.08.16:472][  0]LogD3D11RHI:     VendorId    : 10de
[2021.12.15-18.08.16:472][  0]LogD3D11RHI:     DeviceId    : 2504
[2021.12.15-18.08.16:472][  0]LogD3D11RHI:     SubSysId    : 153610de
[2021.12.15-18.08.16:472][  0]LogD3D11RHI:     Revision    : 00a1
[2021.12.15-18.08.16:472][  0]LogD3D11RHI:     DedicatedVideoMemory : 12732858368 bytes
[2021.12.15-18.08.16:472][  0]LogD3D11RHI:     DedicatedSystemMemory : 0 bytes
[2021.12.15-18.08.16:473][  0]LogD3D11RHI:     SharedSystemMemory : 8551430144 bytes
[2021.12.15-18.08.16:473][  0]LogD3D11RHI:     AdapterLuid : 0 39402
[2021.12.15-18.08.16:529][  0]LogD3D11RHI: RHI has support for 64 bit atomics
[2021.12.15-18.08.16:529][  0]LogD3D11RHI: Async texture creation enabled
[2021.12.15-18.08.16:529][  0]LogD3D11RHI: Array index from any shader is supported
[2021.12.15-18.08.16:551][  0]LogD3D11RHI: GPU Timing Frequency: 1000.000000 (Debug: 2 1)
[2021.12.15-18.08.16:571][  0]LogRHI: GeForceNow SDK initialized: 1
[2021.12.15-18.08.16:795][  0]LogTargetPlatformManager: Display: Loaded TargetPlatform 'AllDesktop'
[2021.12.15-18.08.16:814][  0]LogTargetPlatformManager: Display: Loaded TargetPlatform 'Android'
[2021.12.15-18.08.16:814][  0]LogTargetPlatformManager: Display: Loaded TargetPlatform 'Android_ASTC'
[2021.12.15-18.08.16:814][  0]LogTargetPlatformManager: Display: Loaded TargetPlatform 'Android_DXT'
[2021.12.15-18.08.16:814][  0]LogTargetPlatformManager: Display: Loaded TargetPlatform 'Android_ETC2'
[2021.12.15-18.08.16:814][  0]LogTargetPlatformManager: Display: Loaded TargetPlatform 'AndroidClient'
[2021.12.15-18.08.16:814][  0]LogTargetPlatformManager: Display: Loaded TargetPlatform 'Android_ASTCClient'
[2021.12.15-18.08.16:814][  0]LogTargetPlatformManager: Display: Loaded TargetPlatform 'Android_DXTClient'
[2021.12.15-18.08.16:814][  0]LogTargetPlatformManager: Display: Loaded TargetPlatform 'Android_ETC2Client'
[2021.12.15-18.08.16:814][  0]LogTargetPlatformManager: Display: Loaded TargetPlatform 'Android_Multi'
[2021.12.15-18.08.16:814][  0]LogTargetPlatformManager: Display: Loaded TargetPlatform 'Android_MultiClient'
[2021.12.15-18.08.16:827][  0]LogTargetPlatformManager: Display: Loaded TargetPlatform 'IOSClient'
[2021.12.15-18.08.16:827][  0]LogTargetPlatformManager: Display: Loaded TargetPlatform 'IOS'
[2021.12.15-18.08.16:834][  0]LogTargetPlatformManager: Display: Loaded TargetPlatform 'Linux'
[2021.12.15-18.08.16:838][  0]LogTargetPlatformManager: Display: Loaded TargetPlatform 'LinuxNoEditor'
[2021.12.15-18.08.16:841][  0]LogTargetPlatformManager: Display: Loaded TargetPlatform 'LinuxClient'
[2021.12.15-18.08.16:844][  0]LogTargetPlatformManager: Display: Loaded TargetPlatform 'LinuxServer'
[2021.12.15-18.08.16:851][  0]LogTargetPlatformManager: Display: Loaded TargetPlatform 'LinuxAArch64NoEditor'
[2021.12.15-18.08.16:855][  0]LogTargetPlatformManager: Display: Loaded TargetPlatform 'LinuxAArch64Client'
[2021.12.15-18.08.16:858][  0]LogTargetPlatformManager: Display: Loaded TargetPlatform 'LinuxAArch64Server'
[2021.12.15-18.08.16:878][  0]LogTargetPlatformManager: Display: Loaded TargetPlatform 'Lumin'
[2021.12.15-18.08.16:878][  0]LogTargetPlatformManager: Display: Loaded TargetPlatform 'LuminClient'
[2021.12.15-18.08.16:885][  0]LogTargetPlatformManager: Display: Loaded TargetPlatform 'MacNoEditor'
[2021.12.15-18.08.16:889][  0]LogTargetPlatformManager: Display: Loaded TargetPlatform 'Mac'
[2021.12.15-18.08.16:892][  0]LogTargetPlatformManager: Display: Loaded TargetPlatform 'MacClient'
[2021.12.15-18.08.16:895][  0]LogTargetPlatformManager: Display: Loaded TargetPlatform 'MacServer'
[2021.12.15-18.08.16:903][  0]LogTargetPlatformManager: Display: Loaded TargetPlatform 'TVOSClient'
[2021.12.15-18.08.16:903][  0]LogTargetPlatformManager: Display: Loaded TargetPlatform 'TVOS'
[2021.12.15-18.08.16:910][  0]LogTargetPlatformManager: Display: Loaded TargetPlatform 'WindowsNoEditor'
[2021.12.15-18.08.16:913][  0]LogTargetPlatformManager: Display: Loaded TargetPlatform 'Windows'
[2021.12.15-18.08.16:916][  0]LogTargetPlatformManager: Display: Loaded TargetPlatform 'WindowsClient'
[2021.12.15-18.08.16:919][  0]LogTargetPlatformManager: Display: Loaded TargetPlatform 'WindowsServer'
[2021.12.15-18.08.16:919][  0]LogTargetPlatformManager: Display: Building Assets For Windows
[2021.12.15-18.08.16:924][  0]LogAudioDebug: Display: Lib vorbis DLL was dynamically loaded.
[2021.12.15-18.08.16:943][  0]LogTextureFormatOodle: Display: Oodle Texture 2.9.0 init RDO Off
[2021.12.15-18.08.16:966][  0]LogRendererCore: Ray tracing is disabled. Reason: r.RayTracing=0.
[2021.12.15-18.08.16:966][  0]LogShaderCompilers: Guid format shader working directory is -12 characters bigger than the processId version (C:/Users/punna/Documents/GitHub/totemofearth/TotemsOfEarth/Intermediate/Shaders/WorkingDirectory/8504/).
[2021.12.15-18.08.16:966][  0]LogShaderCompilers: Cleaned the shader compiler working directory 'C:/Users/punna/AppData/Local/Temp/UnrealShaderWorkingDir/3BE676974A8FD458D1FAF9AC9B6CAD93/'.
[2021.12.15-18.08.16:966][  0]LogXGEController: Cannot use XGE Controller as Incredibuild is not installed on this machine.
[2021.12.15-18.08.16:966][  0]LogShaderCompilers: Cannot use XGE Shader Compiler as Incredibuild is not installed on this machine.
[2021.12.15-18.08.16:966][  0]LogShaderCompilers: Display: Using Local Shader Compiler.
[2021.12.15-18.08.17:580][  0]LogDerivedDataCache: Display: Max Cache Size: 512 MB
[2021.12.15-18.08.17:631][  0]LogDerivedDataCache: Loaded boot cache 0.05s 94MB C:/Users/punna/AppData/Local/UnrealEngine/4.27/DerivedDataCache/Boot.ddc.
[2021.12.15-18.08.17:631][  0]LogDerivedDataCache: Display: Loaded Boot cache: C:/Users/punna/AppData/Local/UnrealEngine/4.27/DerivedDataCache/Boot.ddc
[2021.12.15-18.08.17:632][  0]LogDerivedDataCache: FDerivedDataBackendGraph:  Pak pak cache file C:/Users/punna/Documents/GitHub/totemofearth/TotemsOfEarth/DerivedDataCache/DDC.ddp not found, will not use a pak cache.
[2021.12.15-18.08.17:632][  0]LogDerivedDataCache: Unable to find inner node Pak for hierarchical cache Hierarchy.
[2021.12.15-18.08.17:632][  0]LogDerivedDataCache: FDerivedDataBackendGraph:  CompressedPak pak cache file C:/Users/punna/Documents/GitHub/totemofearth/TotemsOfEarth/DerivedDataCache/Compressed.ddp not found, will not use a pak cache.
[2021.12.15-18.08.17:632][  0]LogDerivedDataCache: Unable to find inner node CompressedPak for hierarchical cache Hierarchy.
[2021.12.15-18.08.17:647][  0]LogDerivedDataCache: Display: Pak cache opened for reading ../../../Engine/DerivedDataCache/Compressed.ddp.
[2021.12.15-18.08.17:647][  0]LogDerivedDataCache: FDerivedDataBackendGraph:  EnterprisePak pak cache file ../../../Enterprise/DerivedDataCache/Compressed.ddp not found, will not use a pak cache.
[2021.12.15-18.08.17:647][  0]LogDerivedDataCache: Unable to find inner node EnterprisePak for hierarchical cache Hierarchy.
[2021.12.15-18.08.17:653][  0]LogDerivedDataCache: Speed tests for C:/Users/punna/AppData/Local/UnrealEngine/Common/DerivedDataCache took 0.01 seconds
[2021.12.15-18.08.17:653][  0]LogDerivedDataCache: Display: Performance to C:/Users/punna/AppData/Local/UnrealEngine/Common/DerivedDataCache: Latency=0.03ms. RandomReadSpeed=1866.84MBs, RandomWriteSpeed=184.71MBs. Assigned SpeedClass 'Local'
[2021.12.15-18.08.17:654][  0]LogDerivedDataCache: Using Local data cache path C:/Users/punna/AppData/Local/UnrealEngine/Common/DerivedDataCache: Writable
[2021.12.15-18.08.17:654][  0]LogDerivedDataCache: Shared data cache path not found in *engine.ini, will not use an Shared cache.
[2021.12.15-18.08.17:654][  0]LogDerivedDataCache: Unable to find inner node Shared for hierarchical cache Hierarchy.
[2021.12.15-18.08.17:696][  0]LogSlate: Using FreeType 2.10.0
[2021.12.15-18.08.17:696][  0]LogSlate: SlateFontServices - WITH_FREETYPE: 1, WITH_HARFBUZZ: 1
[2021.12.15-18.08.17:716][  0]LogAssetRegistry: FAssetRegistry took 0.0025 seconds to start up
[2021.12.15-18.08.17:923][  0]LogInit: Selected Device Profile: [Windows]
[2021.12.15-18.08.17:923][  0]LogInit: Active device profile: [0000018A5F93CB00][0000018A5F0B7600 49] Windows
[2021.12.15-18.08.17:923][  0]LogInit: Profiles: [0000018A5F93CB00][0000018A5F0B7600 49] Windows, [0000018A5F8F6200][0000018A5F0BF780 49] WindowsNoEditor, [0000018A5F93D900][0000018A5F0C3900 49] WindowsServer, [0000018A5F8F6F00][0000018A5F0C7A80 49] WindowsClient, [0000018A5F93FC00][0000018A5F0CBC00 49] IOS, [0000018A5F8F4F00][0000018A5F0CE200 49] iPadAir, [0000018A5F93FE00][0000018A5F0D2380 49] iPadAir2, [0000018A5F898D00][0000018A5F0DA640 49] IPadPro, [0000018A5F898E00][0000018A5F0D6680 49] iPadAir3, [0000018A5F8F7C00][0000018A5F0BA7C0 49] iPadAir4, [0000018A5F89B700][0000018A55EA0900 49] iPadMini2, [0000018A5F8F7200][0000018A55EA4A40 49] iPadMini3, [0000018A5F89B900][0000018A55EA8B80 49] iPadMini4, [0000018A5F8F7600][0000018A55EB0D00 49] iPadMini5, [0000018A5F8A0600][0000018A55EB8FC0 49] iPhone6, [0000018A5F8A0700][0000018A55EB5000 49] iPodTouch6, [0000018A5F93E600][0000018A55EC12C0 49] iPhone7, [0000018A5F93E800][0000018A55EBD300 49] iPodTouch7, [0000018A5F8A0100][0000018A55EC5480 49] iPhone5S, [0000018A5F898700][0000018A55EC9600 49] iPhone6Plus, [0000018A5F8A2500][0000018A55ECD780 49] iPhone6S, [0000018A5F899400][0000018A55ED1900 49] iPhone6SPlus, [0000018A5F8A3B00][0000018A55ED5A80 49] iPhone7Plus, [0000018A5F89B600][0000018A55ED9C00 49] iPhoneSE, [0000018A5F93EC00][0000018A55EDC200 49] iPhone8, [0000018A5F898600][0000018A55EE0380 49] iPhone8Plus, [0000018A5F93E100][0000018A55EE4500 49] iPhoneX, [0000018A5F89A900][0000018A55EE8680 49] iPhoneXS, [0000018A5F93FD00][0000018A55EEC800 49] iPhoneXSMax, [0000018A5F89AE00][0000018A55EAC940 49] iPhoneXR, [0000018A5F93FF00][0000018A55EF0A80 49] iPhone11, [0000018A5F899F00][0000018A55EF4BC0 49] iPhone11Pro, [0000018A5F93C600][0000018A55EF8D00 49] iPhone11ProMax, [0000018A5F89A000][0000018A55F00E80 49] iPhoneSE2, [0000018A5F93FA00][0000018A55F05000 49] iPhone12Mini, [0000018A5F89A700][0000018A55F09180 49] iPhone12, [0000018A5F93EA00][0000018A55F0D300 49] iPhone12Pro, [0000018A5F898500][0000018A55F11480 49] iPhone12ProMax, [0000018A5F93F900][0000018A55F15600 49] iPadPro105, [0000018A5F899800][0000018A55F19780 49] iPadPro129, [0000018A5F93CC00][0000018A5CB11900 49] iPadPro97, [0000018A5F89A400][0000018A5CB15A80 49] iPadPro2_129, [0000018A5F93C800][0000018A5CB19C00 49] iPad5, [0000018A5F898400][0000018A5CB1C200 49] iPad6, [0000018A5F93DB00][0000018A5CB20380 49] iPad7, [0000018A5F89B500][0000018A5CB24500 49] iPad8, [0000018A5F93DF00][0000018A5CB28680 49] iPadPro11, [0000018A5F899A00][0000018A5CB2C800 49] iPadPro2_11, [0000018A5F93E500][0000018A5CB30980 49] iPadPro3_129, [0000018A5F89A200][0000018A5CB34B00 49] iPadPro4_129, [0000018A5F93D600][0000018A55EFCC40 49] AppleTV, [0000018A5F89BD00][0000018A5CB38D80 49] AppleTV4K, [0000018A5F93DA00][0000018A5CB3CEC0 49] TVOS, [0000018A5F898A00][0000018A5CB45040 49] Mac, [0000018A5F93E400][0000018A5CB491C0 49] MacClient, [0000018A5F89AC00][0000018A5CB4D340 49] MacNoEditor, [0000018A5F93F500][0000018A5CB514C0 49] MacServer, [0000018A5F89A300][0000018A5CB55640 49] Linux, [0000018A5F93C300][0000018A5CB597C0 49] LinuxAArch64, [0000018A5F89A100][0000018A5CB5D940 49] LinuxNoEditor, [0000018A5F93E300][0000018A5CB61AC0 49] LinuxAArch64NoEditor, [0000018A5F89BC00][0000018A5CB640C0 49] LinuxClient, [0000018A5F93CF00][0000018A5CB68240 49] LinuxAArch64Client, [0000018A5F899200][0000018A5CB6C3C0 49] LinuxServer, [0000018A5F93F000][0000018A5CB70540 49] LinuxAArch64Server, [0000018A5F899600][0000018A5CB746C0 49] Android, [0000018A5F93D200][0000018A5CB78840 49] Android_Low, [0000018A5F89BE00][0000018A5CB7C9C0 49] Android_Mid, [0000018A5F93C100][0000018A5CB80B40 49] Android_High, [0000018A5F89AA00][0000018A5CB84CC0 49] Android_Default, [0000018A5F93D300][0000018A5CB40E00 49] Android_Adreno4xx, [0000018A5F8F6400][0000018A5CB88F40 49] Android_Adreno5xx_Low, [0000018A5F8A1C00][0000018A5CB8D080 49] Android_Adreno5xx, [0000018A5F8F7F00][0000018A5CB911C0 49] Android_Adreno6xx, [0000018A5F8A2700][0000018A5CB99340 49] Android_Adreno6xx_Vulkan, [0000018A5F8F7700][0000018A5CB9D4C0 49] Android_Mali_T6xx, [0000018A5F8A0F00][0000018A5CBA1640 49] Android_Mali_T7xx, [0000018A5F8F5C00][0000018A5CBA57C0 49] Android_Mali_T8xx, [0000018A5F8A1F00][0000018A5CBA9940 49] Android_Mali_G71, [0000018A5F8F6D00][0000018A5CBADAC0 49] Android_Mali_G72, [0000018A5F8A2F00][0000018A5CBB00C0 49] Android_Mali_G72_Vulkan, [0000018A5F8F6600][0000018A5CBB4240 49] Android_Mali_G76, [0000018A5F8A2200][0000018A5CBB83C0 49] Android_Mali_G76_Vulkan, [0000018A5F8F4E00][0000018A5CBBC540 49] Android_Mali_G77, [0000018A5F8A1400][0000018A604106C0 49] Android_Mali_G77_Vulkan, [0000018A5F8F7800][0000018A60414840 49] Android_Mali_G78, [0000018A5F8A1300][0000018A604189C0 49] Android_Mali_G78_Vulkan, [0000018A5F8F5600][0000018A6041CB40 49] Android_Mali_G710, [0000018A5F8A3D00][0000018A60420CC0 49] Android_Mali_G710_Vulkan, [0000018A5F8F4700][0000018A60424E40 49] Android_Vulkan_SM5, [0000018A5F8A1B00][0000018A5CB94F80 49] Android_PowerVR_G6xxx, [0000018A5F8F4A00][0000018A604290C0 49] Android_PowerVR_GT7xxx, [0000018A5F8A0200][0000018A6042D200 49] Android_PowerVR_GE8xxx, [0000018A5F8F7900][0000018A60431340 49] Android_PowerVR_GM9xxx, [0000018A5F8A0A00][0000018A604394C0 49] Android_PowerVR_GM9xxx_Vulkan, [0000018A5F8F5000][0000018A6043D640 49] Android_TegraK1, [0000018A5F8A1700][0000018A604417C0 49] Android_Unknown_Vulkan, [0000018A5F8F5900][0000018A60445940 49] Lumin, [0000018A5F8A3C00][0000018A60449AC0 49] Lumin_Desktop, [0000018A5F8F5700][0000018A6044C0C0 49] HoloLens, 
[2021.12.15-18.08.18:024][  0]LogMeshReduction: Using QuadricMeshReduction for automatic static mesh reduction
[2021.12.15-18.08.18:024][  0]LogMeshReduction: Using SimplygonMeshReduction for automatic skeletal mesh reduction
[2021.12.15-18.08.18:024][  0]LogMeshReduction: Using ProxyLODMeshReduction for automatic mesh merging
[2021.12.15-18.08.18:024][  0]LogMeshReduction: No distributed automatic mesh merging module available
[2021.12.15-18.08.18:024][  0]LogMeshMerging: No distributed automatic mesh merging module available
[2021.12.15-18.08.18:036][  0]LogNetVersion: TotemsOfEarth 1.0.0, NetCL: 17155196, EngineNetVer: 17, GameNetVer: 0 (Checksum: 2481923679)
[2021.12.15-18.08.18:359][  0]LogTexture: Default maximum texture size for cubemaps generated from long-lat sources has been changed from 512 to unlimited. In order to preserve old behaiour for '/Engine/MapTemplates/Sky/DaylightAmbientCubemap.DaylightAmbientCubemap', its maximum texture size has been explicitly set to 512.
[2021.12.15-18.08.18:412][  0]LogHMD: PokeAHoleMaterial loaded successfully
[2021.12.15-18.08.18:417][  0]LogUObjectArray: 17178 objects as part of root set at end of initial load.
[2021.12.15-18.08.18:417][  0]LogUObjectAllocator: 4301856 out of 0 bytes used by permanent object pool.
[2021.12.15-18.08.18:417][  0]LogUObjectArray: CloseDisregardForGC: 0/0 objects in disregard for GC pool
[2021.12.15-18.08.18:582][  0]LogNiagaraDebuggerClient: Niagara Debugger Client Initialized | Session: B1B51B794BA7CBA01E0217B6BC3DD548 | Instance: AF5D2B6C4B4ED5739FFEE29A229B9065 (DESKTOP-8EPG0SH-8504).
[2021.12.15-18.08.18:688][  0]LogImageWrapper: Warning: PNG Warning: Duplicate iCCP chunk
[2021.12.15-18.08.18:688][  0]LogImageWrapper: Warning: PNG Warning: Duplicate iCCP chunk
[2021.12.15-18.08.18:688][  0]LogPython: Using Python 3.7.7
[2021.12.15-18.08.19:189][  0]LogTcpMessaging: Initializing TcpMessaging bridge
[2021.12.15-18.08.19:193][  0]LogUdpMessaging: Initializing bridge on interface 0.0.0.0:0 to multicast group 230.0.0.1:6666.
[2021.12.15-18.08.19:314][  0]SourceControl: Source control is disabled
[2021.12.15-18.08.19:315][  0]SourceControl: Source control is disabled
[2021.12.15-18.08.19:316][  0]SourceControl: Source control is disabled
[2021.12.15-18.08.19:320][  0]SourceControl: Source control is disabled
[2021.12.15-18.08.19:324][  0]SourceControl: Source control is disabled
[2021.12.15-18.08.19:393][  0]LogUProjectInfo: Found projects:
[2021.12.15-18.08.19:467][  0]LogOpenImageDenoise: OIDN starting up
[2021.12.15-18.08.19:500][  0]LogAndroidPermission: UAndroidPermissionCallbackProxy::GetInstance
[2021.12.15-18.08.19:513][  0]LogAudioCaptureCore: Display: No Audio Capture implementations found. Audio input will be silent.
[2021.12.15-18.08.19:513][  0]LogAudioCaptureCore: Display: No Audio Capture implementations found. Audio input will be silent.
[2021.12.15-18.08.19:610][  0]LogCollectionManager: Loaded 0 collections in 0.000663 seconds
[2021.12.15-18.08.19:630][  0]LogFileCache: Scanning file cache for directory 'C:/Users/punna/Documents/GitHub/totemofearth/TotemsOfEarth/Saved/Collections/' took 0.00s
[2021.12.15-18.08.19:630][  0]LogFileCache: Scanning file cache for directory 'C:/Users/punna/Documents/GitHub/totemofearth/TotemsOfEarth/Content/Developers/punna/Collections/' took 0.00s
[2021.12.15-18.08.19:630][  0]LogFileCache: Scanning file cache for directory 'C:/Users/punna/Documents/GitHub/totemofearth/TotemsOfEarth/Content/Collections/' took 0.00s
[2021.12.15-18.08.19:630][  0]LogOcInput: OculusInput pre-init called
[2021.12.15-18.08.19:821][  0]LogImageWrapper: Warning: PNG Warning: Duplicate iCCP chunk
[2021.12.15-18.08.19:821][  0]LogImageWrapper: Warning: PNG Warning: Duplicate iCCP chunk
[2021.12.15-18.08.19:821][  0]LogEngine: Initializing Engine...
[2021.12.15-18.08.19:824][  0]LogHMD: Failed to enumerate extensions. Please check that you have a valid OpenXR runtime installed.
[2021.12.15-18.08.19:824][  0]LogHMD: Failed to initialize OpenVR with code 110
[2021.12.15-18.08.19:824][  0]LogMagicLeap: Warning: VR disabled because ZI is not enabled.  To enable, in the editor, Edit -> Project Settings -> Plugins -> Magic Leap Plugin -> Enable Zero Iteration
[2021.12.15-18.08.19:825][  0]LogStats: UGameplayTagsManager::InitializeManager -  0.000 s
[2021.12.15-18.08.19:930][  0]LogInit: Initializing FReadOnlyCVARCache
[2021.12.15-18.08.19:936][  0]LogAIModule: Creating AISystem for world Untitled
[2021.12.15-18.08.19:936][  0]LogAudio: Display: Initializing Audio Device Manager...
[2021.12.15-18.08.19:939][  0]LogAudio: Display: Loading Default Audio Settings Objects...
[2021.12.15-18.08.19:939][  0]LogAudio: Display: No default SoundConcurrencyObject specified (or failed to load).
[2021.12.15-18.08.19:939][  0]LogAudio: Display: Audio Device Manager Initialized
[2021.12.15-18.08.19:939][  0]LogAudio: Display: Creating Audio Device:                 Id: 1, Scope: Shared, Realtime: True
[2021.12.15-18.08.19:939][  0]LogAudioMixer: Display: Audio Mixer Platform Settings:
[2021.12.15-18.08.19:939][  0]LogAudioMixer: Display: 	Sample Rate:						  48000
[2021.12.15-18.08.19:939][  0]LogAudioMixer: Display: 	Callback Buffer Frame Size Requested: 1024
[2021.12.15-18.08.19:939][  0]LogAudioMixer: Display: 	Callback Buffer Frame Size To Use:	  1024
[2021.12.15-18.08.19:939][  0]LogAudioMixer: Display: 	Number of buffers to queue:			  2
[2021.12.15-18.08.19:939][  0]LogAudioMixer: Display: 	Max Channels (voices):				  32
[2021.12.15-18.08.19:939][  0]LogAudioMixer: Display: 	Number of Async Source Workers:		  0
[2021.12.15-18.08.19:939][  0]LogAudio: Display: AudioDevice MaxSources: 32
[2021.12.15-18.08.19:940][  0]LogAudio: Display: Audio Spatialization Plugin: None (built-in).
[2021.12.15-18.08.19:940][  0]LogAudio: Display: Audio Reverb Plugin: None (built-in).
[2021.12.15-18.08.19:940][  0]LogAudio: Display: Audio Occlusion Plugin: None (built-in).
[2021.12.15-18.08.19:940][  0]LogAudioMixer: Display: Initializing audio mixer.
[2021.12.15-18.08.19:947][  0]LogAudioMixer: Display: 0: FrontLeft
[2021.12.15-18.08.19:947][  0]LogAudioMixer: Display: 1: FrontRight
[2021.12.15-18.08.19:960][  0]LogAudioMixer: Display: Using Audio Device Speakers (High Definition Audio Device)
[2021.12.15-18.08.19:966][  0]LogAudioMixer: Display: Initializing Sound Submixes...
[2021.12.15-18.08.19:967][  0]LogAudioMixer: Display: Creating Master Submix 'MasterSubmixDefault'
[2021.12.15-18.08.19:967][  0]LogAudioMixer: Display: Creating Master Submix 'MasterReverbSubmixDefault'
[2021.12.15-18.08.19:968][  0]LogAudioMixer: Display: Creating Master Submix 'MasterEQSubmixDefault'
[2021.12.15-18.08.19:968][  0]LogAudioMixer: FMixerPlatformXAudio2::StartAudioStream() called
[2021.12.15-18.08.19:968][  0]LogAudioMixer: Display: Output buffers initialized: Frames=1024, Channels=2, Samples=2048
[2021.12.15-18.08.19:969][  0]LogAudioMixer: Display: Starting AudioMixerPlatformInterface::RunInternal()
[2021.12.15-18.08.19:969][  0]LogAudioMixer: Display: FMixerPlatformXAudio2::SubmitBuffer() called for the first time
[2021.12.15-18.08.19:969][  0]LogInit: FAudioDevice initialized.
[2021.12.15-18.08.19:969][  0]LogAudio: Display: Audio Device (ID: 1) registered with world 'Untitled'.
[2021.12.15-18.08.19:969][  0]LogNetVersion: Set ProjectVersion to 1.0.0.0. Version Checksum will be recalculated on next use.
[2021.12.15-18.08.20:022][  0]LogDerivedDataCache: Saved boot cache 0.05s 94MB C:/Users/punna/AppData/Local/UnrealEngine/4.27/DerivedDataCache/Boot.ddc.
[2021.12.15-18.08.20:023][  0]LogInit: Texture streaming: Enabled
[2021.12.15-18.08.20:032][  0]LogAnalytics: Display: [UEEditor.Rocket.Release] APIServer = https://datarouter.ol.epicgames.com/. AppVersion = 4.27.1-17735300+++UE4+Release-4.27
[2021.12.15-18.08.20:034][  0]LogEngineSessionManager: EngineSessionManager initialized
[2021.12.15-18.08.20:034][  0]LogEditorSessionSummary: Verbose: Initializing EditorSessionSummaryWriter for editor session tracking
[2021.12.15-18.08.20:035][  0]LogEditorSessionSummary: EditorSessionSummaryWriter initialized
[2021.12.15-18.08.20:058][  0]LogInit: Transaction tracking system initialized
[2021.12.15-18.08.20:073][  0]BlueprintLog: New page: Editor Load
[2021.12.15-18.08.20:116][  0]LocalizationService: Localization service is disabled
[2021.12.15-18.08.20:133][  0]TimingProfiler: Initialize
[2021.12.15-18.08.20:133][  0]TimingProfiler: OnSessionChanged
[2021.12.15-18.08.20:133][  0]LoadingProfiler: Initialize
[2021.12.15-18.08.20:133][  0]LoadingProfiler: OnSessionChanged
[2021.12.15-18.08.20:133][  0]NetworkingProfiler: Initialize
[2021.12.15-18.08.20:133][  0]NetworkingProfiler: OnSessionChanged
[2021.12.15-18.08.20:133][  0]MemoryProfiler: Initialize
[2021.12.15-18.08.20:133][  0]MemoryProfiler: OnSessionChanged
[2021.12.15-18.08.20:238][  0]LogCook: Display: CookSettings for Memory: MemoryMaxUsedVirtual 0MiB, MemoryMaxUsedPhysical 16384MiB, MemoryMinFreeVirtual 0MiB, MemoryMinFreePhysical 1024MiB
[2021.12.15-18.08.20:238][  0]LogCook: Display: Mobile HDR setting 0
[2021.12.15-18.08.20:245][  0]LogFileCache: Scanning file cache for directory 'C:/Users/punna/Documents/GitHub/totemofearth/TotemsOfEarth/Content/' took 0.00s
[2021.12.15-18.08.20:245][  0]LogLinker: Warning: Failed to load '/Engine/BasicShapes/Plane': Can't find file.
[2021.12.15-18.08.20:245][  0]LogLinker: Warning: Failed to load '/Engine/BasicShapes/Plane': Can't find file.
[2021.12.15-18.08.20:245][  0]LogUObjectGlobals: Warning: Failed to find object 'StaticMesh /Engine/BasicShapes/Plane.Plane'
[2021.12.15-18.08.20:503][  0]LogImageWrapper: Warning: PNG Warning: Duplicate iCCP chunk
[2021.12.15-18.08.20:503][  0]LogImageWrapper: Warning: PNG Warning: Duplicate iCCP chunk
[2021.12.15-18.08.20:503][  0]LogInit: Display: Engine is initialized. Leaving FEngineLoop::Init()
[2021.12.15-18.08.20:505][  0]SourceControl: Source control is disabled
[2021.12.15-18.08.20:505][  0]LogUnrealEdMisc: Loading editor; pre map load, took 5.276
[2021.12.15-18.08.20:505][  0]Cmd: MAP LOAD FILE="C:/Users/punna/Documents/GitHub/totemofearth/TotemsOfEarth/Content/2DSideScrollerBP/Maps/2DSideScrollerExampleMap.umap" TEMPLATE=0 SHOWPROGRESS=1 FEATURELEVEL=3
[2021.12.15-18.08.20:505][  0]LogEditorServer: Warning: Can't find file 'C:/Users/punna/Documents/GitHub/totemofearth/TotemsOfEarth/Content/2DSideScrollerBP/Maps/2DSideScrollerExampleMap.umap'
[2021.12.15-18.08.20:505][  0]Cmd: MAP CHECKDEP NOCLEARLOG
[2021.12.15-18.08.20:506][  0]MapCheck: Map check complete: 0 Error(s), 0 Warning(s), took 0.124ms to complete.
[2021.12.15-18.08.20:506][  0]LogFileHelpers: Loading map '2DSideScrollerExampleMap' took 0.000
[2021.12.15-18.08.20:507][  0]LogUnrealEdMisc: Total Editor Startup Time, took 5.278
[2021.12.15-18.08.20:629][  0]LogSlate: Updating window title bar state: overlay mode, drag disabled, window buttons hidden, title bar hidden
[2021.12.15-18.08.20:635][  0]LogSlate: Updating window title bar state: overlay mode, drag disabled, window buttons hidden, title bar hidden
[2021.12.15-18.08.20:640][  0]LogSlate: Updating window title bar state: overlay mode, drag disabled, window buttons hidden, title bar hidden
[2021.12.15-18.08.20:646][  0]LogSlate: Updating window title bar state: overlay mode, drag disabled, window buttons hidden, title bar hidden
[2021.12.15-18.08.20:658][  0]LogNativeClassHierarchy: Verbose: Native class hierarchy populated in 0.0094 seconds. Added 3822 classes and 928 folders.
[2021.12.15-18.08.20:660][  0]LogNativeClassHierarchy: Verbose: Native class hierarchy updated for 'WidgetCarousel' in 0.0003 seconds. Added 0 classes and 0 folders.
[2021.12.15-18.08.20:661][  0]LogPakFile: PakFile PrimaryIndexSize=187
[2021.12.15-18.08.20:661][  0]LogPakFile: PakFile PathHashIndexSize=101
[2021.12.15-18.08.20:661][  0]LogPakFile: PakFile FullDirectoryIndexSize=148
[2021.12.15-18.08.20:661][  0]LogShaderLibrary: Display: ShaderCodeLibraryPakFileMountedCallback: PakFile 'E:/Epic Game/Games/UE_4.27/FeaturePacks/FP_FirstPerson.upack' (chunk index -1, root 'root:/') mounted
[2021.12.15-18.08.20:661][  0]LogShaderLibrary: Display: ShaderCodeLibraryPakFileMountedCallback: pending pak file info (ChunkID:-1 Root:root:/ File:E:/Epic Game/Games/UE_4.27/FeaturePacks/FP_FirstPerson.upack)
[2021.12.15-18.08.20:661][  0]LogPakFile: OnPakFileMounted2Time == 0.000048
[2021.12.15-18.08.20:661][  0]LogPakFile: PakFile PrimaryIndexSize=189
[2021.12.15-18.08.20:661][  0]LogPakFile: PakFile PathHashIndexSize=101
[2021.12.15-18.08.20:661][  0]LogPakFile: PakFile FullDirectoryIndexSize=152
[2021.12.15-18.08.20:661][  0]LogShaderLibrary: Display: ShaderCodeLibraryPakFileMountedCallback: PakFile 'E:/Epic Game/Games/UE_4.27/FeaturePacks/FP_FirstPersonBP.upack' (chunk index -1, root 'root:/') mounted
[2021.12.15-18.08.20:661][  0]LogShaderLibrary: Display: ShaderCodeLibraryPakFileMountedCallback: pending pak file info (ChunkID:-1 Root:root:/ File:E:/Epic Game/Games/UE_4.27/FeaturePacks/FP_FirstPersonBP.upack)
[2021.12.15-18.08.20:661][  0]LogPakFile: OnPakFileMounted2Time == 0.000031
[2021.12.15-18.08.20:662][  0]LogPakFile: PakFile PrimaryIndexSize=191
[2021.12.15-18.08.20:662][  0]LogPakFile: PakFile PathHashIndexSize=101
[2021.12.15-18.08.20:662][  0]LogPakFile: PakFile FullDirectoryIndexSize=160
[2021.12.15-18.08.20:662][  0]LogShaderLibrary: Display: ShaderCodeLibraryPakFileMountedCallback: PakFile 'E:/Epic Game/Games/UE_4.27/FeaturePacks/MobileStarterContent.upack' (chunk index -1, root 'root:/') mounted
[2021.12.15-18.08.20:662][  0]LogShaderLibrary: Display: ShaderCodeLibraryPakFileMountedCallback: pending pak file info (ChunkID:-1 Root:root:/ File:E:/Epic Game/Games/UE_4.27/FeaturePacks/MobileStarterContent.upack)
[2021.12.15-18.08.20:662][  0]LogPakFile: OnPakFileMounted2Time == 0.000028
[2021.12.15-18.08.20:662][  0]LogPakFile: PakFile PrimaryIndexSize=185
[2021.12.15-18.08.20:662][  0]LogPakFile: PakFile PathHashIndexSize=101
[2021.12.15-18.08.20:662][  0]LogPakFile: PakFile FullDirectoryIndexSize=148
[2021.12.15-18.08.20:662][  0]LogShaderLibrary: Display: ShaderCodeLibraryPakFileMountedCallback: PakFile 'E:/Epic Game/Games/UE_4.27/FeaturePacks/StarterContent.upack' (chunk index -1, root 'root:/') mounted
[2021.12.15-18.08.20:662][  0]LogShaderLibrary: Display: ShaderCodeLibraryPakFileMountedCallback: pending pak file info (ChunkID:-1 Root:root:/ File:E:/Epic Game/Games/UE_4.27/FeaturePacks/StarterContent.upack)
[2021.12.15-18.08.20:662][  0]LogPakFile: OnPakFileMounted2Time == 0.000029
[2021.12.15-18.08.20:663][  0]LogPakFile: PakFile PrimaryIndexSize=190
[2021.12.15-18.08.20:663][  0]LogPakFile: PakFile PathHashIndexSize=101
[2021.12.15-18.08.20:663][  0]LogPakFile: PakFile FullDirectoryIndexSize=154
[2021.12.15-18.08.20:663][  0]LogShaderLibrary: Display: ShaderCodeLibraryPakFileMountedCallback: PakFile 'E:/Epic Game/Games/UE_4.27/FeaturePacks/TP_2DSideScroller.upack' (chunk index -1, root 'root:/') mounted
[2021.12.15-18.08.20:663][  0]LogShaderLibrary: Display: ShaderCodeLibraryPakFileMountedCallback: pending pak file info (ChunkID:-1 Root:root:/ File:E:/Epic Game/Games/UE_4.27/FeaturePacks/TP_2DSideScroller.upack)
[2021.12.15-18.08.20:663][  0]LogPakFile: OnPakFileMounted2Time == 0.000028
[2021.12.15-18.08.20:663][  0]LogPakFile: PakFile PrimaryIndexSize=192
[2021.12.15-18.08.20:663][  0]LogPakFile: PakFile PathHashIndexSize=101
[2021.12.15-18.08.20:663][  0]LogPakFile: PakFile FullDirectoryIndexSize=158
[2021.12.15-18.08.20:663][  0]LogShaderLibrary: Display: ShaderCodeLibraryPakFileMountedCallback: PakFile 'E:/Epic Game/Games/UE_4.27/FeaturePacks/TP_2DSideScrollerBP.upack' (chunk index -1, root 'root:/') mounted
[2021.12.15-18.08.20:663][  0]LogShaderLibrary: Display: ShaderCodeLibraryPakFileMountedCallback: pending pak file info (ChunkID:-1 Root:root:/ File:E:/Epic Game/Games/UE_4.27/FeaturePacks/TP_2DSideScrollerBP.upack)
[2021.12.15-18.08.20:663][  0]LogPakFile: OnPakFileMounted2Time == 0.000027
[2021.12.15-18.08.20:663][  0]LogPakFile: PakFile PrimaryIndexSize=182
[2021.12.15-18.08.20:663][  0]LogPakFile: PakFile PathHashIndexSize=101
[2021.12.15-18.08.20:663][  0]LogPakFile: PakFile FullDirectoryIndexSize=138
[2021.12.15-18.08.20:663][  0]LogShaderLibrary: Display: ShaderCodeLibraryPakFileMountedCallback: PakFile 'E:/Epic Game/Games/UE_4.27/FeaturePacks/TP_Flying.upack' (chunk index -1, root 'root:/') mounted
[2021.12.15-18.08.20:663][  0]LogShaderLibrary: Display: ShaderCodeLibraryPakFileMountedCallback: pending pak file info (ChunkID:-1 Root:root:/ File:E:/Epic Game/Games/UE_4.27/FeaturePacks/TP_Flying.upack)
[2021.12.15-18.08.20:663][  0]LogPakFile: OnPakFileMounted2Time == 0.000027
[2021.12.15-18.08.20:664][  0]LogPakFile: PakFile PrimaryIndexSize=184
[2021.12.15-18.08.20:664][  0]LogPakFile: PakFile PathHashIndexSize=101
[2021.12.15-18.08.20:664][  0]LogPakFile: PakFile FullDirectoryIndexSize=142
[2021.12.15-18.08.20:664][  0]LogShaderLibrary: Display: ShaderCodeLibraryPakFileMountedCallback: PakFile 'E:/Epic Game/Games/UE_4.27/FeaturePacks/TP_FlyingBP.upack' (chunk index -1, root 'root:/') mounted
[2021.12.15-18.08.20:664][  0]LogShaderLibrary: Display: ShaderCodeLibraryPakFileMountedCallback: pending pak file info (ChunkID:-1 Root:root:/ File:E:/Epic Game/Games/UE_4.27/FeaturePacks/TP_FlyingBP.upack)
[2021.12.15-18.08.20:664][  0]LogPakFile: OnPakFileMounted2Time == 0.000029
[2021.12.15-18.08.20:664][  0]LogPakFile: PakFile PrimaryIndexSize=188
[2021.12.15-18.08.20:664][  0]LogPakFile: PakFile PathHashIndexSize=101
[2021.12.15-18.08.20:664][  0]LogPakFile: PakFile FullDirectoryIndexSize=150
[2021.12.15-18.08.20:664][  0]LogShaderLibrary: Display: ShaderCodeLibraryPakFileMountedCallback: PakFile 'E:/Epic Game/Games/UE_4.27/FeaturePacks/TP_HandheldARBP.upack' (chunk index -1, root 'root:/') mounted
[2021.12.15-18.08.20:664][  0]LogShaderLibrary: Display: ShaderCodeLibraryPakFileMountedCallback: pending pak file info (ChunkID:-1 Root:root:/ File:E:/Epic Game/Games/UE_4.27/FeaturePacks/TP_HandheldARBP.upack)
[2021.12.15-18.08.20:664][  0]LogPakFile: OnPakFileMounted2Time == 0.000027
[2021.12.15-18.08.20:665][  0]LogPakFile: PakFile PrimaryIndexSize=182
[2021.12.15-18.08.20:665][  0]LogPakFile: PakFile PathHashIndexSize=101
[2021.12.15-18.08.20:665][  0]LogPakFile: PakFile FullDirectoryIndexSize=138
[2021.12.15-18.08.20:665][  0]LogShaderLibrary: Display: ShaderCodeLibraryPakFileMountedCallback: PakFile 'E:/Epic Game/Games/UE_4.27/FeaturePacks/TP_Puzzle.upack' (chunk index -1, root 'root:/') mounted
[2021.12.15-18.08.20:665][  0]LogShaderLibrary: Display: ShaderCodeLibraryPakFileMountedCallback: pending pak file info (ChunkID:-1 Root:root:/ File:E:/Epic Game/Games/UE_4.27/FeaturePacks/TP_Puzzle.upack)
[2021.12.15-18.08.20:665][  0]LogPakFile: OnPakFileMounted2Time == 0.000027
[2021.12.15-18.08.20:665][  0]LogPakFile: PakFile PrimaryIndexSize=184
[2021.12.15-18.08.20:665][  0]LogPakFile: PakFile PathHashIndexSize=101
[2021.12.15-18.08.20:665][  0]LogPakFile: PakFile FullDirectoryIndexSize=142
[2021.12.15-18.08.20:665][  0]LogShaderLibrary: Display: ShaderCodeLibraryPakFileMountedCallback: PakFile 'E:/Epic Game/Games/UE_4.27/FeaturePacks/TP_PuzzleBP.upack' (chunk index -1, root 'root:/') mounted
[2021.12.15-18.08.20:665][  0]LogShaderLibrary: Display: ShaderCodeLibraryPakFileMountedCallback: pending pak file info (ChunkID:-1 Root:root:/ File:E:/Epic Game/Games/UE_4.27/FeaturePacks/TP_PuzzleBP.upack)
[2021.12.15-18.08.20:665][  0]LogPakFile: OnPakFileMounted2Time == 0.000026
[2021.12.15-18.08.20:666][  0]LogPakFile: PakFile PrimaryIndexSize=183
[2021.12.15-18.08.20:666][  0]LogPakFile: PakFile PathHashIndexSize=101
[2021.12.15-18.08.20:666][  0]LogPakFile: PakFile FullDirectoryIndexSize=140
[2021.12.15-18.08.20:666][  0]LogShaderLibrary: Display: ShaderCodeLibraryPakFileMountedCallback: PakFile 'E:/Epic Game/Games/UE_4.27/FeaturePacks/TP_Rolling.upack' (chunk index -1, root 'root:/') mounted
[2021.12.15-18.08.20:666][  0]LogShaderLibrary: Display: ShaderCodeLibraryPakFileMountedCallback: pending pak file info (ChunkID:-1 Root:root:/ File:E:/Epic Game/Games/UE_4.27/FeaturePacks/TP_Rolling.upack)
[2021.12.15-18.08.20:666][  0]LogPakFile: OnPakFileMounted2Time == 0.000027
[2021.12.15-18.08.20:666][  0]LogPakFile: PakFile PrimaryIndexSize=185
[2021.12.15-18.08.20:666][  0]LogPakFile: PakFile PathHashIndexSize=101
[2021.12.15-18.08.20:666][  0]LogPakFile: PakFile FullDirectoryIndexSize=144
[2021.12.15-18.08.20:666][  0]LogShaderLibrary: Display: ShaderCodeLibraryPakFileMountedCallback: PakFile 'E:/Epic Game/Games/UE_4.27/FeaturePacks/TP_RollingBP.upack' (chunk index -1, root 'root:/') mounted
[2021.12.15-18.08.20:666][  0]LogShaderLibrary: Display: ShaderCodeLibraryPakFileMountedCallback: pending pak file info (ChunkID:-1 Root:root:/ File:E:/Epic Game/Games/UE_4.27/FeaturePacks/TP_RollingBP.upack)
[2021.12.15-18.08.20:666][  0]LogPakFile: OnPakFileMounted2Time == 0.000030
[2021.12.15-18.08.20:666][  0]LogPakFile: PakFile PrimaryIndexSize=188
[2021.12.15-18.08.20:666][  0]LogPakFile: PakFile PathHashIndexSize=101
[2021.12.15-18.08.20:666][  0]LogPakFile: PakFile FullDirectoryIndexSize=150
[2021.12.15-18.08.20:667][  0]LogShaderLibrary: Display: ShaderCodeLibraryPakFileMountedCallback: PakFile 'E:/Epic Game/Games/UE_4.27/FeaturePacks/TP_SideScroller.upack' (chunk index -1, root 'root:/') mounted
[2021.12.15-18.08.20:667][  0]LogShaderLibrary: Display: ShaderCodeLibraryPakFileMountedCallback: pending pak file info (ChunkID:-1 Root:root:/ File:E:/Epic Game/Games/UE_4.27/FeaturePacks/TP_SideScroller.upack)
[2021.12.15-18.08.20:667][  0]LogPakFile: OnPakFileMounted2Time == 0.000028
[2021.12.15-18.08.20:667][  0]LogPakFile: PakFile PrimaryIndexSize=190
[2021.12.15-18.08.20:667][  0]LogPakFile: PakFile PathHashIndexSize=101
[2021.12.15-18.08.20:667][  0]LogPakFile: PakFile FullDirectoryIndexSize=154
[2021.12.15-18.08.20:667][  0]LogShaderLibrary: Display: ShaderCodeLibraryPakFileMountedCallback: PakFile 'E:/Epic Game/Games/UE_4.27/FeaturePacks/TP_SideScrollerBP.upack' (chunk index -1, root 'root:/') mounted
[2021.12.15-18.08.20:667][  0]LogShaderLibrary: Display: ShaderCodeLibraryPakFileMountedCallback: pending pak file info (ChunkID:-1 Root:root:/ File:E:/Epic Game/Games/UE_4.27/FeaturePacks/TP_SideScrollerBP.upack)
[2021.12.15-18.08.20:667][  0]LogPakFile: OnPakFileMounted2Time == 0.000027
[2021.12.15-18.08.20:667][  0]LogPakFile: PakFile PrimaryIndexSize=187
[2021.12.15-18.08.20:667][  0]LogPakFile: PakFile PathHashIndexSize=101
[2021.12.15-18.08.20:667][  0]LogPakFile: PakFile FullDirectoryIndexSize=148
[2021.12.15-18.08.20:667][  0]LogShaderLibrary: Display: ShaderCodeLibraryPakFileMountedCallback: PakFile 'E:/Epic Game/Games/UE_4.27/FeaturePacks/TP_ThirdPerson.upack' (chunk index -1, root 'root:/') mounted
[2021.12.15-18.08.20:667][  0]LogShaderLibrary: Display: ShaderCodeLibraryPakFileMountedCallback: pending pak file info (ChunkID:-1 Root:root:/ File:E:/Epic Game/Games/UE_4.27/FeaturePacks/TP_ThirdPerson.upack)
[2021.12.15-18.08.20:667][  0]LogPakFile: OnPakFileMounted2Time == 0.000027
[2021.12.15-18.08.20:668][  0]LogPakFile: PakFile PrimaryIndexSize=189
[2021.12.15-18.08.20:668][  0]LogPakFile: PakFile PathHashIndexSize=101
[2021.12.15-18.08.20:668][  0]LogPakFile: PakFile FullDirectoryIndexSize=152
[2021.12.15-18.08.20:668][  0]LogShaderLibrary: Display: ShaderCodeLibraryPakFileMountedCallback: PakFile 'E:/Epic Game/Games/UE_4.27/FeaturePacks/TP_ThirdPersonBP.upack' (chunk index -1, root 'root:/') mounted
[2021.12.15-18.08.20:668][  0]LogShaderLibrary: Display: ShaderCodeLibraryPakFileMountedCallback: pending pak file info (ChunkID:-1 Root:root:/ File:E:/Epic Game/Games/UE_4.27/FeaturePacks/TP_ThirdPersonBP.upack)
[2021.12.15-18.08.20:668][  0]LogPakFile: OnPakFileMounted2Time == 0.000027
[2021.12.15-18.08.20:668][  0]LogPakFile: PakFile PrimaryIndexSize=183
[2021.12.15-18.08.20:668][  0]LogPakFile: PakFile PathHashIndexSize=101
[2021.12.15-18.08.20:668][  0]LogPakFile: PakFile FullDirectoryIndexSize=140
[2021.12.15-18.08.20:668][  0]LogShaderLibrary: Display: ShaderCodeLibraryPakFileMountedCallback: PakFile 'E:/Epic Game/Games/UE_4.27/FeaturePacks/TP_TopDown.upack' (chunk index -1, root 'root:/') mounted
[2021.12.15-18.08.20:668][  0]LogShaderLibrary: Display: ShaderCodeLibraryPakFileMountedCallback: pending pak file info (ChunkID:-1 Root:root:/ File:E:/Epic Game/Games/UE_4.27/FeaturePacks/TP_TopDown.upack)
[2021.12.15-18.08.20:668][  0]LogPakFile: OnPakFileMounted2Time == 0.000072
[2021.12.15-18.08.20:669][  0]LogPakFile: PakFile PrimaryIndexSize=185
[2021.12.15-18.08.20:669][  0]LogPakFile: PakFile PathHashIndexSize=101
[2021.12.15-18.08.20:669][  0]LogPakFile: PakFile FullDirectoryIndexSize=144
[2021.12.15-18.08.20:669][  0]LogShaderLibrary: Display: ShaderCodeLibraryPakFileMountedCallback: PakFile 'E:/Epic Game/Games/UE_4.27/FeaturePacks/TP_TopDownBP.upack' (chunk index -1, root 'root:/') mounted
[2021.12.15-18.08.20:669][  0]LogShaderLibrary: Display: ShaderCodeLibraryPakFileMountedCallback: pending pak file info (ChunkID:-1 Root:root:/ File:E:/Epic Game/Games/UE_4.27/FeaturePacks/TP_TopDownBP.upack)
[2021.12.15-18.08.20:669][  0]LogPakFile: OnPakFileMounted2Time == 0.000028
[2021.12.15-18.08.20:669][  0]LogPakFile: PakFile PrimaryIndexSize=185
[2021.12.15-18.08.20:669][  0]LogPakFile: PakFile PathHashIndexSize=101
[2021.12.15-18.08.20:669][  0]LogPakFile: PakFile FullDirectoryIndexSize=144
[2021.12.15-18.08.20:669][  0]LogShaderLibrary: Display: ShaderCodeLibraryPakFileMountedCallback: PakFile 'E:/Epic Game/Games/UE_4.27/FeaturePacks/TP_TwinStick.upack' (chunk index -1, root 'root:/') mounted
[2021.12.15-18.08.20:669][  0]LogShaderLibrary: Display: ShaderCodeLibraryPakFileMountedCallback: pending pak file info (ChunkID:-1 Root:root:/ File:E:/Epic Game/Games/UE_4.27/FeaturePacks/TP_TwinStick.upack)
[2021.12.15-18.08.20:669][  0]LogPakFile: OnPakFileMounted2Time == 0.000027
[2021.12.15-18.08.20:669][  0]LogPakFile: PakFile PrimaryIndexSize=187
[2021.12.15-18.08.20:669][  0]LogPakFile: PakFile PathHashIndexSize=101
[2021.12.15-18.08.20:669][  0]LogPakFile: PakFile FullDirectoryIndexSize=148
[2021.12.15-18.08.20:669][  0]LogShaderLibrary: Display: ShaderCodeLibraryPakFileMountedCallback: PakFile 'E:/Epic Game/Games/UE_4.27/FeaturePacks/TP_TwinStickBP.upack' (chunk index -1, root 'root:/') mounted
[2021.12.15-18.08.20:669][  0]LogShaderLibrary: Display: ShaderCodeLibraryPakFileMountedCallback: pending pak file info (ChunkID:-1 Root:root:/ File:E:/Epic Game/Games/UE_4.27/FeaturePacks/TP_TwinStickBP.upack)
[2021.12.15-18.08.20:669][  0]LogPakFile: OnPakFileMounted2Time == 0.000031
[2021.12.15-18.08.20:670][  0]LogPakFile: PakFile PrimaryIndexSize=183
[2021.12.15-18.08.20:670][  0]LogPakFile: PakFile PathHashIndexSize=101
[2021.12.15-18.08.20:670][  0]LogPakFile: PakFile FullDirectoryIndexSize=140
[2021.12.15-18.08.20:670][  0]LogShaderLibrary: Display: ShaderCodeLibraryPakFileMountedCallback: PakFile 'E:/Epic Game/Games/UE_4.27/FeaturePacks/TP_Vehicle.upack' (chunk index -1, root 'root:/') mounted
[2021.12.15-18.08.20:670][  0]LogShaderLibrary: Display: ShaderCodeLibraryPakFileMountedCallback: pending pak file info (ChunkID:-1 Root:root:/ File:E:/Epic Game/Games/UE_4.27/FeaturePacks/TP_Vehicle.upack)
[2021.12.15-18.08.20:670][  0]LogPakFile: OnPakFileMounted2Time == 0.000030
[2021.12.15-18.08.20:670][  0]LogPakFile: PakFile PrimaryIndexSize=186
[2021.12.15-18.08.20:670][  0]LogPakFile: PakFile PathHashIndexSize=101
[2021.12.15-18.08.20:670][  0]LogPakFile: PakFile FullDirectoryIndexSize=146
[2021.12.15-18.08.20:670][  0]LogShaderLibrary: Display: ShaderCodeLibraryPakFileMountedCallback: PakFile 'E:/Epic Game/Games/UE_4.27/FeaturePacks/TP_VehicleAdv.upack' (chunk index -1, root 'root:/') mounted
[2021.12.15-18.08.20:670][  0]LogShaderLibrary: Display: ShaderCodeLibraryPakFileMountedCallback: pending pak file info (ChunkID:-1 Root:root:/ File:E:/Epic Game/Games/UE_4.27/FeaturePacks/TP_VehicleAdv.upack)
[2021.12.15-18.08.20:670][  0]LogPakFile: OnPakFileMounted2Time == 0.000027
[2021.12.15-18.08.20:671][  0]LogPakFile: PakFile PrimaryIndexSize=188
[2021.12.15-18.08.20:671][  0]LogPakFile: PakFile PathHashIndexSize=101
[2021.12.15-18.08.20:671][  0]LogPakFile: PakFile FullDirectoryIndexSize=150
[2021.12.15-18.08.20:671][  0]LogShaderLibrary: Display: ShaderCodeLibraryPakFileMountedCallback: PakFile 'E:/Epic Game/Games/UE_4.27/FeaturePacks/TP_VehicleAdvBP.upack' (chunk index -1, root 'root:/') mounted
[2021.12.15-18.08.20:671][  0]LogShaderLibrary: Display: ShaderCodeLibraryPakFileMountedCallback: pending pak file info (ChunkID:-1 Root:root:/ File:E:/Epic Game/Games/UE_4.27/FeaturePacks/TP_VehicleAdvBP.upack)
[2021.12.15-18.08.20:671][  0]LogPakFile: OnPakFileMounted2Time == 0.000029
[2021.12.15-18.08.20:671][  0]LogPakFile: PakFile PrimaryIndexSize=185
[2021.12.15-18.08.20:671][  0]LogPakFile: PakFile PathHashIndexSize=101
[2021.12.15-18.08.20:671][  0]LogPakFile: PakFile FullDirectoryIndexSize=144
[2021.12.15-18.08.20:671][  0]LogShaderLibrary: Display: ShaderCodeLibraryPakFileMountedCallback: PakFile 'E:/Epic Game/Games/UE_4.27/FeaturePacks/TP_VehicleBP.upack' (chunk index -1, root 'root:/') mounted
[2021.12.15-18.08.20:671][  0]LogShaderLibrary: Display: ShaderCodeLibraryPakFileMountedCallback: pending pak file info (ChunkID:-1 Root:root:/ File:E:/Epic Game/Games/UE_4.27/FeaturePacks/TP_VehicleBP.upack)
[2021.12.15-18.08.20:671][  0]LogPakFile: OnPakFileMounted2Time == 0.000027
[2021.12.15-18.08.20:672][  0]LogPakFile: PakFile PrimaryIndexSize=192
[2021.12.15-18.08.20:672][  0]LogPakFile: PakFile PathHashIndexSize=101
[2021.12.15-18.08.20:672][  0]LogPakFile: PakFile FullDirectoryIndexSize=158
[2021.12.15-18.08.20:672][  0]LogShaderLibrary: Display: ShaderCodeLibraryPakFileMountedCallback: PakFile 'E:/Epic Game/Games/UE_4.27/FeaturePacks/TP_VirtualRealityBP.upack' (chunk index -1, root 'root:/') mounted
[2021.12.15-18.08.20:672][  0]LogShaderLibrary: Display: ShaderCodeLibraryPakFileMountedCallback: pending pak file info (ChunkID:-1 Root:root:/ File:E:/Epic Game/Games/UE_4.27/FeaturePacks/TP_VirtualRealityBP.upack)
[2021.12.15-18.08.20:672][  0]LogPakFile: OnPakFileMounted2Time == 0.000027
[2021.12.15-18.08.20:702][  0]LogNativeClassHierarchy: Verbose: Native class hierarchy updated for 'AddContentDialog' in 0.0003 seconds. Added 0 classes and 0 folders.
[2021.12.15-18.08.20:703][  0]LogNativeClassHierarchy: Verbose: Native class hierarchy updated for 'SceneOutliner' in 0.0001 seconds. Added 2 classes and 0 folders.
[2021.12.15-18.08.20:756][  0]LogSlate: Took 0.000180 seconds to synchronously load lazily loaded font '../../../Engine/Content/Slate/Fonts/Roboto-Regular.ttf' (155K)
[2021.12.15-18.08.20:758][  0]LogSlate: Took 0.000122 seconds to synchronously load lazily loaded font '../../../Engine/Content/Editor/Slate/Fonts/FontAwesome.ttf' (139K)
[2021.12.15-18.08.20:761][  0]LogSlate: Took 0.000074 seconds to synchronously load lazily loaded font '../../../Engine/Content/Slate/Fonts/Roboto-Bold.ttf' (160K)
[2021.12.15-18.08.20:834][  0]LogRenderer: Reallocating scene render targets to support 1192x600 Format 10 NumSamples 1 (Frame:1).
[2021.12.15-18.08.20:902][  0]LogNativeClassHierarchy: Verbose: Native class hierarchy updated for 'HierarchicalLODOutliner' in 0.0003 seconds. Added 0 classes and 0 folders.
[2021.12.15-18.08.20:902][  0]LogLoad: (Engine Initialization) Total time: 5.67 seconds
[2021.12.15-18.08.20:902][  0]LogLoad: (Engine Initialization) Total Blueprint compile time: 0.00 seconds
[2021.12.15-18.08.20:920][  0]LogLinker: Warning: Failed to load '/Engine/BasicShapes/Plane': Can't find file.
[2021.12.15-18.08.20:920][  0]LogUObjectGlobals: Warning: Failed to find object 'StaticMesh /Engine/BasicShapes/Plane.Plane'
[2021.12.15-18.08.20:944][  0]LogAssetRegistry: Asset discovery search completed in 3.2307 seconds
[2021.12.15-18.08.20:949][  0]LogCollectionManager: Fixed up redirectors for 0 collections in 0.000003 seconds (updated 0 objects)
[2021.12.15-18.08.20:949][  0]LogContentStreaming: Texture pool size now 1000 MB
[2021.12.15-18.08.21:592][  2]LogSlate: Took 0.000091 seconds to synchronously load lazily loaded font '../../../Engine/Content/Slate/Fonts/Roboto-Light.ttf' (167K)
[2021.12.15-18.08.22:260][  4]LogSlate: Took 0.000169 seconds to synchronously load lazily loaded font '../../../Engine/Content/Slate/Fonts/Roboto-Light.ttf' (167K)
