Log file open, 12/16/21 03:14:47
LogWindows: Failed to load 'aqProf.dll' (GetLastError=126)
LogWindows: File 'aqProf.dll' does not exist
LogWindows: Failed to load 'VtuneApi.dll' (GetLastError=126)
LogWindows: File 'VtuneApi.dll' does not exist
LogWindows: Failed to load 'VtuneApi32e.dll' (GetLastError=126)
LogWindows: File 'VtuneApi32e.dll' does not exist
LogConsoleResponse: Display: Failed to find resolution value strings in scalability ini. Falling back to default.
LogConsoleResponse: Display: Failed to find resolution value strings in scalability ini. Falling back to default.
LogInit: Display: Running engine for game: TotemsOfEarth
LogPlatformFile: Not using cached read wrapper
LogTaskGraph: Started task graph with 5 named threads and 47 total threads with 3 sets of task threads.
LogStats: Stats thread started at 0.199678
LogICUInternationalization: ICU TimeZone Detection - Raw Offset: +7:00, Platform Override: ''
LogInit: Display: Loading text-based GConfig....
LogPluginManager: Mounting plugin MeshPainting
LogPluginManager: Mounting plugin XGEController
LogPluginManager: Mounting plugin AISupport
LogPluginManager: Mounting plugin LightPropagationVolume
LogPluginManager: Mounting plugin CameraShakePreviewer
LogPluginManager: Mounting plugin GameplayCameras
LogPluginManager: Mounting plugin EnvironmentQueryEditor
LogPluginManager: Mounting plugin Paper2D
LogPluginManager: Mounting plugin LiveLink
LogPluginManager: Mounting plugin CodeLiteSourceCodeAccess
LogPluginManager: Mounting plugin AnimationSharing
LogPluginManager: Mounting plugin NullSourceCodeAccess
LogPluginManager: Mounting plugin PerforceSourceControl
LogPluginManager: Mounting plugin PixWinPlugin
LogPluginManager: Mounting plugin CLionSourceCodeAccess
LogPluginManager: Mounting plugin KDevelopSourceCodeAccess
LogPluginManager: Mounting plugin RiderSourceCodeAccess
LogPluginManager: Mounting plugin PropertyAccessNode
LogPluginManager: Mounting plugin UObjectPlugin
LogPluginManager: Mounting plugin VisualStudioSourceCodeAccess
LogPluginManager: Mounting plugin PlasticSourceControl
LogPluginManager: Mounting plugin GitSourceControl
LogPluginManager: Mounting plugin OodleData
LogPluginManager: Mounting plugin PluginUtils
LogPluginManager: Mounting plugin VisualStudioCodeSourceCodeAccess
LogPluginManager: Mounting plugin TextureFormatOodle
LogPluginManager: Mounting plugin AssetManagerEditor
LogPluginManager: Mounting plugin OodleNetwork
LogPluginManager: Mounting plugin XCodeSourceCodeAccess
LogPluginManager: Mounting plugin CurveEditorTools
LogPluginManager: Mounting plugin CryptoKeys
LogPluginManager: Mounting plugin GameplayTagsEditor
LogPluginManager: Mounting plugin SubversionSourceControl
LogPluginManager: Mounting plugin DataValidation
LogPluginManager: Mounting plugin GeometryMode
LogPluginManager: Mounting plugin MacGraphicsSwitching
LogPluginManager: Mounting plugin FacialAnimation
LogPluginManager: Mounting plugin MobileLauncherProfileWizard
LogPluginManager: Mounting plugin PluginBrowser
LogPluginManager: Mounting plugin SpeedTreeImporter
LogPluginManager: Mounting plugin AlembicImporter
LogPluginManager: Mounting plugin MaterialAnalyzer
LogPluginManager: Mounting plugin AutomationUtils
LogPluginManager: Mounting plugin BackChannel
LogPluginManager: Mounting plugin ChaosCloth
LogPluginManager: Mounting plugin ChaosClothEditor
LogPluginManager: Mounting plugin ChaosNiagara
LogPluginManager: Mounting plugin ChaosEditor
LogPluginManager: Mounting plugin ChaosSolverPlugin
LogPluginManager: Mounting plugin CharacterAI
LogPluginManager: Mounting plugin Niagara
LogPluginManager: Mounting plugin DatasmithContent
LogPluginManager: Mounting plugin GeometryCache
LogPluginManager: Mounting plugin GeometryCollectionPlugin
LogPluginManager: Mounting plugin VariantManagerContent
LogPluginManager: Mounting plugin GeometryProcessing
LogPluginManager: Mounting plugin OpenImageDenoise
LogPluginManager: Mounting plugin MotoSynth
LogPluginManager: Mounting plugin PlanarCut
LogPluginManager: Mounting plugin PlatformCrypto
LogPluginManager: Mounting plugin ProxyLODPlugin
LogPluginManager: Mounting plugin PythonScriptPlugin
LogPluginManager: Mounting plugin SkeletalReduction
LogPluginManager: Mounting plugin AndroidMedia
LogPluginManager: Mounting plugin AvfMedia
LogPluginManager: Mounting plugin ImgMedia
LogPluginManager: Mounting plugin MediaCompositing
LogPluginManager: Mounting plugin MediaPlayerEditor
LogPluginManager: Mounting plugin LuminPlatformFeatures
LogPluginManager: Mounting plugin WebMMedia
LogPluginManager: Mounting plugin WmfMedia
LogPluginManager: Mounting plugin MagicLeap
LogPluginManager: Mounting plugin TcpMessaging
LogPluginManager: Mounting plugin UdpMessaging
LogPluginManager: Mounting plugin MagicLeapLightEstimation
LogPluginManager: Mounting plugin MagicLeapMedia
LogPluginManager: Mounting plugin MagicLeapPassableWorld
LogPluginManager: Mounting plugin ActorSequence
LogPluginManager: Mounting plugin MLSDK
LogPluginManager: Mounting plugin LauncherChunkInstaller
LogPluginManager: Mounting plugin OnlineSubsystem
LogPluginManager: Mounting plugin LevelSequenceEditor
LogPluginManager: Mounting plugin OnlineSubsystemNull
LogPluginManager: Mounting plugin MatineeToLevelSequence
LogPluginManager: Mounting plugin OnlineSubsystemUtils
LogPluginManager: Mounting plugin TemplateSequence
LogPluginManager: Mounting plugin ActorLayerUtilities
LogPluginManager: Mounting plugin AndroidDeviceProfileSelector
LogPluginManager: Mounting plugin AndroidMoviePlayer
LogPluginManager: Mounting plugin AndroidPermission
LogPluginManager: Mounting plugin AppleImageUtils
LogPluginManager: Mounting plugin AppleMoviePlayer
LogPluginManager: Mounting plugin ArchVisCharacter
LogPluginManager: Mounting plugin AssetTags
LogPluginManager: Mounting plugin AudioCapture
LogPluginManager: Mounting plugin AudioSynesthesia
LogPluginManager: Mounting plugin CableComponent
LogPluginManager: Mounting plugin ChunkDownloader
LogPluginManager: Mounting plugin CustomMeshComponent
LogPluginManager: Mounting plugin EditableMesh
LogPluginManager: Mounting plugin ExampleDeviceProfileSelector
LogPluginManager: Mounting plugin GoogleCloudMessaging
LogPluginManager: Mounting plugin GooglePAD
LogPluginManager: Mounting plugin IOSDeviceProfileSelector
LogPluginManager: Mounting plugin LinuxDeviceProfileSelector
LogPluginManager: Mounting plugin LocationServicesBPLibrary
LogPluginManager: Mounting plugin MobilePatchingUtils
LogPluginManager: Mounting plugin OpenXR
LogPluginManager: Mounting plugin OpenXREyeTracker
LogPluginManager: Mounting plugin OpenXRHandTracking
LogPluginManager: Mounting plugin PhysXVehicles
LogPluginManager: Mounting plugin PostSplashScreen
LogPluginManager: Mounting plugin PropertyAccessEditor
LogPluginManager: Mounting plugin ProceduralMeshComponent
LogPluginManager: Mounting plugin RuntimePhysXCooking
LogPluginManager: Mounting plugin SoundFields
LogPluginManager: Mounting plugin SignificanceManager
LogPluginManager: Mounting plugin Synthesis
LogPluginManager: Mounting plugin WebMMoviePlayer
LogPluginManager: Mounting plugin WindowsMoviePlayer
LogPluginManager: Mounting plugin Takes
LogPluginManager: Mounting plugin ScreenshotTools
LogPluginManager: Mounting plugin ContentBrowserFileDataSource
LogPluginManager: Mounting plugin ContentBrowserClassDataSource
LogPluginManager: Mounting plugin ContentBrowserAssetDataSource
LogPluginManager: Mounting plugin OnlineSubsystemGooglePlay
LogPluginManager: Mounting plugin OnlineSubsystemIOS
LogPluginManager: Mounting plugin OculusVR
LogPluginManager: Mounting plugin SteamVR
PixWinPlugin: PIX capture plugin failed to initialize! Check that the process is launched from PIX.
LogInit: Using libcurl 7.55.1-DEV
LogInit:  - built for x86_64-pc-win32
LogInit:  - supports SSL with OpenSSL/1.1.1
LogInit:  - supports HTTP deflate (compression) using libz 1.2.8
LogInit:  - other features:
LogInit:      CURL_VERSION_SSL
LogInit:      CURL_VERSION_LIBZ
LogInit:      CURL_VERSION_IPV6
LogInit:      CURL_VERSION_ASYNCHDNS
LogInit:      CURL_VERSION_LARGEFILE
LogInit:      CURL_VERSION_IDN
LogInit:  CurlRequestOptions (configurable via config and command line):
LogInit:  - bVerifyPeer = true  - Libcurl will verify peer certificate
LogInit:  - bUseHttpProxy = false  - Libcurl will NOT use HTTP proxy
LogInit:  - bDontReuseConnections = false  - Libcurl will reuse connections
LogInit:  - MaxHostConnections = 16  - Libcurl will limit the number of connections to a host
LogInit:  - LocalHostAddr = Default
LogInit:  - BufferSize = 65536
LogOnline: OSS: Creating online subsystem instance for: NULL
LogInit: WinSock: version 1.1 (2.2), MaxSocks=32767, MaxUdp=65467
LogOnline: OSS: TryLoadSubsystemAndSetDefault: Loaded subsystem for module [NULL]
LogOculusPluginWrapper: OculusPlugin initialized successfully
LogHMD: Failed initializing OVRPlugin 1.59.0
LogInit: Build: ++UE4+Release-4.27-CL-17735300
LogInit: Engine Version: 4.27.1-17735300+++UE4+Release-4.27
LogInit: Compatible Engine Version: 4.27.0-17155196+++UE4+Release-4.27
LogInit: Net CL: 17155196
LogInit: OS: Windows 10 (Release 2009) (), CPU: AMD Ryzen 7 3700X 8-Core Processor             , GPU: NVIDIA GeForce RTX 3060
LogInit: Compiled (64-bit): Oct  6 2021 14:42:51
LogInit: Compiled with Visual C++: 19.24.28315.00
LogInit: Build Configuration: Development
LogInit: Branch Name: ++UE4+Release-4.27
LogInit: Command Line:  /Game/2DSideScrollerBP/Maps/MainMenu -game -PIEVIACONSOLE -Multiprocess GameUserSettingsINI=C:/Users/punna/Documents/GitHub/totemofearth/TotemsOfEarth/Saved/Config/Windows/PIEGameUserSettings0.ini -MultiprocessSaveConfig -forcepassthrough -messaging -SessionName="Play in Standalone Game" -windowed -WinX=0 -WinY=24 SAVEWINPOS=1 -ResX=1910 -ResY=1006
LogInit: Base Directory: E:/Epic Game/Games/UE_4.27/Engine/Binaries/Win64/
LogInit: Allocator: TBB
LogInit: Installed Engine Build: 1
LogDevObjectVersion: Number of dev versions registered: 29
LogDevObjectVersion:   Dev-Blueprints (B0D832E4-1F89-4F0D-ACCF-7EB736FD4AA2): 10
LogDevObjectVersion:   Dev-Build (E1C64328-A22C-4D53-A36C-8E866417BD8C): 0
LogDevObjectVersion:   Dev-Core (375EC13C-06E4-48FB-B500-84F0262A717E): 4
LogDevObjectVersion:   Dev-Editor (E4B068ED-F494-42E9-A231-DA0B2E46BB41): 40
LogDevObjectVersion:   Dev-Framework (CFFC743F-43B0-4480-9391-14DF171D2073): 37
LogDevObjectVersion:   Dev-Mobile (B02B49B5-BB20-44E9-A304-32B752E40360): 3
LogDevObjectVersion:   Dev-Networking (A4E4105C-59A1-49B5-A7C5-40C4547EDFEE): 0
LogDevObjectVersion:   Dev-Online (39C831C9-5AE6-47DC-9A44-9C173E1C8E7C): 0
LogDevObjectVersion:   Dev-Physics (78F01B33-EBEA-4F98-B9B4-84EACCB95AA2): 14
LogDevObjectVersion:   Dev-Platform (6631380F-2D4D-43E0-8009-CF276956A95A): 0
LogDevObjectVersion:   Dev-Rendering (12F88B9F-8875-4AFC-A67C-D90C383ABD29): 45
LogDevObjectVersion:   Dev-Sequencer (7B5AE74C-D270-4C10-A958-57980B212A5A): 13
LogDevObjectVersion:   Dev-VR (D7296918-1DD6-4BDD-9DE2-64A83CC13884): 3
LogDevObjectVersion:   Dev-LoadTimes (C2A15278-BFE7-4AFE-6C17-90FF531DF755): 1
LogDevObjectVersion:   Private-Geometry (6EACA3D4-40EC-4CC1-B786-8BED09428FC5): 3
LogDevObjectVersion:   Dev-AnimPhys (29E575DD-E0A3-4627-9D10-D276232CDCEA): 17
LogDevObjectVersion:   Dev-Anim (AF43A65D-7FD3-4947-9873-3E8ED9C1BB05): 15
LogDevObjectVersion:   Dev-ReflectionCapture (6B266CEC-1EC7-4B8F-A30B-E4D90942FC07): 1
LogDevObjectVersion:   Dev-Automation (0DF73D61-A23F-47EA-B727-89E90C41499A): 1
LogDevObjectVersion:   FortniteMain (601D1886-AC64-4F84-AA16-D3DE0DEAC7D6): 47
LogDevObjectVersion:   FortniteRelease (E7086368-6B23-4C58-8439-1B7016265E91): 1
LogDevObjectVersion:   Dev-Enterprise (9DFFBCD6-494F-0158-E221-12823C92A888): 10
LogDevObjectVersion:   Dev-Niagara (F2AED0AC-9AFE-416F-8664-AA7FFA26D6FC): 1
LogDevObjectVersion:   Dev-Destruction (174F1F0B-B4C6-45A5-B13F-2EE8D0FB917D): 10
LogDevObjectVersion:   Dev-Physics-Ext (35F94A83-E258-406C-A318-09F59610247C): 41
LogDevObjectVersion:   Dev-PhysicsMaterial-Chaos (B68FC16E-8B1B-42E2-B453-215C058844FE): 1
LogDevObjectVersion:   Dev-CineCamera (B2E18506-4273-CFC2-A54E-F4BB758BBA07): 1
LogDevObjectVersion:   Dev-VirtualProduction (64F58936-FD1B-42BA-BA96-7289D5D0FA4E): 1
LogDevObjectVersion:   Dev-MediaFramework (6F0ED827-A609-4895-9C91-998D90180EA4): 2
LogInit: Presizing for max 25165824 objects, including 0 objects not considered by GC, pre-allocating 0 bytes for permanent pool.
LogConfig: Applying CVar settings from Section [/Script/Engine.StreamingSettings] File [C:/Users/punna/Documents/GitHub/totemofearth/TotemsOfEarth/Saved/Config/Windows/Engine.ini]
LogConfig: Setting CVar [[s.MinBulkDataSizeForAsyncLoading:131072]]
LogConfig: Setting CVar [[s.AsyncLoadingThreadEnabled:0]]
LogConfig: Setting CVar [[s.EventDrivenLoaderEnabled:1]]
LogConfig: Setting CVar [[s.WarnIfTimeLimitExceeded:0]]
LogConfig: Setting CVar [[s.TimeLimitExceededMultiplier:1.5]]
LogConfig: Setting CVar [[s.TimeLimitExceededMinTime:0.005]]
LogConfig: Setting CVar [[s.UseBackgroundLevelStreaming:1]]
LogConfig: Setting CVar [[s.PriorityAsyncLoadingExtraTime:15.0]]
LogConfig: Setting CVar [[s.LevelStreamingActorsUpdateTimeLimit:5.0]]
LogConfig: Setting CVar [[s.PriorityLevelStreamingActorsUpdateExtraTime:5.0]]
LogConfig: Setting CVar [[s.LevelStreamingComponentsRegistrationGranularity:10]]
LogConfig: Setting CVar [[s.UnregisterComponentsTimeLimit:1.0]]
LogConfig: Setting CVar [[s.LevelStreamingComponentsUnregistrationGranularity:5]]
LogConfig: Setting CVar [[s.FlushStreamingOnExit:1]]
LogInit: Object subsystem initialized
LogConfig: Setting CVar [[con.DebugEarlyDefault:1]]
LogConfig: Setting CVar [[r.setres:1280x720]]
[2021.12.15-20.14.48:014][  0]LogConfig: Setting CVar [[con.DebugEarlyDefault:1]]
[2021.12.15-20.14.48:014][  0]LogConfig: Setting CVar [[r.setres:1280x720]]
[2021.12.15-20.14.48:014][  0]LogConfig: Applying CVar settings from Section [/Script/Engine.RendererSettings] File [C:/Users/punna/Documents/GitHub/totemofearth/TotemsOfEarth/Saved/Config/Windows/Engine.ini]
[2021.12.15-20.14.48:014][  0]LogConfig: Setting CVar [[r.GPUCrashDebugging:0]]
[2021.12.15-20.14.48:014][  0]LogConfig: Setting CVar [[r.MobileHDR:0]]
[2021.12.15-20.14.48:014][  0]LogConfig: Applying CVar settings from Section [/Script/Engine.RendererOverrideSettings] File [C:/Users/punna/Documents/GitHub/totemofearth/TotemsOfEarth/Saved/Config/Windows/Engine.ini]
[2021.12.15-20.14.48:014][  0]LogConfig: Applying CVar settings from Section [/Script/Engine.StreamingSettings] File [C:/Users/punna/Documents/GitHub/totemofearth/TotemsOfEarth/Saved/Config/Windows/Engine.ini]
[2021.12.15-20.14.48:014][  0]LogConfig: Setting CVar [[s.MinBulkDataSizeForAsyncLoading:131072]]
[2021.12.15-20.14.48:014][  0]LogConfig: Setting CVar [[s.AsyncLoadingThreadEnabled:0]]
[2021.12.15-20.14.48:015][  0]LogConfig: Setting CVar [[s.EventDrivenLoaderEnabled:1]]
[2021.12.15-20.14.48:015][  0]LogConfig: Setting CVar [[s.WarnIfTimeLimitExceeded:0]]
[2021.12.15-20.14.48:015][  0]LogConfig: Setting CVar [[s.TimeLimitExceededMultiplier:1.5]]
[2021.12.15-20.14.48:015][  0]LogConfig: Setting CVar [[s.TimeLimitExceededMinTime:0.005]]
[2021.12.15-20.14.48:015][  0]LogConfig: Setting CVar [[s.UseBackgroundLevelStreaming:1]]
[2021.12.15-20.14.48:015][  0]LogConfig: Setting CVar [[s.PriorityAsyncLoadingExtraTime:15.0]]
[2021.12.15-20.14.48:015][  0]LogConfig: Setting CVar [[s.LevelStreamingActorsUpdateTimeLimit:5.0]]
[2021.12.15-20.14.48:015][  0]LogConfig: Setting CVar [[s.PriorityLevelStreamingActorsUpdateExtraTime:5.0]]
[2021.12.15-20.14.48:015][  0]LogConfig: Setting CVar [[s.LevelStreamingComponentsRegistrationGranularity:10]]
[2021.12.15-20.14.48:015][  0]LogConfig: Setting CVar [[s.UnregisterComponentsTimeLimit:1.0]]
[2021.12.15-20.14.48:015][  0]LogConfig: Setting CVar [[s.LevelStreamingComponentsUnregistrationGranularity:5]]
[2021.12.15-20.14.48:015][  0]LogConfig: Setting CVar [[s.FlushStreamingOnExit:1]]
[2021.12.15-20.14.48:015][  0]LogConfig: Applying CVar settings from Section [/Script/Engine.GarbageCollectionSettings] File [C:/Users/punna/Documents/GitHub/totemofearth/TotemsOfEarth/Saved/Config/Windows/Engine.ini]
[2021.12.15-20.14.48:015][  0]LogConfig: Setting CVar [[gc.MaxObjectsNotConsideredByGC:1]]
[2021.12.15-20.14.48:015][  0]LogConfig: Setting CVar [[gc.SizeOfPermanentObjectPool:0]]
[2021.12.15-20.14.48:015][  0]LogConfig: Setting CVar [[gc.FlushStreamingOnGC:0]]
[2021.12.15-20.14.48:015][  0]LogConfig: Setting CVar [[gc.NumRetriesBeforeForcingGC:10]]
[2021.12.15-20.14.48:015][  0]LogConfig: Setting CVar [[gc.AllowParallelGC:1]]
[2021.12.15-20.14.48:015][  0]LogConfig: Setting CVar [[gc.TimeBetweenPurgingPendingKillObjects:61.1]]
[2021.12.15-20.14.48:015][  0]LogConfig: Setting CVar [[gc.MaxObjectsInEditor:25165824]]
[2021.12.15-20.14.48:015][  0]LogConfig: Setting CVar [[gc.IncrementalBeginDestroyEnabled:1]]
[2021.12.15-20.14.48:015][  0]LogConfig: Setting CVar [[gc.CreateGCClusters:1]]
[2021.12.15-20.14.48:015][  0]LogConfig: Setting CVar [[gc.MinGCClusterSize:5]]
[2021.12.15-20.14.48:015][  0]LogConfig: Setting CVar [[gc.ActorClusteringEnabled:0]]
[2021.12.15-20.14.48:015][  0]LogConfig: Setting CVar [[gc.BlueprintClusteringEnabled:0]]
[2021.12.15-20.14.48:015][  0]LogConfig: Setting CVar [[gc.UseDisregardForGCOnDedicatedServers:0]]
[2021.12.15-20.14.48:015][  0]LogConfig: Setting CVar [[gc.MultithreadedDestructionEnabled:1]]
[2021.12.15-20.14.48:015][  0]LogConfig: Applying CVar settings from Section [/Script/Engine.NetworkSettings] File [C:/Users/punna/Documents/GitHub/totemofearth/TotemsOfEarth/Saved/Config/Windows/Engine.ini]
[2021.12.15-20.14.48:015][  0]LogConfig: Applying CVar settings from Section [/Script/UnrealEd.CookerSettings] File [C:/Users/punna/Documents/GitHub/totemofearth/TotemsOfEarth/Saved/Config/Windows/Engine.ini]
[2021.12.15-20.14.48:019][  0]LogConfig: Applying CVar settings from Section [ViewDistanceQuality@3] File [C:/Users/punna/Documents/GitHub/totemofearth/TotemsOfEarth/Saved/Config/Windows/Scalability.ini]
[2021.12.15-20.14.48:019][  0]LogConfig: Setting CVar [[r.SkeletalMeshLODBias:0]]
[2021.12.15-20.14.48:019][  0]LogConfig: Setting CVar [[r.ViewDistanceScale:1.0]]
[2021.12.15-20.14.48:019][  0]LogConfig: Applying CVar settings from Section [AntiAliasingQuality@3] File [C:/Users/punna/Documents/GitHub/totemofearth/TotemsOfEarth/Saved/Config/Windows/Scalability.ini]
[2021.12.15-20.14.48:019][  0]LogConfig: Setting CVar [[r.PostProcessAAQuality:4]]
[2021.12.15-20.14.48:019][  0]LogConfig: Applying CVar settings from Section [ShadowQuality@3] File [C:/Users/punna/Documents/GitHub/totemofearth/TotemsOfEarth/Saved/Config/Windows/Scalability.ini]
[2021.12.15-20.14.48:019][  0]LogConfig: Setting CVar [[r.LightFunctionQuality:1]]
[2021.12.15-20.14.48:019][  0]LogConfig: Setting CVar [[r.ShadowQuality:5]]
[2021.12.15-20.14.48:019][  0]LogConfig: Setting CVar [[r.Shadow.CSM.MaxCascades:10]]
[2021.12.15-20.14.48:019][  0]LogConfig: Setting CVar [[r.Shadow.MaxResolution:2048]]
[2021.12.15-20.14.48:019][  0]LogConfig: Setting CVar [[r.Shadow.MaxCSMResolution:2048]]
[2021.12.15-20.14.48:019][  0]LogConfig: Setting CVar [[r.Shadow.RadiusThreshold:0.01]]
[2021.12.15-20.14.48:019][  0]LogConfig: Setting CVar [[r.Shadow.DistanceScale:1.0]]
[2021.12.15-20.14.48:019][  0]LogConfig: Setting CVar [[r.Shadow.CSM.TransitionScale:1.0]]
[2021.12.15-20.14.48:019][  0]LogConfig: Setting CVar [[r.Shadow.PreShadowResolutionFactor:1.0]]
[2021.12.15-20.14.48:019][  0]LogConfig: Setting CVar [[r.DistanceFieldShadowing:1]]
[2021.12.15-20.14.48:019][  0]LogConfig: Setting CVar [[r.DistanceFieldAO:1]]
[2021.12.15-20.14.48:019][  0]LogConfig: Setting CVar [[r.AOQuality:2]]
[2021.12.15-20.14.48:019][  0]LogConfig: Setting CVar [[r.VolumetricFog:1]]
[2021.12.15-20.14.48:019][  0]LogConfig: Setting CVar [[r.VolumetricFog.GridPixelSize:8]]
[2021.12.15-20.14.48:019][  0]LogConfig: Setting CVar [[r.VolumetricFog.GridSizeZ:128]]
[2021.12.15-20.14.48:019][  0]LogConfig: Setting CVar [[r.VolumetricFog.HistoryMissSupersampleCount:4]]
[2021.12.15-20.14.48:019][  0]LogConfig: Setting CVar [[r.LightMaxDrawDistanceScale:1]]
[2021.12.15-20.14.48:019][  0]LogConfig: Setting CVar [[r.CapsuleShadows:1]]
[2021.12.15-20.14.48:019][  0]LogConfig: Applying CVar settings from Section [PostProcessQuality@3] File [C:/Users/punna/Documents/GitHub/totemofearth/TotemsOfEarth/Saved/Config/Windows/Scalability.ini]
[2021.12.15-20.14.48:019][  0]LogConfig: Setting CVar [[r.MotionBlurQuality:4]]
[2021.12.15-20.14.48:019][  0]LogConfig: Setting CVar [[r.AmbientOcclusionMipLevelFactor:0.4]]
[2021.12.15-20.14.48:019][  0]LogConfig: Setting CVar [[r.AmbientOcclusionMaxQuality:100]]
[2021.12.15-20.14.48:019][  0]LogConfig: Setting CVar [[r.AmbientOcclusionLevels:-1]]
[2021.12.15-20.14.48:019][  0]LogConfig: Setting CVar [[r.AmbientOcclusionRadiusScale:1.0]]
[2021.12.15-20.14.48:019][  0]LogConfig: Setting CVar [[r.DepthOfFieldQuality:2]]
[2021.12.15-20.14.48:019][  0]LogConfig: Setting CVar [[r.RenderTargetPoolMin:400]]
[2021.12.15-20.14.48:019][  0]LogConfig: Setting CVar [[r.LensFlareQuality:2]]
[2021.12.15-20.14.48:019][  0]LogConfig: Setting CVar [[r.SceneColorFringeQuality:1]]
[2021.12.15-20.14.48:019][  0]LogConfig: Setting CVar [[r.EyeAdaptationQuality:2]]
[2021.12.15-20.14.48:019][  0]LogConfig: Setting CVar [[r.BloomQuality:5]]
[2021.12.15-20.14.48:019][  0]LogConfig: Setting CVar [[r.FastBlurThreshold:100]]
[2021.12.15-20.14.48:019][  0]LogConfig: Setting CVar [[r.Upscale.Quality:3]]
[2021.12.15-20.14.48:019][  0]LogConfig: Setting CVar [[r.Tonemapper.GrainQuantization:1]]
[2021.12.15-20.14.48:019][  0]LogConfig: Setting CVar [[r.LightShaftQuality:1]]
[2021.12.15-20.14.48:019][  0]LogConfig: Setting CVar [[r.Filter.SizeScale:1]]
[2021.12.15-20.14.48:019][  0]LogConfig: Setting CVar [[r.Tonemapper.Quality:5]]
[2021.12.15-20.14.48:019][  0]LogConfig: Setting CVar [[r.DOF.Gather.AccumulatorQuality:1        ; higher gathering accumulator quality]]
[2021.12.15-20.14.48:019][  0]LogConfig: Setting CVar [[r.DOF.Gather.PostfilterMethod:1          ; Median3x3 postfilering method]]
[2021.12.15-20.14.48:019][  0]LogConfig: Setting CVar [[r.DOF.Gather.EnableBokehSettings:0       ; no bokeh simulation when gathering]]
[2021.12.15-20.14.48:019][  0]LogConfig: Setting CVar [[r.DOF.Gather.RingCount:4                 ; medium number of samples when gathering]]
[2021.12.15-20.14.48:019][  0]LogConfig: Setting CVar [[r.DOF.Scatter.ForegroundCompositing:1    ; additive foreground scattering]]
[2021.12.15-20.14.48:019][  0]LogConfig: Setting CVar [[r.DOF.Scatter.BackgroundCompositing:2    ; additive background scattering]]
[2021.12.15-20.14.48:019][  0]LogConfig: Setting CVar [[r.DOF.Scatter.EnableBokehSettings:1      ; bokeh simulation when scattering]]
[2021.12.15-20.14.48:019][  0]LogConfig: Setting CVar [[r.DOF.Scatter.MaxSpriteRatio:0.1         ; only a maximum of 10% of scattered bokeh]]
[2021.12.15-20.14.48:019][  0]LogConfig: Setting CVar [[r.DOF.Recombine.Quality:1                ; cheap slight out of focus]]
[2021.12.15-20.14.48:019][  0]LogConfig: Setting CVar [[r.DOF.Recombine.EnableBokehSettings:0    ; no bokeh simulation on slight out of focus]]
[2021.12.15-20.14.48:019][  0]LogConfig: Setting CVar [[r.DOF.TemporalAAQuality:1                ; more stable temporal accumulation]]
[2021.12.15-20.14.48:019][  0]LogConfig: Setting CVar [[r.DOF.Kernel.MaxForegroundRadius:0.025]]
[2021.12.15-20.14.48:019][  0]LogConfig: Setting CVar [[r.DOF.Kernel.MaxBackgroundRadius:0.025]]
[2021.12.15-20.14.48:019][  0]LogConfig: Applying CVar settings from Section [TextureQuality@3] File [C:/Users/punna/Documents/GitHub/totemofearth/TotemsOfEarth/Saved/Config/Windows/Scalability.ini]
[2021.12.15-20.14.48:019][  0]LogConfig: Setting CVar [[r.Streaming.MipBias:0]]
[2021.12.15-20.14.48:019][  0]LogConfig: Setting CVar [[r.Streaming.AmortizeCPUToGPUCopy:0]]
[2021.12.15-20.14.48:019][  0]LogConfig: Setting CVar [[r.Streaming.MaxNumTexturesToStreamPerFrame:0]]
[2021.12.15-20.14.48:019][  0]LogConfig: Setting CVar [[r.Streaming.Boost:1]]
[2021.12.15-20.14.48:019][  0]LogConfig: Setting CVar [[r.MaxAnisotropy:8]]
[2021.12.15-20.14.48:019][  0]LogConfig: Setting CVar [[r.VT.MaxAnisotropy:8]]
[2021.12.15-20.14.48:019][  0]LogConfig: Setting CVar [[r.Streaming.LimitPoolSizeToVRAM:0]]
[2021.12.15-20.14.48:019][  0]LogConfig: Setting CVar [[r.Streaming.PoolSize:1000]]
[2021.12.15-20.14.48:019][  0]LogConfig: Setting CVar [[r.Streaming.MaxEffectiveScreenSize:0]]
[2021.12.15-20.14.48:020][  0]LogConfig: Applying CVar settings from Section [EffectsQuality@3] File [C:/Users/punna/Documents/GitHub/totemofearth/TotemsOfEarth/Saved/Config/Windows/Scalability.ini]
[2021.12.15-20.14.48:020][  0]LogConfig: Setting CVar [[r.TranslucencyLightingVolumeDim:64]]
[2021.12.15-20.14.48:020][  0]LogConfig: Setting CVar [[r.RefractionQuality:2]]
[2021.12.15-20.14.48:020][  0]LogConfig: Setting CVar [[r.SSR.Quality:3]]
[2021.12.15-20.14.48:020][  0]LogConfig: Setting CVar [[r.SSR.HalfResSceneColor:0]]
[2021.12.15-20.14.48:020][  0]LogConfig: Setting CVar [[r.SceneColorFormat:4]]
[2021.12.15-20.14.48:020][  0]LogConfig: Setting CVar [[r.DetailMode:2]]
[2021.12.15-20.14.48:020][  0]LogConfig: Setting CVar [[r.TranslucencyVolumeBlur:1]]
[2021.12.15-20.14.48:020][  0]LogConfig: Setting CVar [[r.MaterialQualityLevel:1 ; High quality]]
[2021.12.15-20.14.48:020][  0]LogConfig: Setting CVar [[r.AnisotropicMaterials:1]]
[2021.12.15-20.14.48:020][  0]LogConfig: Setting CVar [[r.SSS.Scale:1]]
[2021.12.15-20.14.48:020][  0]LogConfig: Setting CVar [[r.SSS.SampleSet:2]]
[2021.12.15-20.14.48:020][  0]LogConfig: Setting CVar [[r.SSS.Quality:1]]
[2021.12.15-20.14.48:020][  0]LogConfig: Setting CVar [[r.SSS.HalfRes:0]]
[2021.12.15-20.14.48:020][  0]LogConfig: Setting CVar [[r.SSGI.Quality:3]]
[2021.12.15-20.14.48:020][  0]LogConfig: Setting CVar [[r.EmitterSpawnRateScale:1.0]]
[2021.12.15-20.14.48:020][  0]LogConfig: Setting CVar [[r.ParticleLightQuality:2]]
[2021.12.15-20.14.48:020][  0]LogConfig: Setting CVar [[r.SkyAtmosphere.AerialPerspectiveLUT.FastApplyOnOpaque:1 ; Always have FastSkyLUT 1 in this case to avoid wrong sky]]
[2021.12.15-20.14.48:020][  0]LogConfig: Setting CVar [[r.SkyAtmosphere.AerialPerspectiveLUT.SampleCountMaxPerSlice:4]]
[2021.12.15-20.14.48:020][  0]LogConfig: Setting CVar [[r.SkyAtmosphere.AerialPerspectiveLUT.DepthResolution:16.0]]
[2021.12.15-20.14.48:020][  0]LogConfig: Setting CVar [[r.SkyAtmosphere.FastSkyLUT:1]]
[2021.12.15-20.14.48:020][  0]LogConfig: Setting CVar [[r.SkyAtmosphere.FastSkyLUT.SampleCountMin:4.0]]
[2021.12.15-20.14.48:020][  0]LogConfig: Setting CVar [[r.SkyAtmosphere.FastSkyLUT.SampleCountMax:128.0]]
[2021.12.15-20.14.48:020][  0]LogConfig: Setting CVar [[r.SkyAtmosphere.SampleCountMin:4.0]]
[2021.12.15-20.14.48:020][  0]LogConfig: Setting CVar [[r.SkyAtmosphere.SampleCountMax:128.0]]
[2021.12.15-20.14.48:020][  0]LogConfig: Setting CVar [[r.SkyAtmosphere.TransmittanceLUT.UseSmallFormat:0]]
[2021.12.15-20.14.48:020][  0]LogConfig: Setting CVar [[r.SkyAtmosphere.TransmittanceLUT.SampleCount:10.0]]
[2021.12.15-20.14.48:020][  0]LogConfig: Setting CVar [[r.SkyAtmosphere.MultiScatteringLUT.SampleCount:15.0]]
[2021.12.15-20.14.48:020][  0]LogConfig: Setting CVar [[r.SkyLight.RealTimeReflectionCapture:1]]
[2021.12.15-20.14.48:020][  0]LogConfig: Applying CVar settings from Section [FoliageQuality@3] File [C:/Users/punna/Documents/GitHub/totemofearth/TotemsOfEarth/Saved/Config/Windows/Scalability.ini]
[2021.12.15-20.14.48:020][  0]LogConfig: Setting CVar [[foliage.DensityScale:1.0]]
[2021.12.15-20.14.48:020][  0]LogConfig: Setting CVar [[grass.DensityScale:1.0]]
[2021.12.15-20.14.48:020][  0]LogConfig: Applying CVar settings from Section [ShadingQuality@3] File [C:/Users/punna/Documents/GitHub/totemofearth/TotemsOfEarth/Saved/Config/Windows/Scalability.ini]
[2021.12.15-20.14.48:020][  0]LogConfig: Setting CVar [[r.HairStrands.SkyLighting.IntegrationType:2]]
[2021.12.15-20.14.48:020][  0]LogConfig: Setting CVar [[r.HairStrands.SkyAO.SampleCount:4]]
[2021.12.15-20.14.48:020][  0]LogConfig: Setting CVar [[r.HairStrands.Visibility.MSAA.SamplePerPixel:4]]
[2021.12.15-20.14.48:020][  0]LogInit: Selected Device Profile: [Windows]
[2021.12.15-20.14.48:020][  0]LogInit: Applying CVar settings loaded from the selected device profile: [Windows]
[2021.12.15-20.14.48:020][  0]LogHAL: Display: Platform has ~ 16 GB [17102860288 / 17179869184 / 16], which maps to Larger [LargestMinGB=32, LargerMinGB=12, DefaultMinGB=8, SmallerMinGB=6, SmallestMinGB=0)
[2021.12.15-20.14.48:020][  0]LogInit: Going up to parent DeviceProfile []
[2021.12.15-20.14.48:020][  0]LogConfig: Applying CVar settings from Section [ViewDistanceQuality@3] File [C:/Users/punna/Documents/GitHub/totemofearth/TotemsOfEarth/Saved/Config/Windows/Scalability.ini]
[2021.12.15-20.14.48:020][  0]LogConfig: Setting CVar [[r.SkeletalMeshLODBias:0]]
[2021.12.15-20.14.48:020][  0]LogConfig: Setting CVar [[r.ViewDistanceScale:1.0]]
[2021.12.15-20.14.48:020][  0]LogConfig: Applying CVar settings from Section [AntiAliasingQuality@3] File [C:/Users/punna/Documents/GitHub/totemofearth/TotemsOfEarth/Saved/Config/Windows/Scalability.ini]
[2021.12.15-20.14.48:020][  0]LogConfig: Setting CVar [[r.PostProcessAAQuality:4]]
[2021.12.15-20.14.48:020][  0]LogConfig: Applying CVar settings from Section [ShadowQuality@3] File [C:/Users/punna/Documents/GitHub/totemofearth/TotemsOfEarth/Saved/Config/Windows/Scalability.ini]
[2021.12.15-20.14.48:020][  0]LogConfig: Setting CVar [[r.LightFunctionQuality:1]]
[2021.12.15-20.14.48:020][  0]LogConfig: Setting CVar [[r.ShadowQuality:5]]
[2021.12.15-20.14.48:020][  0]LogConfig: Setting CVar [[r.Shadow.CSM.MaxCascades:10]]
[2021.12.15-20.14.48:020][  0]LogConfig: Setting CVar [[r.Shadow.MaxResolution:2048]]
[2021.12.15-20.14.48:020][  0]LogConfig: Setting CVar [[r.Shadow.MaxCSMResolution:2048]]
[2021.12.15-20.14.48:020][  0]LogConfig: Setting CVar [[r.Shadow.RadiusThreshold:0.01]]
[2021.12.15-20.14.48:020][  0]LogConfig: Setting CVar [[r.Shadow.DistanceScale:1.0]]
[2021.12.15-20.14.48:020][  0]LogConfig: Setting CVar [[r.Shadow.CSM.TransitionScale:1.0]]
[2021.12.15-20.14.48:020][  0]LogConfig: Setting CVar [[r.Shadow.PreShadowResolutionFactor:1.0]]
[2021.12.15-20.14.48:020][  0]LogConfig: Setting CVar [[r.DistanceFieldShadowing:1]]
[2021.12.15-20.14.48:020][  0]LogConfig: Setting CVar [[r.DistanceFieldAO:1]]
[2021.12.15-20.14.48:020][  0]LogConfig: Setting CVar [[r.AOQuality:2]]
[2021.12.15-20.14.48:020][  0]LogConfig: Setting CVar [[r.VolumetricFog:1]]
[2021.12.15-20.14.48:020][  0]LogConfig: Setting CVar [[r.VolumetricFog.GridPixelSize:8]]
[2021.12.15-20.14.48:020][  0]LogConfig: Setting CVar [[r.VolumetricFog.GridSizeZ:128]]
[2021.12.15-20.14.48:020][  0]LogConfig: Setting CVar [[r.VolumetricFog.HistoryMissSupersampleCount:4]]
[2021.12.15-20.14.48:020][  0]LogConfig: Setting CVar [[r.LightMaxDrawDistanceScale:1]]
[2021.12.15-20.14.48:020][  0]LogConfig: Setting CVar [[r.CapsuleShadows:1]]
[2021.12.15-20.14.48:020][  0]LogConfig: Applying CVar settings from Section [PostProcessQuality@3] File [C:/Users/punna/Documents/GitHub/totemofearth/TotemsOfEarth/Saved/Config/Windows/Scalability.ini]
[2021.12.15-20.14.48:020][  0]LogConfig: Setting CVar [[r.MotionBlurQuality:4]]
[2021.12.15-20.14.48:020][  0]LogConfig: Setting CVar [[r.AmbientOcclusionMipLevelFactor:0.4]]
[2021.12.15-20.14.48:020][  0]LogConfig: Setting CVar [[r.AmbientOcclusionMaxQuality:100]]
[2021.12.15-20.14.48:020][  0]LogConfig: Setting CVar [[r.AmbientOcclusionLevels:-1]]
[2021.12.15-20.14.48:020][  0]LogConfig: Setting CVar [[r.AmbientOcclusionRadiusScale:1.0]]
[2021.12.15-20.14.48:020][  0]LogConfig: Setting CVar [[r.DepthOfFieldQuality:2]]
[2021.12.15-20.14.48:020][  0]LogConfig: Setting CVar [[r.RenderTargetPoolMin:400]]
[2021.12.15-20.14.48:020][  0]LogConfig: Setting CVar [[r.LensFlareQuality:2]]
[2021.12.15-20.14.48:020][  0]LogConfig: Setting CVar [[r.SceneColorFringeQuality:1]]
[2021.12.15-20.14.48:020][  0]LogConfig: Setting CVar [[r.EyeAdaptationQuality:2]]
[2021.12.15-20.14.48:020][  0]LogConfig: Setting CVar [[r.BloomQuality:5]]
[2021.12.15-20.14.48:020][  0]LogConfig: Setting CVar [[r.FastBlurThreshold:100]]
[2021.12.15-20.14.48:020][  0]LogConfig: Setting CVar [[r.Upscale.Quality:3]]
[2021.12.15-20.14.48:020][  0]LogConfig: Setting CVar [[r.Tonemapper.GrainQuantization:1]]
[2021.12.15-20.14.48:020][  0]LogConfig: Setting CVar [[r.LightShaftQuality:1]]
[2021.12.15-20.14.48:020][  0]LogConfig: Setting CVar [[r.Filter.SizeScale:1]]
[2021.12.15-20.14.48:020][  0]LogConfig: Setting CVar [[r.Tonemapper.Quality:5]]
[2021.12.15-20.14.48:020][  0]LogConfig: Setting CVar [[r.DOF.Gather.AccumulatorQuality:1        ; higher gathering accumulator quality]]
[2021.12.15-20.14.48:020][  0]LogConfig: Setting CVar [[r.DOF.Gather.PostfilterMethod:1          ; Median3x3 postfilering method]]
[2021.12.15-20.14.48:020][  0]LogConfig: Setting CVar [[r.DOF.Gather.EnableBokehSettings:0       ; no bokeh simulation when gathering]]
[2021.12.15-20.14.48:020][  0]LogConfig: Setting CVar [[r.DOF.Gather.RingCount:4                 ; medium number of samples when gathering]]
[2021.12.15-20.14.48:020][  0]LogConfig: Setting CVar [[r.DOF.Scatter.ForegroundCompositing:1    ; additive foreground scattering]]
[2021.12.15-20.14.48:020][  0]LogConfig: Setting CVar [[r.DOF.Scatter.BackgroundCompositing:2    ; additive background scattering]]
[2021.12.15-20.14.48:020][  0]LogConfig: Setting CVar [[r.DOF.Scatter.EnableBokehSettings:1      ; bokeh simulation when scattering]]
[2021.12.15-20.14.48:020][  0]LogConfig: Setting CVar [[r.DOF.Scatter.MaxSpriteRatio:0.1         ; only a maximum of 10% of scattered bokeh]]
[2021.12.15-20.14.48:021][  0]LogConfig: Setting CVar [[r.DOF.Recombine.Quality:1                ; cheap slight out of focus]]
[2021.12.15-20.14.48:021][  0]LogConfig: Setting CVar [[r.DOF.Recombine.EnableBokehSettings:0    ; no bokeh simulation on slight out of focus]]
[2021.12.15-20.14.48:021][  0]LogConfig: Setting CVar [[r.DOF.TemporalAAQuality:1                ; more stable temporal accumulation]]
[2021.12.15-20.14.48:021][  0]LogConfig: Setting CVar [[r.DOF.Kernel.MaxForegroundRadius:0.025]]
[2021.12.15-20.14.48:021][  0]LogConfig: Setting CVar [[r.DOF.Kernel.MaxBackgroundRadius:0.025]]
[2021.12.15-20.14.48:021][  0]LogConfig: Applying CVar settings from Section [TextureQuality@3] File [C:/Users/punna/Documents/GitHub/totemofearth/TotemsOfEarth/Saved/Config/Windows/Scalability.ini]
[2021.12.15-20.14.48:021][  0]LogConfig: Setting CVar [[r.Streaming.MipBias:0]]
[2021.12.15-20.14.48:021][  0]LogConfig: Setting CVar [[r.Streaming.AmortizeCPUToGPUCopy:0]]
[2021.12.15-20.14.48:021][  0]LogConfig: Setting CVar [[r.Streaming.MaxNumTexturesToStreamPerFrame:0]]
[2021.12.15-20.14.48:021][  0]LogConfig: Setting CVar [[r.Streaming.Boost:1]]
[2021.12.15-20.14.48:021][  0]LogConfig: Setting CVar [[r.MaxAnisotropy:8]]
[2021.12.15-20.14.48:021][  0]LogConfig: Setting CVar [[r.VT.MaxAnisotropy:8]]
[2021.12.15-20.14.48:021][  0]LogConfig: Setting CVar [[r.Streaming.LimitPoolSizeToVRAM:0]]
[2021.12.15-20.14.48:021][  0]LogConfig: Setting CVar [[r.Streaming.PoolSize:1000]]
[2021.12.15-20.14.48:021][  0]LogConfig: Setting CVar [[r.Streaming.MaxEffectiveScreenSize:0]]
[2021.12.15-20.14.48:021][  0]LogConfig: Applying CVar settings from Section [EffectsQuality@3] File [C:/Users/punna/Documents/GitHub/totemofearth/TotemsOfEarth/Saved/Config/Windows/Scalability.ini]
[2021.12.15-20.14.48:021][  0]LogConfig: Setting CVar [[r.TranslucencyLightingVolumeDim:64]]
[2021.12.15-20.14.48:021][  0]LogConfig: Setting CVar [[r.RefractionQuality:2]]
[2021.12.15-20.14.48:021][  0]LogConfig: Setting CVar [[r.SSR.Quality:3]]
[2021.12.15-20.14.48:021][  0]LogConfig: Setting CVar [[r.SSR.HalfResSceneColor:0]]
[2021.12.15-20.14.48:021][  0]LogConfig: Setting CVar [[r.SceneColorFormat:4]]
[2021.12.15-20.14.48:021][  0]LogConfig: Setting CVar [[r.DetailMode:2]]
[2021.12.15-20.14.48:021][  0]LogConfig: Setting CVar [[r.TranslucencyVolumeBlur:1]]
[2021.12.15-20.14.48:021][  0]LogConfig: Setting CVar [[r.MaterialQualityLevel:1 ; High quality]]
[2021.12.15-20.14.48:021][  0]LogConfig: Setting CVar [[r.AnisotropicMaterials:1]]
[2021.12.15-20.14.48:021][  0]LogConfig: Setting CVar [[r.SSS.Scale:1]]
[2021.12.15-20.14.48:021][  0]LogConfig: Setting CVar [[r.SSS.SampleSet:2]]
[2021.12.15-20.14.48:021][  0]LogConfig: Setting CVar [[r.SSS.Quality:1]]
[2021.12.15-20.14.48:021][  0]LogConfig: Setting CVar [[r.SSS.HalfRes:0]]
[2021.12.15-20.14.48:021][  0]LogConfig: Setting CVar [[r.SSGI.Quality:3]]
[2021.12.15-20.14.48:021][  0]LogConfig: Setting CVar [[r.EmitterSpawnRateScale:1.0]]
[2021.12.15-20.14.48:021][  0]LogConfig: Setting CVar [[r.ParticleLightQuality:2]]
[2021.12.15-20.14.48:021][  0]LogConfig: Setting CVar [[r.SkyAtmosphere.AerialPerspectiveLUT.FastApplyOnOpaque:1 ; Always have FastSkyLUT 1 in this case to avoid wrong sky]]
[2021.12.15-20.14.48:021][  0]LogConfig: Setting CVar [[r.SkyAtmosphere.AerialPerspectiveLUT.SampleCountMaxPerSlice:4]]
[2021.12.15-20.14.48:021][  0]LogConfig: Setting CVar [[r.SkyAtmosphere.AerialPerspectiveLUT.DepthResolution:16.0]]
[2021.12.15-20.14.48:021][  0]LogConfig: Setting CVar [[r.SkyAtmosphere.FastSkyLUT:1]]
[2021.12.15-20.14.48:021][  0]LogConfig: Setting CVar [[r.SkyAtmosphere.FastSkyLUT.SampleCountMin:4.0]]
[2021.12.15-20.14.48:021][  0]LogConfig: Setting CVar [[r.SkyAtmosphere.FastSkyLUT.SampleCountMax:128.0]]
[2021.12.15-20.14.48:021][  0]LogConfig: Setting CVar [[r.SkyAtmosphere.SampleCountMin:4.0]]
[2021.12.15-20.14.48:021][  0]LogConfig: Setting CVar [[r.SkyAtmosphere.SampleCountMax:128.0]]
[2021.12.15-20.14.48:021][  0]LogConfig: Setting CVar [[r.SkyAtmosphere.TransmittanceLUT.UseSmallFormat:0]]
[2021.12.15-20.14.48:021][  0]LogConfig: Setting CVar [[r.SkyAtmosphere.TransmittanceLUT.SampleCount:10.0]]
[2021.12.15-20.14.48:021][  0]LogConfig: Setting CVar [[r.SkyAtmosphere.MultiScatteringLUT.SampleCount:15.0]]
[2021.12.15-20.14.48:021][  0]LogConfig: Setting CVar [[r.SkyLight.RealTimeReflectionCapture:1]]
[2021.12.15-20.14.48:021][  0]LogConfig: Applying CVar settings from Section [FoliageQuality@3] File [C:/Users/punna/Documents/GitHub/totemofearth/TotemsOfEarth/Saved/Config/Windows/Scalability.ini]
[2021.12.15-20.14.48:021][  0]LogConfig: Setting CVar [[foliage.DensityScale:1.0]]
[2021.12.15-20.14.48:021][  0]LogConfig: Setting CVar [[grass.DensityScale:1.0]]
[2021.12.15-20.14.48:021][  0]LogConfig: Applying CVar settings from Section [ShadingQuality@3] File [C:/Users/punna/Documents/GitHub/totemofearth/TotemsOfEarth/Saved/Config/Windows/Scalability.ini]
[2021.12.15-20.14.48:021][  0]LogConfig: Setting CVar [[r.HairStrands.SkyLighting.IntegrationType:2]]
[2021.12.15-20.14.48:021][  0]LogConfig: Setting CVar [[r.HairStrands.SkyAO.SampleCount:4]]
[2021.12.15-20.14.48:021][  0]LogConfig: Setting CVar [[r.HairStrands.Visibility.MSAA.SamplePerPixel:4]]
[2021.12.15-20.14.48:021][  0]LogConfig: Applying CVar settings from Section [Startup] File [../../../Engine/Config/ConsoleVariables.ini]
[2021.12.15-20.14.48:021][  0]LogConfig: Setting CVar [[net.UseAdaptiveNetUpdateFrequency:0]]
[2021.12.15-20.14.48:021][  0]LogConfig: Setting CVar [[p.chaos.AllowCreatePhysxBodies:1]]
[2021.12.15-20.14.48:021][  0]LogConfig: Setting CVar [[fx.SkipVectorVMBackendOptimizations:1]]
[2021.12.15-20.14.48:021][  0]LogConfig: Applying CVar settings from Section [ConsoleVariables] File [C:/Users/punna/Documents/GitHub/totemofearth/TotemsOfEarth/Saved/Config/Windows/Engine.ini]
[2021.12.15-20.14.48:021][  0]LogConfig: Applying CVar settings from Section [ConsoleVariables] File [C:/Users/punna/Documents/GitHub/totemofearth/TotemsOfEarth/Saved/Config/Windows/Editor.ini]
[2021.12.15-20.14.48:021][  0]LogInit: Computer: DESKTOP-8EPG0SH
[2021.12.15-20.14.48:021][  0]LogInit: User: punna
[2021.12.15-20.14.48:021][  0]LogInit: CPU Page size=4096, Cores=8
[2021.12.15-20.14.48:021][  0]LogInit: High frequency timer resolution =10.000000 MHz
[2021.12.15-20.14.48:021][  0]LogMemory: Memory total: Physical=15.9GB (16GB approx)
[2021.12.15-20.14.48:021][  0]LogMemory: Platform Memory Stats for Windows
[2021.12.15-20.14.48:021][  0]LogMemory: Process Physical Memory: 147.12 MB used, 147.12 MB peak
[2021.12.15-20.14.48:021][  0]LogMemory: Process Virtual Memory: 131.10 MB used, 131.10 MB peak
[2021.12.15-20.14.48:021][  0]LogMemory: Physical Memory: 10465.22 MB used,  5845.34 MB free, 16310.56 MB total
[2021.12.15-20.14.48:021][  0]LogMemory: Virtual Memory: 134213520.00 MB used,  4211.52 MB free, 134217728.00 MB total
[2021.12.15-20.14.48:025][  0]LogWindows: WindowsPlatformFeatures enabled
[2021.12.15-20.14.48:053][  0]LogInit: Physics initialised using underlying interface: PhysX
[2021.12.15-20.14.48:053][  0]LogInit: Using OS detected language (en-US).
[2021.12.15-20.14.48:053][  0]LogInit: Using OS detected locale (th-TH).
[2021.12.15-20.14.48:055][  0]LogTextLocalizationManager: No specific localization for 'en-US' exists, so the 'en' localization will be used.
[2021.12.15-20.14.48:056][  0]LogTextLocalizationManager: No localization for 'th-TH' exists, so 'en' will be used for the locale.
[2021.12.15-20.14.48:239][  0]LogWindowsTextInputMethodSystem: Display: IME system deactivated.
[2021.12.15-20.14.48:252][  0]LogSlate: New Slate User Created.  User Index 0, Is Virtual User: 0
[2021.12.15-20.14.48:253][  0]LogSlate: Slate User Registered.  User Index 0, Is Virtual User: 0
[2021.12.15-20.14.48:264][  0]LogD3D11RHI: Loaded GFSDK_Aftermath_Lib.x64.dll
[2021.12.15-20.14.48:266][  0]LogHMD: Failed to initialize OpenVR with code 110
[2021.12.15-20.14.48:266][  0]LogD3D11RHI: D3D11 min allowed feature level: 11_0
[2021.12.15-20.14.48:266][  0]LogD3D11RHI: D3D11 max allowed feature level: 11_0
[2021.12.15-20.14.48:266][  0]LogD3D11RHI: D3D11 adapters:
[2021.12.15-20.14.48:349][  0]LogD3D11RHI:    0. 'NVIDIA GeForce RTX 3060' (Feature Level 11_0)
[2021.12.15-20.14.48:349][  0]LogD3D11RHI:       12143/0/8155 MB DedicatedVideo/DedicatedSystem/SharedSystem, Outputs:1, VendorId:0x10de
[2021.12.15-20.14.48:350][  0]LogD3D11RHI:    1. 'Microsoft Basic Render Driver' (Feature Level 11_0)
[2021.12.15-20.14.48:350][  0]LogD3D11RHI:       0/0/8155 MB DedicatedVideo/DedicatedSystem/SharedSystem, Outputs:0, VendorId:0x1414
[2021.12.15-20.14.48:350][  0]LogD3D11RHI: Chosen D3D11 Adapter:
[2021.12.15-20.14.48:350][  0]LogD3D11RHI:     Description : NVIDIA GeForce RTX 3060
[2021.12.15-20.14.48:351][  0]LogD3D11RHI:     VendorId    : 10de
[2021.12.15-20.14.48:351][  0]LogD3D11RHI:     DeviceId    : 2504
[2021.12.15-20.14.48:351][  0]LogD3D11RHI:     SubSysId    : 153610de
[2021.12.15-20.14.48:351][  0]LogD3D11RHI:     Revision    : 00a1
[2021.12.15-20.14.48:351][  0]LogD3D11RHI:     DedicatedVideoMemory : 12732858368 bytes
[2021.12.15-20.14.48:351][  0]LogD3D11RHI:     DedicatedSystemMemory : 0 bytes
[2021.12.15-20.14.48:351][  0]LogD3D11RHI:     SharedSystemMemory : 8551430144 bytes
[2021.12.15-20.14.48:351][  0]LogD3D11RHI:     AdapterLuid : 0 39402
[2021.12.15-20.14.48:358][  0]LogD3D11RHI: Creating new Direct3DDevice
[2021.12.15-20.14.48:358][  0]LogD3D11RHI:     GPU DeviceId: 0x2504 (for the marketing name, search the web for "GPU Device Id")
[2021.12.15-20.14.48:358][  0]LogWindows: EnumDisplayDevices:
[2021.12.15-20.14.48:358][  0]LogWindows:    0. 'NVIDIA GeForce RTX 3060' (P:1 D:1)
[2021.12.15-20.14.48:358][  0]LogWindows:    1. 'NVIDIA GeForce RTX 3060' (P:0 D:0)
[2021.12.15-20.14.48:359][  0]LogWindows:    2. 'NVIDIA GeForce RTX 3060' (P:0 D:0)
[2021.12.15-20.14.48:359][  0]LogWindows:    3. 'NVIDIA GeForce RTX 3060' (P:0 D:0)
[2021.12.15-20.14.48:359][  0]LogWindows: DebugString: FoundDriverCount:4 
[2021.12.15-20.14.48:359][  0]LogD3D11RHI:     Adapter Name: NVIDIA GeForce RTX 3060
[2021.12.15-20.14.48:359][  0]LogD3D11RHI:   Driver Version: 497.09 (internal:30.0.14.9709, unified:497.09)
[2021.12.15-20.14.48:359][  0]LogD3D11RHI:      Driver Date: 11-26-2021
[2021.12.15-20.14.48:359][  0]LogRHI: Texture pool is 8500 MB (70% of 12143 MB)
[2021.12.15-20.14.48:359][  0]LogD3D11RHI: Creating D3DDevice using adapter:
[2021.12.15-20.14.48:359][  0]LogD3D11RHI:     Description : NVIDIA GeForce RTX 3060
[2021.12.15-20.14.48:359][  0]LogD3D11RHI:     VendorId    : 10de
[2021.12.15-20.14.48:359][  0]LogD3D11RHI:     DeviceId    : 2504
[2021.12.15-20.14.48:359][  0]LogD3D11RHI:     SubSysId    : 153610de
[2021.12.15-20.14.48:359][  0]LogD3D11RHI:     Revision    : 00a1
[2021.12.15-20.14.48:359][  0]LogD3D11RHI:     DedicatedVideoMemory : 12732858368 bytes
[2021.12.15-20.14.48:359][  0]LogD3D11RHI:     DedicatedSystemMemory : 0 bytes
[2021.12.15-20.14.48:359][  0]LogD3D11RHI:     SharedSystemMemory : 8551430144 bytes
[2021.12.15-20.14.48:359][  0]LogD3D11RHI:     AdapterLuid : 0 39402
[2021.12.15-20.14.48:412][  0]LogD3D11RHI: RHI has support for 64 bit atomics
[2021.12.15-20.14.48:412][  0]LogD3D11RHI: Async texture creation enabled
[2021.12.15-20.14.48:412][  0]LogD3D11RHI: Array index from any shader is supported
[2021.12.15-20.14.48:432][  0]LogD3D11RHI: GPU Timing Frequency: 1000.000000 (Debug: 2 1)
[2021.12.15-20.14.48:453][  0]LogRHI: GeForceNow SDK initialized: 1
[2021.12.15-20.14.48:666][  0]LogTargetPlatformManager: Display: Loaded TargetPlatform 'WindowsNoEditor'
[2021.12.15-20.14.48:669][  0]LogTargetPlatformManager: Display: Loaded TargetPlatform 'Windows'
[2021.12.15-20.14.48:672][  0]LogTargetPlatformManager: Display: Loaded TargetPlatform 'WindowsClient'
[2021.12.15-20.14.48:675][  0]LogTargetPlatformManager: Display: Loaded TargetPlatform 'WindowsServer'
[2021.12.15-20.14.48:675][  0]LogTargetPlatformManager: Display: Building Assets For Windows
[2021.12.15-20.14.48:679][  0]LogAudioDebug: Display: Lib vorbis DLL was dynamically loaded.
[2021.12.15-20.14.48:697][  0]LogTextureFormatOodle: Display: Oodle Texture 2.9.0 init RDO Off
[2021.12.15-20.14.48:717][  0]LogRendererCore: Ray tracing is disabled. Reason: r.RayTracing=0.
[2021.12.15-20.14.48:717][  0]LogShaderCompilers: Guid format shader working directory is -13 characters bigger than the processId version (C:/Users/punna/Documents/GitHub/totemofearth/TotemsOfEarth/Intermediate/Shaders/WorkingDirectory/17708/).
[2021.12.15-20.14.48:717][  0]LogShaderCompilers: Cleaned the shader compiler working directory 'C:/Users/punna/AppData/Local/Temp/UnrealShaderWorkingDir/553D3421490150F17B3CF48110920159/'.
[2021.12.15-20.14.48:717][  0]LogXGEController: Cannot use XGE Controller as Incredibuild is not installed on this machine.
[2021.12.15-20.14.48:717][  0]LogShaderCompilers: Cannot use XGE Shader Compiler as Incredibuild is not installed on this machine.
[2021.12.15-20.14.48:717][  0]LogShaderCompilers: Display: Using Local Shader Compiler.
[2021.12.15-20.14.49:308][  0]LogDerivedDataCache: Display: Max Cache Size: 512 MB
[2021.12.15-20.14.49:359][  0]LogDerivedDataCache: Loaded boot cache 0.05s 94MB C:/Users/punna/AppData/Local/UnrealEngine/4.27/DerivedDataCache/Boot.ddc.
[2021.12.15-20.14.49:359][  0]LogDerivedDataCache: Display: Loaded Boot cache: C:/Users/punna/AppData/Local/UnrealEngine/4.27/DerivedDataCache/Boot.ddc
[2021.12.15-20.14.49:359][  0]LogDerivedDataCache: FDerivedDataBackendGraph:  Pak pak cache file C:/Users/punna/Documents/GitHub/totemofearth/TotemsOfEarth/DerivedDataCache/DDC.ddp not found, will not use a pak cache.
[2021.12.15-20.14.49:359][  0]LogDerivedDataCache: Unable to find inner node Pak for hierarchical cache Hierarchy.
[2021.12.15-20.14.49:359][  0]LogDerivedDataCache: FDerivedDataBackendGraph:  CompressedPak pak cache file C:/Users/punna/Documents/GitHub/totemofearth/TotemsOfEarth/DerivedDataCache/Compressed.ddp not found, will not use a pak cache.
[2021.12.15-20.14.49:359][  0]LogDerivedDataCache: Unable to find inner node CompressedPak for hierarchical cache Hierarchy.
[2021.12.15-20.14.49:375][  0]LogDerivedDataCache: Display: Pak cache opened for reading ../../../Engine/DerivedDataCache/Compressed.ddp.
[2021.12.15-20.14.49:376][  0]LogDerivedDataCache: FDerivedDataBackendGraph:  EnterprisePak pak cache file ../../../Enterprise/DerivedDataCache/Compressed.ddp not found, will not use a pak cache.
[2021.12.15-20.14.49:376][  0]LogDerivedDataCache: Unable to find inner node EnterprisePak for hierarchical cache Hierarchy.
[2021.12.15-20.14.49:416][  0]LogDerivedDataCache: Speed tests for C:/Users/punna/AppData/Local/UnrealEngine/Common/DerivedDataCache took 0.04 seconds
[2021.12.15-20.14.49:416][  0]LogDerivedDataCache: Display: Performance to C:/Users/punna/AppData/Local/UnrealEngine/Common/DerivedDataCache: Latency=0.03ms. RandomReadSpeed=1700.86MBs, RandomWriteSpeed=23.39MBs. Assigned SpeedClass 'Local'
[2021.12.15-20.14.49:417][  0]LogDerivedDataCache: Using Local data cache path C:/Users/punna/AppData/Local/UnrealEngine/Common/DerivedDataCache: Writable
[2021.12.15-20.14.49:417][  0]LogDerivedDataCache: Shared data cache path not found in *engine.ini, will not use an Shared cache.
[2021.12.15-20.14.49:417][  0]LogDerivedDataCache: Unable to find inner node Shared for hierarchical cache Hierarchy.
[2021.12.15-20.14.49:449][  0]LogSlate: Using FreeType 2.10.0
[2021.12.15-20.14.49:450][  0]LogSlate: SlateFontServices - WITH_FREETYPE: 1, WITH_HARFBUZZ: 1
[2021.12.15-20.14.49:507][  0]LogInit: Using OS detected language (en-US).
[2021.12.15-20.14.49:507][  0]LogInit: Using OS detected locale (th-TH).
[2021.12.15-20.14.49:508][  0]LogTextLocalizationManager: No localization for 'en-US' exists, so 'en' will be used for the language.
[2021.12.15-20.14.49:508][  0]LogTextLocalizationManager: No localization for 'th-TH' exists, so 'en' will be used for the locale.
[2021.12.15-20.14.49:511][  0]LogTextLocalizationManager: Compacting localization data took   0.00ms
[2021.12.15-20.14.49:511][  0]LogAssetRegistry: FAssetRegistry took 0.0022 seconds to start up
[2021.12.15-20.14.49:646][  0]LogPackageLocalizationCache: Processed 27 localized package path(s) for 1 prioritized culture(s) in 0.000843 seconds
[2021.12.15-20.14.49:701][  0]LogInit: Selected Device Profile: [Windows]
[2021.12.15-20.14.49:701][  0]LogInit: Active device profile: [0000029A4096DB00][0000029A35EFB000 49] Windows
[2021.12.15-20.14.49:701][  0]LogInit: Profiles: [0000029A4096DB00][0000029A35EFB000 49] Windows, [0000029A40937200][0000029A35F03180 49] WindowsNoEditor, [0000029A4096F900][0000029A35F07300 49] WindowsServer, [0000029A40934A00][0000029A36783480 49] WindowsClient, [0000029A4096CB00][0000029A35EFF5C0 49] IOS, [0000029A40936A00][0000029A36787700 49] iPadAir, [0000029A4096F300][0000029A3678B840 49] iPadAir2, [0000029A408DD300][0000029A36797B00 49] IPadPro, [0000029A408DD400][0000029A36793B40 49] iPadAir3, [0000029A40935B00][0000029A3679A140 49] iPadAir4, [0000029A408DFA00][0000029A362062C0 49] iPadMini2, [0000029A40936600][0000029A3620A440 49] iPadMini3, [0000029A408DFF00][0000029A3620E5C0 49] iPadMini4, [0000029A40937700][0000029A36212740 49] iPadMini5, [0000029A408F9000][0000029A3621AA00 49] iPhone6, [0000029A408F9100][0000029A36216A40 49] iPodTouch6, [0000029A4096F500][0000029A36222D00 49] iPhone7, [0000029A4096F400][0000029A3621ED40 49] iPodTouch7, [0000029A408F8100][0000029A36226EC0 49] iPhone5S, [0000029A408DC700][0000029A3622B040 49] iPhone6Plus, [0000029A408FAF00][0000029A3622F1C0 49] iPhone6S, [0000029A408DDA00][0000029A36233340 49] iPhone6SPlus, [0000029A408F8A00][0000029A362374C0 49] iPhone7Plus, [0000029A408DFE00][0000029A3623B640 49] iPhoneSE, [0000029A4096C200][0000029A3678F780 49] iPhone8, [0000029A408DC600][0000029A3623F8C0 49] iPhone8Plus, [0000029A4096E400][0000029A36243A00 49] iPhoneX, [0000029A408DEF00][0000029A36247B40 49] iPhoneXS, [0000029A4096E100][0000029A3624E140 49] iPhoneXSMax, [0000029A408DF400][0000029A40D822C0 49] iPhoneXR, [0000029A4096C900][0000029A40D86440 49] iPhone11, [0000029A408DE500][0000029A40D8A5C0 49] iPhone11Pro, [0000029A4096D800][0000029A40D8E740 49] iPhone11ProMax, [0000029A408DE600][0000029A40D928C0 49] iPhoneSE2, [0000029A4096CF00][0000029A40D96A40 49] iPhone12Mini, [0000029A408DED00][0000029A40D9ABC0 49] iPhone12, [0000029A4096E800][0000029A40D9ED40 49] iPhone12Pro, [0000029A408DC500][0000029A40DA2EC0 49] iPhone12ProMax, [0000029A4096D100][0000029A40DA7040 49] iPadPro105, [0000029A408DDE00][0000029A40DAB1C0 49] iPadPro129, [0000029A4096CE00][0000029A40DAF340 49] iPadPro97, [0000029A408DEA00][0000029A40DB34C0 49] iPadPro2_129, [0000029A4096D000][0000029A40DB7640 49] iPad5, [0000029A408DC400][0000029A40DBB7C0 49] iPad6, [0000029A4096FF00][0000029A3624B900 49] iPad7, [0000029A408DFD00][0000029A40DBFA40 49] iPad8, [0000029A4096E700][0000029A40DC3B80 49] iPadPro11, [0000029A408DF000][0000029A40DC6140 49] iPadPro2_11, [0000029A4096FA00][0000029A40DCE2C0 49] iPadPro3_129, [0000029A408DF700][0000029A40DD2440 49] iPadPro4_129, [0000029A4096D400][0000029A40DD65C0 49] AppleTV, [0000029A408DEB00][0000029A40DDA740 49] AppleTV4K, [0000029A4096CD00][0000029A40DDE8C0 49] TVOS, [0000029A408DE100][0000029A40DE2A40 49] Mac, [0000029A4096C300][0000029A40DE6BC0 49] MacClient, [0000029A408DD000][0000029A40DEAD40 49] MacNoEditor, [0000029A4096C800][0000029A40DEEEC0 49] MacServer, [0000029A408DE900][0000029A40DF3040 49] Linux, [0000029A4096FB00][0000029A40DF71C0 49] LinuxAArch64, [0000029A408DE400][0000029A40DFB340 49] LinuxNoEditor, [0000029A4096F600][0000029A40DFF4C0 49] LinuxAArch64NoEditor, [0000029A408DCC00][0000029A40E03640 49] LinuxClient, [0000029A4096FD00][0000029A40E077C0 49] LinuxAArch64Client, [0000029A408DFB00][0000029A40E0B940 49] LinuxServer, [0000029A4096F800][0000029A40E0FAC0 49] LinuxAArch64Server, [0000029A408DF200][0000029A40DCBC00 49] Android, [0000029A4096D300][0000029A40E121C0 49] Android_Low, [0000029A408DDB00][0000029A40E16300 49] Android_Mid, [0000029A4096C400][0000029A40E1E480 49] Android_High, [0000029A408DE800][0000029A40E22600 49] Android_Default, [0000029A4096E000][0000029A40E26780 49] Android_Adreno4xx, [0000029A409B4200][0000029A40E2A900 49] Android_Adreno5xx_Low, [0000029A4096EB00][0000029A40E2EA80 49] Android_Adreno5xx, [0000029A40935400][0000029A40E32C00 49] Android_Adreno6xx, [0000029A408FB900][0000029A40E36D80 49] Android_Adreno6xx_Vulkan, [0000029A40936F00][0000029A40E3AF00 49] Android_Mali_T6xx, [0000029A408F8C00][0000029A40E3F080 49] Android_Mali_T7xx, [0000029A40935200][0000029A40E43200 49] Android_Mali_T8xx, [0000029A408F9400][0000029A40E47380 49] Android_Mali_G71, [0000029A40934500][0000029A40E4B500 49] Android_Mali_G72, [0000029A408F9900][0000029A40E4F680 49] Android_Mali_G72_Vulkan, [0000029A40937E00][0000029A40E53800 49] Android_Mali_G76, [0000029A408FA900][0000029A40E57980 49] Android_Mali_G76_Vulkan, [0000029A40935000][0000029A40E5BB00 49] Android_Mali_G77, [0000029A408F9700][0000029A40E5E100 49] Android_Mali_G77_Vulkan, [0000029A40934200][0000029A40E1A240 49] Android_Mali_G78, [0000029A408F9E00][0000029A40E62380 49] Android_Mali_G78_Vulkan, [0000029A40935600][0000029A40E664C0 49] Android_Mali_G710, [0000029A408FA100][0000029A40E6E640 49] Android_Mali_G710_Vulkan, [0000029A40934800][0000029A40E727C0 49] Android_Vulkan_SM5, [0000029A408FA400][0000029A40E76940 49] Android_PowerVR_G6xxx, [0000029A40937100][0000029A40E7AAC0 49] Android_PowerVR_GT7xxx, [0000029A408F9F00][0000029A40E7EC40 49] Android_PowerVR_GE8xxx, [0000029A40937900][0000029A40E82DC0 49] Android_PowerVR_GM9xxx, [0000029A408F9200][0000029A40E86F40 49] Android_PowerVR_GM9xxx_Vulkan, [0000029A40937300][0000029A40E8B0C0 49] Android_TegraK1, [0000029A408FBC00][0000029A40E8F240 49] Android_Unknown_Vulkan, [0000029A40934900][0000029A40E933C0 49] Lumin, [0000029A408FBF00][0000029A40E97540 49] Lumin_Desktop, [0000029A40935500][0000029A40E9B6C0 49] HoloLens, 
[2021.12.15-20.14.49:729][  0]LogMeshReduction: Using QuadricMeshReduction for automatic static mesh reduction
[2021.12.15-20.14.49:729][  0]LogMeshReduction: Using SimplygonMeshReduction for automatic skeletal mesh reduction
[2021.12.15-20.14.49:729][  0]LogMeshReduction: Using ProxyLODMeshReduction for automatic mesh merging
[2021.12.15-20.14.49:729][  0]LogMeshReduction: No distributed automatic mesh merging module available
[2021.12.15-20.14.49:729][  0]LogMeshMerging: No distributed automatic mesh merging module available
[2021.12.15-20.14.49:811][  0]LogNetVersion: TotemsOfEarth 1.0.0, NetCL: 17155196, EngineNetVer: 17, GameNetVer: 0 (Checksum: 2481923679)
[2021.12.15-20.14.50:000][  0]LogTexture: Default maximum texture size for cubemaps generated from long-lat sources has been changed from 512 to unlimited. In order to preserve old behaiour for '/Engine/MapTemplates/Sky/DaylightAmbientCubemap.DaylightAmbientCubemap', its maximum texture size has been explicitly set to 512.
[2021.12.15-20.14.50:049][  0]LogHMD: PokeAHoleMaterial loaded successfully
[2021.12.15-20.14.50:114][  0]LogMoviePlayer: Initializing movie player
[2021.12.15-20.14.50:201][  0]LogNiagaraDebuggerClient: Niagara Debugger Client Initialized | Session: 4648930D45ED0BA6286B5B84FEFAB441 | Instance: 67C27C2944B8ED45E00B118CB48A31E1 (DESKTOP-8EPG0SH-17708).
[2021.12.15-20.14.50:217][  0]LogCollectionManager: Loaded 0 collections in 0.000633 seconds
[2021.12.15-20.14.50:219][  0]LogFileCache: Scanning file cache for directory 'C:/Users/punna/Documents/GitHub/totemofearth/TotemsOfEarth/Saved/Collections/' took 0.00s
[2021.12.15-20.14.50:219][  0]LogFileCache: Scanning file cache for directory 'C:/Users/punna/Documents/GitHub/totemofearth/TotemsOfEarth/Content/Developers/punna/Collections/' took 0.00s
[2021.12.15-20.14.50:219][  0]LogFileCache: Scanning file cache for directory 'C:/Users/punna/Documents/GitHub/totemofearth/TotemsOfEarth/Content/Collections/' took 0.00s
[2021.12.15-20.14.50:219][  0]LogCollectionManager: Fixed up redirectors for 0 collections in 0.000001 seconds (updated 0 objects)
[2021.12.15-20.14.50:231][  0]LogImageWrapper: Warning: PNG Warning: Duplicate iCCP chunk
[2021.12.15-20.14.50:231][  0]LogImageWrapper: Warning: PNG Warning: Duplicate iCCP chunk
[2021.12.15-20.14.50:231][  0]LogPython: Using Python 3.7.7
[2021.12.15-20.14.50:659][  0]LogTcpMessaging: Initializing TcpMessaging bridge
[2021.12.15-20.14.50:662][  0]LogUdpMessaging: Initializing bridge on interface 0.0.0.0:0 to multicast group 230.0.0.1:6666.
[2021.12.15-20.14.50:718][  0]SourceControl: Source control is disabled
[2021.12.15-20.14.50:719][  0]SourceControl: Source control is disabled
[2021.12.15-20.14.50:726][  0]LogUProjectInfo: Found projects:
[2021.12.15-20.14.50:734][  0]SourceControl: Source control is disabled
[2021.12.15-20.14.50:778][  0]LogOpenImageDenoise: OIDN starting up
[2021.12.15-20.14.50:803][  0]LogAndroidPermission: UAndroidPermissionCallbackProxy::GetInstance
[2021.12.15-20.14.50:816][  0]LogAudioCaptureCore: Display: No Audio Capture implementations found. Audio input will be silent.
[2021.12.15-20.14.50:816][  0]LogAudioCaptureCore: Display: No Audio Capture implementations found. Audio input will be silent.
[2021.12.15-20.14.50:867][  0]LogOcInput: OculusInput pre-init called
[2021.12.15-20.14.50:875][  0]LogUObjectArray: 22121 objects as part of root set at end of initial load.
[2021.12.15-20.14.50:875][  0]LogUObjectAllocator: 5975440 out of 0 bytes used by permanent object pool.
[2021.12.15-20.14.50:875][  0]LogUObjectArray: CloseDisregardForGC: 0/0 objects in disregard for GC pool
[2021.12.15-20.14.50:917][  0]LogEngine: Initializing Engine...
[2021.12.15-20.14.50:919][  0]LogHMD: Failed to enumerate extensions. Please check that you have a valid OpenXR runtime installed.
[2021.12.15-20.14.50:919][  0]LogHMD: Failed to initialize OpenVR with code 110
[2021.12.15-20.14.50:919][  0]LogMagicLeap: Warning: VR disabled because ZI is not enabled.  To enable, in the editor, Edit -> Project Settings -> Plugins -> Magic Leap Plugin -> Enable Zero Iteration
[2021.12.15-20.14.50:921][  0]LogStats: UGameplayTagsManager::InitializeManager -  0.000 s
[2021.12.15-20.14.51:004][  0]LogInit: Initializing FReadOnlyCVARCache
[2021.12.15-20.14.51:004][  0]LogAudio: Display: Initializing Audio Device Manager...
[2021.12.15-20.14.51:007][  0]LogAudio: Display: Loading Default Audio Settings Objects...
[2021.12.15-20.14.51:007][  0]LogAudio: Display: No default SoundConcurrencyObject specified (or failed to load).
[2021.12.15-20.14.51:008][  0]LogAudio: Display: Audio Device Manager Initialized
[2021.12.15-20.14.51:008][  0]LogAudio: Display: Creating Audio Device:                 Id: 1, Scope: Shared, Realtime: True
[2021.12.15-20.14.51:008][  0]LogAudioMixer: Display: Audio Mixer Platform Settings:
[2021.12.15-20.14.51:008][  0]LogAudioMixer: Display: 	Sample Rate:						  48000
[2021.12.15-20.14.51:008][  0]LogAudioMixer: Display: 	Callback Buffer Frame Size Requested: 1024
[2021.12.15-20.14.51:008][  0]LogAudioMixer: Display: 	Callback Buffer Frame Size To Use:	  1024
[2021.12.15-20.14.51:008][  0]LogAudioMixer: Display: 	Number of buffers to queue:			  2
[2021.12.15-20.14.51:008][  0]LogAudioMixer: Display: 	Max Channels (voices):				  32
[2021.12.15-20.14.51:008][  0]LogAudioMixer: Display: 	Number of Async Source Workers:		  0
[2021.12.15-20.14.51:008][  0]LogAudio: Display: AudioDevice MaxSources: 32
[2021.12.15-20.14.51:008][  0]LogAudio: Display: Audio Spatialization Plugin: None (built-in).
[2021.12.15-20.14.51:008][  0]LogAudio: Display: Audio Reverb Plugin: None (built-in).
[2021.12.15-20.14.51:008][  0]LogAudio: Display: Audio Occlusion Plugin: None (built-in).
[2021.12.15-20.14.51:008][  0]LogAudioMixer: Display: Initializing audio mixer.
[2021.12.15-20.14.51:015][  0]LogAudioMixer: Display: 0: FrontLeft
[2021.12.15-20.14.51:015][  0]LogAudioMixer: Display: 1: FrontRight
[2021.12.15-20.14.51:029][  0]LogAudioMixer: Display: Using Audio Device Speakers (High Definition Audio Device)
[2021.12.15-20.14.51:035][  0]LogAudioMixer: Display: Initializing Sound Submixes...
[2021.12.15-20.14.51:036][  0]LogAudioMixer: Display: Creating Master Submix 'MasterSubmixDefault'
[2021.12.15-20.14.51:036][  0]LogAudioMixer: Display: Creating Master Submix 'MasterReverbSubmixDefault'
[2021.12.15-20.14.51:037][  0]LogAudioMixer: Display: Creating Master Submix 'MasterEQSubmixDefault'
[2021.12.15-20.14.51:037][  0]LogAudioMixer: FMixerPlatformXAudio2::StartAudioStream() called
[2021.12.15-20.14.51:037][  0]LogAudioMixer: Display: Output buffers initialized: Frames=1024, Channels=2, Samples=2048
[2021.12.15-20.14.51:038][  0]LogAudioMixer: Display: Starting AudioMixerPlatformInterface::RunInternal()
[2021.12.15-20.14.51:038][  0]LogAudioMixer: Display: FMixerPlatformXAudio2::SubmitBuffer() called for the first time
[2021.12.15-20.14.51:038][  0]LogInit: FAudioDevice initialized.
[2021.12.15-20.14.51:039][  0]LogNetVersion: Set ProjectVersion to 1.0.0.0. Version Checksum will be recalculated on next use.
[2021.12.15-20.14.51:040][  0]LogInit: Texture streaming: Enabled
[2021.12.15-20.14.51:086][  0]LogAudio: Display: Audio Device (ID: 1) registered with world 'Untitled'.
[2021.12.15-20.14.51:086][  0]LogSlate: Updating window title bar state: overlay mode, drag disabled, window buttons hidden, title bar hidden
[2021.12.15-20.14.51:088][  0]LogInit: Display: Game Engine Initialized.
[2021.12.15-20.14.51:088][  0]LogNiagaraEditor: GEditor isn't valid! Particle reset commands will not work for Niagara components!
[2021.12.15-20.14.51:163][  0]LogImageWrapper: Warning: PNG Warning: Duplicate iCCP chunk
[2021.12.15-20.14.51:163][  0]LogImageWrapper: Warning: PNG Warning: Duplicate iCCP chunk
[2021.12.15-20.14.51:179][  0]LogInit: Display: Starting Game.
[2021.12.15-20.14.51:179][  0]LogNet: Browse: /Game/2DSideScrollerBP/Maps/MainMenu?Name=Player
[2021.12.15-20.14.51:179][  0]LogLoad: LoadMap: /Game/2DSideScrollerBP/Maps/MainMenu?Name=Player
[2021.12.15-20.14.51:179][  0]LogWorld: BeginTearingDown for /Temp/Untitled_0
[2021.12.15-20.14.51:180][  0]LogWorld: UWorld::CleanupWorld for Untitled, bSessionEnded=true, bCleanupResources=true
[2021.12.15-20.14.51:180][  0]LogSlate: InvalidateAllWidgets triggered.  All widgets were invalidated
[2021.12.15-20.14.51:187][  0]LogAudio: Display: Audio Device unregistered from world 'None'.
[2021.12.15-20.14.51:189][  0]LogUObjectHash: Compacting FUObjectHashTables data took   0.73ms
[2021.12.15-20.14.51:200][  0]LogAudio: Display: Audio Device (ID: 1) registered with world 'MainMenu'.
[2021.12.15-20.14.51:206][  0]LogAIModule: Creating AISystem for world MainMenu
[2021.12.15-20.14.51:206][  0]LogLoad: Game class is 'GameMode'
[2021.12.15-20.14.51:206][  0]LogWorld: Bringing World /Game/2DSideScrollerBP/Maps/MainMenu.MainMenu up for play (max tick rate 0) at 2021.12.16-03.14.51
[2021.12.15-20.14.51:206][  0]LogWorld: Bringing up level for play took: 0.000275
[2021.12.15-20.14.51:207][  0]LogGameMode: FindPlayerStart: PATHS NOT DEFINED or NO PLAYERSTART with positive rating
[2021.12.15-20.14.51:207][  0]LogGameMode: Display: Match State Changed from EnteringMap to WaitingToStart
[2021.12.15-20.14.51:207][  0]LogGameState: Match State Changed from EnteringMap to WaitingToStart
[2021.12.15-20.14.51:207][  0]LogGameMode: Display: Match State Changed from WaitingToStart to InProgress
[2021.12.15-20.14.51:208][  0]LogViewport: Display: Viewport MouseLockMode Changed, LockOnCapture -> DoNotLock
[2021.12.15-20.14.51:208][  0]LogViewport: Display: Viewport MouseCaptureMode Changed, CapturePermanently_IncludingInitialMouseDown -> NoCapture
[2021.12.15-20.14.51:208][  0]LogGameState: Match State Changed from WaitingToStart to InProgress
[2021.12.15-20.14.51:208][  0]LogLoad: Took 0.028788 seconds to LoadMap(/Game/2DSideScrollerBP/Maps/MainMenu)
[2021.12.15-20.14.51:278][  0]LogSlate: Took 0.000139 seconds to synchronously load lazily loaded font '../../../Engine/Content/Slate/Fonts/Roboto-Regular.ttf' (155K)
[2021.12.15-20.14.51:294][  0]LogRenderer: Reallocating scene render targets to support 1912x1008 Format 10 NumSamples 1 (Frame:1).
[2021.12.15-20.14.51:294][  0]LogInit: Display: Engine is initialized. Leaving FEngineLoop::Init()
[2021.12.15-20.14.51:294][  0]LogLoad: (Engine Initialization) Total time: 4.07 seconds
[2021.12.15-20.14.51:294][  0]LogLoad: (Engine Initialization) Total Blueprint compile time: 0.00 seconds
[2021.12.15-20.14.51:301][  0]LogContentStreaming: Texture pool size now 1000 MB
[2021.12.15-20.14.54:177][163]Closing by request
[2021.12.15-20.14.54:177][163]LogWindows: FPlatformMisc::RequestExit(0)
[2021.12.15-20.14.54:177][163]LogWindows: FPlatformMisc::RequestExitWithStatus(0, 0)
[2021.12.15-20.14.54:177][163]LogCore: Engine exit requested (reason: Win RequestExit)
[2021.12.15-20.14.54:179][164]LogCore: Engine exit requested (reason: EngineExit() was called; note: exit was already requested)
[2021.12.15-20.14.54:179][164]LogInit: Display: PreExit Game.
[2021.12.15-20.14.54:179][164]LogWorld: BeginTearingDown for /Game/2DSideScrollerBP/Maps/MainMenu
[2021.12.15-20.14.54:180][164]LogWorld: UWorld::CleanupWorld for MainMenu, bSessionEnded=true, bCleanupResources=true
[2021.12.15-20.14.54:180][164]LogSlate: InvalidateAllWidgets triggered.  All widgets were invalidated
[2021.12.15-20.14.54:924][164]LogAudio: Display: Beginning Audio Device Manager Shutdown (Module: AudioMixerXAudio2)...
[2021.12.15-20.14.54:924][164]LogAudio: Display: Destroying 1 Remaining Audio Device(s)...
[2021.12.15-20.14.54:924][164]LogAudio: Display: Audio Device unregistered from world 'MainMenu'.
[2021.12.15-20.14.54:959][164]LogAudioMixer: FMixerPlatformXAudio2::StopAudioStream() called
[2021.12.15-20.14.54:960][164]LogAudioMixer: FMixerPlatformXAudio2::StopAudioStream() called
[2021.12.15-20.14.54:962][164]LogAudio: Display: Audio Device Manager Shutdown
[2021.12.15-20.14.54:967][164]LogSlate: Window 'TotemsOfEarth (64-bit Development PCD3D_SM5) ' being destroyed
[2021.12.15-20.14.55:003][164]LogWindowsTextInputMethodSystem: Display: IME system deactivated.
[2021.12.15-20.14.55:007][164]LogWindowsTextInputMethodSystem: Display: IME system deactivated.
[2021.12.15-20.14.55:014][164]LogExit: Preparing to exit.
[2021.12.15-20.14.55:689][164]LogUObjectHash: Compacting FUObjectHashTables data took   0.72ms
[2021.12.15-20.14.55:711][164]LogMoviePlayer: Shutting down movie player
[2021.12.15-20.14.55:874][164]LogSlate: Updating window title bar state: overlay mode, drag disabled, window buttons hidden, title bar hidden
[2021.12.15-20.14.55:884][164]LogDemo: Cleaned up 0 splitscreen connections with owner deletion
[2021.12.15-20.14.55:886][164]LogExit: Game engine shut down
[2021.12.15-20.14.55:925][164]LogExit: Object subsystem successfully closed.
[2021.12.15-20.14.55:936][164]LogShaderCompilers: Display: === FShaderJobCache stats ===
[2021.12.15-20.14.55:936][164]LogShaderCompilers: Display: Total job queries 0, among them cache hits 0 (0.00%)
[2021.12.15-20.14.55:936][164]LogShaderCompilers: Display: Tracking 0 distinct input hashes that result in 0 distinct outputs (0.00%)
[2021.12.15-20.14.55:936][164]LogShaderCompilers: Display: RAM used: 0.00 MB (0.00 GB) of 819.20 MB (0.80 GB) budget. Usage: 0.00%
[2021.12.15-20.14.55:936][164]LogShaderCompilers: Display: ================================================
[2021.12.15-20.14.55:955][164]LogShaderCompilers: Display: Shaders left to compile 0
[2021.12.15-20.14.55:962][164]LogModuleManager: Shutting down and abandoning module SequenceRecorderSections (558)
[2021.12.15-20.14.55:962][164]LogModuleManager: Shutting down and abandoning module SequenceRecorder (556)
[2021.12.15-20.14.55:962][164]LogModuleManager: Shutting down and abandoning module AutomationController (554)
[2021.12.15-20.14.55:962][164]LogModuleManager: Shutting down and abandoning module AutomationWorker (552)
[2021.12.15-20.14.55:962][164]LogModuleManager: Shutting down and abandoning module Voice (550)
[2021.12.15-20.14.55:962][164]LogModuleManager: Shutting down and abandoning module AIModule (548)
[2021.12.15-20.14.55:962][164]LogModuleManager: Shutting down and abandoning module GameplayDebugger (547)
[2021.12.15-20.14.55:962][164]LogModuleManager: Shutting down and abandoning module AITestSuite (545)
[2021.12.15-20.14.55:962][164]LogModuleManager: Shutting down and abandoning module NavigationSystem (543)
[2021.12.15-20.14.55:962][164]LogModuleManager: Shutting down and abandoning module SteamVREditor (540)
[2021.12.15-20.14.55:962][164]LogModuleManager: Shutting down and abandoning module ToolMenus (539)
[2021.12.15-20.14.55:962][164]LogModuleManager: Shutting down and abandoning module OculusMR (536)
[2021.12.15-20.14.55:962][164]LogModuleManager: Shutting down and abandoning module TakeRecorderSources (534)
[2021.12.15-20.14.55:962][164]LogModuleManager: Shutting down and abandoning module TakeRecorder (533)
[2021.12.15-20.14.55:962][164]LogModuleManager: Shutting down and abandoning module TakeTrackRecorders (530)
[2021.12.15-20.14.55:962][164]LogModuleManager: Shutting down and abandoning module TakesCore (528)
[2021.12.15-20.14.55:962][164]LogModuleManager: Shutting down and abandoning module OpenXRInput (526)
[2021.12.15-20.14.55:962][164]LogModuleManager: Shutting down and abandoning module MagicLeapMediaCodecFactory (524)
[2021.12.15-20.14.55:962][164]LogModuleManager: Shutting down and abandoning module MagicLeapMediaFactory (522)
[2021.12.15-20.14.55:962][164]LogModuleManager: Shutting down and abandoning module WmfMediaFactory (520)
[2021.12.15-20.14.55:962][164]LogModuleManager: Shutting down and abandoning module WebMMediaFactory (518)
[2021.12.15-20.14.55:962][164]LogModuleManager: Shutting down and abandoning module WebMMedia (516)
[2021.12.15-20.14.55:962][164]LogModuleManager: Shutting down and abandoning module OpenExrWrapper (514)
[2021.12.15-20.14.55:962][164]LogModuleManager: Shutting down and abandoning module ImgMediaFactory (512)
[2021.12.15-20.14.55:962][164]LogModuleManager: Shutting down and abandoning module AvfMediaFactory (510)
[2021.12.15-20.14.55:962][164]LogModuleManager: Shutting down and abandoning module PlanarCut (508)
[2021.12.15-20.14.55:962][164]LogModuleManager: Shutting down and abandoning module CharacterAI (506)
[2021.12.15-20.14.55:962][164]LogModuleManager: Shutting down and abandoning module SessionServices (504)
[2021.12.15-20.14.55:962][164]LogModuleManager: Shutting down and abandoning module MovieSceneCapture (502)
[2021.12.15-20.14.55:962][164]LogModuleManager: Shutting down and abandoning module LiveCoding (500)
[2021.12.15-20.14.55:962][164]LogModuleManager: Shutting down and abandoning module LevelSequence (498)
[2021.12.15-20.14.55:962][164]LogModuleManager: Shutting down and abandoning module MovieSceneTracks (496)
[2021.12.15-20.14.55:962][164]LogModuleManager: Shutting down and abandoning module MovieScene (494)
[2021.12.15-20.14.55:962][164]LogModuleManager: Shutting down and abandoning module StreamingPauseRendering (492)
[2021.12.15-20.14.55:962][164]LogModuleManager: Shutting down and abandoning module PortalServices (490)
[2021.12.15-20.14.55:962][164]LogModuleManager: Shutting down and abandoning module PortalRpc (488)
[2021.12.15-20.14.55:962][164]LogModuleManager: Shutting down and abandoning module MessagingRpc (486)
[2021.12.15-20.14.55:962][164]LogModuleManager: Shutting down and abandoning module AudioMixerXAudio2 (484)
[2021.12.15-20.14.55:962][164]LogModuleManager: Shutting down and abandoning module AudioMixerCore (483)
[2021.12.15-20.14.55:962][164]LogModuleManager: Shutting down and abandoning module ImageWriteQueue (480)
[2021.12.15-20.14.55:965][164]LogModuleManager: Shutting down and abandoning module ProfilerService (478)
[2021.12.15-20.14.56:141][164]LogModuleManager: Shutting down and abandoning module TaskGraph (476)
[2021.12.15-20.14.56:141][164]LogModuleManager: Shutting down and abandoning module OculusInput (474)
[2021.12.15-20.14.56:141][164]LogModuleManager: Shutting down and abandoning module TakeMovieScene (472)
[2021.12.15-20.14.56:141][164]LogModuleManager: Shutting down and abandoning module Synthesis (470)
[2021.12.15-20.14.56:141][164]LogModuleManager: Shutting down and abandoning module ProceduralMeshComponent (468)
[2021.12.15-20.14.56:141][164]LogModuleManager: Shutting down and abandoning module MobilePatchingUtils (466)
[2021.12.15-20.14.56:141][164]LogModuleManager: Shutting down and abandoning module GooglePAD (464)
[2021.12.15-20.14.56:141][164]LogModuleManager: Shutting down and abandoning module EditableMesh (462)
[2021.12.15-20.14.56:141][164]LogModuleManager: Shutting down and abandoning module CustomMeshComponent (460)
[2021.12.15-20.14.56:141][164]LogModuleManager: Shutting down and abandoning module CableComponent (458)
[2021.12.15-20.14.56:141][164]LogModuleManager: Shutting down and abandoning module AudioCapture (456)
[2021.12.15-20.14.56:141][164]LogModuleManager: Shutting down and abandoning module AudioCaptureRtAudio (455)
[2021.12.15-20.14.56:141][164]LogModuleManager: Shutting down and abandoning module AssetTags (452)
[2021.12.15-20.14.56:141][164]LogModuleManager: Shutting down and abandoning module ArchVisCharacter (450)
[2021.12.15-20.14.56:141][164]LogModuleManager: Shutting down and abandoning module AppleImageUtilsBlueprintSupport (448)
[2021.12.15-20.14.56:141][164]LogModuleManager: Shutting down and abandoning module AppleImageUtils (446)
[2021.12.15-20.14.56:141][164]LogModuleManager: Shutting down and abandoning module AndroidPermission (444)
[2021.12.15-20.14.56:141][164]LogModuleManager: Shutting down and abandoning module ActorLayerUtilities (442)
[2021.12.15-20.14.56:141][164]LogModuleManager: Shutting down and abandoning module TemplateSequence (440)
[2021.12.15-20.14.56:141][164]LogModuleManager: Shutting down and abandoning module MagicLeapSharedWorld (438)
[2021.12.15-20.14.56:141][164]LogModuleManager: Shutting down and abandoning module MagicLeapLightEstimation (436)
[2021.12.15-20.14.56:141][164]LogModuleManager: Shutting down and abandoning module MagicLeapHelperVulkan (434)
[2021.12.15-20.14.56:141][164]LogModuleManager: Shutting down and abandoning module MagicLeapHelperOpenGL (432)
[2021.12.15-20.14.56:141][164]LogModuleManager: Shutting down and abandoning module MagicLeapAudio (430)
[2021.12.15-20.14.56:141][164]LogModuleManager: Shutting down and abandoning module MediaCompositing (428)
[2021.12.15-20.14.56:141][164]LogModuleManager: Shutting down and abandoning module ImgMedia (426)
[2021.12.15-20.14.56:141][164]LogModuleManager: Shutting down and abandoning module MotoSynth (424)
[2021.12.15-20.14.56:141][164]LogModuleManager: Shutting down and abandoning module OpenImageDenoise (422)
[2021.12.15-20.14.56:141][164]LogOpenImageDenoise: OIDN shutting down
[2021.12.15-20.14.56:141][164]LogModuleManager: Shutting down and abandoning module MeshConversion (420)
[2021.12.15-20.14.56:141][164]LogModuleManager: Shutting down and abandoning module DynamicMesh (418)
[2021.12.15-20.14.56:141][164]LogModuleManager: Shutting down and abandoning module GeometryAlgorithms (416)
[2021.12.15-20.14.56:141][164]LogModuleManager: Shutting down and abandoning module GeometricObjects (414)
[2021.12.15-20.14.56:141][164]LogModuleManager: Shutting down and abandoning module GeometryCollectionTracks (412)
[2021.12.15-20.14.56:141][164]LogModuleManager: Shutting down and abandoning module GeometryCollectionSequencer (411)
[2021.12.15-20.14.56:141][164]LogModuleManager: Shutting down and abandoning module GeometryCacheTracks (408)
[2021.12.15-20.14.56:141][164]LogModuleManager: Shutting down and abandoning module GeometryCacheSequencer (407)
[2021.12.15-20.14.56:141][164]LogModuleManager: Shutting down and abandoning module GeometryCache (404)
[2021.12.15-20.14.56:141][164]LogModuleManager: Shutting down and abandoning module GeometryCacheEd (403)
[2021.12.15-20.14.56:141][164]LogModuleManager: Shutting down and abandoning module ChaosNiagara (400)
[2021.12.15-20.14.56:141][164]LogModuleManager: Shutting down and abandoning module FieldSystemEngine (399)
[2021.12.15-20.14.56:141][164]LogModuleManager: Shutting down and abandoning module BackChannel (396)
[2021.12.15-20.14.56:141][164]LogModuleManager: Shutting down and abandoning module AutomationUtils (394)
[2021.12.15-20.14.56:141][164]LogModuleManager: Shutting down and abandoning module SubversionSourceControl (392)
[2021.12.15-20.14.56:141][164]LogModuleManager: Shutting down and abandoning module OodleNetworkHandlerComponent (390)
[2021.12.15-20.14.56:141][164]LogModuleManager: Shutting down and abandoning module VisualStudioCodeSourceCodeAccess (388)
[2021.12.15-20.14.56:141][164]LogModuleManager: Shutting down and abandoning module VisualStudioSourceCodeAccess (386)
[2021.12.15-20.14.56:141][164]LogModuleManager: Shutting down and abandoning module HotReload (385)
[2021.12.15-20.14.56:141][164]LogModuleManager: Shutting down and abandoning module UObjectPlugin (382)
[2021.12.15-20.14.56:141][164]LogModuleManager: Shutting down and abandoning module CLionSourceCodeAccess (380)
[2021.12.15-20.14.56:141][164]LogModuleManager: Shutting down and abandoning module PerforceSourceControl (378)
[2021.12.15-20.14.56:141][164]LogModuleManager: Shutting down and abandoning module SourceControl (377)
[2021.12.15-20.14.56:141][164]LogModuleManager: Shutting down and abandoning module LiveLinkSequencer (374)
[2021.12.15-20.14.56:141][164]LogModuleManager: Shutting down and abandoning module LiveLinkMovieScene (372)
[2021.12.15-20.14.56:141][164]LogModuleManager: Shutting down and abandoning module LiveLinkGraphNode (370)
[2021.12.15-20.14.56:141][164]LogModuleManager: Shutting down and abandoning module LiveLinkComponents (368)
[2021.12.15-20.14.56:141][164]LogModuleManager: Shutting down and abandoning module LiveLink (366)
[2021.12.15-20.14.56:695][164]LogModuleManager: Shutting down and abandoning module SignificanceManager (364)
[2021.12.15-20.14.56:695][164]LogModuleManager: Shutting down and abandoning module SoundFields (362)
[2021.12.15-20.14.56:695][164]LogModuleManager: Shutting down and abandoning module RuntimePhysXCooking (360)
[2021.12.15-20.14.56:695][164]LogModuleManager: Shutting down and abandoning module PropertyAccessEditor (358)
[2021.12.15-20.14.56:695][164]LogModuleManager: Shutting down and abandoning module PhysXVehiclesEditor (356)
[2021.12.15-20.14.56:695][164]LogModuleManager: Shutting down and abandoning module LocationServicesBPLibrary (352)
[2021.12.15-20.14.56:695][164]LogModuleManager: Shutting down and abandoning module AudioSynesthesia (350)
[2021.12.15-20.14.56:695][164]LogModuleManager: Shutting down and abandoning module AudioSynesthesiaCore (348)
[2021.12.15-20.14.56:695][164]LogModuleManager: Shutting down and abandoning module ActorSequence (346)
[2021.12.15-20.14.56:695][164]LogModuleManager: Shutting down and abandoning module MagicLeapARPin (344)
[2021.12.15-20.14.56:695][164]LogModuleManager: Shutting down and abandoning module UdpMessaging (342)
[2021.12.15-20.14.56:797][164]LogModuleManager: Shutting down and abandoning module TcpMessaging (340)
[2021.12.15-20.14.56:897][164]LogModuleManager: Shutting down and abandoning module MagicLeapHandMeshing (338)
[2021.12.15-20.14.56:897][164]LogModuleManager: Shutting down and abandoning module MagicLeapSecureStorage (336)
[2021.12.15-20.14.56:897][164]LogModuleManager: Shutting down and abandoning module MagicLeapPrivileges (334)
[2021.12.15-20.14.56:897][164]LogModuleManager: Shutting down and abandoning module MagicLeapPlanes (332)
[2021.12.15-20.14.56:897][164]LogMagicLeapPlanes: Planes tracker already destroyed.
[2021.12.15-20.14.56:897][164]LogModuleManager: Shutting down and abandoning module MagicLeapImageTracker (330)
[2021.12.15-20.14.56:897][164]LogModuleManager: Shutting down and abandoning module MagicLeapIdentity (328)
[2021.12.15-20.14.56:897][164]LogModuleManager: Shutting down and abandoning module MagicLeapHandTracking (326)
[2021.12.15-20.14.56:897][164]LogModuleManager: Shutting down and abandoning module MagicLeapEyeTracker (324)
[2021.12.15-20.14.56:897][164]LogModuleManager: Shutting down and abandoning module MagicLeapController (322)
[2021.12.15-20.14.56:897][164]LogModuleManager: Shutting down and abandoning module MagicLeapARPinImpl (320)
[2021.12.15-20.14.56:897][164]LogModuleManager: Shutting down and abandoning module MagicLeapAR (318)
[2021.12.15-20.14.56:897][164]LogModuleManager: Shutting down and abandoning module ImgMediaEngine (316)
[2021.12.15-20.14.56:897][164]LogModuleManager: Shutting down and abandoning module PythonScriptPlugin (314)
[2021.12.15-20.14.56:897][164]LogModuleManager: Shutting down and abandoning module NiagaraAnimNotifies (312)
[2021.12.15-20.14.56:897][164]LogModuleManager: Shutting down and abandoning module Niagara (310)
[2021.12.15-20.14.56:897][164]LogModuleManager: Shutting down and abandoning module SignalProcessing (309)
[2021.12.15-20.14.56:897][164]LogModuleManager: Shutting down and abandoning module NiagaraEditor (307)
[2021.12.15-20.14.56:897][164]LogModuleManager: Shutting down and abandoning module ContentBrowser (306)
[2021.12.15-20.14.56:897][164]LogModuleManager: Shutting down and abandoning module CollectionManager (305)
[2021.12.15-20.14.56:897][164]LogModuleManager: Shutting down and abandoning module DirectoryWatcher (304)
[2021.12.15-20.14.56:897][164]LogModuleManager: Shutting down and abandoning module ContentBrowserData (301)
[2021.12.15-20.14.56:897][164]LogModuleManager: Shutting down and abandoning module NiagaraCore (296)
[2021.12.15-20.14.56:897][164]LogModuleManager: Shutting down and abandoning module FacialAnimation (294)
[2021.12.15-20.14.56:897][164]LogModuleManager: Shutting down and abandoning module GameplayTagsEditor (292)
[2021.12.15-20.14.56:897][164]LogModuleManager: Shutting down and abandoning module AssetManagerEditor (290)
[2021.12.15-20.14.56:897][164]LogModuleManager: Shutting down and abandoning module TreeMap (289)
[2021.12.15-20.14.56:897][164]LogModuleManager: Shutting down and abandoning module PropertyAccessNode (286)
[2021.12.15-20.14.56:897][164]LogModuleManager: Shutting down and abandoning module AnimationSharing (284)
[2021.12.15-20.14.56:897][164]LogModuleManager: Shutting down and abandoning module Paper2D (282)
[2021.12.15-20.14.56:897][164]LogModuleManager: Shutting down and abandoning module EnvironmentQueryEditor (280)
[2021.12.15-20.14.56:897][164]LogModuleManager: Shutting down and abandoning module GameplayCameras (278)
[2021.12.15-20.14.56:897][164]LogModuleManager: Shutting down and abandoning module LightPropagationVolumeRuntime (276)
[2021.12.15-20.14.56:897][164]LogModuleManager: Shutting down and abandoning module WindowsMoviePlayer (274)
[2021.12.15-20.14.56:898][164]LogModuleManager: Shutting down and abandoning module WebMMoviePlayer (272)
[2021.12.15-20.14.56:898][164]LogModuleManager: Shutting down and abandoning module NetworkReplayStreaming (270)
[2021.12.15-20.14.56:898][164]LogModuleManager: Shutting down and abandoning module PacketHandler (268)
[2021.12.15-20.14.56:898][164]LogModuleManager: Shutting down and abandoning module ClothingSystemEditor (266)
[2021.12.15-20.14.56:898][164]LogModuleManager: Shutting down and abandoning module ClothingSystemRuntimeNv (264)
[2021.12.15-20.14.56:898][164]LogModuleManager: Shutting down and abandoning module MediaAssets (262)
[2021.12.15-20.14.56:898][164]LogModuleManager: Shutting down and abandoning module Overlay (260)
[2021.12.15-20.14.56:898][164]LogModuleManager: Shutting down and abandoning module OverlayEditor (259)
[2021.12.15-20.14.56:898][164]LogModuleManager: Shutting down and abandoning module VREditor (256)
[2021.12.15-20.14.56:898][164]LogModuleManager: Shutting down and abandoning module StringTableEditor (254)
[2021.12.15-20.14.56:898][164]LogModuleManager: Shutting down and abandoning module GameplayTasksEditor (252)
[2021.12.15-20.14.56:898][164]LogModuleManager: Shutting down and abandoning module BehaviorTreeEditor (250)
[2021.12.15-20.14.56:898][164]LogModuleManager: Shutting down and abandoning module FunctionalTesting (248)
[2021.12.15-20.14.56:898][164]LogModuleManager: Shutting down and abandoning module CollisionAnalyzer (246)
[2021.12.15-20.14.56:898][164]LogModuleManager: Shutting down and abandoning module WorkspaceMenuStructure (245)
[2021.12.15-20.14.56:898][164]LogModuleManager: Shutting down and abandoning module UMG (242)
[2021.12.15-20.14.56:898][164]LogModuleManager: Shutting down and abandoning module UMGEditor (241)
[2021.12.15-20.14.56:898][164]LogModuleManager: Shutting down and abandoning module Sequencer (240)
[2021.12.15-20.14.56:898][164]LogModuleManager: Shutting down and abandoning module MessageLog (237)
[2021.12.15-20.14.56:898][164]LogModuleManager: Shutting down and abandoning module SlateReflector (232)
[2021.12.15-20.14.56:898][164]LogModuleManager: Shutting down and abandoning module Slate (230)
[2021.12.15-20.14.56:898][164]LogModuleManager: Shutting down and abandoning module SlateCore (228)
[2021.12.15-20.14.56:899][164]LogModuleManager: Shutting down and abandoning module LandscapeEditorUtilities (226)
[2021.12.15-20.14.56:899][164]LogModuleManager: Shutting down and abandoning module UnrealEd (224)
[2021.12.15-20.14.56:899][164]LogModuleManager: Shutting down and abandoning module MRMesh (222)
[2021.12.15-20.14.56:899][164]LogModuleManager: Shutting down and abandoning module Messaging (220)
[2021.12.15-20.14.56:899][164]LogModuleManager: Shutting down and abandoning module SourceCodeAccess (218)
[2021.12.15-20.14.56:899][164]LogModuleManager: Shutting down and abandoning module HeadMountedDisplay (216)
[2021.12.15-20.14.56:899][164]LogModuleManager: Shutting down and abandoning module XAudio2 (214)
[2021.12.15-20.14.56:899][164]LogModuleManager: Shutting down and abandoning module Networking (212)
[2021.12.15-20.14.56:899][164]LogModuleManager: Shutting down and abandoning module Core (210)
[2021.12.15-20.14.56:899][164]LogModuleManager: Shutting down and abandoning module MaterialEditor (208)
[2021.12.15-20.14.56:899][164]LogModuleManager: Shutting down and abandoning module MovieSceneTools (206)
[2021.12.15-20.14.56:899][164]LogModuleManager: Shutting down and abandoning module EditorStyle (205)
[2021.12.15-20.14.56:900][164]LogModuleManager: Shutting down and abandoning module KismetCompiler (202)
[2021.12.15-20.14.56:900][164]LogModuleManager: Shutting down and abandoning module MeshBuilder (200)
[2021.12.15-20.14.56:900][164]LogModuleManager: Shutting down and abandoning module MeshUtilities (198)
[2021.12.15-20.14.56:900][164]LogModuleManager: Shutting down and abandoning module MeshMergeUtilities (197)
[2021.12.15-20.14.56:900][164]LogModuleManager: Shutting down and abandoning module MeshReductionInterface (196)
[2021.12.15-20.14.56:900][164]LogModuleManager: Shutting down and abandoning module MeshBoneReduction (195)
[2021.12.15-20.14.56:900][164]LogModuleManager: Shutting down and abandoning module SkeletalMeshReduction (193)
[2021.12.15-20.14.56:900][164]LogModuleManager: Shutting down and abandoning module ProxyLODMeshReduction (191)
[2021.12.15-20.14.56:900][164]LogModuleManager: Shutting down and abandoning module QuadricMeshReduction (189)
[2021.12.15-20.14.56:900][164]LogModuleManager: Shutting down and abandoning module MaterialBaking (185)
[2021.12.15-20.14.56:900][164]LogModuleManager: Shutting down and abandoning module NullInstallBundleManager (180)
[2021.12.15-20.14.56:900][164]LogModuleManager: Shutting down and abandoning module PIEPreviewDeviceProfileSelector (178)
[2021.12.15-20.14.56:900][164]LogModuleManager: Shutting down and abandoning module DerivedDataCache (176)
[2021.12.15-20.14.56:900][164]LogModuleManager: Shutting down and abandoning module TargetPlatform (174)
[2021.12.15-20.14.56:900][164]LogModuleManager: Shutting down and abandoning module VulkanShaderFormat (173)
[2021.12.15-20.14.56:900][164]LogModuleManager: Shutting down and abandoning module ShaderFormatVectorVM (171)
[2021.12.15-20.14.56:900][164]LogModuleManager: Shutting down and abandoning module ShaderFormatOpenGL (169)
[2021.12.15-20.14.56:900][164]LogModuleManager: Shutting down and abandoning module ShaderFormatD3D (167)
[2021.12.15-20.14.56:900][164]LogModuleManager: Shutting down and abandoning module MetalShaderFormat (165)
[2021.12.15-20.14.56:900][164]LogModuleManager: Shutting down and abandoning module TextureFormatOodle (163)
[2021.12.15-20.14.56:900][164]LogModuleManager: Shutting down and abandoning module TextureFormatUncompressed (161)
[2021.12.15-20.14.56:900][164]LogModuleManager: Shutting down and abandoning module TextureFormatPVR (159)
[2021.12.15-20.14.56:900][164]LogModuleManager: Shutting down and abandoning module TextureFormatETC2 (157)
[2021.12.15-20.14.56:900][164]LogModuleManager: Shutting down and abandoning module TextureFormatDXT (155)
[2021.12.15-20.14.56:900][164]LogModuleManager: Shutting down and abandoning module TextureFormatIntelISPCTexComp (153)
[2021.12.15-20.14.56:900][164]LogModuleManager: Shutting down and abandoning module TextureFormatASTC (151)
[2021.12.15-20.14.56:900][164]LogModuleManager: Shutting down and abandoning module ImageWrapper (150)
[2021.12.15-20.14.56:900][164]LogModuleManager: Shutting down and abandoning module AudioFormatOpus (147)
[2021.12.15-20.14.56:901][164]LogModuleManager: Shutting down and abandoning module AudioFormatOgg (145)
[2021.12.15-20.14.56:901][164]LogModuleManager: Shutting down and abandoning module AudioFormatADPCM (143)
[2021.12.15-20.14.56:901][164]LogModuleManager: Shutting down and abandoning module WindowsServerTargetPlatform (141)
[2021.12.15-20.14.56:901][164]LogModuleManager: Shutting down and abandoning module WindowsClientTargetPlatform (139)
[2021.12.15-20.14.56:901][164]LogModuleManager: Shutting down and abandoning module WindowsTargetPlatform (137)
[2021.12.15-20.14.56:901][164]LogModuleManager: Shutting down and abandoning module WindowsNoEditorTargetPlatform (135)
[2021.12.15-20.14.56:901][164]LogModuleManager: Shutting down and abandoning module D3D11RHI (132)
[2021.12.15-20.14.56:901][164]LogModuleManager: Shutting down and abandoning module InputCore (130)
[2021.12.15-20.14.56:901][164]LogModuleManager: Shutting down and abandoning module Settings (128)
[2021.12.15-20.14.56:901][164]LogModuleManager: Shutting down and abandoning module PhysXCooking (126)
[2021.12.15-20.14.56:901][164]LogModuleManager: Shutting down and abandoning module Chaos (124)
[2021.12.15-20.14.56:901][164]LogModuleManager: Shutting down and abandoning module WindowsPlatformFeatures (122)
[2021.12.15-20.14.56:901][164]LogModuleManager: Shutting down and abandoning module GameplayMediaEncoder (121)
[2021.12.15-20.14.56:901][164]LogModuleManager: Shutting down and abandoning module AVEncoder (120)
[2021.12.15-20.14.56:901][164]LogModuleManager: Shutting down and abandoning module SteamVRInputDevice (116)
[2021.12.15-20.14.56:901][164]LogModuleManager: Shutting down and abandoning module SteamVRInput (114)
[2021.12.15-20.14.56:901][164]LogModuleManager: Shutting down and abandoning module SteamVR (112)
[2021.12.15-20.14.56:901][164]LogHMD: Freeing OpenVRDLLHandle.
[2021.12.15-20.14.56:901][164]LogModuleManager: Shutting down and abandoning module OculusHMD (110)
[2021.12.15-20.14.56:901][164]LogModuleManager: Shutting down and abandoning module OpenXRHandTracking (108)
[2021.12.15-20.14.56:901][164]LogSlate: Slate User Destroyed.  User Index 0, Is Virtual User: 0
[2021.12.15-20.14.56:901][164]LogModuleManager: Shutting down and abandoning module OpenXREyeTracker (106)
[2021.12.15-20.14.56:901][164]LogModuleManager: Shutting down and abandoning module OpenXRAR (104)
[2021.12.15-20.14.56:901][164]LogModuleManager: Shutting down and abandoning module AugmentedReality (103)
[2021.12.15-20.14.56:901][164]LogModuleManager: Shutting down and abandoning module OpenXRHMD (100)
[2021.12.15-20.14.56:901][164]LogModuleManager: Shutting down and abandoning module ExampleDeviceProfileSelector (98)
[2021.12.15-20.14.56:901][164]LogModuleManager: Shutting down and abandoning module ChunkDownloader (96)
[2021.12.15-20.14.56:901][164]LogModuleManager: Shutting down and abandoning module OnlineBlueprintSupport (94)
[2021.12.15-20.14.56:901][164]LogModuleManager: Shutting down and abandoning module OnlineSubsystem (90)
[2021.12.15-20.14.56:902][164]LogModuleManager: Shutting down and abandoning module XMPP (85)
[2021.12.15-20.14.56:902][164]LogModuleManager: Shutting down and abandoning module WebSockets (84)
[2021.12.15-20.14.56:926][164]LogModuleManager: Shutting down and abandoning module HTTP (81)
[2021.12.15-20.14.56:926][164]LogHttp: Display: cleaning up 0 outstanding Http requests.
[2021.12.15-20.14.56:942][164]LogModuleManager: Shutting down and abandoning module SSL (80)
[2021.12.15-20.14.56:943][164]LogModuleManager: Shutting down and abandoning module LauncherChunkInstaller (76)
[2021.12.15-20.14.56:943][164]LogModuleManager: Shutting down and abandoning module MLSDK (74)
[2021.12.15-20.14.56:943][164]LogModuleManager: Shutting down and abandoning module MagicLeap (72)
[2021.12.15-20.14.56:943][164]LogModuleManager: Shutting down and abandoning module WmfMedia (70)
[2021.12.15-20.14.56:945][164]LogModuleManager: Shutting down and abandoning module Media (69)
[2021.12.15-20.14.56:945][164]LogModuleManager: Shutting down and abandoning module MediaInfo (68)
[2021.12.15-20.14.56:945][164]LogModuleManager: Shutting down and abandoning module ExrReaderGpu (64)
[2021.12.15-20.14.56:945][164]LogModuleManager: Shutting down and abandoning module VariantManagerContent (62)
[2021.12.15-20.14.56:945][164]LogModuleManager: Shutting down and abandoning module DatasmithContent (60)
[2021.12.15-20.14.56:945][164]LogModuleManager: Shutting down and abandoning module NiagaraVertexFactories (58)
[2021.12.15-20.14.56:945][164]LogModuleManager: Shutting down and abandoning module NiagaraShader (56)
[2021.12.15-20.14.56:945][164]LogModuleManager: Shutting down and abandoning module ChaosCloth (54)
[2021.12.15-20.14.56:945][164]LogModuleManager: Shutting down and abandoning module PixWinPlugin (52)
[2021.12.15-20.14.56:945][164]LogModuleManager: Shutting down and abandoning module AISupportModule (50)
[2021.12.15-20.14.56:945][164]LogModuleManager: Shutting down and abandoning module DesktopPlatform (48)
[2021.12.15-20.14.56:945][164]LogModuleManager: Shutting down and abandoning module PythonScriptPluginPreload (46)
[2021.12.15-20.14.56:945][164]LogModuleManager: Shutting down and abandoning module PlatformCryptoOpenSSL (44)
[2021.12.15-20.14.56:945][164]LogModuleManager: Shutting down and abandoning module PlatformCryptoTypes (42)
[2021.12.15-20.14.56:945][164]LogModuleManager: Shutting down and abandoning module PlatformCrypto (40)
[2021.12.15-20.14.56:945][164]LogModuleManager: Shutting down and abandoning module OodleDataCompressionFormat (38)
[2021.12.15-20.14.56:945][164]LogModuleManager: Shutting down and abandoning module XGEController (36)
[2021.12.15-20.14.56:945][164]LogModuleManager: Shutting down and abandoning module AnimationModifiers (34)
[2021.12.15-20.14.56:945][164]LogModuleManager: Shutting down and abandoning module AudioEditor (32)
[2021.12.15-20.14.56:946][164]LogModuleManager: Shutting down and abandoning module PropertyEditor (31)
[2021.12.15-20.14.56:946][164]LogModuleManager: Shutting down and abandoning module TextureCompressor (28)
[2021.12.15-20.14.56:946][164]LogModuleManager: Shutting down and abandoning module RenderCore (26)
[2021.12.15-20.14.56:946][164]LogModuleManager: Shutting down and abandoning module Landscape (24)
[2021.12.15-20.14.56:946][164]LogModuleManager: Shutting down and abandoning module SlateRHIRenderer (22)
[2021.12.15-20.14.56:946][164]LogModuleManager: Shutting down and abandoning module AnimGraphRuntime (20)
[2021.12.15-20.14.56:946][164]LogModuleManager: Shutting down and abandoning module Renderer (18)
[2021.12.15-20.14.56:946][164]LogModuleManager: Shutting down and abandoning module Engine (16)
[2021.12.15-20.14.56:946][164]LogModuleManager: Shutting down and abandoning module CoreUObject (14)
[2021.12.15-20.14.56:946][164]LogModuleManager: Shutting down and abandoning module NetworkFile (12)
[2021.12.15-20.14.56:946][164]LogModuleManager: Shutting down and abandoning module CookedIterativeFile (10)
[2021.12.15-20.14.56:946][164]LogModuleManager: Shutting down and abandoning module StreamingFile (8)
[2021.12.15-20.14.56:946][164]LogModuleManager: Shutting down and abandoning module SandboxFile (6)
[2021.12.15-20.14.56:946][164]LogModuleManager: Shutting down and abandoning module PakFile (4)
[2021.12.15-20.14.56:946][164]LogModuleManager: Shutting down and abandoning module RSA (3)
[2021.12.15-20.14.57:214][164]LogContentStreaming: Display: There are 1 unreleased StreamingManagers
[2021.12.15-20.14.57:214][164]LogD3D11RHI: Shutdown
[2021.12.15-20.14.57:214][164]LogD3D11RHI: CleanupD3DDevice
[2021.12.15-20.14.57:227][164]LogExit: Exiting.
[2021.12.15-20.14.57:245][164]Log file closed, 12/16/21 03:14:57
