Log file open, 12/16/21 06:22:43
LogWindows: Failed to load 'aqProf.dll' (GetLastError=126)
LogWindows: File 'aqProf.dll' does not exist
LogWindows: Failed to load 'VtuneApi.dll' (GetLastError=126)
LogWindows: File 'VtuneApi.dll' does not exist
LogWindows: Failed to load 'VtuneApi32e.dll' (GetLastError=126)
LogWindows: File 'VtuneApi32e.dll' does not exist
LogConsoleResponse: Display: Failed to find resolution value strings in scalability ini. Falling back to default.
LogConsoleResponse: Display: Failed to find resolution value strings in scalability ini. Falling back to default.
LogInit: Display: Running engine for game: TotemsOfEarth
LogPlatformFile: Not using cached read wrapper
LogTaskGraph: Started task graph with 5 named threads and 47 total threads with 3 sets of task threads.
LogStats: Stats thread started at 0.183531
LogICUInternationalization: ICU TimeZone Detection - Raw Offset: +7:00, Platform Override: ''
LogInit: Display: Loading text-based GConfig....
LogPluginManager: Mounting plugin MeshPainting
LogPluginManager: Mounting plugin XGEController
LogPluginManager: Mounting plugin Paper2D
LogPluginManager: Mounting plugin AISupport
LogPluginManager: Mounting plugin EnvironmentQueryEditor
LogPluginManager: Mounting plugin LightPropagationVolume
LogPluginManager: Mounting plugin LiveLink
LogPluginManager: Mounting plugin CameraShakePreviewer
LogPluginManager: Mounting plugin GameplayCameras
LogPluginManager: Mounting plugin OodleData
LogPluginManager: Mounting plugin OodleNetwork
LogPluginManager: Mounting plugin AnimationSharing
LogPluginManager: Mounting plugin DatasmithContent
LogPluginManager: Mounting plugin VariantManagerContent
LogPluginManager: Mounting plugin CLionSourceCodeAccess
LogPluginManager: Mounting plugin GitSourceControl
LogPluginManager: Mounting plugin CodeLiteSourceCodeAccess
LogPluginManager: Mounting plugin NullSourceCodeAccess
LogPluginManager: Mounting plugin KDevelopSourceCodeAccess
LogPluginManager: Mounting plugin PluginUtils
LogPluginManager: Mounting plugin PixWinPlugin
LogPluginManager: Mounting plugin PerforceSourceControl
LogPluginManager: Mounting plugin PlasticSourceControl
LogPluginManager: Mounting plugin PropertyAccessNode
LogPluginManager: Mounting plugin RiderSourceCodeAccess
LogPluginManager: Mounting plugin SubversionSourceControl
LogPluginManager: Mounting plugin TextureFormatOodle
LogPluginManager: Mounting plugin UObjectPlugin
LogPluginManager: Mounting plugin AssetManagerEditor
LogPluginManager: Mounting plugin CryptoKeys
LogPluginManager: Mounting plugin CurveEditorTools
LogPluginManager: Mounting plugin DataValidation
LogPluginManager: Mounting plugin FacialAnimation
LogPluginManager: Mounting plugin MacGraphicsSwitching
LogPluginManager: Mounting plugin GameplayTagsEditor
LogPluginManager: Mounting plugin GeometryMode
LogPluginManager: Mounting plugin MobileLauncherProfileWizard
LogPluginManager: Mounting plugin PluginBrowser
LogPluginManager: Mounting plugin SpeedTreeImporter
LogPluginManager: Mounting plugin VisualStudioSourceCodeAccess
LogPluginManager: Mounting plugin XCodeSourceCodeAccess
LogPluginManager: Mounting plugin AlembicImporter
LogPluginManager: Mounting plugin AutomationUtils
LogPluginManager: Mounting plugin BackChannel
LogPluginManager: Mounting plugin ActorSequence
LogPluginManager: Mounting plugin VisualStudioCodeSourceCodeAccess
LogPluginManager: Mounting plugin LevelSequenceEditor
LogPluginManager: Mounting plugin MaterialAnalyzer
LogPluginManager: Mounting plugin MatineeToLevelSequence
LogPluginManager: Mounting plugin ChaosCloth
LogPluginManager: Mounting plugin ChaosClothEditor
LogPluginManager: Mounting plugin ChaosEditor
LogPluginManager: Mounting plugin ChaosSolverPlugin
LogPluginManager: Mounting plugin ChaosNiagara
LogPluginManager: Mounting plugin CharacterAI
LogPluginManager: Mounting plugin TemplateSequence
LogPluginManager: Mounting plugin LuminPlatformFeatures
LogPluginManager: Mounting plugin AndroidMedia
LogPluginManager: Mounting plugin LauncherChunkInstaller
LogPluginManager: Mounting plugin TcpMessaging
LogPluginManager: Mounting plugin ActorLayerUtilities
LogPluginManager: Mounting plugin UdpMessaging
LogPluginManager: Mounting plugin Niagara
LogPluginManager: Mounting plugin AvfMedia
LogPluginManager: Mounting plugin ImgMedia
LogPluginManager: Mounting plugin MagicLeap
LogPluginManager: Mounting plugin MediaCompositing
LogPluginManager: Mounting plugin GeometryCache
LogPluginManager: Mounting plugin GeometryCollectionPlugin
LogPluginManager: Mounting plugin MagicLeapLightEstimation
LogPluginManager: Mounting plugin MagicLeapMedia
LogPluginManager: Mounting plugin MediaPlayerEditor
LogPluginManager: Mounting plugin AndroidDeviceProfileSelector
LogPluginManager: Mounting plugin AndroidMoviePlayer
LogPluginManager: Mounting plugin WebMMedia
LogPluginManager: Mounting plugin MagicLeapPassableWorld
LogPluginManager: Mounting plugin WmfMedia
LogPluginManager: Mounting plugin AndroidPermission
LogPluginManager: Mounting plugin MLSDK
LogPluginManager: Mounting plugin AppleImageUtils
LogPluginManager: Mounting plugin AssetTags
LogPluginManager: Mounting plugin ArchVisCharacter
LogPluginManager: Mounting plugin AppleMoviePlayer
LogPluginManager: Mounting plugin AudioCapture
LogPluginManager: Mounting plugin AudioSynesthesia
LogPluginManager: Mounting plugin CableComponent
LogPluginManager: Mounting plugin CustomMeshComponent
LogPluginManager: Mounting plugin ChunkDownloader
LogPluginManager: Mounting plugin EditableMesh
LogPluginManager: Mounting plugin ExampleDeviceProfileSelector
LogPluginManager: Mounting plugin OnlineSubsystem
LogPluginManager: Mounting plugin GoogleCloudMessaging
LogPluginManager: Mounting plugin GooglePAD
LogPluginManager: Mounting plugin OnlineSubsystemNull
LogPluginManager: Mounting plugin OnlineSubsystemUtils
LogPluginManager: Mounting plugin GeometryProcessing
LogPluginManager: Mounting plugin MotoSynth
LogPluginManager: Mounting plugin OpenImageDenoise
LogPluginManager: Mounting plugin PlanarCut
LogPluginManager: Mounting plugin ProxyLODPlugin
LogPluginManager: Mounting plugin PlatformCrypto
LogPluginManager: Mounting plugin PythonScriptPlugin
LogPluginManager: Mounting plugin SkeletalReduction
LogPluginManager: Mounting plugin ScreenshotTools
LogPluginManager: Mounting plugin IOSDeviceProfileSelector
LogPluginManager: Mounting plugin LinuxDeviceProfileSelector
LogPluginManager: Mounting plugin LocationServicesBPLibrary
LogPluginManager: Mounting plugin MobilePatchingUtils
LogPluginManager: Mounting plugin OpenXREyeTracker
LogPluginManager: Mounting plugin OpenXR
LogPluginManager: Mounting plugin OpenXRHandTracking
LogPluginManager: Mounting plugin PhysXVehicles
LogPluginManager: Mounting plugin PostSplashScreen
LogPluginManager: Mounting plugin PropertyAccessEditor
LogPluginManager: Mounting plugin ProceduralMeshComponent
LogPluginManager: Mounting plugin RuntimePhysXCooking
LogPluginManager: Mounting plugin SignificanceManager
LogPluginManager: Mounting plugin SoundFields
LogPluginManager: Mounting plugin Synthesis
LogPluginManager: Mounting plugin Takes
LogPluginManager: Mounting plugin WebMMoviePlayer
LogPluginManager: Mounting plugin WindowsMoviePlayer
LogPluginManager: Mounting plugin ContentBrowserClassDataSource
LogPluginManager: Mounting plugin ContentBrowserAssetDataSource
LogPluginManager: Mounting plugin ContentBrowserFileDataSource
LogPluginManager: Mounting plugin OnlineSubsystemGooglePlay
LogPluginManager: Mounting plugin OnlineSubsystemIOS
LogPluginManager: Mounting plugin OculusVR
LogPluginManager: Mounting plugin SteamVR
PixWinPlugin: PIX capture plugin failed to initialize! Check that the process is launched from PIX.
LogLuminAPIImpl: Warning: MLSDK not found.  This likely means the MLSDK environment variable is not set.
LogInit: Using libcurl 7.55.1-DEV
LogInit:  - built for x86_64-pc-win32
LogInit:  - supports SSL with OpenSSL/1.1.1
LogInit:  - supports HTTP deflate (compression) using libz 1.2.8
LogInit:  - other features:
LogInit:      CURL_VERSION_SSL
LogInit:      CURL_VERSION_LIBZ
LogInit:      CURL_VERSION_IPV6
LogInit:      CURL_VERSION_ASYNCHDNS
LogInit:      CURL_VERSION_LARGEFILE
LogInit:      CURL_VERSION_IDN
LogInit:  CurlRequestOptions (configurable via config and command line):
LogInit:  - bVerifyPeer = true  - Libcurl will verify peer certificate
LogInit:  - bUseHttpProxy = false  - Libcurl will NOT use HTTP proxy
LogInit:  - bDontReuseConnections = false  - Libcurl will reuse connections
LogInit:  - MaxHostConnections = 16  - Libcurl will limit the number of connections to a host
LogInit:  - LocalHostAddr = Default
LogInit:  - BufferSize = 65536
LogOnline: OSS: Creating online subsystem instance for: NULL
LogInit: WinSock: version 1.1 (2.2), MaxSocks=32767, MaxUdp=65467
LogOnline: OSS: TryLoadSubsystemAndSetDefault: Loaded subsystem for module [NULL]
LogOculusPluginWrapper: OculusPlugin initialized successfully
LogHMD: Failed initializing OVRPlugin 1.59.0
LogInit: Build: ++UE4+Release-4.27-CL-17735300
LogInit: Engine Version: 4.27.1-17735300+++UE4+Release-4.27
LogInit: Compatible Engine Version: 4.27.0-17155196+++UE4+Release-4.27
LogInit: Net CL: 17155196
LogInit: OS: Windows 10 (Release 2009) (), CPU: Intel(R) Core(TM) i9-9900K CPU @ 3.60GHz, GPU: NVIDIA GeForce RTX 2080
LogInit: Compiled (64-bit): Oct  6 2021 14:42:51
LogInit: Compiled with Visual C++: 19.24.28315.00
LogInit: Build Configuration: Development
LogInit: Branch Name: ++UE4+Release-4.27
LogInit: Command Line:  -EpicPortal -epicusername=OTØRo -epicuserid=7b3de41be34d4a29a80c535825df2ef4 -epiclocale=en -epicsandboxid=ue
LogInit: Base Directory: C:/Program Files/Epic Games/UE_4.27/Engine/Binaries/Win64/
LogInit: Allocator: TBB
LogInit: Installed Engine Build: 1
LogDevObjectVersion: Number of dev versions registered: 29
LogDevObjectVersion:   Dev-Blueprints (B0D832E4-1F89-4F0D-ACCF-7EB736FD4AA2): 10
LogDevObjectVersion:   Dev-Build (E1C64328-A22C-4D53-A36C-8E866417BD8C): 0
LogDevObjectVersion:   Dev-Core (375EC13C-06E4-48FB-B500-84F0262A717E): 4
LogDevObjectVersion:   Dev-Editor (E4B068ED-F494-42E9-A231-DA0B2E46BB41): 40
LogDevObjectVersion:   Dev-Framework (CFFC743F-43B0-4480-9391-14DF171D2073): 37
LogDevObjectVersion:   Dev-Mobile (B02B49B5-BB20-44E9-A304-32B752E40360): 3
LogDevObjectVersion:   Dev-Networking (A4E4105C-59A1-49B5-A7C5-40C4547EDFEE): 0
LogDevObjectVersion:   Dev-Online (39C831C9-5AE6-47DC-9A44-9C173E1C8E7C): 0
LogDevObjectVersion:   Dev-Physics (78F01B33-EBEA-4F98-B9B4-84EACCB95AA2): 14
LogDevObjectVersion:   Dev-Platform (6631380F-2D4D-43E0-8009-CF276956A95A): 0
LogDevObjectVersion:   Dev-Rendering (12F88B9F-8875-4AFC-A67C-D90C383ABD29): 45
LogDevObjectVersion:   Dev-Sequencer (7B5AE74C-D270-4C10-A958-57980B212A5A): 13
LogDevObjectVersion:   Dev-VR (D7296918-1DD6-4BDD-9DE2-64A83CC13884): 3
LogDevObjectVersion:   Dev-LoadTimes (C2A15278-BFE7-4AFE-6C17-90FF531DF755): 1
LogDevObjectVersion:   Private-Geometry (6EACA3D4-40EC-4CC1-B786-8BED09428FC5): 3
LogDevObjectVersion:   Dev-AnimPhys (29E575DD-E0A3-4627-9D10-D276232CDCEA): 17
LogDevObjectVersion:   Dev-Anim (AF43A65D-7FD3-4947-9873-3E8ED9C1BB05): 15
LogDevObjectVersion:   Dev-ReflectionCapture (6B266CEC-1EC7-4B8F-A30B-E4D90942FC07): 1
LogDevObjectVersion:   Dev-Automation (0DF73D61-A23F-47EA-B727-89E90C41499A): 1
LogDevObjectVersion:   FortniteMain (601D1886-AC64-4F84-AA16-D3DE0DEAC7D6): 47
LogDevObjectVersion:   FortniteRelease (E7086368-6B23-4C58-8439-1B7016265E91): 1
LogDevObjectVersion:   Dev-Enterprise (9DFFBCD6-494F-0158-E221-12823C92A888): 10
LogDevObjectVersion:   Dev-Niagara (F2AED0AC-9AFE-416F-8664-AA7FFA26D6FC): 1
LogDevObjectVersion:   Dev-Destruction (174F1F0B-B4C6-45A5-B13F-2EE8D0FB917D): 10
LogDevObjectVersion:   Dev-Physics-Ext (35F94A83-E258-406C-A318-09F59610247C): 41
LogDevObjectVersion:   Dev-PhysicsMaterial-Chaos (B68FC16E-8B1B-42E2-B453-215C058844FE): 1
LogDevObjectVersion:   Dev-CineCamera (B2E18506-4273-CFC2-A54E-F4BB758BBA07): 1
LogDevObjectVersion:   Dev-VirtualProduction (64F58936-FD1B-42BA-BA96-7289D5D0FA4E): 1
LogDevObjectVersion:   Dev-MediaFramework (6F0ED827-A609-4895-9C91-998D90180EA4): 2
LogInit: Presizing for max 25165824 objects, including 0 objects not considered by GC, pre-allocating 0 bytes for permanent pool.
LogConfig: Applying CVar settings from Section [/Script/Engine.StreamingSettings] File [C:/Users/torro/Downloads/GDD_GIT_Project/totemofearth/TotemsOfEarth/Saved/Config/Windows/Engine.ini]
LogConfig: Setting CVar [[s.MinBulkDataSizeForAsyncLoading:131072]]
LogConfig: Setting CVar [[s.AsyncLoadingThreadEnabled:0]]
LogConfig: Setting CVar [[s.EventDrivenLoaderEnabled:1]]
LogConfig: Setting CVar [[s.WarnIfTimeLimitExceeded:0]]
LogConfig: Setting CVar [[s.TimeLimitExceededMultiplier:1.5]]
LogConfig: Setting CVar [[s.TimeLimitExceededMinTime:0.005]]
LogConfig: Setting CVar [[s.UseBackgroundLevelStreaming:1]]
LogConfig: Setting CVar [[s.PriorityAsyncLoadingExtraTime:15.0]]
LogConfig: Setting CVar [[s.LevelStreamingActorsUpdateTimeLimit:5.0]]
LogConfig: Setting CVar [[s.PriorityLevelStreamingActorsUpdateExtraTime:5.0]]
LogConfig: Setting CVar [[s.LevelStreamingComponentsRegistrationGranularity:10]]
LogConfig: Setting CVar [[s.UnregisterComponentsTimeLimit:1.0]]
LogConfig: Setting CVar [[s.LevelStreamingComponentsUnregistrationGranularity:5]]
LogConfig: Setting CVar [[s.FlushStreamingOnExit:1]]
LogInit: Object subsystem initialized
LogConfig: Setting CVar [[con.DebugEarlyDefault:1]]
LogConfig: Setting CVar [[r.setres:1280x720]]
[2021.12.15-23.22.43:896][  0]LogConfig: Setting CVar [[r.VSync:0]]
[2021.12.15-23.22.43:896][  0]LogConfig: Setting CVar [[r.RHICmdBypass:0]]
[2021.12.15-23.22.43:896][  0]LogConfig: Applying CVar settings from Section [/Script/Engine.RendererSettings] File [C:/Users/torro/Downloads/GDD_GIT_Project/totemofearth/TotemsOfEarth/Saved/Config/Windows/Engine.ini]
[2021.12.15-23.22.43:896][  0]LogConfig: Setting CVar [[r.GPUCrashDebugging:0]]
[2021.12.15-23.22.43:896][  0]LogConfig: Setting CVar [[r.MobileHDR:0]]
[2021.12.15-23.22.43:896][  0]LogConfig: Applying CVar settings from Section [/Script/Engine.RendererOverrideSettings] File [C:/Users/torro/Downloads/GDD_GIT_Project/totemofearth/TotemsOfEarth/Saved/Config/Windows/Engine.ini]
[2021.12.15-23.22.43:896][  0]LogConfig: Applying CVar settings from Section [/Script/Engine.StreamingSettings] File [C:/Users/torro/Downloads/GDD_GIT_Project/totemofearth/TotemsOfEarth/Saved/Config/Windows/Engine.ini]
[2021.12.15-23.22.43:896][  0]LogConfig: Setting CVar [[s.MinBulkDataSizeForAsyncLoading:131072]]
[2021.12.15-23.22.43:896][  0]LogConfig: Setting CVar [[s.AsyncLoadingThreadEnabled:0]]
[2021.12.15-23.22.43:896][  0]LogConfig: Setting CVar [[s.EventDrivenLoaderEnabled:1]]
[2021.12.15-23.22.43:896][  0]LogConfig: Setting CVar [[s.WarnIfTimeLimitExceeded:0]]
[2021.12.15-23.22.43:896][  0]LogConfig: Setting CVar [[s.TimeLimitExceededMultiplier:1.5]]
[2021.12.15-23.22.43:896][  0]LogConfig: Setting CVar [[s.TimeLimitExceededMinTime:0.005]]
[2021.12.15-23.22.43:896][  0]LogConfig: Setting CVar [[s.UseBackgroundLevelStreaming:1]]
[2021.12.15-23.22.43:896][  0]LogConfig: Setting CVar [[s.PriorityAsyncLoadingExtraTime:15.0]]
[2021.12.15-23.22.43:896][  0]LogConfig: Setting CVar [[s.LevelStreamingActorsUpdateTimeLimit:5.0]]
[2021.12.15-23.22.43:896][  0]LogConfig: Setting CVar [[s.PriorityLevelStreamingActorsUpdateExtraTime:5.0]]
[2021.12.15-23.22.43:896][  0]LogConfig: Setting CVar [[s.LevelStreamingComponentsRegistrationGranularity:10]]
[2021.12.15-23.22.43:896][  0]LogConfig: Setting CVar [[s.UnregisterComponentsTimeLimit:1.0]]
[2021.12.15-23.22.43:896][  0]LogConfig: Setting CVar [[s.LevelStreamingComponentsUnregistrationGranularity:5]]
[2021.12.15-23.22.43:896][  0]LogConfig: Setting CVar [[s.FlushStreamingOnExit:1]]
[2021.12.15-23.22.43:896][  0]LogConfig: Applying CVar settings from Section [/Script/Engine.GarbageCollectionSettings] File [C:/Users/torro/Downloads/GDD_GIT_Project/totemofearth/TotemsOfEarth/Saved/Config/Windows/Engine.ini]
[2021.12.15-23.22.43:896][  0]LogConfig: Setting CVar [[gc.MaxObjectsNotConsideredByGC:1]]
[2021.12.15-23.22.43:896][  0]LogConfig: Setting CVar [[gc.SizeOfPermanentObjectPool:0]]
[2021.12.15-23.22.43:896][  0]LogConfig: Setting CVar [[gc.FlushStreamingOnGC:0]]
[2021.12.15-23.22.43:896][  0]LogConfig: Setting CVar [[gc.NumRetriesBeforeForcingGC:10]]
[2021.12.15-23.22.43:896][  0]LogConfig: Setting CVar [[gc.AllowParallelGC:1]]
[2021.12.15-23.22.43:896][  0]LogConfig: Setting CVar [[gc.TimeBetweenPurgingPendingKillObjects:61.1]]
[2021.12.15-23.22.43:896][  0]LogConfig: Setting CVar [[gc.MaxObjectsInEditor:25165824]]
[2021.12.15-23.22.43:896][  0]LogConfig: Setting CVar [[gc.IncrementalBeginDestroyEnabled:1]]
[2021.12.15-23.22.43:896][  0]LogConfig: Setting CVar [[gc.CreateGCClusters:1]]
[2021.12.15-23.22.43:896][  0]LogConfig: Setting CVar [[gc.MinGCClusterSize:5]]
[2021.12.15-23.22.43:896][  0]LogConfig: Setting CVar [[gc.ActorClusteringEnabled:0]]
[2021.12.15-23.22.43:896][  0]LogConfig: Setting CVar [[gc.BlueprintClusteringEnabled:0]]
[2021.12.15-23.22.43:896][  0]LogConfig: Setting CVar [[gc.UseDisregardForGCOnDedicatedServers:0]]
[2021.12.15-23.22.43:896][  0]LogConfig: Setting CVar [[gc.MultithreadedDestructionEnabled:1]]
[2021.12.15-23.22.43:896][  0]LogConfig: Applying CVar settings from Section [/Script/Engine.NetworkSettings] File [C:/Users/torro/Downloads/GDD_GIT_Project/totemofearth/TotemsOfEarth/Saved/Config/Windows/Engine.ini]
[2021.12.15-23.22.43:896][  0]LogConfig: Applying CVar settings from Section [/Script/UnrealEd.CookerSettings] File [C:/Users/torro/Downloads/GDD_GIT_Project/totemofearth/TotemsOfEarth/Saved/Config/Windows/Engine.ini]
[2021.12.15-23.22.43:906][  0]LogConfig: Applying CVar settings from Section [ViewDistanceQuality@3] File [C:/Users/torro/Downloads/GDD_GIT_Project/totemofearth/TotemsOfEarth/Saved/Config/Windows/Scalability.ini]
[2021.12.15-23.22.43:906][  0]LogConfig: Setting CVar [[r.SkeletalMeshLODBias:0]]
[2021.12.15-23.22.43:906][  0]LogConfig: Setting CVar [[r.ViewDistanceScale:1.0]]
[2021.12.15-23.22.43:906][  0]LogConfig: Applying CVar settings from Section [AntiAliasingQuality@3] File [C:/Users/torro/Downloads/GDD_GIT_Project/totemofearth/TotemsOfEarth/Saved/Config/Windows/Scalability.ini]
[2021.12.15-23.22.43:906][  0]LogConfig: Setting CVar [[r.PostProcessAAQuality:4]]
[2021.12.15-23.22.43:906][  0]LogConfig: Applying CVar settings from Section [ShadowQuality@3] File [C:/Users/torro/Downloads/GDD_GIT_Project/totemofearth/TotemsOfEarth/Saved/Config/Windows/Scalability.ini]
[2021.12.15-23.22.43:906][  0]LogConfig: Setting CVar [[r.LightFunctionQuality:1]]
[2021.12.15-23.22.43:906][  0]LogConfig: Setting CVar [[r.ShadowQuality:5]]
[2021.12.15-23.22.43:906][  0]LogConfig: Setting CVar [[r.Shadow.CSM.MaxCascades:10]]
[2021.12.15-23.22.43:906][  0]LogConfig: Setting CVar [[r.Shadow.MaxResolution:2048]]
[2021.12.15-23.22.43:906][  0]LogConfig: Setting CVar [[r.Shadow.MaxCSMResolution:2048]]
[2021.12.15-23.22.43:906][  0]LogConfig: Setting CVar [[r.Shadow.RadiusThreshold:0.01]]
[2021.12.15-23.22.43:906][  0]LogConfig: Setting CVar [[r.Shadow.DistanceScale:1.0]]
[2021.12.15-23.22.43:906][  0]LogConfig: Setting CVar [[r.Shadow.CSM.TransitionScale:1.0]]
[2021.12.15-23.22.43:906][  0]LogConfig: Setting CVar [[r.Shadow.PreShadowResolutionFactor:1.0]]
[2021.12.15-23.22.43:906][  0]LogConfig: Setting CVar [[r.DistanceFieldShadowing:1]]
[2021.12.15-23.22.43:906][  0]LogConfig: Setting CVar [[r.DistanceFieldAO:1]]
[2021.12.15-23.22.43:906][  0]LogConfig: Setting CVar [[r.AOQuality:2]]
[2021.12.15-23.22.43:906][  0]LogConfig: Setting CVar [[r.VolumetricFog:1]]
[2021.12.15-23.22.43:906][  0]LogConfig: Setting CVar [[r.VolumetricFog.GridPixelSize:8]]
[2021.12.15-23.22.43:906][  0]LogConfig: Setting CVar [[r.VolumetricFog.GridSizeZ:128]]
[2021.12.15-23.22.43:906][  0]LogConfig: Setting CVar [[r.VolumetricFog.HistoryMissSupersampleCount:4]]
[2021.12.15-23.22.43:906][  0]LogConfig: Setting CVar [[r.LightMaxDrawDistanceScale:1]]
[2021.12.15-23.22.43:906][  0]LogConfig: Setting CVar [[r.CapsuleShadows:1]]
[2021.12.15-23.22.43:906][  0]LogConfig: Applying CVar settings from Section [PostProcessQuality@3] File [C:/Users/torro/Downloads/GDD_GIT_Project/totemofearth/TotemsOfEarth/Saved/Config/Windows/Scalability.ini]
[2021.12.15-23.22.43:906][  0]LogConfig: Setting CVar [[r.MotionBlurQuality:4]]
[2021.12.15-23.22.43:906][  0]LogConfig: Setting CVar [[r.AmbientOcclusionMipLevelFactor:0.4]]
[2021.12.15-23.22.43:907][  0]LogConfig: Setting CVar [[r.AmbientOcclusionMaxQuality:100]]
[2021.12.15-23.22.43:907][  0]LogConfig: Setting CVar [[r.AmbientOcclusionLevels:-1]]
[2021.12.15-23.22.43:907][  0]LogConfig: Setting CVar [[r.AmbientOcclusionRadiusScale:1.0]]
[2021.12.15-23.22.43:907][  0]LogConfig: Setting CVar [[r.DepthOfFieldQuality:2]]
[2021.12.15-23.22.43:907][  0]LogConfig: Setting CVar [[r.RenderTargetPoolMin:400]]
[2021.12.15-23.22.43:907][  0]LogConfig: Setting CVar [[r.LensFlareQuality:2]]
[2021.12.15-23.22.43:907][  0]LogConfig: Setting CVar [[r.SceneColorFringeQuality:1]]
[2021.12.15-23.22.43:907][  0]LogConfig: Setting CVar [[r.EyeAdaptationQuality:2]]
[2021.12.15-23.22.43:907][  0]LogConfig: Setting CVar [[r.BloomQuality:5]]
[2021.12.15-23.22.43:907][  0]LogConfig: Setting CVar [[r.FastBlurThreshold:100]]
[2021.12.15-23.22.43:907][  0]LogConfig: Setting CVar [[r.Upscale.Quality:3]]
[2021.12.15-23.22.43:907][  0]LogConfig: Setting CVar [[r.Tonemapper.GrainQuantization:1]]
[2021.12.15-23.22.43:907][  0]LogConfig: Setting CVar [[r.LightShaftQuality:1]]
[2021.12.15-23.22.43:907][  0]LogConfig: Setting CVar [[r.Filter.SizeScale:1]]
[2021.12.15-23.22.43:907][  0]LogConfig: Setting CVar [[r.Tonemapper.Quality:5]]
[2021.12.15-23.22.43:907][  0]LogConfig: Setting CVar [[r.DOF.Gather.AccumulatorQuality:1        ; higher gathering accumulator quality]]
[2021.12.15-23.22.43:907][  0]LogConfig: Setting CVar [[r.DOF.Gather.PostfilterMethod:1          ; Median3x3 postfilering method]]
[2021.12.15-23.22.43:907][  0]LogConfig: Setting CVar [[r.DOF.Gather.EnableBokehSettings:0       ; no bokeh simulation when gathering]]
[2021.12.15-23.22.43:907][  0]LogConfig: Setting CVar [[r.DOF.Gather.RingCount:4                 ; medium number of samples when gathering]]
[2021.12.15-23.22.43:907][  0]LogConfig: Setting CVar [[r.DOF.Scatter.ForegroundCompositing:1    ; additive foreground scattering]]
[2021.12.15-23.22.43:907][  0]LogConfig: Setting CVar [[r.DOF.Scatter.BackgroundCompositing:2    ; additive background scattering]]
[2021.12.15-23.22.43:907][  0]LogConfig: Setting CVar [[r.DOF.Scatter.EnableBokehSettings:1      ; bokeh simulation when scattering]]
[2021.12.15-23.22.43:907][  0]LogConfig: Setting CVar [[r.DOF.Scatter.MaxSpriteRatio:0.1         ; only a maximum of 10% of scattered bokeh]]
[2021.12.15-23.22.43:907][  0]LogConfig: Setting CVar [[r.DOF.Recombine.Quality:1                ; cheap slight out of focus]]
[2021.12.15-23.22.43:907][  0]LogConfig: Setting CVar [[r.DOF.Recombine.EnableBokehSettings:0    ; no bokeh simulation on slight out of focus]]
[2021.12.15-23.22.43:907][  0]LogConfig: Setting CVar [[r.DOF.TemporalAAQuality:1                ; more stable temporal accumulation]]
[2021.12.15-23.22.43:907][  0]LogConfig: Setting CVar [[r.DOF.Kernel.MaxForegroundRadius:0.025]]
[2021.12.15-23.22.43:907][  0]LogConfig: Setting CVar [[r.DOF.Kernel.MaxBackgroundRadius:0.025]]
[2021.12.15-23.22.43:907][  0]LogConfig: Applying CVar settings from Section [TextureQuality@3] File [C:/Users/torro/Downloads/GDD_GIT_Project/totemofearth/TotemsOfEarth/Saved/Config/Windows/Scalability.ini]
[2021.12.15-23.22.43:907][  0]LogConfig: Setting CVar [[r.Streaming.MipBias:0]]
[2021.12.15-23.22.43:907][  0]LogConfig: Setting CVar [[r.Streaming.AmortizeCPUToGPUCopy:0]]
[2021.12.15-23.22.43:907][  0]LogConfig: Setting CVar [[r.Streaming.MaxNumTexturesToStreamPerFrame:0]]
[2021.12.15-23.22.43:907][  0]LogConfig: Setting CVar [[r.Streaming.Boost:1]]
[2021.12.15-23.22.43:907][  0]LogConfig: Setting CVar [[r.MaxAnisotropy:8]]
[2021.12.15-23.22.43:907][  0]LogConfig: Setting CVar [[r.VT.MaxAnisotropy:8]]
[2021.12.15-23.22.43:907][  0]LogConfig: Setting CVar [[r.Streaming.LimitPoolSizeToVRAM:0]]
[2021.12.15-23.22.43:907][  0]LogConfig: Setting CVar [[r.Streaming.PoolSize:1000]]
[2021.12.15-23.22.43:907][  0]LogConfig: Setting CVar [[r.Streaming.MaxEffectiveScreenSize:0]]
[2021.12.15-23.22.43:907][  0]LogConfig: Applying CVar settings from Section [EffectsQuality@3] File [C:/Users/torro/Downloads/GDD_GIT_Project/totemofearth/TotemsOfEarth/Saved/Config/Windows/Scalability.ini]
[2021.12.15-23.22.43:907][  0]LogConfig: Setting CVar [[r.TranslucencyLightingVolumeDim:64]]
[2021.12.15-23.22.43:907][  0]LogConfig: Setting CVar [[r.RefractionQuality:2]]
[2021.12.15-23.22.43:907][  0]LogConfig: Setting CVar [[r.SSR.Quality:3]]
[2021.12.15-23.22.43:907][  0]LogConfig: Setting CVar [[r.SSR.HalfResSceneColor:0]]
[2021.12.15-23.22.43:907][  0]LogConfig: Setting CVar [[r.SceneColorFormat:4]]
[2021.12.15-23.22.43:907][  0]LogConfig: Setting CVar [[r.DetailMode:2]]
[2021.12.15-23.22.43:907][  0]LogConfig: Setting CVar [[r.TranslucencyVolumeBlur:1]]
[2021.12.15-23.22.43:907][  0]LogConfig: Setting CVar [[r.MaterialQualityLevel:1 ; High quality]]
[2021.12.15-23.22.43:907][  0]LogConfig: Setting CVar [[r.AnisotropicMaterials:1]]
[2021.12.15-23.22.43:907][  0]LogConfig: Setting CVar [[r.SSS.Scale:1]]
[2021.12.15-23.22.43:907][  0]LogConfig: Setting CVar [[r.SSS.SampleSet:2]]
[2021.12.15-23.22.43:907][  0]LogConfig: Setting CVar [[r.SSS.Quality:1]]
[2021.12.15-23.22.43:907][  0]LogConfig: Setting CVar [[r.SSS.HalfRes:0]]
[2021.12.15-23.22.43:907][  0]LogConfig: Setting CVar [[r.SSGI.Quality:3]]
[2021.12.15-23.22.43:907][  0]LogConfig: Setting CVar [[r.EmitterSpawnRateScale:1.0]]
[2021.12.15-23.22.43:907][  0]LogConfig: Setting CVar [[r.ParticleLightQuality:2]]
[2021.12.15-23.22.43:907][  0]LogConfig: Setting CVar [[r.SkyAtmosphere.AerialPerspectiveLUT.FastApplyOnOpaque:1 ; Always have FastSkyLUT 1 in this case to avoid wrong sky]]
[2021.12.15-23.22.43:907][  0]LogConfig: Setting CVar [[r.SkyAtmosphere.AerialPerspectiveLUT.SampleCountMaxPerSlice:4]]
[2021.12.15-23.22.43:907][  0]LogConfig: Setting CVar [[r.SkyAtmosphere.AerialPerspectiveLUT.DepthResolution:16.0]]
[2021.12.15-23.22.43:907][  0]LogConfig: Setting CVar [[r.SkyAtmosphere.FastSkyLUT:1]]
[2021.12.15-23.22.43:907][  0]LogConfig: Setting CVar [[r.SkyAtmosphere.FastSkyLUT.SampleCountMin:4.0]]
[2021.12.15-23.22.43:907][  0]LogConfig: Setting CVar [[r.SkyAtmosphere.FastSkyLUT.SampleCountMax:128.0]]
[2021.12.15-23.22.43:907][  0]LogConfig: Setting CVar [[r.SkyAtmosphere.SampleCountMin:4.0]]
[2021.12.15-23.22.43:907][  0]LogConfig: Setting CVar [[r.SkyAtmosphere.SampleCountMax:128.0]]
[2021.12.15-23.22.43:907][  0]LogConfig: Setting CVar [[r.SkyAtmosphere.TransmittanceLUT.UseSmallFormat:0]]
[2021.12.15-23.22.43:907][  0]LogConfig: Setting CVar [[r.SkyAtmosphere.TransmittanceLUT.SampleCount:10.0]]
[2021.12.15-23.22.43:907][  0]LogConfig: Setting CVar [[r.SkyAtmosphere.MultiScatteringLUT.SampleCount:15.0]]
[2021.12.15-23.22.43:907][  0]LogConfig: Setting CVar [[r.SkyLight.RealTimeReflectionCapture:1]]
[2021.12.15-23.22.43:907][  0]LogConfig: Applying CVar settings from Section [FoliageQuality@3] File [C:/Users/torro/Downloads/GDD_GIT_Project/totemofearth/TotemsOfEarth/Saved/Config/Windows/Scalability.ini]
[2021.12.15-23.22.43:907][  0]LogConfig: Setting CVar [[foliage.DensityScale:1.0]]
[2021.12.15-23.22.43:907][  0]LogConfig: Setting CVar [[grass.DensityScale:1.0]]
[2021.12.15-23.22.43:907][  0]LogConfig: Applying CVar settings from Section [ShadingQuality@3] File [C:/Users/torro/Downloads/GDD_GIT_Project/totemofearth/TotemsOfEarth/Saved/Config/Windows/Scalability.ini]
[2021.12.15-23.22.43:907][  0]LogConfig: Setting CVar [[r.HairStrands.SkyLighting.IntegrationType:2]]
[2021.12.15-23.22.43:907][  0]LogConfig: Setting CVar [[r.HairStrands.SkyAO.SampleCount:4]]
[2021.12.15-23.22.43:907][  0]LogConfig: Setting CVar [[r.HairStrands.Visibility.MSAA.SamplePerPixel:4]]
[2021.12.15-23.22.43:907][  0]LogInit: Selected Device Profile: [Windows]
[2021.12.15-23.22.43:907][  0]LogInit: Applying CVar settings loaded from the selected device profile: [Windows]
[2021.12.15-23.22.43:907][  0]LogHAL: Display: Platform has ~ 16 GB [17086734336 / 17179869184 / 16], which maps to Larger [LargestMinGB=32, LargerMinGB=12, DefaultMinGB=8, SmallerMinGB=6, SmallestMinGB=0)
[2021.12.15-23.22.43:907][  0]LogInit: Going up to parent DeviceProfile []
[2021.12.15-23.22.43:907][  0]LogConfig: Applying CVar settings from Section [ViewDistanceQuality@3] File [C:/Users/torro/Downloads/GDD_GIT_Project/totemofearth/TotemsOfEarth/Saved/Config/Windows/Scalability.ini]
[2021.12.15-23.22.43:907][  0]LogConfig: Setting CVar [[r.SkeletalMeshLODBias:0]]
[2021.12.15-23.22.43:907][  0]LogConfig: Setting CVar [[r.ViewDistanceScale:1.0]]
[2021.12.15-23.22.43:907][  0]LogConfig: Applying CVar settings from Section [AntiAliasingQuality@3] File [C:/Users/torro/Downloads/GDD_GIT_Project/totemofearth/TotemsOfEarth/Saved/Config/Windows/Scalability.ini]
[2021.12.15-23.22.43:907][  0]LogConfig: Setting CVar [[r.PostProcessAAQuality:4]]
[2021.12.15-23.22.43:907][  0]LogConfig: Applying CVar settings from Section [ShadowQuality@3] File [C:/Users/torro/Downloads/GDD_GIT_Project/totemofearth/TotemsOfEarth/Saved/Config/Windows/Scalability.ini]
[2021.12.15-23.22.43:907][  0]LogConfig: Setting CVar [[r.LightFunctionQuality:1]]
[2021.12.15-23.22.43:907][  0]LogConfig: Setting CVar [[r.ShadowQuality:5]]
[2021.12.15-23.22.43:907][  0]LogConfig: Setting CVar [[r.Shadow.CSM.MaxCascades:10]]
[2021.12.15-23.22.43:907][  0]LogConfig: Setting CVar [[r.Shadow.MaxResolution:2048]]
[2021.12.15-23.22.43:907][  0]LogConfig: Setting CVar [[r.Shadow.MaxCSMResolution:2048]]
[2021.12.15-23.22.43:907][  0]LogConfig: Setting CVar [[r.Shadow.RadiusThreshold:0.01]]
[2021.12.15-23.22.43:907][  0]LogConfig: Setting CVar [[r.Shadow.DistanceScale:1.0]]
[2021.12.15-23.22.43:907][  0]LogConfig: Setting CVar [[r.Shadow.CSM.TransitionScale:1.0]]
[2021.12.15-23.22.43:907][  0]LogConfig: Setting CVar [[r.Shadow.PreShadowResolutionFactor:1.0]]
[2021.12.15-23.22.43:907][  0]LogConfig: Setting CVar [[r.DistanceFieldShadowing:1]]
[2021.12.15-23.22.43:907][  0]LogConfig: Setting CVar [[r.DistanceFieldAO:1]]
[2021.12.15-23.22.43:907][  0]LogConfig: Setting CVar [[r.AOQuality:2]]
[2021.12.15-23.22.43:907][  0]LogConfig: Setting CVar [[r.VolumetricFog:1]]
[2021.12.15-23.22.43:907][  0]LogConfig: Setting CVar [[r.VolumetricFog.GridPixelSize:8]]
[2021.12.15-23.22.43:907][  0]LogConfig: Setting CVar [[r.VolumetricFog.GridSizeZ:128]]
[2021.12.15-23.22.43:907][  0]LogConfig: Setting CVar [[r.VolumetricFog.HistoryMissSupersampleCount:4]]
[2021.12.15-23.22.43:907][  0]LogConfig: Setting CVar [[r.LightMaxDrawDistanceScale:1]]
[2021.12.15-23.22.43:907][  0]LogConfig: Setting CVar [[r.CapsuleShadows:1]]
[2021.12.15-23.22.43:907][  0]LogConfig: Applying CVar settings from Section [PostProcessQuality@3] File [C:/Users/torro/Downloads/GDD_GIT_Project/totemofearth/TotemsOfEarth/Saved/Config/Windows/Scalability.ini]
[2021.12.15-23.22.43:907][  0]LogConfig: Setting CVar [[r.MotionBlurQuality:4]]
[2021.12.15-23.22.43:907][  0]LogConfig: Setting CVar [[r.AmbientOcclusionMipLevelFactor:0.4]]
[2021.12.15-23.22.43:907][  0]LogConfig: Setting CVar [[r.AmbientOcclusionMaxQuality:100]]
[2021.12.15-23.22.43:907][  0]LogConfig: Setting CVar [[r.AmbientOcclusionLevels:-1]]
[2021.12.15-23.22.43:907][  0]LogConfig: Setting CVar [[r.AmbientOcclusionRadiusScale:1.0]]
[2021.12.15-23.22.43:908][  0]LogConfig: Setting CVar [[r.DepthOfFieldQuality:2]]
[2021.12.15-23.22.43:908][  0]LogConfig: Setting CVar [[r.RenderTargetPoolMin:400]]
[2021.12.15-23.22.43:908][  0]LogConfig: Setting CVar [[r.LensFlareQuality:2]]
[2021.12.15-23.22.43:908][  0]LogConfig: Setting CVar [[r.SceneColorFringeQuality:1]]
[2021.12.15-23.22.43:908][  0]LogConfig: Setting CVar [[r.EyeAdaptationQuality:2]]
[2021.12.15-23.22.43:908][  0]LogConfig: Setting CVar [[r.BloomQuality:5]]
[2021.12.15-23.22.43:908][  0]LogConfig: Setting CVar [[r.FastBlurThreshold:100]]
[2021.12.15-23.22.43:908][  0]LogConfig: Setting CVar [[r.Upscale.Quality:3]]
[2021.12.15-23.22.43:908][  0]LogConfig: Setting CVar [[r.Tonemapper.GrainQuantization:1]]
[2021.12.15-23.22.43:908][  0]LogConfig: Setting CVar [[r.LightShaftQuality:1]]
[2021.12.15-23.22.43:908][  0]LogConfig: Setting CVar [[r.Filter.SizeScale:1]]
[2021.12.15-23.22.43:908][  0]LogConfig: Setting CVar [[r.Tonemapper.Quality:5]]
[2021.12.15-23.22.43:908][  0]LogConfig: Setting CVar [[r.DOF.Gather.AccumulatorQuality:1        ; higher gathering accumulator quality]]
[2021.12.15-23.22.43:908][  0]LogConfig: Setting CVar [[r.DOF.Gather.PostfilterMethod:1          ; Median3x3 postfilering method]]
[2021.12.15-23.22.43:908][  0]LogConfig: Setting CVar [[r.DOF.Gather.EnableBokehSettings:0       ; no bokeh simulation when gathering]]
[2021.12.15-23.22.43:908][  0]LogConfig: Setting CVar [[r.DOF.Gather.RingCount:4                 ; medium number of samples when gathering]]
[2021.12.15-23.22.43:908][  0]LogConfig: Setting CVar [[r.DOF.Scatter.ForegroundCompositing:1    ; additive foreground scattering]]
[2021.12.15-23.22.43:908][  0]LogConfig: Setting CVar [[r.DOF.Scatter.BackgroundCompositing:2    ; additive background scattering]]
[2021.12.15-23.22.43:908][  0]LogConfig: Setting CVar [[r.DOF.Scatter.EnableBokehSettings:1      ; bokeh simulation when scattering]]
[2021.12.15-23.22.43:908][  0]LogConfig: Setting CVar [[r.DOF.Scatter.MaxSpriteRatio:0.1         ; only a maximum of 10% of scattered bokeh]]
[2021.12.15-23.22.43:908][  0]LogConfig: Setting CVar [[r.DOF.Recombine.Quality:1                ; cheap slight out of focus]]
[2021.12.15-23.22.43:908][  0]LogConfig: Setting CVar [[r.DOF.Recombine.EnableBokehSettings:0    ; no bokeh simulation on slight out of focus]]
[2021.12.15-23.22.43:908][  0]LogConfig: Setting CVar [[r.DOF.TemporalAAQuality:1                ; more stable temporal accumulation]]
[2021.12.15-23.22.43:908][  0]LogConfig: Setting CVar [[r.DOF.Kernel.MaxForegroundRadius:0.025]]
[2021.12.15-23.22.43:908][  0]LogConfig: Setting CVar [[r.DOF.Kernel.MaxBackgroundRadius:0.025]]
[2021.12.15-23.22.43:908][  0]LogConfig: Applying CVar settings from Section [TextureQuality@3] File [C:/Users/torro/Downloads/GDD_GIT_Project/totemofearth/TotemsOfEarth/Saved/Config/Windows/Scalability.ini]
[2021.12.15-23.22.43:908][  0]LogConfig: Setting CVar [[r.Streaming.MipBias:0]]
[2021.12.15-23.22.43:908][  0]LogConfig: Setting CVar [[r.Streaming.AmortizeCPUToGPUCopy:0]]
[2021.12.15-23.22.43:908][  0]LogConfig: Setting CVar [[r.Streaming.MaxNumTexturesToStreamPerFrame:0]]
[2021.12.15-23.22.43:908][  0]LogConfig: Setting CVar [[r.Streaming.Boost:1]]
[2021.12.15-23.22.43:908][  0]LogConfig: Setting CVar [[r.MaxAnisotropy:8]]
[2021.12.15-23.22.43:908][  0]LogConfig: Setting CVar [[r.VT.MaxAnisotropy:8]]
[2021.12.15-23.22.43:908][  0]LogConfig: Setting CVar [[r.Streaming.LimitPoolSizeToVRAM:0]]
[2021.12.15-23.22.43:908][  0]LogConfig: Setting CVar [[r.Streaming.PoolSize:1000]]
[2021.12.15-23.22.43:908][  0]LogConfig: Setting CVar [[r.Streaming.MaxEffectiveScreenSize:0]]
[2021.12.15-23.22.43:908][  0]LogConfig: Applying CVar settings from Section [EffectsQuality@3] File [C:/Users/torro/Downloads/GDD_GIT_Project/totemofearth/TotemsOfEarth/Saved/Config/Windows/Scalability.ini]
[2021.12.15-23.22.43:908][  0]LogConfig: Setting CVar [[r.TranslucencyLightingVolumeDim:64]]
[2021.12.15-23.22.43:908][  0]LogConfig: Setting CVar [[r.RefractionQuality:2]]
[2021.12.15-23.22.43:908][  0]LogConfig: Setting CVar [[r.SSR.Quality:3]]
[2021.12.15-23.22.43:908][  0]LogConfig: Setting CVar [[r.SSR.HalfResSceneColor:0]]
[2021.12.15-23.22.43:908][  0]LogConfig: Setting CVar [[r.SceneColorFormat:4]]
[2021.12.15-23.22.43:908][  0]LogConfig: Setting CVar [[r.DetailMode:2]]
[2021.12.15-23.22.43:908][  0]LogConfig: Setting CVar [[r.TranslucencyVolumeBlur:1]]
[2021.12.15-23.22.43:908][  0]LogConfig: Setting CVar [[r.MaterialQualityLevel:1 ; High quality]]
[2021.12.15-23.22.43:908][  0]LogConfig: Setting CVar [[r.AnisotropicMaterials:1]]
[2021.12.15-23.22.43:908][  0]LogConfig: Setting CVar [[r.SSS.Scale:1]]
[2021.12.15-23.22.43:908][  0]LogConfig: Setting CVar [[r.SSS.SampleSet:2]]
[2021.12.15-23.22.43:908][  0]LogConfig: Setting CVar [[r.SSS.Quality:1]]
[2021.12.15-23.22.43:908][  0]LogConfig: Setting CVar [[r.SSS.HalfRes:0]]
[2021.12.15-23.22.43:908][  0]LogConfig: Setting CVar [[r.SSGI.Quality:3]]
[2021.12.15-23.22.43:908][  0]LogConfig: Setting CVar [[r.EmitterSpawnRateScale:1.0]]
[2021.12.15-23.22.43:908][  0]LogConfig: Setting CVar [[r.ParticleLightQuality:2]]
[2021.12.15-23.22.43:908][  0]LogConfig: Setting CVar [[r.SkyAtmosphere.AerialPerspectiveLUT.FastApplyOnOpaque:1 ; Always have FastSkyLUT 1 in this case to avoid wrong sky]]
[2021.12.15-23.22.43:908][  0]LogConfig: Setting CVar [[r.SkyAtmosphere.AerialPerspectiveLUT.SampleCountMaxPerSlice:4]]
[2021.12.15-23.22.43:908][  0]LogConfig: Setting CVar [[r.SkyAtmosphere.AerialPerspectiveLUT.DepthResolution:16.0]]
[2021.12.15-23.22.43:908][  0]LogConfig: Setting CVar [[r.SkyAtmosphere.FastSkyLUT:1]]
[2021.12.15-23.22.43:908][  0]LogConfig: Setting CVar [[r.SkyAtmosphere.FastSkyLUT.SampleCountMin:4.0]]
[2021.12.15-23.22.43:908][  0]LogConfig: Setting CVar [[r.SkyAtmosphere.FastSkyLUT.SampleCountMax:128.0]]
[2021.12.15-23.22.43:908][  0]LogConfig: Setting CVar [[r.SkyAtmosphere.SampleCountMin:4.0]]
[2021.12.15-23.22.43:908][  0]LogConfig: Setting CVar [[r.SkyAtmosphere.SampleCountMax:128.0]]
[2021.12.15-23.22.43:908][  0]LogConfig: Setting CVar [[r.SkyAtmosphere.TransmittanceLUT.UseSmallFormat:0]]
[2021.12.15-23.22.43:908][  0]LogConfig: Setting CVar [[r.SkyAtmosphere.TransmittanceLUT.SampleCount:10.0]]
[2021.12.15-23.22.43:908][  0]LogConfig: Setting CVar [[r.SkyAtmosphere.MultiScatteringLUT.SampleCount:15.0]]
[2021.12.15-23.22.43:908][  0]LogConfig: Setting CVar [[r.SkyLight.RealTimeReflectionCapture:1]]
[2021.12.15-23.22.43:908][  0]LogConfig: Applying CVar settings from Section [FoliageQuality@3] File [C:/Users/torro/Downloads/GDD_GIT_Project/totemofearth/TotemsOfEarth/Saved/Config/Windows/Scalability.ini]
[2021.12.15-23.22.43:908][  0]LogConfig: Setting CVar [[foliage.DensityScale:1.0]]
[2021.12.15-23.22.43:908][  0]LogConfig: Setting CVar [[grass.DensityScale:1.0]]
[2021.12.15-23.22.43:908][  0]LogConfig: Applying CVar settings from Section [ShadingQuality@3] File [C:/Users/torro/Downloads/GDD_GIT_Project/totemofearth/TotemsOfEarth/Saved/Config/Windows/Scalability.ini]
[2021.12.15-23.22.43:908][  0]LogConfig: Setting CVar [[r.HairStrands.SkyLighting.IntegrationType:2]]
[2021.12.15-23.22.43:908][  0]LogConfig: Setting CVar [[r.HairStrands.SkyAO.SampleCount:4]]
[2021.12.15-23.22.43:908][  0]LogConfig: Setting CVar [[r.HairStrands.Visibility.MSAA.SamplePerPixel:4]]
[2021.12.15-23.22.43:908][  0]LogConfig: Applying CVar settings from Section [Startup] File [../../../Engine/Config/ConsoleVariables.ini]
[2021.12.15-23.22.43:908][  0]LogConfig: Setting CVar [[net.UseAdaptiveNetUpdateFrequency:0]]
[2021.12.15-23.22.43:908][  0]LogConfig: Setting CVar [[p.chaos.AllowCreatePhysxBodies:1]]
[2021.12.15-23.22.43:908][  0]LogConfig: Setting CVar [[fx.SkipVectorVMBackendOptimizations:1]]
[2021.12.15-23.22.43:909][  0]LogConfig: Applying CVar settings from Section [ConsoleVariables] File [C:/Users/torro/Downloads/GDD_GIT_Project/totemofearth/TotemsOfEarth/Saved/Config/Windows/Engine.ini]
[2021.12.15-23.22.43:909][  0]LogConfig: Applying CVar settings from Section [ConsoleVariables] File [C:/Users/torro/Downloads/GDD_GIT_Project/totemofearth/TotemsOfEarth/Saved/Config/Windows/Editor.ini]
[2021.12.15-23.22.43:909][  0]LogInit: Computer: DESKTOP-ROT92MS
[2021.12.15-23.22.43:909][  0]LogInit: User: torro
[2021.12.15-23.22.43:909][  0]LogInit: CPU Page size=4096, Cores=8
[2021.12.15-23.22.43:909][  0]LogInit: High frequency timer resolution =10.000000 MHz
[2021.12.15-23.22.43:909][  0]LogMemory: Memory total: Physical=15.9GB (16GB approx)
[2021.12.15-23.22.43:909][  0]LogMemory: Platform Memory Stats for Windows
[2021.12.15-23.22.43:909][  0]LogMemory: Process Physical Memory: 146.04 MB used, 146.04 MB peak
[2021.12.15-23.22.43:909][  0]LogMemory: Process Virtual Memory: 129.06 MB used, 129.06 MB peak
[2021.12.15-23.22.43:909][  0]LogMemory: Physical Memory: 6401.50 MB used,  9893.68 MB free, 16295.18 MB total
[2021.12.15-23.22.43:909][  0]LogMemory: Virtual Memory: 134199704.00 MB used,  18026.87 MB free, 134217728.00 MB total
[2021.12.15-23.22.43:911][  0]LogWindows: WindowsPlatformFeatures enabled
[2021.12.15-23.22.43:935][  0]LogInit: Physics initialised using underlying interface: PhysX
[2021.12.15-23.22.43:936][  0]LogInit: Using OS detected language (en-US).
[2021.12.15-23.22.43:936][  0]LogInit: Using OS detected locale (en-US).
[2021.12.15-23.22.43:938][  0]LogTextLocalizationManager: No specific localization for 'en-US' exists, so the 'en' localization will be used.
[2021.12.15-23.22.44:064][  0]LogInit: Setting process to per monitor DPI aware
[2021.12.15-23.22.44:072][  0]LogWindowsTextInputMethodSystem: Display: IME system deactivated.
[2021.12.15-23.22.44:080][  0]LogSlate: New Slate User Created.  User Index 0, Is Virtual User: 0
[2021.12.15-23.22.44:080][  0]LogSlate: Slate User Registered.  User Index 0, Is Virtual User: 0
[2021.12.15-23.22.44:164][  0]LogD3D11RHI: Loaded GFSDK_Aftermath_Lib.x64.dll
[2021.12.15-23.22.44:166][  0]LogHMD: Failed to initialize OpenVR with code 110
[2021.12.15-23.22.44:166][  0]LogD3D11RHI: D3D11 min allowed feature level: 11_0
[2021.12.15-23.22.44:166][  0]LogD3D11RHI: D3D11 max allowed feature level: 11_0
[2021.12.15-23.22.44:166][  0]LogD3D11RHI: D3D11 adapters:
[2021.12.15-23.22.44:249][  0]LogD3D11RHI:    0. 'NVIDIA GeForce RTX 2080' (Feature Level 11_0)
[2021.12.15-23.22.44:249][  0]LogD3D11RHI:       8010/0/8147 MB DedicatedVideo/DedicatedSystem/SharedSystem, Outputs:1, VendorId:0x10de
[2021.12.15-23.22.44:250][  0]LogD3D11RHI:    1. 'Microsoft Basic Render Driver' (Feature Level 11_0)
[2021.12.15-23.22.44:250][  0]LogD3D11RHI:       0/0/8147 MB DedicatedVideo/DedicatedSystem/SharedSystem, Outputs:0, VendorId:0x1414
[2021.12.15-23.22.44:250][  0]LogD3D11RHI: Chosen D3D11 Adapter:
[2021.12.15-23.22.44:250][  0]LogD3D11RHI:     Description : NVIDIA GeForce RTX 2080
[2021.12.15-23.22.44:250][  0]LogD3D11RHI:     VendorId    : 10de
[2021.12.15-23.22.44:250][  0]LogD3D11RHI:     DeviceId    : 1e87
[2021.12.15-23.22.44:250][  0]LogD3D11RHI:     SubSysId    : 86621043
[2021.12.15-23.22.44:250][  0]LogD3D11RHI:     Revision    : 00a1
[2021.12.15-23.22.44:250][  0]LogD3D11RHI:     DedicatedVideoMemory : 8399093760 bytes
[2021.12.15-23.22.44:250][  0]LogD3D11RHI:     DedicatedSystemMemory : 0 bytes
[2021.12.15-23.22.44:250][  0]LogD3D11RHI:     SharedSystemMemory : 8543367168 bytes
[2021.12.15-23.22.44:250][  0]LogD3D11RHI:     AdapterLuid : 0 951026
[2021.12.15-23.22.44:255][  0]LogD3D11RHI: Creating new Direct3DDevice
[2021.12.15-23.22.44:255][  0]LogD3D11RHI:     GPU DeviceId: 0x1e87 (for the marketing name, search the web for "GPU Device Id")
[2021.12.15-23.22.44:255][  0]LogWindows: EnumDisplayDevices:
[2021.12.15-23.22.44:255][  0]LogWindows:    0. 'NVIDIA GeForce RTX 2080' (P:1 D:1)
[2021.12.15-23.22.44:255][  0]LogWindows:    1. 'NVIDIA GeForce RTX 2080' (P:0 D:0)
[2021.12.15-23.22.44:255][  0]LogWindows:    2. 'NVIDIA GeForce RTX 2080' (P:0 D:0)
[2021.12.15-23.22.44:255][  0]LogWindows:    3. 'NVIDIA GeForce RTX 2080' (P:0 D:0)
[2021.12.15-23.22.44:256][  0]LogWindows: DebugString: FoundDriverCount:4 
[2021.12.15-23.22.44:256][  0]LogD3D11RHI:     Adapter Name: NVIDIA GeForce RTX 2080
[2021.12.15-23.22.44:256][  0]LogD3D11RHI:   Driver Version: 472.12 (internal:30.0.14.7212, unified:472.12)
[2021.12.15-23.22.44:256][  0]LogD3D11RHI:      Driver Date: 9-13-2021
[2021.12.15-23.22.44:256][  0]LogRHI: Texture pool is 5607 MB (70% of 8010 MB)
[2021.12.15-23.22.44:256][  0]LogD3D11RHI: Creating D3DDevice using adapter:
[2021.12.15-23.22.44:256][  0]LogD3D11RHI:     Description : NVIDIA GeForce RTX 2080
[2021.12.15-23.22.44:256][  0]LogD3D11RHI:     VendorId    : 10de
[2021.12.15-23.22.44:256][  0]LogD3D11RHI:     DeviceId    : 1e87
[2021.12.15-23.22.44:256][  0]LogD3D11RHI:     SubSysId    : 86621043
[2021.12.15-23.22.44:256][  0]LogD3D11RHI:     Revision    : 00a1
[2021.12.15-23.22.44:256][  0]LogD3D11RHI:     DedicatedVideoMemory : 8399093760 bytes
[2021.12.15-23.22.44:256][  0]LogD3D11RHI:     DedicatedSystemMemory : 0 bytes
[2021.12.15-23.22.44:256][  0]LogD3D11RHI:     SharedSystemMemory : 8543367168 bytes
[2021.12.15-23.22.44:256][  0]LogD3D11RHI:     AdapterLuid : 0 951026
[2021.12.15-23.22.44:316][  0]LogD3D11RHI: RHI has support for 64 bit atomics
[2021.12.15-23.22.44:317][  0]LogD3D11RHI: Async texture creation enabled
[2021.12.15-23.22.44:317][  0]LogD3D11RHI: Array index from any shader is supported
[2021.12.15-23.22.44:337][  0]LogD3D11RHI: GPU Timing Frequency: 1000.000000 (Debug: 2 2)
[2021.12.15-23.22.44:362][  0]LogRHI: GeForceNow SDK initialized: 1
[2021.12.15-23.22.44:544][  0]LogTargetPlatformManager: Display: Loaded TargetPlatform 'AllDesktop'
[2021.12.15-23.22.44:560][  0]LogTargetPlatformManager: Display: Loaded TargetPlatform 'Android'
[2021.12.15-23.22.44:560][  0]LogTargetPlatformManager: Display: Loaded TargetPlatform 'Android_ASTC'
[2021.12.15-23.22.44:560][  0]LogTargetPlatformManager: Display: Loaded TargetPlatform 'Android_DXT'
[2021.12.15-23.22.44:560][  0]LogTargetPlatformManager: Display: Loaded TargetPlatform 'Android_ETC2'
[2021.12.15-23.22.44:560][  0]LogTargetPlatformManager: Display: Loaded TargetPlatform 'AndroidClient'
[2021.12.15-23.22.44:560][  0]LogTargetPlatformManager: Display: Loaded TargetPlatform 'Android_ASTCClient'
[2021.12.15-23.22.44:560][  0]LogTargetPlatformManager: Display: Loaded TargetPlatform 'Android_DXTClient'
[2021.12.15-23.22.44:560][  0]LogTargetPlatformManager: Display: Loaded TargetPlatform 'Android_ETC2Client'
[2021.12.15-23.22.44:560][  0]LogTargetPlatformManager: Display: Loaded TargetPlatform 'Android_Multi'
[2021.12.15-23.22.44:560][  0]LogTargetPlatformManager: Display: Loaded TargetPlatform 'Android_MultiClient'
[2021.12.15-23.22.44:573][  0]LogTargetPlatformManager: Display: Loaded TargetPlatform 'IOSClient'
[2021.12.15-23.22.44:573][  0]LogTargetPlatformManager: Display: Loaded TargetPlatform 'IOS'
[2021.12.15-23.22.44:580][  0]LogTargetPlatformManager: Display: Loaded TargetPlatform 'Linux'
[2021.12.15-23.22.44:583][  0]LogTargetPlatformManager: Display: Loaded TargetPlatform 'LinuxNoEditor'
[2021.12.15-23.22.44:585][  0]LogTargetPlatformManager: Display: Loaded TargetPlatform 'LinuxClient'
[2021.12.15-23.22.44:588][  0]LogTargetPlatformManager: Display: Loaded TargetPlatform 'LinuxServer'
[2021.12.15-23.22.44:595][  0]LogTargetPlatformManager: Display: Loaded TargetPlatform 'LinuxAArch64NoEditor'
[2021.12.15-23.22.44:598][  0]LogTargetPlatformManager: Display: Loaded TargetPlatform 'LinuxAArch64Client'
[2021.12.15-23.22.44:600][  0]LogTargetPlatformManager: Display: Loaded TargetPlatform 'LinuxAArch64Server'
[2021.12.15-23.22.44:620][  0]LogTargetPlatformManager: Display: Loaded TargetPlatform 'Lumin'
[2021.12.15-23.22.44:620][  0]LogTargetPlatformManager: Display: Loaded TargetPlatform 'LuminClient'
[2021.12.15-23.22.44:627][  0]LogTargetPlatformManager: Display: Loaded TargetPlatform 'MacNoEditor'
[2021.12.15-23.22.44:630][  0]LogTargetPlatformManager: Display: Loaded TargetPlatform 'Mac'
[2021.12.15-23.22.44:632][  0]LogTargetPlatformManager: Display: Loaded TargetPlatform 'MacClient'
[2021.12.15-23.22.44:635][  0]LogTargetPlatformManager: Display: Loaded TargetPlatform 'MacServer'
[2021.12.15-23.22.44:643][  0]LogTargetPlatformManager: Display: Loaded TargetPlatform 'TVOSClient'
[2021.12.15-23.22.44:643][  0]LogTargetPlatformManager: Display: Loaded TargetPlatform 'TVOS'
[2021.12.15-23.22.44:650][  0]LogTargetPlatformManager: Display: Loaded TargetPlatform 'WindowsNoEditor'
[2021.12.15-23.22.44:653][  0]LogTargetPlatformManager: Display: Loaded TargetPlatform 'Windows'
[2021.12.15-23.22.44:656][  0]LogTargetPlatformManager: Display: Loaded TargetPlatform 'WindowsClient'
[2021.12.15-23.22.44:658][  0]LogTargetPlatformManager: Display: Loaded TargetPlatform 'WindowsServer'
[2021.12.15-23.22.44:658][  0]LogTargetPlatformManager: Display: Building Assets For Windows
[2021.12.15-23.22.44:662][  0]LogAudioDebug: Display: Lib vorbis DLL was dynamically loaded.
[2021.12.15-23.22.44:680][  0]LogTextureFormatOodle: Display: Oodle Texture 2.9.0 init RDO Off
[2021.12.15-23.22.44:699][  0]LogRendererCore: Ray tracing is disabled. Reason: r.RayTracing=0.
[2021.12.15-23.22.44:699][  0]LogShaderCompilers: Guid format shader working directory is -37 characters bigger than the processId version (../../../../../../Users/torro/Downloads/GDD_GIT_Project/totemofearth/TotemsOfEarth/Intermediate/Shaders/WorkingDirectory/22752/).
[2021.12.15-23.22.44:699][  0]LogShaderCompilers: Cleaned the shader compiler working directory 'C:/Users/torro/AppData/Local/Temp/UnrealShaderWorkingDir/5D6C1D084F7BB9ABEC3FBBB8D02FA2AF/'.
[2021.12.15-23.22.44:699][  0]LogXGEController: Cannot use XGE Controller as Incredibuild is not installed on this machine.
[2021.12.15-23.22.44:699][  0]LogShaderCompilers: Cannot use XGE Shader Compiler as Incredibuild is not installed on this machine.
[2021.12.15-23.22.44:699][  0]LogShaderCompilers: Display: Using Local Shader Compiler.
[2021.12.15-23.22.45:268][  0]LogDerivedDataCache: Display: Max Cache Size: 512 MB
[2021.12.15-23.22.45:309][  0]LogDerivedDataCache: Loaded boot cache 0.04s 94MB C:/Users/torro/AppData/Local/UnrealEngine/4.27/DerivedDataCache/Boot.ddc.
[2021.12.15-23.22.45:309][  0]LogDerivedDataCache: Display: Loaded Boot cache: C:/Users/torro/AppData/Local/UnrealEngine/4.27/DerivedDataCache/Boot.ddc
[2021.12.15-23.22.45:310][  0]LogDerivedDataCache: FDerivedDataBackendGraph:  Pak pak cache file ../../../../../../Users/torro/Downloads/GDD_GIT_Project/totemofearth/TotemsOfEarth/DerivedDataCache/DDC.ddp not found, will not use a pak cache.
[2021.12.15-23.22.45:310][  0]LogDerivedDataCache: Unable to find inner node Pak for hierarchical cache Hierarchy.
[2021.12.15-23.22.45:310][  0]LogDerivedDataCache: FDerivedDataBackendGraph:  CompressedPak pak cache file ../../../../../../Users/torro/Downloads/GDD_GIT_Project/totemofearth/TotemsOfEarth/DerivedDataCache/Compressed.ddp not found, will not use a pak cache.
[2021.12.15-23.22.45:310][  0]LogDerivedDataCache: Unable to find inner node CompressedPak for hierarchical cache Hierarchy.
[2021.12.15-23.22.45:322][  0]LogDerivedDataCache: Display: Pak cache opened for reading ../../../Engine/DerivedDataCache/Compressed.ddp.
[2021.12.15-23.22.45:322][  0]LogDerivedDataCache: FDerivedDataBackendGraph:  EnterprisePak pak cache file ../../../Enterprise/DerivedDataCache/Compressed.ddp not found, will not use a pak cache.
[2021.12.15-23.22.45:322][  0]LogDerivedDataCache: Unable to find inner node EnterprisePak for hierarchical cache Hierarchy.
[2021.12.15-23.22.45:327][  0]LogDerivedDataCache: Speed tests for C:/Users/torro/AppData/Local/UnrealEngine/Common/DerivedDataCache took 0.01 seconds
[2021.12.15-23.22.45:327][  0]LogDerivedDataCache: Display: Performance to C:/Users/torro/AppData/Local/UnrealEngine/Common/DerivedDataCache: Latency=0.01ms. RandomReadSpeed=415.17MBs, RandomWriteSpeed=331.20MBs. Assigned SpeedClass 'Local'
[2021.12.15-23.22.45:328][  0]LogDerivedDataCache: Using Local data cache path C:/Users/torro/AppData/Local/UnrealEngine/Common/DerivedDataCache: Writable
[2021.12.15-23.22.45:328][  0]LogDerivedDataCache: Shared data cache path not found in *engine.ini, will not use an Shared cache.
[2021.12.15-23.22.45:328][  0]LogDerivedDataCache: Unable to find inner node Shared for hierarchical cache Hierarchy.
[2021.12.15-23.22.45:364][  0]LogSlate: Using FreeType 2.10.0
[2021.12.15-23.22.45:365][  0]LogSlate: SlateFontServices - WITH_FREETYPE: 1, WITH_HARFBUZZ: 1
[2021.12.15-23.22.45:382][  0]LogAssetRegistry: FAssetRegistry took 0.0021 seconds to start up
[2021.12.15-23.22.45:383][  0]LogWindows: Windows GetLastError: The operation completed successfully. (0)
[2021.12.15-23.22.45:556][  0]LogInit: Selected Device Profile: [Windows]
[2021.12.15-23.22.45:556][  0]LogInit: Active device profile: [000001C3A8300F00][000001C39F1D1340 49] Windows
[2021.12.15-23.22.45:557][  0]LogInit: Profiles: [000001C3A8300F00][000001C39F1D1340 49] Windows, [000001C3A82E6400][000001C39F1D94C0 49] WindowsNoEditor, [000001C3A8301F00][000001C39B573640 49] WindowsServer, [000001C3A82E5600][000001C39B5777C0 49] WindowsClient, [000001C3A8301000][000001C39B57B940 49] IOS, [000001C3A82E7A00][000001C39B57FAC0 49] iPadAir, [000001C3A8303300][000001C39B5820C0 49] iPadAir2, [000001C3A8291300][000001C39B58A380 49] IPadPro, [000001C3A8291400][000001C39B5863C0 49] iPadAir3, [000001C3A82E4B00][000001C39B58E540 49] iPadAir4, [000001C3A8292100][000001C39B5926C0 49] iPadMini2, [000001C3A82E7400][000001C39B596840 49] iPadMini3, [000001C3A8292C00][000001C39F1D4980 49] iPadMini4, [000001C3A82E6700][000001C39B59AAC0 49] iPadMini5, [000001C3A82A4E00][000001C39B5A2D00 49] iPhone6, [000001C3A82A4F00][000001C39B59ED40 49] iPodTouch6, [000001C3A8303700][000001C3A74C9000 49] iPhone7, [000001C3A8302800][000001C39B5AB040 49] iPodTouch7, [000001C3A8290C00][000001C3A74CD1C0 49] iPhone5S, [000001C3A8301300][000001C3A74D1340 49] iPhone6Plus, [000001C3A8300600][000001C3A74D54C0 49] iPhone6S, [000001C3A82A5300][000001C3A74D9640 49] iPhone6SPlus, [000001C3A8300B00][000001C3A74DD7C0 49] iPhone7Plus, [000001C3A82A5600][000001C3A74E1940 49] iPhoneSE, [000001C3A8300A00][000001C3A74E5AC0 49] iPhone8, [000001C3A82A5200][000001C3A74E80C0 49] iPhone8Plus, [000001C3A8292B00][000001C3A74EC240 49] iPhoneX, [000001C3A82A4C00][000001C3A74F03C0 49] iPhoneXS, [000001C3A8293A00][000001C3A74F4540 49] iPhoneXSMax, [000001C3A82A7800][000001C3A74F86C0 49] iPhoneXR, [000001C3A8290D00][000001C3A74FC840 49] iPhone11, [000001C3A82A6600][000001C3A75009C0 49] iPhone11Pro, [000001C3A8292900][000001C3A7504B40 49] iPhone11ProMax, [000001C3A82A4200][000001C39B5A6C80 49] iPhoneSE2, [000001C3A8290B00][000001C3A7508DC0 49] iPhone12Mini, [000001C3A82A6A00][000001C3A750CF00 49] iPhone12, [000001C3A8292E00][000001C3A7515080 49] iPhone12Pro, [000001C3A82A4A00][000001C3A7519200 49] iPhone12ProMax, [000001C3A8293200][000001C3A751D380 49] iPadPro105, [000001C3A82A7600][000001C3A7521500 49] iPadPro129, [000001C3A8292000][000001C3A7525680 49] iPadPro97, [000001C3A82A6000][000001C3A7529800 49] iPadPro2_129, [000001C3A8292400][000001C3A752D980 49] iPad5, [000001C3A82A5400][000001C3A8541B00 49] iPad6, [000001C3A8291000][000001C3A8544100 49] iPad7, [000001C3A82A5700][000001C3A8548280 49] iPad8, [000001C3A8293C00][000001C3A854C400 49] iPadPro11, [000001C3A82A5800][000001C3A8550580 49] iPadPro2_11, [000001C3A8290600][000001C3A8554700 49] iPadPro3_129, [000001C3A82A4D00][000001C3A8558880 49] iPadPro4_129, [000001C3A8293100][000001C3A855CA00 49] AppleTV, [000001C3A82A4800][000001C3A8560B80 49] AppleTV4K, [000001C3A8290500][000001C3A8564D00 49] TVOS, [000001C3A82A4500][000001C3A7510E40 49] Mac, [000001C3A8290700][000001C3A8568F80 49] MacClient, [000001C3A82A5500][000001C3A856D0C0 49] MacNoEditor, [000001C3A8291500][000001C3A8575240 49] MacServer, [000001C3A82A6E00][000001C3A85793C0 49] Linux, [000001C3A8290400][000001C3A857D540 49] LinuxAArch64, [000001C3A82A5E00][000001C3A85816C0 49] LinuxNoEditor, [000001C3A8291C00][000001C3A8585840 49] LinuxAArch64NoEditor, [000001C3A82A6900][000001C3A85899C0 49] LinuxClient, [000001C3A8292D00][000001C3A858DB40 49] LinuxAArch64Client, [000001C3A82A4100][000001C3A8590140 49] LinuxServer, [000001C3A8291E00][000001C3A85942C0 49] LinuxAArch64Server, [000001C3A82A4B00][000001C3A8598440 49] Android, [000001C3A8291A00][000001C3A859C5C0 49] Android_Low, [000001C3A82A6F00][000001C3A85A0740 49] Android_Mid, [000001C3A8291100][000001C3A85A48C0 49] Android_High, [000001C3A82A7000][000001C3A85A8A40 49] Android_Default, [000001C3A8291700][000001C3A85ACBC0 49] Android_Adreno4xx, [000001C3A82A5900][000001C3A85B0D40 49] Android_Adreno5xx_Low, [000001C3A8290A00][000001C3A85B4EC0 49] Android_Adreno5xx, [000001C3A82A7400][000001C3A8571000 49] Android_Adreno6xx, [000001C3A8290E00][000001C3A85B9140 49] Android_Adreno6xx_Vulkan, [000001C3A82A7100][000001C3A85BD280 49] Android_Mali_T6xx, [000001C3A8302F00][000001C3A85C13C0 49] Android_Mali_T7xx, [000001C3A82E4800][000001C3A85C9540 49] Android_Mali_T8xx, [000001C3A8301200][000001C3A85CD6C0 49] Android_Mali_G71, [000001C3A82E4E00][000001C3A85D1840 49] Android_Mali_G72, [000001C3A8301100][000001C3A85D59C0 49] Android_Mali_G72_Vulkan, [000001C3A82E6500][000001C3A85D9B40 49] Android_Mali_G76, [000001C3A8301500][000001C3A85DC140 49] Android_Mali_G76_Vulkan, [000001C3A82E6000][000001C3A85E02C0 49] Android_Mali_G77, [000001C3A8303F00][000001C3A85E4440 49] Android_Mali_G77_Vulkan, [000001C3A82E5D00][000001C3A85E85C0 49] Android_Mali_G78, [000001C3A8300300][000001C3A85EC740 49] Android_Mali_G78_Vulkan, [000001C3A82E4400][000001C3A85F08C0 49] Android_Mali_G710, [000001C3A8303600][000001C3A85F4A40 49] Android_Mali_G710_Vulkan, [000001C3A82E7100][000001C3A85F8BC0 49] Android_Vulkan_SM5, [000001C3A8300900][000001C3A85FCD40 49] Android_PowerVR_G6xxx, [000001C3A82E4A00][000001C3A8600EC0 49] Android_PowerVR_GT7xxx, [000001C3A8300D00][000001C3A8605040 49] Android_PowerVR_GE8xxx, [000001C3A82E7C00][000001C3A85C5180 49] Android_PowerVR_GM9xxx, [000001C3A8302300][000001C3A86092C0 49] Android_PowerVR_GM9xxx_Vulkan, [000001C3A82E5200][000001C3A860D400 49] Android_TegraK1, [000001C3A8302A00][000001C3A8611540 49] Android_Unknown_Vulkan, [000001C3A82E7000][000001C3A86196C0 49] Lumin, [000001C3A8301C00][000001C3A861D840 49] Lumin_Desktop, [000001C3A82E6E00][000001C3A86219C0 49] HoloLens, 
[2021.12.15-23.22.45:757][  0]LogThreadingWindows: Error: Runnable thread FAssetDataGatherer crashed.
[2021.12.15-23.22.45:757][  0]LogWindows: Error: === Critical error: ===
[2021.12.15-23.22.45:757][  0]LogWindows: Error: 
[2021.12.15-23.22.45:757][  0]LogWindows: Error: Assertion failed: NumBytes == Strings.Num() [File:D:/Build/++UE4/Sync/Engine/Source/Runtime/Core/Private/UObject/UnrealNames.cpp] [Line: 3336] 
[2021.12.15-23.22.45:757][  0]LogWindows: Error: 
[2021.12.15-23.22.45:757][  0]LogWindows: Error: 
[2021.12.15-23.22.45:757][  0]LogWindows: Error: 
[2021.12.15-23.22.45:757][  0]LogWindows: Error: [Callstack] 0x00007ff87a844f69 KERNELBASE.dll!UnknownFunction []
[2021.12.15-23.22.45:757][  0]LogWindows: Error: [Callstack] 0x00007fffecee0346 UE4Editor-Core.dll!UnknownFunction []
[2021.12.15-23.22.45:757][  0]LogWindows: Error: [Callstack] 0x00007fffecee4348 UE4Editor-Core.dll!UnknownFunction []
[2021.12.15-23.22.45:757][  0]LogWindows: Error: [Callstack] 0x00007fffecc0255d UE4Editor-Core.dll!UnknownFunction []
[2021.12.15-23.22.45:757][  0]LogWindows: Error: [Callstack] 0x00007fffecb56b75 UE4Editor-Core.dll!UnknownFunction []
[2021.12.15-23.22.45:757][  0]LogWindows: Error: [Callstack] 0x00007fffecb581d0 UE4Editor-Core.dll!UnknownFunction []
[2021.12.15-23.22.45:757][  0]LogWindows: Error: [Callstack] 0x00007fffecedd679 UE4Editor-Core.dll!UnknownFunction []
[2021.12.15-23.22.45:757][  0]LogWindows: Error: [Callstack] 0x00007fffecedc477 UE4Editor-Core.dll!UnknownFunction []
[2021.12.15-23.22.45:757][  0]LogWindows: Error: [Callstack] 0x00007fffecedcd08 UE4Editor-Core.dll!UnknownFunction []
[2021.12.15-23.22.45:757][  0]LogWindows: Error: [Callstack] 0x00007fffe61485c4 UE4Editor-AssetRegistry.dll!UnknownFunction []
[2021.12.15-23.22.45:757][  0]LogWindows: Error: [Callstack] 0x00007fffe619ef36 UE4Editor-AssetRegistry.dll!UnknownFunction []
[2021.12.15-23.22.45:757][  0]LogWindows: Error: [Callstack] 0x00007fffecf0003b UE4Editor-Core.dll!UnknownFunction []
[2021.12.15-23.22.45:757][  0]LogWindows: Error: [Callstack] 0x00007fffecef7180 UE4Editor-Core.dll!UnknownFunction []
[2021.12.15-23.22.45:757][  0]LogWindows: Error: [Callstack] 0x00007ff87b107034 KERNEL32.DLL!UnknownFunction []
[2021.12.15-23.22.45:757][  0]LogWindows: Error: [Callstack] 0x00007ff87cfc2651 ntdll.dll!UnknownFunction []
[2021.12.15-23.22.45:757][  0]LogWindows: Error: 
[2021.12.15-23.22.45:757][  0]LogWindows: Error: Crash in runnable thread FAssetDataGatherer
[2021.12.15-23.22.45:765][  0]LogExit: Executing StaticShutdownAfterError
[2021.12.15-23.22.45:765][  0]LogWindows: FPlatformMisc::RequestExit(1)
[2021.12.15-23.22.45:765][  0]LogWindows: FPlatformMisc::RequestExitWithStatus(1, 3)
[2021.12.15-23.22.45:765][  0]LogCore: Engine exit requested (reason: Win RequestExit)
[2021.12.15-23.22.45:776][  0]Log file closed, 12/16/21 06:22:45
