Log file open, 12/16/21 06:35:29
LogWindows: Failed to load 'aqProf.dll' (GetLastError=126)
LogWindows: File 'aqProf.dll' does not exist
LogWindows: Failed to load 'VtuneApi.dll' (GetLastError=126)
LogWindows: File 'VtuneApi.dll' does not exist
LogWindows: Failed to load 'VtuneApi32e.dll' (GetLastError=126)
LogWindows: File 'VtuneApi32e.dll' does not exist
LogConsoleResponse: Display: Failed to find resolution value strings in scalability ini. Falling back to default.
LogConsoleResponse: Display: Failed to find resolution value strings in scalability ini. Falling back to default.
LogInit: Display: Running engine for game: TotemsOfEarth
LogPlatformFile: Not using cached read wrapper
LogTaskGraph: Started task graph with 5 named threads and 35 total threads with 3 sets of task threads.
LogStats: Stats thread started at 0.215631
LogICUInternationalization: ICU TimeZone Detection - Raw Offset: +7:00, Platform Override: ''
LogInit: Display: Loading text-based GConfig....
LogPluginManager: Mounting plugin MeshPainting
LogPluginManager: Mounting plugin XGEController
LogPluginManager: Mounting plugin Paper2D
LogPluginManager: Mounting plugin AISupport
LogPluginManager: Mounting plugin LiveLink
LogPluginManager: Mounting plugin LightPropagationVolume
LogPluginManager: Mounting plugin EnvironmentQueryEditor
LogPluginManager: Mounting plugin CameraShakePreviewer
LogPluginManager: Mounting plugin GameplayCameras
LogPluginManager: Mounting plugin OodleData
LogPluginManager: Mounting plugin OodleNetwork
LogPluginManager: Mounting plugin AssetManagerEditor
LogPluginManager: Mounting plugin DataValidation
LogPluginManager: Mounting plugin CurveEditorTools
LogPluginManager: Mounting plugin CryptoKeys
LogPluginManager: Mounting plugin FacialAnimation
LogPluginManager: Mounting plugin GameplayTagsEditor
LogPluginManager: Mounting plugin GeometryMode
LogPluginManager: Mounting plugin MaterialAnalyzer
LogPluginManager: Mounting plugin MacGraphicsSwitching
LogPluginManager: Mounting plugin MobileLauncherProfileWizard
LogPluginManager: Mounting plugin PluginBrowser
LogPluginManager: Mounting plugin SpeedTreeImporter
LogPluginManager: Mounting plugin DatasmithContent
LogPluginManager: Mounting plugin VariantManagerContent
LogPluginManager: Mounting plugin BackChannel
LogPluginManager: Mounting plugin AutomationUtils
LogPluginManager: Mounting plugin AlembicImporter
LogPluginManager: Mounting plugin ChaosClothEditor
LogPluginManager: Mounting plugin ChaosEditor
LogPluginManager: Mounting plugin ChaosCloth
LogPluginManager: Mounting plugin ChaosNiagara
LogPluginManager: Mounting plugin ChaosSolverPlugin
LogPluginManager: Mounting plugin CharacterAI
LogPluginManager: Mounting plugin GeometryCache
LogPluginManager: Mounting plugin Niagara
LogPluginManager: Mounting plugin GeometryProcessing
LogPluginManager: Mounting plugin GeometryCollectionPlugin
LogPluginManager: Mounting plugin MotoSynth
LogPluginManager: Mounting plugin OpenImageDenoise
LogPluginManager: Mounting plugin PythonScriptPlugin
LogPluginManager: Mounting plugin PlanarCut
LogPluginManager: Mounting plugin ProxyLODPlugin
LogPluginManager: Mounting plugin PlatformCrypto
LogPluginManager: Mounting plugin SkeletalReduction
LogPluginManager: Mounting plugin AnimationSharing
LogPluginManager: Mounting plugin MagicLeap
LogPluginManager: Mounting plugin LuminPlatformFeatures
LogPluginManager: Mounting plugin CodeLiteSourceCodeAccess
LogPluginManager: Mounting plugin CLionSourceCodeAccess
LogPluginManager: Mounting plugin GitSourceControl
LogPluginManager: Mounting plugin NullSourceCodeAccess
LogPluginManager: Mounting plugin KDevelopSourceCodeAccess
LogPluginManager: Mounting plugin PerforceSourceControl
LogPluginManager: Mounting plugin PixWinPlugin
LogPluginManager: Mounting plugin PlasticSourceControl
LogPluginManager: Mounting plugin PluginUtils
LogPluginManager: Mounting plugin MagicLeapLightEstimation
LogPluginManager: Mounting plugin MagicLeapMedia
LogPluginManager: Mounting plugin PropertyAccessNode
LogPluginManager: Mounting plugin TextureFormatOodle
LogPluginManager: Mounting plugin RiderSourceCodeAccess
LogPluginManager: Mounting plugin SubversionSourceControl
LogPluginManager: Mounting plugin MagicLeapPassableWorld
LogPluginManager: Mounting plugin UObjectPlugin
LogPluginManager: Mounting plugin XCodeSourceCodeAccess
LogPluginManager: Mounting plugin MLSDK
LogPluginManager: Mounting plugin VisualStudioSourceCodeAccess
LogPluginManager: Mounting plugin VisualStudioCodeSourceCodeAccess
LogPluginManager: Mounting plugin AndroidMedia
LogPluginManager: Mounting plugin AvfMedia
LogPluginManager: Mounting plugin ImgMedia
LogPluginManager: Mounting plugin MediaCompositing
LogPluginManager: Mounting plugin MediaPlayerEditor
LogPluginManager: Mounting plugin WebMMedia
LogPluginManager: Mounting plugin WmfMedia
LogPluginManager: Mounting plugin TcpMessaging
LogPluginManager: Mounting plugin UdpMessaging
LogPluginManager: Mounting plugin OnlineSubsystem
LogPluginManager: Mounting plugin OnlineSubsystemNull
LogPluginManager: Mounting plugin OnlineSubsystemUtils
LogPluginManager: Mounting plugin ActorSequence
LogPluginManager: Mounting plugin LevelSequenceEditor
LogPluginManager: Mounting plugin MatineeToLevelSequence
LogPluginManager: Mounting plugin LauncherChunkInstaller
LogPluginManager: Mounting plugin ActorLayerUtilities
LogPluginManager: Mounting plugin TemplateSequence
LogPluginManager: Mounting plugin AndroidDeviceProfileSelector
LogPluginManager: Mounting plugin AndroidMoviePlayer
LogPluginManager: Mounting plugin AndroidPermission
LogPluginManager: Mounting plugin AppleImageUtils
LogPluginManager: Mounting plugin AppleMoviePlayer
LogPluginManager: Mounting plugin ArchVisCharacter
LogPluginManager: Mounting plugin AssetTags
LogPluginManager: Mounting plugin AudioCapture
LogPluginManager: Mounting plugin AudioSynesthesia
LogPluginManager: Mounting plugin ChunkDownloader
LogPluginManager: Mounting plugin EditableMesh
LogPluginManager: Mounting plugin CustomMeshComponent
LogPluginManager: Mounting plugin CableComponent
LogPluginManager: Mounting plugin ExampleDeviceProfileSelector
LogPluginManager: Mounting plugin GoogleCloudMessaging
LogPluginManager: Mounting plugin GooglePAD
LogPluginManager: Mounting plugin ScreenshotTools
LogPluginManager: Mounting plugin Takes
LogPluginManager: Mounting plugin IOSDeviceProfileSelector
LogPluginManager: Mounting plugin LocationServicesBPLibrary
LogPluginManager: Mounting plugin MobilePatchingUtils
LogPluginManager: Mounting plugin LinuxDeviceProfileSelector
LogPluginManager: Mounting plugin OpenXRHandTracking
LogPluginManager: Mounting plugin OpenXR
LogPluginManager: Mounting plugin OpenXREyeTracker
LogPluginManager: Mounting plugin PhysXVehicles
LogPluginManager: Mounting plugin PropertyAccessEditor
LogPluginManager: Mounting plugin PostSplashScreen
LogPluginManager: Mounting plugin ProceduralMeshComponent
LogPluginManager: Mounting plugin RuntimePhysXCooking
LogPluginManager: Mounting plugin SignificanceManager
LogPluginManager: Mounting plugin SoundFields
LogPluginManager: Mounting plugin Synthesis
LogPluginManager: Mounting plugin WebMMoviePlayer
LogPluginManager: Mounting plugin WindowsMoviePlayer
LogPluginManager: Mounting plugin ContentBrowserAssetDataSource
LogPluginManager: Mounting plugin ContentBrowserClassDataSource
LogPluginManager: Mounting plugin ContentBrowserFileDataSource
LogPluginManager: Mounting plugin OnlineSubsystemGooglePlay
LogPluginManager: Mounting plugin OnlineSubsystemIOS
LogPluginManager: Mounting plugin OculusVR
LogPluginManager: Mounting plugin SteamVR
PixWinPlugin: PIX capture plugin failed to initialize! Check that the process is launched from PIX.
LogLuminAPIImpl: Warning: MLSDK not found.  This likely means the MLSDK environment variable is not set.
LogInit: Using libcurl 7.55.1-DEV
LogInit:  - built for x86_64-pc-win32
LogInit:  - supports SSL with OpenSSL/1.1.1
LogInit:  - supports HTTP deflate (compression) using libz 1.2.8
LogInit:  - other features:
LogInit:      CURL_VERSION_SSL
LogInit:      CURL_VERSION_LIBZ
LogInit:      CURL_VERSION_IPV6
LogInit:      CURL_VERSION_ASYNCHDNS
LogInit:      CURL_VERSION_LARGEFILE
LogInit:      CURL_VERSION_IDN
LogInit:  CurlRequestOptions (configurable via config and command line):
LogInit:  - bVerifyPeer = true  - Libcurl will verify peer certificate
LogInit:  - bUseHttpProxy = false  - Libcurl will NOT use HTTP proxy
LogInit:  - bDontReuseConnections = false  - Libcurl will reuse connections
LogInit:  - MaxHostConnections = 16  - Libcurl will limit the number of connections to a host
LogInit:  - LocalHostAddr = Default
LogInit:  - BufferSize = 65536
LogOnline: OSS: Creating online subsystem instance for: NULL
LogInit: WinSock: version 1.1 (2.2), MaxSocks=32767, MaxUdp=65467
LogOnline: OSS: TryLoadSubsystemAndSetDefault: Loaded subsystem for module [NULL]
LogOculusPluginWrapper: OculusPlugin initialized successfully
LogHMD: Failed initializing OVRPlugin 1.59.0
LogInit: Build: ++UE4+Release-4.27-CL-17735300
LogInit: Engine Version: 4.27.1-17735300+++UE4+Release-4.27
LogInit: Compatible Engine Version: 4.27.0-17155196+++UE4+Release-4.27
LogInit: Net CL: 17155196
LogInit: OS: Windows 10 (Release 2009) (), CPU: Intel(R) Core(TM) i7-9750H CPU @ 2.60GHz, GPU: Intel(R) UHD Graphics 630
LogInit: Compiled (64-bit): Oct  6 2021 14:42:51
LogInit: Compiled with Visual C++: 19.24.28315.00
LogInit: Build Configuration: Development
LogInit: Branch Name: ++UE4+Release-4.27
LogInit: Command Line: 
LogInit: Base Directory: C:/Program Files/Epic Games/UE_4.27/Engine/Binaries/Win64/
LogInit: Allocator: TBB
LogInit: Installed Engine Build: 1
LogDevObjectVersion: Number of dev versions registered: 29
LogDevObjectVersion:   Dev-Blueprints (B0D832E4-1F89-4F0D-ACCF-7EB736FD4AA2): 10
LogDevObjectVersion:   Dev-Build (E1C64328-A22C-4D53-A36C-8E866417BD8C): 0
LogDevObjectVersion:   Dev-Core (375EC13C-06E4-48FB-B500-84F0262A717E): 4
LogDevObjectVersion:   Dev-Editor (E4B068ED-F494-42E9-A231-DA0B2E46BB41): 40
LogDevObjectVersion:   Dev-Framework (CFFC743F-43B0-4480-9391-14DF171D2073): 37
LogDevObjectVersion:   Dev-Mobile (B02B49B5-BB20-44E9-A304-32B752E40360): 3
LogDevObjectVersion:   Dev-Networking (A4E4105C-59A1-49B5-A7C5-40C4547EDFEE): 0
LogDevObjectVersion:   Dev-Online (39C831C9-5AE6-47DC-9A44-9C173E1C8E7C): 0
LogDevObjectVersion:   Dev-Physics (78F01B33-EBEA-4F98-B9B4-84EACCB95AA2): 14
LogDevObjectVersion:   Dev-Platform (6631380F-2D4D-43E0-8009-CF276956A95A): 0
LogDevObjectVersion:   Dev-Rendering (12F88B9F-8875-4AFC-A67C-D90C383ABD29): 45
LogDevObjectVersion:   Dev-Sequencer (7B5AE74C-D270-4C10-A958-57980B212A5A): 13
LogDevObjectVersion:   Dev-VR (D7296918-1DD6-4BDD-9DE2-64A83CC13884): 3
LogDevObjectVersion:   Dev-LoadTimes (C2A15278-BFE7-4AFE-6C17-90FF531DF755): 1
LogDevObjectVersion:   Private-Geometry (6EACA3D4-40EC-4CC1-B786-8BED09428FC5): 3
LogDevObjectVersion:   Dev-AnimPhys (29E575DD-E0A3-4627-9D10-D276232CDCEA): 17
LogDevObjectVersion:   Dev-Anim (AF43A65D-7FD3-4947-9873-3E8ED9C1BB05): 15
LogDevObjectVersion:   Dev-ReflectionCapture (6B266CEC-1EC7-4B8F-A30B-E4D90942FC07): 1
LogDevObjectVersion:   Dev-Automation (0DF73D61-A23F-47EA-B727-89E90C41499A): 1
LogDevObjectVersion:   FortniteMain (601D1886-AC64-4F84-AA16-D3DE0DEAC7D6): 47
LogDevObjectVersion:   FortniteRelease (E7086368-6B23-4C58-8439-1B7016265E91): 1
LogDevObjectVersion:   Dev-Enterprise (9DFFBCD6-494F-0158-E221-12823C92A888): 10
LogDevObjectVersion:   Dev-Niagara (F2AED0AC-9AFE-416F-8664-AA7FFA26D6FC): 1
LogDevObjectVersion:   Dev-Destruction (174F1F0B-B4C6-45A5-B13F-2EE8D0FB917D): 10
LogDevObjectVersion:   Dev-Physics-Ext (35F94A83-E258-406C-A318-09F59610247C): 41
LogDevObjectVersion:   Dev-PhysicsMaterial-Chaos (B68FC16E-8B1B-42E2-B453-215C058844FE): 1
LogDevObjectVersion:   Dev-CineCamera (B2E18506-4273-CFC2-A54E-F4BB758BBA07): 1
LogDevObjectVersion:   Dev-VirtualProduction (64F58936-FD1B-42BA-BA96-7289D5D0FA4E): 1
LogDevObjectVersion:   Dev-MediaFramework (6F0ED827-A609-4895-9C91-998D90180EA4): 2
LogInit: Presizing for max 25165824 objects, including 0 objects not considered by GC, pre-allocating 0 bytes for permanent pool.
LogConfig: Applying CVar settings from Section [/Script/Engine.StreamingSettings] File [C:/Users/user/Downloads/3DGameDesign/totemofearth/TotemsOfEarth/Saved/Config/Windows/Engine.ini]
LogConfig: Setting CVar [[s.MinBulkDataSizeForAsyncLoading:131072]]
LogConfig: Setting CVar [[s.AsyncLoadingThreadEnabled:0]]
LogConfig: Setting CVar [[s.EventDrivenLoaderEnabled:1]]
LogConfig: Setting CVar [[s.WarnIfTimeLimitExceeded:0]]
LogConfig: Setting CVar [[s.TimeLimitExceededMultiplier:1.5]]
LogConfig: Setting CVar [[s.TimeLimitExceededMinTime:0.005]]
LogConfig: Setting CVar [[s.UseBackgroundLevelStreaming:1]]
LogConfig: Setting CVar [[s.PriorityAsyncLoadingExtraTime:15.0]]
LogConfig: Setting CVar [[s.LevelStreamingActorsUpdateTimeLimit:5.0]]
LogConfig: Setting CVar [[s.PriorityLevelStreamingActorsUpdateExtraTime:5.0]]
LogConfig: Setting CVar [[s.LevelStreamingComponentsRegistrationGranularity:10]]
LogConfig: Setting CVar [[s.UnregisterComponentsTimeLimit:1.0]]
LogConfig: Setting CVar [[s.LevelStreamingComponentsUnregistrationGranularity:5]]
LogConfig: Setting CVar [[s.FlushStreamingOnExit:1]]
LogInit: Object subsystem initialized
LogConfig: Setting CVar [[con.DebugEarlyDefault:1]]
LogConfig: Setting CVar [[r.setres:1280x720]]
[2021.12.15-23.35.30:218][  0]LogConfig: Setting CVar [[r.VSync:0]]
[2021.12.15-23.35.30:218][  0]LogConfig: Setting CVar [[r.RHICmdBypass:0]]
[2021.12.15-23.35.30:218][  0]LogConfig: Applying CVar settings from Section [/Script/Engine.RendererSettings] File [C:/Users/user/Downloads/3DGameDesign/totemofearth/TotemsOfEarth/Saved/Config/Windows/Engine.ini]
[2021.12.15-23.35.30:218][  0]LogConfig: Setting CVar [[r.GPUCrashDebugging:0]]
[2021.12.15-23.35.30:218][  0]LogConfig: Setting CVar [[r.MobileHDR:0]]
[2021.12.15-23.35.30:218][  0]LogConfig: Applying CVar settings from Section [/Script/Engine.RendererOverrideSettings] File [C:/Users/user/Downloads/3DGameDesign/totemofearth/TotemsOfEarth/Saved/Config/Windows/Engine.ini]
[2021.12.15-23.35.30:218][  0]LogConfig: Applying CVar settings from Section [/Script/Engine.StreamingSettings] File [C:/Users/user/Downloads/3DGameDesign/totemofearth/TotemsOfEarth/Saved/Config/Windows/Engine.ini]
[2021.12.15-23.35.30:218][  0]LogConfig: Setting CVar [[s.MinBulkDataSizeForAsyncLoading:131072]]
[2021.12.15-23.35.30:218][  0]LogConfig: Setting CVar [[s.AsyncLoadingThreadEnabled:0]]
[2021.12.15-23.35.30:218][  0]LogConfig: Setting CVar [[s.EventDrivenLoaderEnabled:1]]
[2021.12.15-23.35.30:218][  0]LogConfig: Setting CVar [[s.WarnIfTimeLimitExceeded:0]]
[2021.12.15-23.35.30:218][  0]LogConfig: Setting CVar [[s.TimeLimitExceededMultiplier:1.5]]
[2021.12.15-23.35.30:218][  0]LogConfig: Setting CVar [[s.TimeLimitExceededMinTime:0.005]]
[2021.12.15-23.35.30:218][  0]LogConfig: Setting CVar [[s.UseBackgroundLevelStreaming:1]]
[2021.12.15-23.35.30:218][  0]LogConfig: Setting CVar [[s.PriorityAsyncLoadingExtraTime:15.0]]
[2021.12.15-23.35.30:218][  0]LogConfig: Setting CVar [[s.LevelStreamingActorsUpdateTimeLimit:5.0]]
[2021.12.15-23.35.30:218][  0]LogConfig: Setting CVar [[s.PriorityLevelStreamingActorsUpdateExtraTime:5.0]]
[2021.12.15-23.35.30:218][  0]LogConfig: Setting CVar [[s.LevelStreamingComponentsRegistrationGranularity:10]]
[2021.12.15-23.35.30:218][  0]LogConfig: Setting CVar [[s.UnregisterComponentsTimeLimit:1.0]]
[2021.12.15-23.35.30:218][  0]LogConfig: Setting CVar [[s.LevelStreamingComponentsUnregistrationGranularity:5]]
[2021.12.15-23.35.30:219][  0]LogConfig: Setting CVar [[s.FlushStreamingOnExit:1]]
[2021.12.15-23.35.30:219][  0]LogConfig: Applying CVar settings from Section [/Script/Engine.GarbageCollectionSettings] File [C:/Users/user/Downloads/3DGameDesign/totemofearth/TotemsOfEarth/Saved/Config/Windows/Engine.ini]
[2021.12.15-23.35.30:219][  0]LogConfig: Setting CVar [[gc.MaxObjectsNotConsideredByGC:1]]
[2021.12.15-23.35.30:219][  0]LogConfig: Setting CVar [[gc.SizeOfPermanentObjectPool:0]]
[2021.12.15-23.35.30:219][  0]LogConfig: Setting CVar [[gc.FlushStreamingOnGC:0]]
[2021.12.15-23.35.30:219][  0]LogConfig: Setting CVar [[gc.NumRetriesBeforeForcingGC:10]]
[2021.12.15-23.35.30:219][  0]LogConfig: Setting CVar [[gc.AllowParallelGC:1]]
[2021.12.15-23.35.30:219][  0]LogConfig: Setting CVar [[gc.TimeBetweenPurgingPendingKillObjects:61.1]]
[2021.12.15-23.35.30:219][  0]LogConfig: Setting CVar [[gc.MaxObjectsInEditor:25165824]]
[2021.12.15-23.35.30:219][  0]LogConfig: Setting CVar [[gc.IncrementalBeginDestroyEnabled:1]]
[2021.12.15-23.35.30:219][  0]LogConfig: Setting CVar [[gc.CreateGCClusters:1]]
[2021.12.15-23.35.30:219][  0]LogConfig: Setting CVar [[gc.MinGCClusterSize:5]]
[2021.12.15-23.35.30:219][  0]LogConfig: Setting CVar [[gc.ActorClusteringEnabled:0]]
[2021.12.15-23.35.30:219][  0]LogConfig: Setting CVar [[gc.BlueprintClusteringEnabled:0]]
[2021.12.15-23.35.30:219][  0]LogConfig: Setting CVar [[gc.UseDisregardForGCOnDedicatedServers:0]]
[2021.12.15-23.35.30:219][  0]LogConfig: Setting CVar [[gc.MultithreadedDestructionEnabled:1]]
[2021.12.15-23.35.30:219][  0]LogConfig: Applying CVar settings from Section [/Script/Engine.NetworkSettings] File [C:/Users/user/Downloads/3DGameDesign/totemofearth/TotemsOfEarth/Saved/Config/Windows/Engine.ini]
[2021.12.15-23.35.30:219][  0]LogConfig: Applying CVar settings from Section [/Script/UnrealEd.CookerSettings] File [C:/Users/user/Downloads/3DGameDesign/totemofearth/TotemsOfEarth/Saved/Config/Windows/Engine.ini]
[2021.12.15-23.35.30:227][  0]LogConfig: Applying CVar settings from Section [ViewDistanceQuality@3] File [C:/Users/user/Downloads/3DGameDesign/totemofearth/TotemsOfEarth/Saved/Config/Windows/Scalability.ini]
[2021.12.15-23.35.30:227][  0]LogConfig: Setting CVar [[r.SkeletalMeshLODBias:0]]
[2021.12.15-23.35.30:227][  0]LogConfig: Setting CVar [[r.ViewDistanceScale:1.0]]
[2021.12.15-23.35.30:227][  0]LogConfig: Applying CVar settings from Section [AntiAliasingQuality@3] File [C:/Users/user/Downloads/3DGameDesign/totemofearth/TotemsOfEarth/Saved/Config/Windows/Scalability.ini]
[2021.12.15-23.35.30:227][  0]LogConfig: Setting CVar [[r.PostProcessAAQuality:4]]
[2021.12.15-23.35.30:227][  0]LogConfig: Applying CVar settings from Section [ShadowQuality@3] File [C:/Users/user/Downloads/3DGameDesign/totemofearth/TotemsOfEarth/Saved/Config/Windows/Scalability.ini]
[2021.12.15-23.35.30:227][  0]LogConfig: Setting CVar [[r.LightFunctionQuality:1]]
[2021.12.15-23.35.30:227][  0]LogConfig: Setting CVar [[r.ShadowQuality:5]]
[2021.12.15-23.35.30:227][  0]LogConfig: Setting CVar [[r.Shadow.CSM.MaxCascades:10]]
[2021.12.15-23.35.30:227][  0]LogConfig: Setting CVar [[r.Shadow.MaxResolution:2048]]
[2021.12.15-23.35.30:227][  0]LogConfig: Setting CVar [[r.Shadow.MaxCSMResolution:2048]]
[2021.12.15-23.35.30:227][  0]LogConfig: Setting CVar [[r.Shadow.RadiusThreshold:0.01]]
[2021.12.15-23.35.30:227][  0]LogConfig: Setting CVar [[r.Shadow.DistanceScale:1.0]]
[2021.12.15-23.35.30:227][  0]LogConfig: Setting CVar [[r.Shadow.CSM.TransitionScale:1.0]]
[2021.12.15-23.35.30:227][  0]LogConfig: Setting CVar [[r.Shadow.PreShadowResolutionFactor:1.0]]
[2021.12.15-23.35.30:227][  0]LogConfig: Setting CVar [[r.DistanceFieldShadowing:1]]
[2021.12.15-23.35.30:227][  0]LogConfig: Setting CVar [[r.DistanceFieldAO:1]]
[2021.12.15-23.35.30:227][  0]LogConfig: Setting CVar [[r.AOQuality:2]]
[2021.12.15-23.35.30:227][  0]LogConfig: Setting CVar [[r.VolumetricFog:1]]
[2021.12.15-23.35.30:227][  0]LogConfig: Setting CVar [[r.VolumetricFog.GridPixelSize:8]]
[2021.12.15-23.35.30:227][  0]LogConfig: Setting CVar [[r.VolumetricFog.GridSizeZ:128]]
[2021.12.15-23.35.30:227][  0]LogConfig: Setting CVar [[r.VolumetricFog.HistoryMissSupersampleCount:4]]
[2021.12.15-23.35.30:227][  0]LogConfig: Setting CVar [[r.LightMaxDrawDistanceScale:1]]
[2021.12.15-23.35.30:227][  0]LogConfig: Setting CVar [[r.CapsuleShadows:1]]
[2021.12.15-23.35.30:227][  0]LogConfig: Applying CVar settings from Section [PostProcessQuality@3] File [C:/Users/user/Downloads/3DGameDesign/totemofearth/TotemsOfEarth/Saved/Config/Windows/Scalability.ini]
[2021.12.15-23.35.30:227][  0]LogConfig: Setting CVar [[r.MotionBlurQuality:4]]
[2021.12.15-23.35.30:227][  0]LogConfig: Setting CVar [[r.AmbientOcclusionMipLevelFactor:0.4]]
[2021.12.15-23.35.30:227][  0]LogConfig: Setting CVar [[r.AmbientOcclusionMaxQuality:100]]
[2021.12.15-23.35.30:227][  0]LogConfig: Setting CVar [[r.AmbientOcclusionLevels:-1]]
[2021.12.15-23.35.30:227][  0]LogConfig: Setting CVar [[r.AmbientOcclusionRadiusScale:1.0]]
[2021.12.15-23.35.30:227][  0]LogConfig: Setting CVar [[r.DepthOfFieldQuality:2]]
[2021.12.15-23.35.30:227][  0]LogConfig: Setting CVar [[r.RenderTargetPoolMin:400]]
[2021.12.15-23.35.30:227][  0]LogConfig: Setting CVar [[r.LensFlareQuality:2]]
[2021.12.15-23.35.30:227][  0]LogConfig: Setting CVar [[r.SceneColorFringeQuality:1]]
[2021.12.15-23.35.30:227][  0]LogConfig: Setting CVar [[r.EyeAdaptationQuality:2]]
[2021.12.15-23.35.30:227][  0]LogConfig: Setting CVar [[r.BloomQuality:5]]
[2021.12.15-23.35.30:227][  0]LogConfig: Setting CVar [[r.FastBlurThreshold:100]]
[2021.12.15-23.35.30:227][  0]LogConfig: Setting CVar [[r.Upscale.Quality:3]]
[2021.12.15-23.35.30:227][  0]LogConfig: Setting CVar [[r.Tonemapper.GrainQuantization:1]]
[2021.12.15-23.35.30:227][  0]LogConfig: Setting CVar [[r.LightShaftQuality:1]]
[2021.12.15-23.35.30:227][  0]LogConfig: Setting CVar [[r.Filter.SizeScale:1]]
[2021.12.15-23.35.30:227][  0]LogConfig: Setting CVar [[r.Tonemapper.Quality:5]]
[2021.12.15-23.35.30:227][  0]LogConfig: Setting CVar [[r.DOF.Gather.AccumulatorQuality:1        ; higher gathering accumulator quality]]
[2021.12.15-23.35.30:227][  0]LogConfig: Setting CVar [[r.DOF.Gather.PostfilterMethod:1          ; Median3x3 postfilering method]]
[2021.12.15-23.35.30:227][  0]LogConfig: Setting CVar [[r.DOF.Gather.EnableBokehSettings:0       ; no bokeh simulation when gathering]]
[2021.12.15-23.35.30:227][  0]LogConfig: Setting CVar [[r.DOF.Gather.RingCount:4                 ; medium number of samples when gathering]]
[2021.12.15-23.35.30:227][  0]LogConfig: Setting CVar [[r.DOF.Scatter.ForegroundCompositing:1    ; additive foreground scattering]]
[2021.12.15-23.35.30:227][  0]LogConfig: Setting CVar [[r.DOF.Scatter.BackgroundCompositing:2    ; additive background scattering]]
[2021.12.15-23.35.30:227][  0]LogConfig: Setting CVar [[r.DOF.Scatter.EnableBokehSettings:1      ; bokeh simulation when scattering]]
[2021.12.15-23.35.30:227][  0]LogConfig: Setting CVar [[r.DOF.Scatter.MaxSpriteRatio:0.1         ; only a maximum of 10% of scattered bokeh]]
[2021.12.15-23.35.30:227][  0]LogConfig: Setting CVar [[r.DOF.Recombine.Quality:1                ; cheap slight out of focus]]
[2021.12.15-23.35.30:227][  0]LogConfig: Setting CVar [[r.DOF.Recombine.EnableBokehSettings:0    ; no bokeh simulation on slight out of focus]]
[2021.12.15-23.35.30:227][  0]LogConfig: Setting CVar [[r.DOF.TemporalAAQuality:1                ; more stable temporal accumulation]]
[2021.12.15-23.35.30:227][  0]LogConfig: Setting CVar [[r.DOF.Kernel.MaxForegroundRadius:0.025]]
[2021.12.15-23.35.30:227][  0]LogConfig: Setting CVar [[r.DOF.Kernel.MaxBackgroundRadius:0.025]]
[2021.12.15-23.35.30:227][  0]LogConfig: Applying CVar settings from Section [TextureQuality@3] File [C:/Users/user/Downloads/3DGameDesign/totemofearth/TotemsOfEarth/Saved/Config/Windows/Scalability.ini]
[2021.12.15-23.35.30:227][  0]LogConfig: Setting CVar [[r.Streaming.MipBias:0]]
[2021.12.15-23.35.30:228][  0]LogConfig: Setting CVar [[r.Streaming.AmortizeCPUToGPUCopy:0]]
[2021.12.15-23.35.30:228][  0]LogConfig: Setting CVar [[r.Streaming.MaxNumTexturesToStreamPerFrame:0]]
[2021.12.15-23.35.30:228][  0]LogConfig: Setting CVar [[r.Streaming.Boost:1]]
[2021.12.15-23.35.30:228][  0]LogConfig: Setting CVar [[r.MaxAnisotropy:8]]
[2021.12.15-23.35.30:228][  0]LogConfig: Setting CVar [[r.VT.MaxAnisotropy:8]]
[2021.12.15-23.35.30:228][  0]LogConfig: Setting CVar [[r.Streaming.LimitPoolSizeToVRAM:0]]
[2021.12.15-23.35.30:228][  0]LogConfig: Setting CVar [[r.Streaming.PoolSize:1000]]
[2021.12.15-23.35.30:228][  0]LogConfig: Setting CVar [[r.Streaming.MaxEffectiveScreenSize:0]]
[2021.12.15-23.35.30:228][  0]LogConfig: Applying CVar settings from Section [EffectsQuality@3] File [C:/Users/user/Downloads/3DGameDesign/totemofearth/TotemsOfEarth/Saved/Config/Windows/Scalability.ini]
[2021.12.15-23.35.30:228][  0]LogConfig: Setting CVar [[r.TranslucencyLightingVolumeDim:64]]
[2021.12.15-23.35.30:228][  0]LogConfig: Setting CVar [[r.RefractionQuality:2]]
[2021.12.15-23.35.30:228][  0]LogConfig: Setting CVar [[r.SSR.Quality:3]]
[2021.12.15-23.35.30:228][  0]LogConfig: Setting CVar [[r.SSR.HalfResSceneColor:0]]
[2021.12.15-23.35.30:228][  0]LogConfig: Setting CVar [[r.SceneColorFormat:4]]
[2021.12.15-23.35.30:228][  0]LogConfig: Setting CVar [[r.DetailMode:2]]
[2021.12.15-23.35.30:228][  0]LogConfig: Setting CVar [[r.TranslucencyVolumeBlur:1]]
[2021.12.15-23.35.30:228][  0]LogConfig: Setting CVar [[r.MaterialQualityLevel:1 ; High quality]]
[2021.12.15-23.35.30:228][  0]LogConfig: Setting CVar [[r.AnisotropicMaterials:1]]
[2021.12.15-23.35.30:228][  0]LogConfig: Setting CVar [[r.SSS.Scale:1]]
[2021.12.15-23.35.30:228][  0]LogConfig: Setting CVar [[r.SSS.SampleSet:2]]
[2021.12.15-23.35.30:228][  0]LogConfig: Setting CVar [[r.SSS.Quality:1]]
[2021.12.15-23.35.30:228][  0]LogConfig: Setting CVar [[r.SSS.HalfRes:0]]
[2021.12.15-23.35.30:228][  0]LogConfig: Setting CVar [[r.SSGI.Quality:3]]
[2021.12.15-23.35.30:228][  0]LogConfig: Setting CVar [[r.EmitterSpawnRateScale:1.0]]
[2021.12.15-23.35.30:228][  0]LogConfig: Setting CVar [[r.ParticleLightQuality:2]]
[2021.12.15-23.35.30:228][  0]LogConfig: Setting CVar [[r.SkyAtmosphere.AerialPerspectiveLUT.FastApplyOnOpaque:1 ; Always have FastSkyLUT 1 in this case to avoid wrong sky]]
[2021.12.15-23.35.30:228][  0]LogConfig: Setting CVar [[r.SkyAtmosphere.AerialPerspectiveLUT.SampleCountMaxPerSlice:4]]
[2021.12.15-23.35.30:228][  0]LogConfig: Setting CVar [[r.SkyAtmosphere.AerialPerspectiveLUT.DepthResolution:16.0]]
[2021.12.15-23.35.30:228][  0]LogConfig: Setting CVar [[r.SkyAtmosphere.FastSkyLUT:1]]
[2021.12.15-23.35.30:228][  0]LogConfig: Setting CVar [[r.SkyAtmosphere.FastSkyLUT.SampleCountMin:4.0]]
[2021.12.15-23.35.30:228][  0]LogConfig: Setting CVar [[r.SkyAtmosphere.FastSkyLUT.SampleCountMax:128.0]]
[2021.12.15-23.35.30:228][  0]LogConfig: Setting CVar [[r.SkyAtmosphere.SampleCountMin:4.0]]
[2021.12.15-23.35.30:228][  0]LogConfig: Setting CVar [[r.SkyAtmosphere.SampleCountMax:128.0]]
[2021.12.15-23.35.30:228][  0]LogConfig: Setting CVar [[r.SkyAtmosphere.TransmittanceLUT.UseSmallFormat:0]]
[2021.12.15-23.35.30:228][  0]LogConfig: Setting CVar [[r.SkyAtmosphere.TransmittanceLUT.SampleCount:10.0]]
[2021.12.15-23.35.30:228][  0]LogConfig: Setting CVar [[r.SkyAtmosphere.MultiScatteringLUT.SampleCount:15.0]]
[2021.12.15-23.35.30:228][  0]LogConfig: Setting CVar [[r.SkyLight.RealTimeReflectionCapture:1]]
[2021.12.15-23.35.30:228][  0]LogConfig: Applying CVar settings from Section [FoliageQuality@3] File [C:/Users/user/Downloads/3DGameDesign/totemofearth/TotemsOfEarth/Saved/Config/Windows/Scalability.ini]
[2021.12.15-23.35.30:228][  0]LogConfig: Setting CVar [[foliage.DensityScale:1.0]]
[2021.12.15-23.35.30:228][  0]LogConfig: Setting CVar [[grass.DensityScale:1.0]]
[2021.12.15-23.35.30:228][  0]LogConfig: Applying CVar settings from Section [ShadingQuality@3] File [C:/Users/user/Downloads/3DGameDesign/totemofearth/TotemsOfEarth/Saved/Config/Windows/Scalability.ini]
[2021.12.15-23.35.30:228][  0]LogConfig: Setting CVar [[r.HairStrands.SkyLighting.IntegrationType:2]]
[2021.12.15-23.35.30:228][  0]LogConfig: Setting CVar [[r.HairStrands.SkyAO.SampleCount:4]]
[2021.12.15-23.35.30:228][  0]LogConfig: Setting CVar [[r.HairStrands.Visibility.MSAA.SamplePerPixel:4]]
[2021.12.15-23.35.30:228][  0]LogInit: Selected Device Profile: [Windows]
[2021.12.15-23.35.30:228][  0]LogInit: Applying CVar settings loaded from the selected device profile: [Windows]
[2021.12.15-23.35.30:228][  0]LogHAL: Display: Platform has ~ 16 GB [17022177280 / 17179869184 / 16], which maps to Larger [LargestMinGB=32, LargerMinGB=12, DefaultMinGB=8, SmallerMinGB=6, SmallestMinGB=0)
[2021.12.15-23.35.30:228][  0]LogInit: Going up to parent DeviceProfile []
[2021.12.15-23.35.30:228][  0]LogConfig: Applying CVar settings from Section [ViewDistanceQuality@3] File [C:/Users/user/Downloads/3DGameDesign/totemofearth/TotemsOfEarth/Saved/Config/Windows/Scalability.ini]
[2021.12.15-23.35.30:228][  0]LogConfig: Setting CVar [[r.SkeletalMeshLODBias:0]]
[2021.12.15-23.35.30:228][  0]LogConfig: Setting CVar [[r.ViewDistanceScale:1.0]]
[2021.12.15-23.35.30:228][  0]LogConfig: Applying CVar settings from Section [AntiAliasingQuality@3] File [C:/Users/user/Downloads/3DGameDesign/totemofearth/TotemsOfEarth/Saved/Config/Windows/Scalability.ini]
[2021.12.15-23.35.30:228][  0]LogConfig: Setting CVar [[r.PostProcessAAQuality:4]]
[2021.12.15-23.35.30:228][  0]LogConfig: Applying CVar settings from Section [ShadowQuality@3] File [C:/Users/user/Downloads/3DGameDesign/totemofearth/TotemsOfEarth/Saved/Config/Windows/Scalability.ini]
[2021.12.15-23.35.30:228][  0]LogConfig: Setting CVar [[r.LightFunctionQuality:1]]
[2021.12.15-23.35.30:228][  0]LogConfig: Setting CVar [[r.ShadowQuality:5]]
[2021.12.15-23.35.30:228][  0]LogConfig: Setting CVar [[r.Shadow.CSM.MaxCascades:10]]
[2021.12.15-23.35.30:228][  0]LogConfig: Setting CVar [[r.Shadow.MaxResolution:2048]]
[2021.12.15-23.35.30:228][  0]LogConfig: Setting CVar [[r.Shadow.MaxCSMResolution:2048]]
[2021.12.15-23.35.30:228][  0]LogConfig: Setting CVar [[r.Shadow.RadiusThreshold:0.01]]
[2021.12.15-23.35.30:228][  0]LogConfig: Setting CVar [[r.Shadow.DistanceScale:1.0]]
[2021.12.15-23.35.30:228][  0]LogConfig: Setting CVar [[r.Shadow.CSM.TransitionScale:1.0]]
[2021.12.15-23.35.30:228][  0]LogConfig: Setting CVar [[r.Shadow.PreShadowResolutionFactor:1.0]]
[2021.12.15-23.35.30:228][  0]LogConfig: Setting CVar [[r.DistanceFieldShadowing:1]]
[2021.12.15-23.35.30:228][  0]LogConfig: Setting CVar [[r.DistanceFieldAO:1]]
[2021.12.15-23.35.30:228][  0]LogConfig: Setting CVar [[r.AOQuality:2]]
[2021.12.15-23.35.30:228][  0]LogConfig: Setting CVar [[r.VolumetricFog:1]]
[2021.12.15-23.35.30:228][  0]LogConfig: Setting CVar [[r.VolumetricFog.GridPixelSize:8]]
[2021.12.15-23.35.30:228][  0]LogConfig: Setting CVar [[r.VolumetricFog.GridSizeZ:128]]
[2021.12.15-23.35.30:228][  0]LogConfig: Setting CVar [[r.VolumetricFog.HistoryMissSupersampleCount:4]]
[2021.12.15-23.35.30:228][  0]LogConfig: Setting CVar [[r.LightMaxDrawDistanceScale:1]]
[2021.12.15-23.35.30:228][  0]LogConfig: Setting CVar [[r.CapsuleShadows:1]]
[2021.12.15-23.35.30:228][  0]LogConfig: Applying CVar settings from Section [PostProcessQuality@3] File [C:/Users/user/Downloads/3DGameDesign/totemofearth/TotemsOfEarth/Saved/Config/Windows/Scalability.ini]
[2021.12.15-23.35.30:228][  0]LogConfig: Setting CVar [[r.MotionBlurQuality:4]]
[2021.12.15-23.35.30:228][  0]LogConfig: Setting CVar [[r.AmbientOcclusionMipLevelFactor:0.4]]
[2021.12.15-23.35.30:228][  0]LogConfig: Setting CVar [[r.AmbientOcclusionMaxQuality:100]]
[2021.12.15-23.35.30:228][  0]LogConfig: Setting CVar [[r.AmbientOcclusionLevels:-1]]
[2021.12.15-23.35.30:228][  0]LogConfig: Setting CVar [[r.AmbientOcclusionRadiusScale:1.0]]
[2021.12.15-23.35.30:228][  0]LogConfig: Setting CVar [[r.DepthOfFieldQuality:2]]
[2021.12.15-23.35.30:228][  0]LogConfig: Setting CVar [[r.RenderTargetPoolMin:400]]
[2021.12.15-23.35.30:228][  0]LogConfig: Setting CVar [[r.LensFlareQuality:2]]
[2021.12.15-23.35.30:229][  0]LogConfig: Setting CVar [[r.SceneColorFringeQuality:1]]
[2021.12.15-23.35.30:229][  0]LogConfig: Setting CVar [[r.EyeAdaptationQuality:2]]
[2021.12.15-23.35.30:229][  0]LogConfig: Setting CVar [[r.BloomQuality:5]]
[2021.12.15-23.35.30:229][  0]LogConfig: Setting CVar [[r.FastBlurThreshold:100]]
[2021.12.15-23.35.30:229][  0]LogConfig: Setting CVar [[r.Upscale.Quality:3]]
[2021.12.15-23.35.30:229][  0]LogConfig: Setting CVar [[r.Tonemapper.GrainQuantization:1]]
[2021.12.15-23.35.30:229][  0]LogConfig: Setting CVar [[r.LightShaftQuality:1]]
[2021.12.15-23.35.30:229][  0]LogConfig: Setting CVar [[r.Filter.SizeScale:1]]
[2021.12.15-23.35.30:229][  0]LogConfig: Setting CVar [[r.Tonemapper.Quality:5]]
[2021.12.15-23.35.30:229][  0]LogConfig: Setting CVar [[r.DOF.Gather.AccumulatorQuality:1        ; higher gathering accumulator quality]]
[2021.12.15-23.35.30:229][  0]LogConfig: Setting CVar [[r.DOF.Gather.PostfilterMethod:1          ; Median3x3 postfilering method]]
[2021.12.15-23.35.30:229][  0]LogConfig: Setting CVar [[r.DOF.Gather.EnableBokehSettings:0       ; no bokeh simulation when gathering]]
[2021.12.15-23.35.30:229][  0]LogConfig: Setting CVar [[r.DOF.Gather.RingCount:4                 ; medium number of samples when gathering]]
[2021.12.15-23.35.30:229][  0]LogConfig: Setting CVar [[r.DOF.Scatter.ForegroundCompositing:1    ; additive foreground scattering]]
[2021.12.15-23.35.30:229][  0]LogConfig: Setting CVar [[r.DOF.Scatter.BackgroundCompositing:2    ; additive background scattering]]
[2021.12.15-23.35.30:229][  0]LogConfig: Setting CVar [[r.DOF.Scatter.EnableBokehSettings:1      ; bokeh simulation when scattering]]
[2021.12.15-23.35.30:229][  0]LogConfig: Setting CVar [[r.DOF.Scatter.MaxSpriteRatio:0.1         ; only a maximum of 10% of scattered bokeh]]
[2021.12.15-23.35.30:229][  0]LogConfig: Setting CVar [[r.DOF.Recombine.Quality:1                ; cheap slight out of focus]]
[2021.12.15-23.35.30:229][  0]LogConfig: Setting CVar [[r.DOF.Recombine.EnableBokehSettings:0    ; no bokeh simulation on slight out of focus]]
[2021.12.15-23.35.30:229][  0]LogConfig: Setting CVar [[r.DOF.TemporalAAQuality:1                ; more stable temporal accumulation]]
[2021.12.15-23.35.30:229][  0]LogConfig: Setting CVar [[r.DOF.Kernel.MaxForegroundRadius:0.025]]
[2021.12.15-23.35.30:229][  0]LogConfig: Setting CVar [[r.DOF.Kernel.MaxBackgroundRadius:0.025]]
[2021.12.15-23.35.30:229][  0]LogConfig: Applying CVar settings from Section [TextureQuality@3] File [C:/Users/user/Downloads/3DGameDesign/totemofearth/TotemsOfEarth/Saved/Config/Windows/Scalability.ini]
[2021.12.15-23.35.30:229][  0]LogConfig: Setting CVar [[r.Streaming.MipBias:0]]
[2021.12.15-23.35.30:229][  0]LogConfig: Setting CVar [[r.Streaming.AmortizeCPUToGPUCopy:0]]
[2021.12.15-23.35.30:229][  0]LogConfig: Setting CVar [[r.Streaming.MaxNumTexturesToStreamPerFrame:0]]
[2021.12.15-23.35.30:229][  0]LogConfig: Setting CVar [[r.Streaming.Boost:1]]
[2021.12.15-23.35.30:229][  0]LogConfig: Setting CVar [[r.MaxAnisotropy:8]]
[2021.12.15-23.35.30:229][  0]LogConfig: Setting CVar [[r.VT.MaxAnisotropy:8]]
[2021.12.15-23.35.30:229][  0]LogConfig: Setting CVar [[r.Streaming.LimitPoolSizeToVRAM:0]]
[2021.12.15-23.35.30:229][  0]LogConfig: Setting CVar [[r.Streaming.PoolSize:1000]]
[2021.12.15-23.35.30:229][  0]LogConfig: Setting CVar [[r.Streaming.MaxEffectiveScreenSize:0]]
[2021.12.15-23.35.30:229][  0]LogConfig: Applying CVar settings from Section [EffectsQuality@3] File [C:/Users/user/Downloads/3DGameDesign/totemofearth/TotemsOfEarth/Saved/Config/Windows/Scalability.ini]
[2021.12.15-23.35.30:229][  0]LogConfig: Setting CVar [[r.TranslucencyLightingVolumeDim:64]]
[2021.12.15-23.35.30:229][  0]LogConfig: Setting CVar [[r.RefractionQuality:2]]
[2021.12.15-23.35.30:229][  0]LogConfig: Setting CVar [[r.SSR.Quality:3]]
[2021.12.15-23.35.30:229][  0]LogConfig: Setting CVar [[r.SSR.HalfResSceneColor:0]]
[2021.12.15-23.35.30:229][  0]LogConfig: Setting CVar [[r.SceneColorFormat:4]]
[2021.12.15-23.35.30:229][  0]LogConfig: Setting CVar [[r.DetailMode:2]]
[2021.12.15-23.35.30:229][  0]LogConfig: Setting CVar [[r.TranslucencyVolumeBlur:1]]
[2021.12.15-23.35.30:229][  0]LogConfig: Setting CVar [[r.MaterialQualityLevel:1 ; High quality]]
[2021.12.15-23.35.30:229][  0]LogConfig: Setting CVar [[r.AnisotropicMaterials:1]]
[2021.12.15-23.35.30:229][  0]LogConfig: Setting CVar [[r.SSS.Scale:1]]
[2021.12.15-23.35.30:229][  0]LogConfig: Setting CVar [[r.SSS.SampleSet:2]]
[2021.12.15-23.35.30:229][  0]LogConfig: Setting CVar [[r.SSS.Quality:1]]
[2021.12.15-23.35.30:229][  0]LogConfig: Setting CVar [[r.SSS.HalfRes:0]]
[2021.12.15-23.35.30:229][  0]LogConfig: Setting CVar [[r.SSGI.Quality:3]]
[2021.12.15-23.35.30:229][  0]LogConfig: Setting CVar [[r.EmitterSpawnRateScale:1.0]]
[2021.12.15-23.35.30:229][  0]LogConfig: Setting CVar [[r.ParticleLightQuality:2]]
[2021.12.15-23.35.30:229][  0]LogConfig: Setting CVar [[r.SkyAtmosphere.AerialPerspectiveLUT.FastApplyOnOpaque:1 ; Always have FastSkyLUT 1 in this case to avoid wrong sky]]
[2021.12.15-23.35.30:229][  0]LogConfig: Setting CVar [[r.SkyAtmosphere.AerialPerspectiveLUT.SampleCountMaxPerSlice:4]]
[2021.12.15-23.35.30:229][  0]LogConfig: Setting CVar [[r.SkyAtmosphere.AerialPerspectiveLUT.DepthResolution:16.0]]
[2021.12.15-23.35.30:229][  0]LogConfig: Setting CVar [[r.SkyAtmosphere.FastSkyLUT:1]]
[2021.12.15-23.35.30:229][  0]LogConfig: Setting CVar [[r.SkyAtmosphere.FastSkyLUT.SampleCountMin:4.0]]
[2021.12.15-23.35.30:229][  0]LogConfig: Setting CVar [[r.SkyAtmosphere.FastSkyLUT.SampleCountMax:128.0]]
[2021.12.15-23.35.30:229][  0]LogConfig: Setting CVar [[r.SkyAtmosphere.SampleCountMin:4.0]]
[2021.12.15-23.35.30:229][  0]LogConfig: Setting CVar [[r.SkyAtmosphere.SampleCountMax:128.0]]
[2021.12.15-23.35.30:229][  0]LogConfig: Setting CVar [[r.SkyAtmosphere.TransmittanceLUT.UseSmallFormat:0]]
[2021.12.15-23.35.30:229][  0]LogConfig: Setting CVar [[r.SkyAtmosphere.TransmittanceLUT.SampleCount:10.0]]
[2021.12.15-23.35.30:229][  0]LogConfig: Setting CVar [[r.SkyAtmosphere.MultiScatteringLUT.SampleCount:15.0]]
[2021.12.15-23.35.30:229][  0]LogConfig: Setting CVar [[r.SkyLight.RealTimeReflectionCapture:1]]
[2021.12.15-23.35.30:229][  0]LogConfig: Applying CVar settings from Section [FoliageQuality@3] File [C:/Users/user/Downloads/3DGameDesign/totemofearth/TotemsOfEarth/Saved/Config/Windows/Scalability.ini]
[2021.12.15-23.35.30:229][  0]LogConfig: Setting CVar [[foliage.DensityScale:1.0]]
[2021.12.15-23.35.30:229][  0]LogConfig: Setting CVar [[grass.DensityScale:1.0]]
[2021.12.15-23.35.30:229][  0]LogConfig: Applying CVar settings from Section [ShadingQuality@3] File [C:/Users/user/Downloads/3DGameDesign/totemofearth/TotemsOfEarth/Saved/Config/Windows/Scalability.ini]
[2021.12.15-23.35.30:229][  0]LogConfig: Setting CVar [[r.HairStrands.SkyLighting.IntegrationType:2]]
[2021.12.15-23.35.30:229][  0]LogConfig: Setting CVar [[r.HairStrands.SkyAO.SampleCount:4]]
[2021.12.15-23.35.30:229][  0]LogConfig: Setting CVar [[r.HairStrands.Visibility.MSAA.SamplePerPixel:4]]
[2021.12.15-23.35.30:229][  0]LogConfig: Applying CVar settings from Section [Startup] File [../../../Engine/Config/ConsoleVariables.ini]
[2021.12.15-23.35.30:230][  0]LogConfig: Setting CVar [[net.UseAdaptiveNetUpdateFrequency:0]]
[2021.12.15-23.35.30:230][  0]LogConfig: Setting CVar [[p.chaos.AllowCreatePhysxBodies:1]]
[2021.12.15-23.35.30:230][  0]LogConfig: Setting CVar [[fx.SkipVectorVMBackendOptimizations:1]]
[2021.12.15-23.35.30:230][  0]LogConfig: Applying CVar settings from Section [ConsoleVariables] File [C:/Users/user/Downloads/3DGameDesign/totemofearth/TotemsOfEarth/Saved/Config/Windows/Engine.ini]
[2021.12.15-23.35.30:230][  0]LogConfig: Applying CVar settings from Section [ConsoleVariables] File [C:/Users/user/Downloads/3DGameDesign/totemofearth/TotemsOfEarth/Saved/Config/Windows/Editor.ini]
[2021.12.15-23.35.30:230][  0]LogInit: Computer: LAPTOP-O2EMG8ME
[2021.12.15-23.35.30:230][  0]LogInit: User: user
[2021.12.15-23.35.30:230][  0]LogInit: CPU Page size=4096, Cores=6
[2021.12.15-23.35.30:230][  0]LogInit: High frequency timer resolution =10.000000 MHz
[2021.12.15-23.35.30:230][  0]LogMemory: Memory total: Physical=15.9GB (16GB approx)
[2021.12.15-23.35.30:230][  0]LogMemory: Platform Memory Stats for Windows
[2021.12.15-23.35.30:230][  0]LogMemory: Process Physical Memory: 144.06 MB used, 144.06 MB peak
[2021.12.15-23.35.30:230][  0]LogMemory: Process Virtual Memory: 129.98 MB used, 129.98 MB peak
[2021.12.15-23.35.30:230][  0]LogMemory: Physical Memory: 6462.13 MB used,  9771.48 MB free, 16233.61 MB total
[2021.12.15-23.35.30:230][  0]LogMemory: Virtual Memory: 134207968.00 MB used,  9760.28 MB free, 134217728.00 MB total
[2021.12.15-23.35.30:263][  0]LogWindows: WindowsPlatformFeatures enabled
[2021.12.15-23.35.30:297][  0]LogInit: Physics initialised using underlying interface: PhysX
[2021.12.15-23.35.30:298][  0]LogInit: Using OS detected language (en-US).
[2021.12.15-23.35.30:298][  0]LogInit: Using OS detected locale (en-US).
[2021.12.15-23.35.30:301][  0]LogTextLocalizationManager: No specific localization for 'en-US' exists, so the 'en' localization will be used.
[2021.12.15-23.35.30:465][  0]LogInit: Setting process to per monitor DPI aware
[2021.12.15-23.35.30:477][  0]LogWindowsTextInputMethodSystem: Display: IME system deactivated.
[2021.12.15-23.35.30:492][  0]LogSlate: New Slate User Created.  User Index 0, Is Virtual User: 0
[2021.12.15-23.35.30:492][  0]LogSlate: Slate User Registered.  User Index 0, Is Virtual User: 0
[2021.12.15-23.35.30:612][  0]LogD3D11RHI: Loaded GFSDK_Aftermath_Lib.x64.dll
[2021.12.15-23.35.30:652][  0]LogHMD: Failed to initialize OpenVR with code 110
[2021.12.15-23.35.30:652][  0]LogD3D11RHI: D3D11 min allowed feature level: 11_0
[2021.12.15-23.35.30:652][  0]LogD3D11RHI: D3D11 max allowed feature level: 11_0
[2021.12.15-23.35.30:652][  0]LogD3D11RHI: D3D11 adapters:
[2021.12.15-23.35.30:755][  0]LogD3D11RHI:    0. 'NVIDIA GeForce RTX 2060' (Feature Level 11_0)
[2021.12.15-23.35.30:755][  0]LogD3D11RHI:       5980/0/8116 MB DedicatedVideo/DedicatedSystem/SharedSystem, Outputs:1, VendorId:0x10de
[2021.12.15-23.35.30:768][  0]LogD3D11RHI:    1. 'Intel(R) UHD Graphics 630' (Feature Level 11_0)
[2021.12.15-23.35.30:768][  0]LogD3D11RHI:       128/0/8116 MB DedicatedVideo/DedicatedSystem/SharedSystem, Outputs:0, VendorId:0x8086
[2021.12.15-23.35.30:770][  0]LogD3D11RHI:    2. 'Microsoft Basic Render Driver' (Feature Level 11_0)
[2021.12.15-23.35.30:770][  0]LogD3D11RHI:       0/0/8116 MB DedicatedVideo/DedicatedSystem/SharedSystem, Outputs:0, VendorId:0x1414
[2021.12.15-23.35.30:770][  0]LogD3D11RHI: Chosen D3D11 Adapter:
[2021.12.15-23.35.30:770][  0]LogD3D11RHI:     Description : NVIDIA GeForce RTX 2060
[2021.12.15-23.35.30:770][  0]LogD3D11RHI:     VendorId    : 10de
[2021.12.15-23.35.30:770][  0]LogD3D11RHI:     DeviceId    : 1f11
[2021.12.15-23.35.30:770][  0]LogD3D11RHI:     SubSysId    : 1fee1043
[2021.12.15-23.35.30:770][  0]LogD3D11RHI:     Revision    : 00a1
[2021.12.15-23.35.30:770][  0]LogD3D11RHI:     DedicatedVideoMemory : 6270484480 bytes
[2021.12.15-23.35.30:770][  0]LogD3D11RHI:     DedicatedSystemMemory : 0 bytes
[2021.12.15-23.35.30:770][  0]LogD3D11RHI:     SharedSystemMemory : 8511088640 bytes
[2021.12.15-23.35.30:770][  0]LogD3D11RHI:     AdapterLuid : 0 58597
[2021.12.15-23.35.30:775][  0]LogD3D11RHI: Creating new Direct3DDevice
[2021.12.15-23.35.30:775][  0]LogD3D11RHI:     GPU DeviceId: 0x1f11 (for the marketing name, search the web for "GPU Device Id")
[2021.12.15-23.35.30:775][  0]LogWindows: EnumDisplayDevices:
[2021.12.15-23.35.30:776][  0]LogWindows:    0. 'Intel(R) UHD Graphics 630' (P:1 D:1)
[2021.12.15-23.35.30:776][  0]LogWindows:    1. 'Intel(R) UHD Graphics 630' (P:0 D:0)
[2021.12.15-23.35.30:776][  0]LogWindows:    2. 'Intel(R) UHD Graphics 630' (P:0 D:0)
[2021.12.15-23.35.30:776][  0]LogWindows:    3. 'NVIDIA GeForce RTX 2060' (P:0 D:0)
[2021.12.15-23.35.30:777][  0]LogWindows:    4. 'NVIDIA GeForce RTX 2060' (P:0 D:0)
[2021.12.15-23.35.30:777][  0]LogWindows:    5. 'NVIDIA GeForce RTX 2060' (P:0 D:0)
[2021.12.15-23.35.30:777][  0]LogWindows:    6. 'NVIDIA GeForce RTX 2060' (P:0 D:0)
[2021.12.15-23.35.30:777][  0]LogWindows: DebugString: PrimaryIsNotTheChoosenAdapter PrimaryIsNotTheChoosenAdapter PrimaryIsNotTheChoosenAdapter FoundDriverCount:4 
[2021.12.15-23.35.30:777][  0]LogD3D11RHI:     Adapter Name: NVIDIA GeForce RTX 2060
[2021.12.15-23.35.30:777][  0]LogD3D11RHI:   Driver Version: 466.27 (internal:27.21.14.6627, unified:466.27)
[2021.12.15-23.35.30:777][  0]LogD3D11RHI:      Driver Date: 4-23-2021
[2021.12.15-23.35.30:777][  0]LogRHI: Texture pool is 4186 MB (70% of 5980 MB)
[2021.12.15-23.35.30:777][  0]LogD3D11RHI: Creating D3DDevice using adapter:
[2021.12.15-23.35.30:777][  0]LogD3D11RHI:     Description : NVIDIA GeForce RTX 2060
[2021.12.15-23.35.30:777][  0]LogD3D11RHI:     VendorId    : 10de
[2021.12.15-23.35.30:777][  0]LogD3D11RHI:     DeviceId    : 1f11
[2021.12.15-23.35.30:777][  0]LogD3D11RHI:     SubSysId    : 1fee1043
[2021.12.15-23.35.30:777][  0]LogD3D11RHI:     Revision    : 00a1
[2021.12.15-23.35.30:777][  0]LogD3D11RHI:     DedicatedVideoMemory : 6270484480 bytes
[2021.12.15-23.35.30:777][  0]LogD3D11RHI:     DedicatedSystemMemory : 0 bytes
[2021.12.15-23.35.30:777][  0]LogD3D11RHI:     SharedSystemMemory : 8511088640 bytes
[2021.12.15-23.35.30:777][  0]LogD3D11RHI:     AdapterLuid : 0 58597
[2021.12.15-23.35.30:852][  0]LogD3D11RHI: RHI has support for 64 bit atomics
[2021.12.15-23.35.30:852][  0]LogD3D11RHI: Async texture creation enabled
[2021.12.15-23.35.30:852][  0]LogD3D11RHI: Array index from any shader is supported
[2021.12.15-23.35.30:873][  0]LogD3D11RHI: GPU Timing Frequency: 1000.000000 (Debug: 2 2)
[2021.12.15-23.35.30:909][  0]LogRHI: GeForceNow SDK initialized: 1
[2021.12.15-23.35.31:173][  0]LogTargetPlatformManager: Display: Loaded TargetPlatform 'AllDesktop'
[2021.12.15-23.35.31:192][  0]LogTargetPlatformManager: Display: Loaded TargetPlatform 'Android'
[2021.12.15-23.35.31:193][  0]LogTargetPlatformManager: Display: Loaded TargetPlatform 'Android_ASTC'
[2021.12.15-23.35.31:193][  0]LogTargetPlatformManager: Display: Loaded TargetPlatform 'Android_DXT'
[2021.12.15-23.35.31:193][  0]LogTargetPlatformManager: Display: Loaded TargetPlatform 'Android_ETC2'
[2021.12.15-23.35.31:193][  0]LogTargetPlatformManager: Display: Loaded TargetPlatform 'AndroidClient'
[2021.12.15-23.35.31:193][  0]LogTargetPlatformManager: Display: Loaded TargetPlatform 'Android_ASTCClient'
[2021.12.15-23.35.31:193][  0]LogTargetPlatformManager: Display: Loaded TargetPlatform 'Android_DXTClient'
[2021.12.15-23.35.31:193][  0]LogTargetPlatformManager: Display: Loaded TargetPlatform 'Android_ETC2Client'
[2021.12.15-23.35.31:193][  0]LogTargetPlatformManager: Display: Loaded TargetPlatform 'Android_Multi'
[2021.12.15-23.35.31:193][  0]LogTargetPlatformManager: Display: Loaded TargetPlatform 'Android_MultiClient'
[2021.12.15-23.35.31:208][  0]LogTargetPlatformManager: Display: Loaded TargetPlatform 'IOSClient'
[2021.12.15-23.35.31:208][  0]LogTargetPlatformManager: Display: Loaded TargetPlatform 'IOS'
[2021.12.15-23.35.31:218][  0]LogTargetPlatformManager: Display: Loaded TargetPlatform 'Linux'
[2021.12.15-23.35.31:221][  0]LogTargetPlatformManager: Display: Loaded TargetPlatform 'LinuxNoEditor'
[2021.12.15-23.35.31:224][  0]LogTargetPlatformManager: Display: Loaded TargetPlatform 'LinuxClient'
[2021.12.15-23.35.31:227][  0]LogTargetPlatformManager: Display: Loaded TargetPlatform 'LinuxServer'
[2021.12.15-23.35.31:236][  0]LogTargetPlatformManager: Display: Loaded TargetPlatform 'LinuxAArch64NoEditor'
[2021.12.15-23.35.31:239][  0]LogTargetPlatformManager: Display: Loaded TargetPlatform 'LinuxAArch64Client'
[2021.12.15-23.35.31:242][  0]LogTargetPlatformManager: Display: Loaded TargetPlatform 'LinuxAArch64Server'
[2021.12.15-23.35.31:268][  0]LogTargetPlatformManager: Display: Loaded TargetPlatform 'Lumin'
[2021.12.15-23.35.31:268][  0]LogTargetPlatformManager: Display: Loaded TargetPlatform 'LuminClient'
[2021.12.15-23.35.31:276][  0]LogTargetPlatformManager: Display: Loaded TargetPlatform 'MacNoEditor'
[2021.12.15-23.35.31:280][  0]LogTargetPlatformManager: Display: Loaded TargetPlatform 'Mac'
[2021.12.15-23.35.31:283][  0]LogTargetPlatformManager: Display: Loaded TargetPlatform 'MacClient'
[2021.12.15-23.35.31:286][  0]LogTargetPlatformManager: Display: Loaded TargetPlatform 'MacServer'
[2021.12.15-23.35.31:296][  0]LogTargetPlatformManager: Display: Loaded TargetPlatform 'TVOSClient'
[2021.12.15-23.35.31:296][  0]LogTargetPlatformManager: Display: Loaded TargetPlatform 'TVOS'
[2021.12.15-23.35.31:304][  0]LogTargetPlatformManager: Display: Loaded TargetPlatform 'WindowsNoEditor'
[2021.12.15-23.35.31:308][  0]LogTargetPlatformManager: Display: Loaded TargetPlatform 'Windows'
[2021.12.15-23.35.31:311][  0]LogTargetPlatformManager: Display: Loaded TargetPlatform 'WindowsClient'
[2021.12.15-23.35.31:314][  0]LogTargetPlatformManager: Display: Loaded TargetPlatform 'WindowsServer'
[2021.12.15-23.35.31:314][  0]LogTargetPlatformManager: Display: Building Assets For Windows
[2021.12.15-23.35.31:319][  0]LogAudioDebug: Display: Lib vorbis DLL was dynamically loaded.
[2021.12.15-23.35.31:342][  0]LogTextureFormatOodle: Display: Oodle Texture 2.9.0 init RDO Off
[2021.12.15-23.35.31:364][  0]LogRendererCore: Ray tracing is disabled. Reason: r.RayTracing=0.
[2021.12.15-23.35.31:364][  0]LogShaderCompilers: Guid format shader working directory is -33 characters bigger than the processId version (../../../../../../Users/user/Downloads/3DGameDesign/totemofearth/TotemsOfEarth/Intermediate/Shaders/WorkingDirectory/4944/).
[2021.12.15-23.35.31:365][  0]LogShaderCompilers: Cleaned the shader compiler working directory 'C:/Users/user/AppData/Local/Temp/UnrealShaderWorkingDir/551AEC54491EF50E25A851881D7C04A0/'.
[2021.12.15-23.35.31:365][  0]LogXGEController: Cannot use XGE Controller as Incredibuild is not installed on this machine.
[2021.12.15-23.35.31:365][  0]LogShaderCompilers: Cannot use XGE Shader Compiler as Incredibuild is not installed on this machine.
[2021.12.15-23.35.31:365][  0]LogShaderCompilers: Display: Using Local Shader Compiler.
[2021.12.15-23.35.32:057][  0]LogDerivedDataCache: Display: Max Cache Size: 512 MB
[2021.12.15-23.35.32:117][  0]LogDerivedDataCache: Loaded boot cache 0.06s 94MB C:/Users/user/AppData/Local/UnrealEngine/4.27/DerivedDataCache/Boot.ddc.
[2021.12.15-23.35.32:117][  0]LogDerivedDataCache: Display: Loaded Boot cache: C:/Users/user/AppData/Local/UnrealEngine/4.27/DerivedDataCache/Boot.ddc
[2021.12.15-23.35.32:117][  0]LogDerivedDataCache: FDerivedDataBackendGraph:  Pak pak cache file ../../../../../../Users/user/Downloads/3DGameDesign/totemofearth/TotemsOfEarth/DerivedDataCache/DDC.ddp not found, will not use a pak cache.
[2021.12.15-23.35.32:117][  0]LogDerivedDataCache: Unable to find inner node Pak for hierarchical cache Hierarchy.
[2021.12.15-23.35.32:117][  0]LogDerivedDataCache: FDerivedDataBackendGraph:  CompressedPak pak cache file ../../../../../../Users/user/Downloads/3DGameDesign/totemofearth/TotemsOfEarth/DerivedDataCache/Compressed.ddp not found, will not use a pak cache.
[2021.12.15-23.35.32:118][  0]LogDerivedDataCache: Unable to find inner node CompressedPak for hierarchical cache Hierarchy.
[2021.12.15-23.35.32:132][  0]LogDerivedDataCache: Display: Pak cache opened for reading ../../../Engine/DerivedDataCache/Compressed.ddp.
[2021.12.15-23.35.32:132][  0]LogDerivedDataCache: FDerivedDataBackendGraph:  EnterprisePak pak cache file ../../../Enterprise/DerivedDataCache/Compressed.ddp not found, will not use a pak cache.
[2021.12.15-23.35.32:132][  0]LogDerivedDataCache: Unable to find inner node EnterprisePak for hierarchical cache Hierarchy.
[2021.12.15-23.35.32:140][  0]LogDerivedDataCache: Speed tests for C:/Users/user/AppData/Local/UnrealEngine/Common/DerivedDataCache took 0.01 seconds
[2021.12.15-23.35.32:140][  0]LogDerivedDataCache: Display: Performance to C:/Users/user/AppData/Local/UnrealEngine/Common/DerivedDataCache: Latency=0.03ms. RandomReadSpeed=265.15MBs, RandomWriteSpeed=230.11MBs. Assigned SpeedClass 'Local'
[2021.12.15-23.35.32:141][  0]LogDerivedDataCache: Using Local data cache path C:/Users/user/AppData/Local/UnrealEngine/Common/DerivedDataCache: Writable
[2021.12.15-23.35.32:141][  0]LogDerivedDataCache: Shared data cache path not found in *engine.ini, will not use an Shared cache.
[2021.12.15-23.35.32:141][  0]LogDerivedDataCache: Unable to find inner node Shared for hierarchical cache Hierarchy.
[2021.12.15-23.35.32:186][  0]LogSlate: Using FreeType 2.10.0
[2021.12.15-23.35.32:186][  0]LogSlate: SlateFontServices - WITH_FREETYPE: 1, WITH_HARFBUZZ: 1
[2021.12.15-23.35.32:209][  0]LogAssetRegistry: FAssetRegistry took 0.0025 seconds to start up
[2021.12.15-23.35.32:215][  0]LogWindows: Windows GetLastError: The operation completed successfully. (0)
[2021.12.15-23.35.32:474][  0]LogInit: Selected Device Profile: [Windows]
[2021.12.15-23.35.32:474][  0]LogInit: Active device profile: [00000184FC52F200][00000184F5D367C0 49] Windows
[2021.12.15-23.35.32:475][  0]LogInit: Profiles: [00000184FC52F200][00000184F5D367C0 49] Windows, [00000184FC4E9000][00000184F5D3E940 49] WindowsNoEditor, [00000184FC52D000][00000184F5D3AA80 49] WindowsServer, [00000184FC4EAC00][00000184F5D42BC0 49] WindowsClient, [00000184FC52EB00][00000184F5D46D00 49] IOS, [00000184FC4E9700][00000184F5D4EE80 49] iPadAir, [00000184FC52D600][00000184F5BBF000 49] iPadAir2, [00000184FC48FD00][00000184F5BC72C0 49] IPadPro, [00000184FC48FE00][00000184F5BC3300 49] iPadAir3, [00000184FC52E700][00000184F5BCB480 49] iPadAir4, [00000184FC48D500][00000184F5BCF600 49] iPadMini2, [00000184FC52D900][00000184F5BD3780 49] iPadMini3, [00000184FC48E600][00000184F5BD7900 49] iPadMini4, [00000184FC52F600][00000184F5BDBA80 49] iPadMini5, [00000184FC4DB600][00000184EF7EA1C0 49] iPhone6, [00000184FC4DB700][00000184EF7E6200 49] iPodTouch6, [00000184FC48C300][00000184EF7F24C0 49] iPhone7, [00000184FC48C200][00000184EF7EE500 49] iPodTouch7, [00000184FC4D9400][00000184EF7F6680 49] iPhone5S, [00000184FC48FF00][00000184EF7FA800 49] iPhone6Plus, [00000184FC4DA700][00000184EF7FE980 49] iPhone6S, [00000184FC48FB00][00000184EF802B00 49] iPhone6SPlus, [00000184FC4D9A00][00000184F5D4AC40 49] iPhone7Plus, [00000184FC48F700][00000184EF806D80 49] iPhoneSE, [00000184FC4DBB00][00000184EF80AEC0 49] iPhone8, [00000184FC48C100][00000184FB359040 49] iPhone8Plus, [00000184FC4D9900][00000184FB35D1C0 49] iPhoneX, [00000184FC48CB00][00000184FB361340 49] iPhoneXS, [00000184FC4DB900][00000184FB3654C0 49] iPhoneXSMax, [00000184FC48EA00][00000184FB369640 49] iPhoneXR, [00000184FC4DBC00][00000184FB36D7C0 49] iPhone11, [00000184FC48EC00][00000184FB371940 49] iPhone11Pro, [00000184FC4DA900][00000184FB375AC0 49] iPhone11ProMax, [00000184FC48D400][00000184FB3780C0 49] iPhoneSE2, [00000184FC4DA500][00000184FB37C240 49] iPhone12Mini, [00000184FC48CF00][00000184FB3803C0 49] iPhone12, [00000184FC4DBA00][00000184FB384540 49] iPhone12Pro, [00000184FC48EE00][00000184FB3886C0 49] iPhone12ProMax, [00000184FC4DAA00][00000184FB38C840 49] iPadPro105, [00000184FC48CD00][00000184FB3909C0 49] iPadPro129, [00000184FC4D9C00][00000184FB394B40 49] iPadPro97, [00000184FC48DB00][00000184FB398CC0 49] iPadPro2_129, [00000184FC4DAD00][00000184EF80EE00 49] iPad5, [00000184FC48F100][00000184FB39CF40 49] iPad6, [00000184FC4D8500][00000184FB3A1080 49] iPad7, [00000184FC48D100][00000184FB3A51C0 49] iPad8, [00000184FC4DB000][00000184FB3AD340 49] iPadPro11, [00000184FC48C800][00000184FB3B14C0 49] iPadPro2_11, [00000184FC4D9200][00000184FB3B5640 49] iPadPro3_129, [00000184FC48F600][00000184FB3B97C0 49] iPadPro4_129, [00000184FC4D8F00][00000184FB3BD940 49] AppleTV, [00000184FC48F300][00000184FB3C1AC0 49] AppleTV4K, [00000184FC4D8B00][00000184FB3C40C0 49] TVOS, [00000184FC48EB00][00000184FB3C8240 49] Mac, [00000184FC4D9D00][00000184FB3CC3C0 49] MacClient, [00000184FC48E400][00000184FB3D0540 49] MacNoEditor, [00000184FC4DAC00][00000184FB3D46C0 49] MacServer, [00000184FC570400][00000184FB3D8840 49] Linux, [00000184FC4E8700][00000184FB3DC9C0 49] LinuxAArch64, [00000184FC571A00][00000184FB3E0B40 49] LinuxNoEditor, [00000184FC4E9500][00000184FB3E4CC0 49] LinuxAArch64NoEditor, [00000184FC571D00][00000184FB3E8E40 49] LinuxClient, [00000184FC4E9E00][00000184FB3A8F80 49] LinuxAArch64Client, [00000184FC571400][00000184FB3ED0C0 49] LinuxServer, [00000184FC4EAA00][00000184FB3F1200 49] LinuxAArch64Server, [00000184FC570C00][00000184FB3F5340 49] Android, [00000184FC4EB100][00000184FB3FD4C0 49] Android_Low, [00000184FC571B00][00000184FB401640 49] Android_Mid, [00000184FC4E9400][00000184FB4057C0 49] Android_High, [00000184FC570E00][00000184FB409940 49] Android_Default, [00000184FC4EAD00][00000184FB40DAC0 49] Android_Adreno4xx, [00000184FC571800][00000184FB4100C0 49] Android_Adreno5xx_Low, [00000184FC4EA800][00000184FB414240 49] Android_Adreno5xx, [00000184FC571C00][00000184FB4183C0 49] Android_Adreno6xx, [00000184FC4E8900][00000184FB41C540 49] Android_Adreno6xx_Vulkan, [00000184FC570A00][00000184FB4206C0 49] Android_Mali_T6xx, [00000184FC4EBC00][00000184FB424840 49] Android_Mali_T7xx, [00000184FC4D9600][00000184FB4289C0 49] Android_Mali_T8xx, [00000184FC48DC00][00000184FB42CB40 49] Android_Mali_G71, [00000184FC4DA100][00000184FB430CC0 49] Android_Mali_G72, [00000184FC48E300][00000184FB434E40 49] Android_Mali_G72_Vulkan, [00000184FC4DBD00][00000184FB438FC0 49] Android_Mali_G76, [00000184FC48E200][00000184FB43D140 49] Android_Mali_G76_Vulkan, [00000184FC4DA000][00000184FB3F9280 49] Android_Mali_G77, [00000184FC48D300][00000184FD4513C0 49] Android_Mali_G77_Vulkan, [00000184FC4D8600][00000184FD455500 49] Android_Mali_G78, [00000184FC48DF00][00000184FD45D680 49] Android_Mali_G78_Vulkan, [00000184FC4DB100][00000184FD461800 49] Android_Mali_G710, [00000184FC48CC00][00000184FD465980 49] Android_Mali_G710_Vulkan, [00000184FC4DA300][00000184FD469B00 49] Android_Vulkan_SM5, [00000184FC48ED00][00000184FD46C100 49] Android_PowerVR_G6xxx, [00000184FC4D9E00][00000184FD470280 49] Android_PowerVR_GT7xxx, [00000184FC48E700][00000184FD474400 49] Android_PowerVR_GE8xxx, [00000184FC4DB800][00000184FD478580 49] Android_PowerVR_GM9xxx, [00000184FC48FA00][00000184FD47C700 49] Android_PowerVR_GM9xxx_Vulkan, [00000184FC4DB400][00000184FD480880 49] Android_TegraK1, [00000184FC48C900][00000184FD484A00 49] Android_Unknown_Vulkan, [00000184FC4D9800][00000184FD488B80 49] Lumin, [00000184FC570D00][00000184FD48CD00 49] Lumin_Desktop, [00000184FC4DA200][00000184FD490E80 49] HoloLens, 
[2021.12.15-23.35.33:075][  0]LogMeshReduction: Using QuadricMeshReduction for automatic static mesh reduction
[2021.12.15-23.35.33:075][  0]LogMeshReduction: Using SimplygonMeshReduction for automatic skeletal mesh reduction
[2021.12.15-23.35.33:075][  0]LogMeshReduction: Using ProxyLODMeshReduction for automatic mesh merging
[2021.12.15-23.35.33:075][  0]LogMeshReduction: No distributed automatic mesh merging module available
[2021.12.15-23.35.33:075][  0]LogMeshMerging: No distributed automatic mesh merging module available
[2021.12.15-23.35.33:090][  0]LogNetVersion: TotemsOfEarth 1.0.0, NetCL: 17155196, EngineNetVer: 17, GameNetVer: 0 (Checksum: 2481923679)
[2021.12.15-23.35.33:485][  0]LogTexture: Default maximum texture size for cubemaps generated from long-lat sources has been changed from 512 to unlimited. In order to preserve old behaiour for '/Engine/MapTemplates/Sky/DaylightAmbientCubemap.DaylightAmbientCubemap', its maximum texture size has been explicitly set to 512.
[2021.12.15-23.35.33:553][  0]LogHMD: PokeAHoleMaterial loaded successfully
[2021.12.15-23.35.33:559][  0]LogUObjectArray: 17178 objects as part of root set at end of initial load.
[2021.12.15-23.35.33:559][  0]LogUObjectAllocator: 4301856 out of 0 bytes used by permanent object pool.
[2021.12.15-23.35.33:559][  0]LogUObjectArray: CloseDisregardForGC: 0/0 objects in disregard for GC pool
[2021.12.15-23.35.33:797][  0]LogNiagaraDebuggerClient: Niagara Debugger Client Initialized | Session: 485C54D54A66295E7B44F7ADADD3AB2C | Instance: 5984DA244D206153DA7DDFB7AADA9613 (LAPTOP-O2EMG8ME-4944).
[2021.12.15-23.35.33:798][  0]LogThreadingWindows: Error: Runnable thread FAssetDataGatherer crashed.
[2021.12.15-23.35.33:798][  0]LogWindows: Error: === Critical error: ===
[2021.12.15-23.35.33:799][  0]LogWindows: Error: 
[2021.12.15-23.35.33:799][  0]LogWindows: Error: Assertion failed: NumBytes == Strings.Num() [File:D:/Build/++UE4/Sync/Engine/Source/Runtime/Core/Private/UObject/UnrealNames.cpp] [Line: 3336] 
[2021.12.15-23.35.33:799][  0]LogWindows: Error: 
[2021.12.15-23.35.33:799][  0]LogWindows: Error: 
[2021.12.15-23.35.33:799][  0]LogWindows: Error: 
[2021.12.15-23.35.33:799][  0]LogWindows: Error: [Callstack] 0x00007ffbd7014f69 KERNELBASE.dll!UnknownFunction []
[2021.12.15-23.35.33:799][  0]LogWindows: Error: [Callstack] 0x00007ffb92e30346 UE4Editor-Core.dll!UnknownFunction []
[2021.12.15-23.35.33:799][  0]LogWindows: Error: [Callstack] 0x00007ffb92e34348 UE4Editor-Core.dll!UnknownFunction []
[2021.12.15-23.35.33:799][  0]LogWindows: Error: [Callstack] 0x00007ffb92b5255d UE4Editor-Core.dll!UnknownFunction []
[2021.12.15-23.35.33:799][  0]LogWindows: Error: [Callstack] 0x00007ffb92aa6b75 UE4Editor-Core.dll!UnknownFunction []
[2021.12.15-23.35.33:799][  0]LogWindows: Error: [Callstack] 0x00007ffb92aa81d0 UE4Editor-Core.dll!UnknownFunction []
[2021.12.15-23.35.33:799][  0]LogWindows: Error: [Callstack] 0x00007ffb92e2d679 UE4Editor-Core.dll!UnknownFunction []
[2021.12.15-23.35.33:799][  0]LogWindows: Error: [Callstack] 0x00007ffb92e2c477 UE4Editor-Core.dll!UnknownFunction []
[2021.12.15-23.35.33:799][  0]LogWindows: Error: [Callstack] 0x00007ffb92e2cd08 UE4Editor-Core.dll!UnknownFunction []
[2021.12.15-23.35.33:799][  0]LogWindows: Error: [Callstack] 0x00007ffb8d2685c4 UE4Editor-AssetRegistry.dll!UnknownFunction []
[2021.12.15-23.35.33:799][  0]LogWindows: Error: [Callstack] 0x00007ffb8d2bef36 UE4Editor-AssetRegistry.dll!UnknownFunction []
[2021.12.15-23.35.33:799][  0]LogWindows: Error: [Callstack] 0x00007ffb92e5003b UE4Editor-Core.dll!UnknownFunction []
[2021.12.15-23.35.33:799][  0]LogWindows: Error: [Callstack] 0x00007ffb92e47180 UE4Editor-Core.dll!UnknownFunction []
[2021.12.15-23.35.33:799][  0]LogWindows: Error: [Callstack] 0x00007ffbd93a7034 KERNEL32.DLL!UnknownFunction []
[2021.12.15-23.35.33:799][  0]LogWindows: Error: [Callstack] 0x00007ffbd94e2651 ntdll.dll!UnknownFunction []
[2021.12.15-23.35.33:799][  0]LogWindows: Error: 
[2021.12.15-23.35.33:799][  0]LogWindows: Error: Crash in runnable thread FAssetDataGatherer
[2021.12.15-23.35.33:806][  0]LogExit: Executing StaticShutdownAfterError
[2021.12.15-23.35.33:806][  0]LogWindows: FPlatformMisc::RequestExit(1)
[2021.12.15-23.35.33:806][  0]LogWindows: FPlatformMisc::RequestExitWithStatus(1, 3)
[2021.12.15-23.35.33:806][  0]LogCore: Engine exit requested (reason: Win RequestExit)
[2021.12.15-23.35.33:814][  0]Log file closed, 12/16/21 06:35:33
