Log file open, 12/16/21 02:26:46
LogWindows: Failed to load 'aqProf.dll' (GetLastError=126)
LogWindows: File 'aqProf.dll' does not exist
LogWindows: Failed to load 'VtuneApi.dll' (GetLastError=126)
LogWindows: File 'VtuneApi.dll' does not exist
LogWindows: Failed to load 'VtuneApi32e.dll' (GetLastError=126)
LogWindows: File 'VtuneApi32e.dll' does not exist
LogConsoleResponse: Display: Failed to find resolution value strings in scalability ini. Falling back to default.
LogConsoleResponse: Display: Failed to find resolution value strings in scalability ini. Falling back to default.
LogInit: Display: Running engine for game: TotemsOfEarth
LogPlatformFile: Not using cached read wrapper
LogTaskGraph: Started task graph with 5 named threads and 47 total threads with 3 sets of task threads.
LogStats: Stats thread started at 0.199798
LogICUInternationalization: ICU TimeZone Detection - Raw Offset: +7:00, Platform Override: ''
LogInit: Display: Loading text-based GConfig....
LogPluginManager: Mounting plugin MeshPainting
LogPluginManager: Mounting plugin XGEController
LogPluginManager: Mounting plugin Paper2D
LogPluginManager: Mounting plugin GameplayCameras
LogPluginManager: Mounting plugin CameraShakePreviewer
LogPluginManager: Mounting plugin LightPropagationVolume
LogPluginManager: Mounting plugin EnvironmentQueryEditor
LogPluginManager: Mounting plugin AISupport
LogPluginManager: Mounting plugin AnimationSharing
LogPluginManager: Mounting plugin CodeLiteSourceCodeAccess
LogPluginManager: Mounting plugin LiveLink
LogPluginManager: Mounting plugin CLionSourceCodeAccess
LogPluginManager: Mounting plugin KDevelopSourceCodeAccess
LogPluginManager: Mounting plugin PixWinPlugin
LogPluginManager: Mounting plugin PerforceSourceControl
LogPluginManager: Mounting plugin GitSourceControl
LogPluginManager: Mounting plugin NullSourceCodeAccess
LogPluginManager: Mounting plugin PluginUtils
LogPluginManager: Mounting plugin PlasticSourceControl
LogPluginManager: Mounting plugin PropertyAccessNode
LogPluginManager: Mounting plugin SubversionSourceControl
LogPluginManager: Mounting plugin UObjectPlugin
LogPluginManager: Mounting plugin RiderSourceCodeAccess
LogPluginManager: Mounting plugin TextureFormatOodle
LogPluginManager: Mounting plugin VisualStudioSourceCodeAccess
LogPluginManager: Mounting plugin XCodeSourceCodeAccess
LogPluginManager: Mounting plugin AlembicImporter
LogPluginManager: Mounting plugin OodleNetwork
LogPluginManager: Mounting plugin OodleData
LogPluginManager: Mounting plugin VisualStudioCodeSourceCodeAccess
LogPluginManager: Mounting plugin BackChannel
LogPluginManager: Mounting plugin AutomationUtils
LogPluginManager: Mounting plugin ChaosCloth
LogPluginManager: Mounting plugin ChaosClothEditor
LogPluginManager: Mounting plugin ChaosEditor
LogPluginManager: Mounting plugin ChaosNiagara
LogPluginManager: Mounting plugin ChaosSolverPlugin
LogPluginManager: Mounting plugin CharacterAI
LogPluginManager: Mounting plugin Niagara
LogPluginManager: Mounting plugin GeometryProcessing
LogPluginManager: Mounting plugin GeometryCache
LogPluginManager: Mounting plugin MagicLeap
LogPluginManager: Mounting plugin GeometryCollectionPlugin
LogPluginManager: Mounting plugin MotoSynth
LogPluginManager: Mounting plugin OpenImageDenoise
LogPluginManager: Mounting plugin LuminPlatformFeatures
LogPluginManager: Mounting plugin PlanarCut
LogPluginManager: Mounting plugin MagicLeapLightEstimation
LogPluginManager: Mounting plugin PlatformCrypto
LogPluginManager: Mounting plugin ProxyLODPlugin
LogPluginManager: Mounting plugin MagicLeapMedia
LogPluginManager: Mounting plugin PythonScriptPlugin
LogPluginManager: Mounting plugin MagicLeapPassableWorld
LogPluginManager: Mounting plugin MLSDK
LogPluginManager: Mounting plugin SkeletalReduction
LogPluginManager: Mounting plugin AndroidMedia
LogPluginManager: Mounting plugin AvfMedia
LogPluginManager: Mounting plugin ActorSequence
LogPluginManager: Mounting plugin ImgMedia
LogPluginManager: Mounting plugin MediaCompositing
LogPluginManager: Mounting plugin MediaPlayerEditor
LogPluginManager: Mounting plugin WmfMedia
LogPluginManager: Mounting plugin LevelSequenceEditor
LogPluginManager: Mounting plugin MatineeToLevelSequence
LogPluginManager: Mounting plugin TemplateSequence
LogPluginManager: Mounting plugin UdpMessaging
LogPluginManager: Mounting plugin TcpMessaging
LogPluginManager: Mounting plugin LauncherChunkInstaller
LogPluginManager: Mounting plugin WebMMedia
LogPluginManager: Mounting plugin ActorLayerUtilities
LogPluginManager: Mounting plugin OnlineSubsystem
LogPluginManager: Mounting plugin AndroidDeviceProfileSelector
LogPluginManager: Mounting plugin AndroidMoviePlayer
LogPluginManager: Mounting plugin AndroidPermission
LogPluginManager: Mounting plugin OnlineSubsystemNull
LogPluginManager: Mounting plugin AppleImageUtils
LogPluginManager: Mounting plugin OnlineSubsystemUtils
LogPluginManager: Mounting plugin ArchVisCharacter
LogPluginManager: Mounting plugin AssetTags
LogPluginManager: Mounting plugin AppleMoviePlayer
LogPluginManager: Mounting plugin AudioCapture
LogPluginManager: Mounting plugin AudioSynesthesia
LogPluginManager: Mounting plugin CustomMeshComponent
LogPluginManager: Mounting plugin CableComponent
LogPluginManager: Mounting plugin ChunkDownloader
LogPluginManager: Mounting plugin EditableMesh
LogPluginManager: Mounting plugin ExampleDeviceProfileSelector
LogPluginManager: Mounting plugin GoogleCloudMessaging
LogPluginManager: Mounting plugin GooglePAD
LogPluginManager: Mounting plugin ScreenshotTools
LogPluginManager: Mounting plugin IOSDeviceProfileSelector
LogPluginManager: Mounting plugin LinuxDeviceProfileSelector
LogPluginManager: Mounting plugin LocationServicesBPLibrary
LogPluginManager: Mounting plugin MobilePatchingUtils
LogPluginManager: Mounting plugin OpenXR
LogPluginManager: Mounting plugin OpenXREyeTracker
LogPluginManager: Mounting plugin OpenXRHandTracking
LogPluginManager: Mounting plugin PhysXVehicles
LogPluginManager: Mounting plugin Takes
LogPluginManager: Mounting plugin PostSplashScreen
LogPluginManager: Mounting plugin ProceduralMeshComponent
LogPluginManager: Mounting plugin PropertyAccessEditor
LogPluginManager: Mounting plugin RuntimePhysXCooking
LogPluginManager: Mounting plugin SignificanceManager
LogPluginManager: Mounting plugin Synthesis
LogPluginManager: Mounting plugin SoundFields
LogPluginManager: Mounting plugin WebMMoviePlayer
LogPluginManager: Mounting plugin AssetManagerEditor
LogPluginManager: Mounting plugin WindowsMoviePlayer
LogPluginManager: Mounting plugin CryptoKeys
LogPluginManager: Mounting plugin CurveEditorTools
LogPluginManager: Mounting plugin DataValidation
LogPluginManager: Mounting plugin FacialAnimation
LogPluginManager: Mounting plugin GameplayTagsEditor
LogPluginManager: Mounting plugin GeometryMode
LogPluginManager: Mounting plugin MacGraphicsSwitching
LogPluginManager: Mounting plugin MaterialAnalyzer
LogPluginManager: Mounting plugin MobileLauncherProfileWizard
LogPluginManager: Mounting plugin PluginBrowser
LogPluginManager: Mounting plugin SpeedTreeImporter
LogPluginManager: Mounting plugin DatasmithContent
LogPluginManager: Mounting plugin VariantManagerContent
LogPluginManager: Mounting plugin OnlineSubsystemIOS
LogPluginManager: Mounting plugin OnlineSubsystemGooglePlay
LogPluginManager: Mounting plugin OculusVR
LogPluginManager: Mounting plugin SteamVR
LogPluginManager: Mounting plugin ContentBrowserAssetDataSource
LogPluginManager: Mounting plugin ContentBrowserClassDataSource
LogPluginManager: Mounting plugin ContentBrowserFileDataSource
PixWinPlugin: PIX capture plugin failed to initialize! Check that the process is launched from PIX.
LogInit: Using libcurl 7.55.1-DEV
LogInit:  - built for x86_64-pc-win32
LogInit:  - supports SSL with OpenSSL/1.1.1
LogInit:  - supports HTTP deflate (compression) using libz 1.2.8
LogInit:  - other features:
LogInit:      CURL_VERSION_SSL
LogInit:      CURL_VERSION_LIBZ
LogInit:      CURL_VERSION_IPV6
LogInit:      CURL_VERSION_ASYNCHDNS
LogInit:      CURL_VERSION_LARGEFILE
LogInit:      CURL_VERSION_IDN
LogInit:  CurlRequestOptions (configurable via config and command line):
LogInit:  - bVerifyPeer = true  - Libcurl will verify peer certificate
LogInit:  - bUseHttpProxy = false  - Libcurl will NOT use HTTP proxy
LogInit:  - bDontReuseConnections = false  - Libcurl will reuse connections
LogInit:  - MaxHostConnections = 16  - Libcurl will limit the number of connections to a host
LogInit:  - LocalHostAddr = Default
LogInit:  - BufferSize = 65536
LogOnline: OSS: Creating online subsystem instance for: NULL
LogInit: WinSock: version 1.1 (2.2), MaxSocks=32767, MaxUdp=65467
LogOnline: OSS: TryLoadSubsystemAndSetDefault: Loaded subsystem for module [NULL]
LogOculusPluginWrapper: OculusPlugin initialized successfully
LogHMD: Failed initializing OVRPlugin 1.59.0
LogInit: Build: ++UE4+Release-4.27-CL-17735300
LogInit: Engine Version: 4.27.1-17735300+++UE4+Release-4.27
LogInit: Compatible Engine Version: 4.27.0-17155196+++UE4+Release-4.27
LogInit: Net CL: 17155196
LogInit: OS: Windows 10 (Release 2009) (), CPU: AMD Ryzen 7 3700X 8-Core Processor             , GPU: NVIDIA GeForce RTX 3060
LogInit: Compiled (64-bit): Oct  6 2021 14:42:51
LogInit: Compiled with Visual C++: 19.24.28315.00
LogInit: Build Configuration: Development
LogInit: Branch Name: ++UE4+Release-4.27
LogInit: Command Line:  /Game/2DSideScrollerBP/Maps/MainMenu -game -PIEVIACONSOLE -Multiprocess GameUserSettingsINI=C:/Users/punna/Documents/GitHub/totemofearth/TotemsOfEarth/Saved/Config/Windows/PIEGameUserSettings0.ini -MultiprocessSaveConfig -forcepassthrough -messaging -SessionName="Play in Standalone Game" -windowed -WinX=0 -WinY=24 SAVEWINPOS=1 -ResX=1910 -ResY=1006
LogInit: Base Directory: E:/Epic Game/Games/UE_4.27/Engine/Binaries/Win64/
LogInit: Allocator: TBB
LogInit: Installed Engine Build: 1
LogDevObjectVersion: Number of dev versions registered: 29
LogDevObjectVersion:   Dev-Blueprints (B0D832E4-1F89-4F0D-ACCF-7EB736FD4AA2): 10
LogDevObjectVersion:   Dev-Build (E1C64328-A22C-4D53-A36C-8E866417BD8C): 0
LogDevObjectVersion:   Dev-Core (375EC13C-06E4-48FB-B500-84F0262A717E): 4
LogDevObjectVersion:   Dev-Editor (E4B068ED-F494-42E9-A231-DA0B2E46BB41): 40
LogDevObjectVersion:   Dev-Framework (CFFC743F-43B0-4480-9391-14DF171D2073): 37
LogDevObjectVersion:   Dev-Mobile (B02B49B5-BB20-44E9-A304-32B752E40360): 3
LogDevObjectVersion:   Dev-Networking (A4E4105C-59A1-49B5-A7C5-40C4547EDFEE): 0
LogDevObjectVersion:   Dev-Online (39C831C9-5AE6-47DC-9A44-9C173E1C8E7C): 0
LogDevObjectVersion:   Dev-Physics (78F01B33-EBEA-4F98-B9B4-84EACCB95AA2): 14
LogDevObjectVersion:   Dev-Platform (6631380F-2D4D-43E0-8009-CF276956A95A): 0
LogDevObjectVersion:   Dev-Rendering (12F88B9F-8875-4AFC-A67C-D90C383ABD29): 45
LogDevObjectVersion:   Dev-Sequencer (7B5AE74C-D270-4C10-A958-57980B212A5A): 13
LogDevObjectVersion:   Dev-VR (D7296918-1DD6-4BDD-9DE2-64A83CC13884): 3
LogDevObjectVersion:   Dev-LoadTimes (C2A15278-BFE7-4AFE-6C17-90FF531DF755): 1
LogDevObjectVersion:   Private-Geometry (6EACA3D4-40EC-4CC1-B786-8BED09428FC5): 3
LogDevObjectVersion:   Dev-AnimPhys (29E575DD-E0A3-4627-9D10-D276232CDCEA): 17
LogDevObjectVersion:   Dev-Anim (AF43A65D-7FD3-4947-9873-3E8ED9C1BB05): 15
LogDevObjectVersion:   Dev-ReflectionCapture (6B266CEC-1EC7-4B8F-A30B-E4D90942FC07): 1
LogDevObjectVersion:   Dev-Automation (0DF73D61-A23F-47EA-B727-89E90C41499A): 1
LogDevObjectVersion:   FortniteMain (601D1886-AC64-4F84-AA16-D3DE0DEAC7D6): 47
LogDevObjectVersion:   FortniteRelease (E7086368-6B23-4C58-8439-1B7016265E91): 1
LogDevObjectVersion:   Dev-Enterprise (9DFFBCD6-494F-0158-E221-12823C92A888): 10
LogDevObjectVersion:   Dev-Niagara (F2AED0AC-9AFE-416F-8664-AA7FFA26D6FC): 1
LogDevObjectVersion:   Dev-Destruction (174F1F0B-B4C6-45A5-B13F-2EE8D0FB917D): 10
LogDevObjectVersion:   Dev-Physics-Ext (35F94A83-E258-406C-A318-09F59610247C): 41
LogDevObjectVersion:   Dev-PhysicsMaterial-Chaos (B68FC16E-8B1B-42E2-B453-215C058844FE): 1
LogDevObjectVersion:   Dev-CineCamera (B2E18506-4273-CFC2-A54E-F4BB758BBA07): 1
LogDevObjectVersion:   Dev-VirtualProduction (64F58936-FD1B-42BA-BA96-7289D5D0FA4E): 1
LogDevObjectVersion:   Dev-MediaFramework (6F0ED827-A609-4895-9C91-998D90180EA4): 2
LogInit: Presizing for max 25165824 objects, including 0 objects not considered by GC, pre-allocating 0 bytes for permanent pool.
LogConfig: Applying CVar settings from Section [/Script/Engine.StreamingSettings] File [C:/Users/punna/Documents/GitHub/totemofearth/TotemsOfEarth/Saved/Config/Windows/Engine.ini]
LogConfig: Setting CVar [[s.MinBulkDataSizeForAsyncLoading:131072]]
LogConfig: Setting CVar [[s.AsyncLoadingThreadEnabled:0]]
LogConfig: Setting CVar [[s.EventDrivenLoaderEnabled:1]]
LogConfig: Setting CVar [[s.WarnIfTimeLimitExceeded:0]]
LogConfig: Setting CVar [[s.TimeLimitExceededMultiplier:1.5]]
LogConfig: Setting CVar [[s.TimeLimitExceededMinTime:0.005]]
LogConfig: Setting CVar [[s.UseBackgroundLevelStreaming:1]]
LogConfig: Setting CVar [[s.PriorityAsyncLoadingExtraTime:15.0]]
LogConfig: Setting CVar [[s.LevelStreamingActorsUpdateTimeLimit:5.0]]
LogConfig: Setting CVar [[s.PriorityLevelStreamingActorsUpdateExtraTime:5.0]]
LogConfig: Setting CVar [[s.LevelStreamingComponentsRegistrationGranularity:10]]
LogConfig: Setting CVar [[s.UnregisterComponentsTimeLimit:1.0]]
LogConfig: Setting CVar [[s.LevelStreamingComponentsUnregistrationGranularity:5]]
LogConfig: Setting CVar [[s.FlushStreamingOnExit:1]]
LogInit: Object subsystem initialized
LogConfig: Setting CVar [[con.DebugEarlyDefault:1]]
LogConfig: Setting CVar [[r.setres:1280x720]]
[2021.12.15-19.26.46:832][  0]LogConfig: Setting CVar [[con.DebugEarlyDefault:1]]
[2021.12.15-19.26.46:832][  0]LogConfig: Setting CVar [[r.setres:1280x720]]
[2021.12.15-19.26.46:832][  0]LogConfig: Applying CVar settings from Section [/Script/Engine.RendererSettings] File [C:/Users/punna/Documents/GitHub/totemofearth/TotemsOfEarth/Saved/Config/Windows/Engine.ini]
[2021.12.15-19.26.46:832][  0]LogConfig: Setting CVar [[r.GPUCrashDebugging:0]]
[2021.12.15-19.26.46:832][  0]LogConfig: Setting CVar [[r.MobileHDR:0]]
[2021.12.15-19.26.46:832][  0]LogConfig: Applying CVar settings from Section [/Script/Engine.RendererOverrideSettings] File [C:/Users/punna/Documents/GitHub/totemofearth/TotemsOfEarth/Saved/Config/Windows/Engine.ini]
[2021.12.15-19.26.46:832][  0]LogConfig: Applying CVar settings from Section [/Script/Engine.StreamingSettings] File [C:/Users/punna/Documents/GitHub/totemofearth/TotemsOfEarth/Saved/Config/Windows/Engine.ini]
[2021.12.15-19.26.46:832][  0]LogConfig: Setting CVar [[s.MinBulkDataSizeForAsyncLoading:131072]]
[2021.12.15-19.26.46:832][  0]LogConfig: Setting CVar [[s.AsyncLoadingThreadEnabled:0]]
[2021.12.15-19.26.46:832][  0]LogConfig: Setting CVar [[s.EventDrivenLoaderEnabled:1]]
[2021.12.15-19.26.46:832][  0]LogConfig: Setting CVar [[s.WarnIfTimeLimitExceeded:0]]
[2021.12.15-19.26.46:833][  0]LogConfig: Setting CVar [[s.TimeLimitExceededMultiplier:1.5]]
[2021.12.15-19.26.46:833][  0]LogConfig: Setting CVar [[s.TimeLimitExceededMinTime:0.005]]
[2021.12.15-19.26.46:833][  0]LogConfig: Setting CVar [[s.UseBackgroundLevelStreaming:1]]
[2021.12.15-19.26.46:833][  0]LogConfig: Setting CVar [[s.PriorityAsyncLoadingExtraTime:15.0]]
[2021.12.15-19.26.46:833][  0]LogConfig: Setting CVar [[s.LevelStreamingActorsUpdateTimeLimit:5.0]]
[2021.12.15-19.26.46:833][  0]LogConfig: Setting CVar [[s.PriorityLevelStreamingActorsUpdateExtraTime:5.0]]
[2021.12.15-19.26.46:833][  0]LogConfig: Setting CVar [[s.LevelStreamingComponentsRegistrationGranularity:10]]
[2021.12.15-19.26.46:833][  0]LogConfig: Setting CVar [[s.UnregisterComponentsTimeLimit:1.0]]
[2021.12.15-19.26.46:833][  0]LogConfig: Setting CVar [[s.LevelStreamingComponentsUnregistrationGranularity:5]]
[2021.12.15-19.26.46:833][  0]LogConfig: Setting CVar [[s.FlushStreamingOnExit:1]]
[2021.12.15-19.26.46:833][  0]LogConfig: Applying CVar settings from Section [/Script/Engine.GarbageCollectionSettings] File [C:/Users/punna/Documents/GitHub/totemofearth/TotemsOfEarth/Saved/Config/Windows/Engine.ini]
[2021.12.15-19.26.46:833][  0]LogConfig: Setting CVar [[gc.MaxObjectsNotConsideredByGC:1]]
[2021.12.15-19.26.46:833][  0]LogConfig: Setting CVar [[gc.SizeOfPermanentObjectPool:0]]
[2021.12.15-19.26.46:833][  0]LogConfig: Setting CVar [[gc.FlushStreamingOnGC:0]]
[2021.12.15-19.26.46:833][  0]LogConfig: Setting CVar [[gc.NumRetriesBeforeForcingGC:10]]
[2021.12.15-19.26.46:833][  0]LogConfig: Setting CVar [[gc.AllowParallelGC:1]]
[2021.12.15-19.26.46:833][  0]LogConfig: Setting CVar [[gc.TimeBetweenPurgingPendingKillObjects:61.1]]
[2021.12.15-19.26.46:833][  0]LogConfig: Setting CVar [[gc.MaxObjectsInEditor:25165824]]
[2021.12.15-19.26.46:833][  0]LogConfig: Setting CVar [[gc.IncrementalBeginDestroyEnabled:1]]
[2021.12.15-19.26.46:833][  0]LogConfig: Setting CVar [[gc.CreateGCClusters:1]]
[2021.12.15-19.26.46:833][  0]LogConfig: Setting CVar [[gc.MinGCClusterSize:5]]
[2021.12.15-19.26.46:833][  0]LogConfig: Setting CVar [[gc.ActorClusteringEnabled:0]]
[2021.12.15-19.26.46:833][  0]LogConfig: Setting CVar [[gc.BlueprintClusteringEnabled:0]]
[2021.12.15-19.26.46:833][  0]LogConfig: Setting CVar [[gc.UseDisregardForGCOnDedicatedServers:0]]
[2021.12.15-19.26.46:833][  0]LogConfig: Setting CVar [[gc.MultithreadedDestructionEnabled:1]]
[2021.12.15-19.26.46:833][  0]LogConfig: Applying CVar settings from Section [/Script/Engine.NetworkSettings] File [C:/Users/punna/Documents/GitHub/totemofearth/TotemsOfEarth/Saved/Config/Windows/Engine.ini]
[2021.12.15-19.26.46:833][  0]LogConfig: Applying CVar settings from Section [/Script/UnrealEd.CookerSettings] File [C:/Users/punna/Documents/GitHub/totemofearth/TotemsOfEarth/Saved/Config/Windows/Engine.ini]
[2021.12.15-19.26.46:837][  0]LogConfig: Applying CVar settings from Section [ViewDistanceQuality@3] File [C:/Users/punna/Documents/GitHub/totemofearth/TotemsOfEarth/Saved/Config/Windows/Scalability.ini]
[2021.12.15-19.26.46:837][  0]LogConfig: Setting CVar [[r.SkeletalMeshLODBias:0]]
[2021.12.15-19.26.46:837][  0]LogConfig: Setting CVar [[r.ViewDistanceScale:1.0]]
[2021.12.15-19.26.46:837][  0]LogConfig: Applying CVar settings from Section [AntiAliasingQuality@3] File [C:/Users/punna/Documents/GitHub/totemofearth/TotemsOfEarth/Saved/Config/Windows/Scalability.ini]
[2021.12.15-19.26.46:837][  0]LogConfig: Setting CVar [[r.PostProcessAAQuality:4]]
[2021.12.15-19.26.46:837][  0]LogConfig: Applying CVar settings from Section [ShadowQuality@3] File [C:/Users/punna/Documents/GitHub/totemofearth/TotemsOfEarth/Saved/Config/Windows/Scalability.ini]
[2021.12.15-19.26.46:837][  0]LogConfig: Setting CVar [[r.LightFunctionQuality:1]]
[2021.12.15-19.26.46:837][  0]LogConfig: Setting CVar [[r.ShadowQuality:5]]
[2021.12.15-19.26.46:837][  0]LogConfig: Setting CVar [[r.Shadow.CSM.MaxCascades:10]]
[2021.12.15-19.26.46:838][  0]LogConfig: Setting CVar [[r.Shadow.MaxResolution:2048]]
[2021.12.15-19.26.46:838][  0]LogConfig: Setting CVar [[r.Shadow.MaxCSMResolution:2048]]
[2021.12.15-19.26.46:838][  0]LogConfig: Setting CVar [[r.Shadow.RadiusThreshold:0.01]]
[2021.12.15-19.26.46:838][  0]LogConfig: Setting CVar [[r.Shadow.DistanceScale:1.0]]
[2021.12.15-19.26.46:838][  0]LogConfig: Setting CVar [[r.Shadow.CSM.TransitionScale:1.0]]
[2021.12.15-19.26.46:838][  0]LogConfig: Setting CVar [[r.Shadow.PreShadowResolutionFactor:1.0]]
[2021.12.15-19.26.46:838][  0]LogConfig: Setting CVar [[r.DistanceFieldShadowing:1]]
[2021.12.15-19.26.46:838][  0]LogConfig: Setting CVar [[r.DistanceFieldAO:1]]
[2021.12.15-19.26.46:838][  0]LogConfig: Setting CVar [[r.AOQuality:2]]
[2021.12.15-19.26.46:838][  0]LogConfig: Setting CVar [[r.VolumetricFog:1]]
[2021.12.15-19.26.46:838][  0]LogConfig: Setting CVar [[r.VolumetricFog.GridPixelSize:8]]
[2021.12.15-19.26.46:838][  0]LogConfig: Setting CVar [[r.VolumetricFog.GridSizeZ:128]]
[2021.12.15-19.26.46:838][  0]LogConfig: Setting CVar [[r.VolumetricFog.HistoryMissSupersampleCount:4]]
[2021.12.15-19.26.46:838][  0]LogConfig: Setting CVar [[r.LightMaxDrawDistanceScale:1]]
[2021.12.15-19.26.46:838][  0]LogConfig: Setting CVar [[r.CapsuleShadows:1]]
[2021.12.15-19.26.46:838][  0]LogConfig: Applying CVar settings from Section [PostProcessQuality@3] File [C:/Users/punna/Documents/GitHub/totemofearth/TotemsOfEarth/Saved/Config/Windows/Scalability.ini]
[2021.12.15-19.26.46:838][  0]LogConfig: Setting CVar [[r.MotionBlurQuality:4]]
[2021.12.15-19.26.46:838][  0]LogConfig: Setting CVar [[r.AmbientOcclusionMipLevelFactor:0.4]]
[2021.12.15-19.26.46:838][  0]LogConfig: Setting CVar [[r.AmbientOcclusionMaxQuality:100]]
[2021.12.15-19.26.46:838][  0]LogConfig: Setting CVar [[r.AmbientOcclusionLevels:-1]]
[2021.12.15-19.26.46:838][  0]LogConfig: Setting CVar [[r.AmbientOcclusionRadiusScale:1.0]]
[2021.12.15-19.26.46:838][  0]LogConfig: Setting CVar [[r.DepthOfFieldQuality:2]]
[2021.12.15-19.26.46:838][  0]LogConfig: Setting CVar [[r.RenderTargetPoolMin:400]]
[2021.12.15-19.26.46:838][  0]LogConfig: Setting CVar [[r.LensFlareQuality:2]]
[2021.12.15-19.26.46:838][  0]LogConfig: Setting CVar [[r.SceneColorFringeQuality:1]]
[2021.12.15-19.26.46:838][  0]LogConfig: Setting CVar [[r.EyeAdaptationQuality:2]]
[2021.12.15-19.26.46:838][  0]LogConfig: Setting CVar [[r.BloomQuality:5]]
[2021.12.15-19.26.46:838][  0]LogConfig: Setting CVar [[r.FastBlurThreshold:100]]
[2021.12.15-19.26.46:838][  0]LogConfig: Setting CVar [[r.Upscale.Quality:3]]
[2021.12.15-19.26.46:838][  0]LogConfig: Setting CVar [[r.Tonemapper.GrainQuantization:1]]
[2021.12.15-19.26.46:838][  0]LogConfig: Setting CVar [[r.LightShaftQuality:1]]
[2021.12.15-19.26.46:838][  0]LogConfig: Setting CVar [[r.Filter.SizeScale:1]]
[2021.12.15-19.26.46:838][  0]LogConfig: Setting CVar [[r.Tonemapper.Quality:5]]
[2021.12.15-19.26.46:838][  0]LogConfig: Setting CVar [[r.DOF.Gather.AccumulatorQuality:1        ; higher gathering accumulator quality]]
[2021.12.15-19.26.46:838][  0]LogConfig: Setting CVar [[r.DOF.Gather.PostfilterMethod:1          ; Median3x3 postfilering method]]
[2021.12.15-19.26.46:838][  0]LogConfig: Setting CVar [[r.DOF.Gather.EnableBokehSettings:0       ; no bokeh simulation when gathering]]
[2021.12.15-19.26.46:838][  0]LogConfig: Setting CVar [[r.DOF.Gather.RingCount:4                 ; medium number of samples when gathering]]
[2021.12.15-19.26.46:838][  0]LogConfig: Setting CVar [[r.DOF.Scatter.ForegroundCompositing:1    ; additive foreground scattering]]
[2021.12.15-19.26.46:838][  0]LogConfig: Setting CVar [[r.DOF.Scatter.BackgroundCompositing:2    ; additive background scattering]]
[2021.12.15-19.26.46:838][  0]LogConfig: Setting CVar [[r.DOF.Scatter.EnableBokehSettings:1      ; bokeh simulation when scattering]]
[2021.12.15-19.26.46:838][  0]LogConfig: Setting CVar [[r.DOF.Scatter.MaxSpriteRatio:0.1         ; only a maximum of 10% of scattered bokeh]]
[2021.12.15-19.26.46:838][  0]LogConfig: Setting CVar [[r.DOF.Recombine.Quality:1                ; cheap slight out of focus]]
[2021.12.15-19.26.46:838][  0]LogConfig: Setting CVar [[r.DOF.Recombine.EnableBokehSettings:0    ; no bokeh simulation on slight out of focus]]
[2021.12.15-19.26.46:838][  0]LogConfig: Setting CVar [[r.DOF.TemporalAAQuality:1                ; more stable temporal accumulation]]
[2021.12.15-19.26.46:838][  0]LogConfig: Setting CVar [[r.DOF.Kernel.MaxForegroundRadius:0.025]]
[2021.12.15-19.26.46:838][  0]LogConfig: Setting CVar [[r.DOF.Kernel.MaxBackgroundRadius:0.025]]
[2021.12.15-19.26.46:838][  0]LogConfig: Applying CVar settings from Section [TextureQuality@3] File [C:/Users/punna/Documents/GitHub/totemofearth/TotemsOfEarth/Saved/Config/Windows/Scalability.ini]
[2021.12.15-19.26.46:838][  0]LogConfig: Setting CVar [[r.Streaming.MipBias:0]]
[2021.12.15-19.26.46:838][  0]LogConfig: Setting CVar [[r.Streaming.AmortizeCPUToGPUCopy:0]]
[2021.12.15-19.26.46:838][  0]LogConfig: Setting CVar [[r.Streaming.MaxNumTexturesToStreamPerFrame:0]]
[2021.12.15-19.26.46:838][  0]LogConfig: Setting CVar [[r.Streaming.Boost:1]]
[2021.12.15-19.26.46:838][  0]LogConfig: Setting CVar [[r.MaxAnisotropy:8]]
[2021.12.15-19.26.46:838][  0]LogConfig: Setting CVar [[r.VT.MaxAnisotropy:8]]
[2021.12.15-19.26.46:838][  0]LogConfig: Setting CVar [[r.Streaming.LimitPoolSizeToVRAM:0]]
[2021.12.15-19.26.46:838][  0]LogConfig: Setting CVar [[r.Streaming.PoolSize:1000]]
[2021.12.15-19.26.46:838][  0]LogConfig: Setting CVar [[r.Streaming.MaxEffectiveScreenSize:0]]
[2021.12.15-19.26.46:838][  0]LogConfig: Applying CVar settings from Section [EffectsQuality@3] File [C:/Users/punna/Documents/GitHub/totemofearth/TotemsOfEarth/Saved/Config/Windows/Scalability.ini]
[2021.12.15-19.26.46:838][  0]LogConfig: Setting CVar [[r.TranslucencyLightingVolumeDim:64]]
[2021.12.15-19.26.46:838][  0]LogConfig: Setting CVar [[r.RefractionQuality:2]]
[2021.12.15-19.26.46:838][  0]LogConfig: Setting CVar [[r.SSR.Quality:3]]
[2021.12.15-19.26.46:838][  0]LogConfig: Setting CVar [[r.SSR.HalfResSceneColor:0]]
[2021.12.15-19.26.46:838][  0]LogConfig: Setting CVar [[r.SceneColorFormat:4]]
[2021.12.15-19.26.46:838][  0]LogConfig: Setting CVar [[r.DetailMode:2]]
[2021.12.15-19.26.46:838][  0]LogConfig: Setting CVar [[r.TranslucencyVolumeBlur:1]]
[2021.12.15-19.26.46:838][  0]LogConfig: Setting CVar [[r.MaterialQualityLevel:1 ; High quality]]
[2021.12.15-19.26.46:838][  0]LogConfig: Setting CVar [[r.AnisotropicMaterials:1]]
[2021.12.15-19.26.46:838][  0]LogConfig: Setting CVar [[r.SSS.Scale:1]]
[2021.12.15-19.26.46:838][  0]LogConfig: Setting CVar [[r.SSS.SampleSet:2]]
[2021.12.15-19.26.46:838][  0]LogConfig: Setting CVar [[r.SSS.Quality:1]]
[2021.12.15-19.26.46:838][  0]LogConfig: Setting CVar [[r.SSS.HalfRes:0]]
[2021.12.15-19.26.46:838][  0]LogConfig: Setting CVar [[r.SSGI.Quality:3]]
[2021.12.15-19.26.46:838][  0]LogConfig: Setting CVar [[r.EmitterSpawnRateScale:1.0]]
[2021.12.15-19.26.46:838][  0]LogConfig: Setting CVar [[r.ParticleLightQuality:2]]
[2021.12.15-19.26.46:838][  0]LogConfig: Setting CVar [[r.SkyAtmosphere.AerialPerspectiveLUT.FastApplyOnOpaque:1 ; Always have FastSkyLUT 1 in this case to avoid wrong sky]]
[2021.12.15-19.26.46:838][  0]LogConfig: Setting CVar [[r.SkyAtmosphere.AerialPerspectiveLUT.SampleCountMaxPerSlice:4]]
[2021.12.15-19.26.46:838][  0]LogConfig: Setting CVar [[r.SkyAtmosphere.AerialPerspectiveLUT.DepthResolution:16.0]]
[2021.12.15-19.26.46:838][  0]LogConfig: Setting CVar [[r.SkyAtmosphere.FastSkyLUT:1]]
[2021.12.15-19.26.46:838][  0]LogConfig: Setting CVar [[r.SkyAtmosphere.FastSkyLUT.SampleCountMin:4.0]]
[2021.12.15-19.26.46:838][  0]LogConfig: Setting CVar [[r.SkyAtmosphere.FastSkyLUT.SampleCountMax:128.0]]
[2021.12.15-19.26.46:838][  0]LogConfig: Setting CVar [[r.SkyAtmosphere.SampleCountMin:4.0]]
[2021.12.15-19.26.46:838][  0]LogConfig: Setting CVar [[r.SkyAtmosphere.SampleCountMax:128.0]]
[2021.12.15-19.26.46:838][  0]LogConfig: Setting CVar [[r.SkyAtmosphere.TransmittanceLUT.UseSmallFormat:0]]
[2021.12.15-19.26.46:838][  0]LogConfig: Setting CVar [[r.SkyAtmosphere.TransmittanceLUT.SampleCount:10.0]]
[2021.12.15-19.26.46:838][  0]LogConfig: Setting CVar [[r.SkyAtmosphere.MultiScatteringLUT.SampleCount:15.0]]
[2021.12.15-19.26.46:838][  0]LogConfig: Setting CVar [[r.SkyLight.RealTimeReflectionCapture:1]]
[2021.12.15-19.26.46:838][  0]LogConfig: Applying CVar settings from Section [FoliageQuality@3] File [C:/Users/punna/Documents/GitHub/totemofearth/TotemsOfEarth/Saved/Config/Windows/Scalability.ini]
[2021.12.15-19.26.46:838][  0]LogConfig: Setting CVar [[foliage.DensityScale:1.0]]
[2021.12.15-19.26.46:838][  0]LogConfig: Setting CVar [[grass.DensityScale:1.0]]
[2021.12.15-19.26.46:838][  0]LogConfig: Applying CVar settings from Section [ShadingQuality@3] File [C:/Users/punna/Documents/GitHub/totemofearth/TotemsOfEarth/Saved/Config/Windows/Scalability.ini]
[2021.12.15-19.26.46:838][  0]LogConfig: Setting CVar [[r.HairStrands.SkyLighting.IntegrationType:2]]
[2021.12.15-19.26.46:838][  0]LogConfig: Setting CVar [[r.HairStrands.SkyAO.SampleCount:4]]
[2021.12.15-19.26.46:838][  0]LogConfig: Setting CVar [[r.HairStrands.Visibility.MSAA.SamplePerPixel:4]]
[2021.12.15-19.26.46:838][  0]LogInit: Selected Device Profile: [Windows]
[2021.12.15-19.26.46:839][  0]LogInit: Applying CVar settings loaded from the selected device profile: [Windows]
[2021.12.15-19.26.46:839][  0]LogHAL: Display: Platform has ~ 16 GB [17102860288 / 17179869184 / 16], which maps to Larger [LargestMinGB=32, LargerMinGB=12, DefaultMinGB=8, SmallerMinGB=6, SmallestMinGB=0)
[2021.12.15-19.26.46:839][  0]LogInit: Going up to parent DeviceProfile []
[2021.12.15-19.26.46:839][  0]LogConfig: Applying CVar settings from Section [ViewDistanceQuality@3] File [C:/Users/punna/Documents/GitHub/totemofearth/TotemsOfEarth/Saved/Config/Windows/Scalability.ini]
[2021.12.15-19.26.46:839][  0]LogConfig: Setting CVar [[r.SkeletalMeshLODBias:0]]
[2021.12.15-19.26.46:839][  0]LogConfig: Setting CVar [[r.ViewDistanceScale:1.0]]
[2021.12.15-19.26.46:839][  0]LogConfig: Applying CVar settings from Section [AntiAliasingQuality@3] File [C:/Users/punna/Documents/GitHub/totemofearth/TotemsOfEarth/Saved/Config/Windows/Scalability.ini]
[2021.12.15-19.26.46:839][  0]LogConfig: Setting CVar [[r.PostProcessAAQuality:4]]
[2021.12.15-19.26.46:839][  0]LogConfig: Applying CVar settings from Section [ShadowQuality@3] File [C:/Users/punna/Documents/GitHub/totemofearth/TotemsOfEarth/Saved/Config/Windows/Scalability.ini]
[2021.12.15-19.26.46:839][  0]LogConfig: Setting CVar [[r.LightFunctionQuality:1]]
[2021.12.15-19.26.46:839][  0]LogConfig: Setting CVar [[r.ShadowQuality:5]]
[2021.12.15-19.26.46:839][  0]LogConfig: Setting CVar [[r.Shadow.CSM.MaxCascades:10]]
[2021.12.15-19.26.46:839][  0]LogConfig: Setting CVar [[r.Shadow.MaxResolution:2048]]
[2021.12.15-19.26.46:839][  0]LogConfig: Setting CVar [[r.Shadow.MaxCSMResolution:2048]]
[2021.12.15-19.26.46:839][  0]LogConfig: Setting CVar [[r.Shadow.RadiusThreshold:0.01]]
[2021.12.15-19.26.46:839][  0]LogConfig: Setting CVar [[r.Shadow.DistanceScale:1.0]]
[2021.12.15-19.26.46:839][  0]LogConfig: Setting CVar [[r.Shadow.CSM.TransitionScale:1.0]]
[2021.12.15-19.26.46:839][  0]LogConfig: Setting CVar [[r.Shadow.PreShadowResolutionFactor:1.0]]
[2021.12.15-19.26.46:839][  0]LogConfig: Setting CVar [[r.DistanceFieldShadowing:1]]
[2021.12.15-19.26.46:839][  0]LogConfig: Setting CVar [[r.DistanceFieldAO:1]]
[2021.12.15-19.26.46:839][  0]LogConfig: Setting CVar [[r.AOQuality:2]]
[2021.12.15-19.26.46:839][  0]LogConfig: Setting CVar [[r.VolumetricFog:1]]
[2021.12.15-19.26.46:839][  0]LogConfig: Setting CVar [[r.VolumetricFog.GridPixelSize:8]]
[2021.12.15-19.26.46:839][  0]LogConfig: Setting CVar [[r.VolumetricFog.GridSizeZ:128]]
[2021.12.15-19.26.46:839][  0]LogConfig: Setting CVar [[r.VolumetricFog.HistoryMissSupersampleCount:4]]
[2021.12.15-19.26.46:839][  0]LogConfig: Setting CVar [[r.LightMaxDrawDistanceScale:1]]
[2021.12.15-19.26.46:839][  0]LogConfig: Setting CVar [[r.CapsuleShadows:1]]
[2021.12.15-19.26.46:839][  0]LogConfig: Applying CVar settings from Section [PostProcessQuality@3] File [C:/Users/punna/Documents/GitHub/totemofearth/TotemsOfEarth/Saved/Config/Windows/Scalability.ini]
[2021.12.15-19.26.46:839][  0]LogConfig: Setting CVar [[r.MotionBlurQuality:4]]
[2021.12.15-19.26.46:839][  0]LogConfig: Setting CVar [[r.AmbientOcclusionMipLevelFactor:0.4]]
[2021.12.15-19.26.46:839][  0]LogConfig: Setting CVar [[r.AmbientOcclusionMaxQuality:100]]
[2021.12.15-19.26.46:839][  0]LogConfig: Setting CVar [[r.AmbientOcclusionLevels:-1]]
[2021.12.15-19.26.46:839][  0]LogConfig: Setting CVar [[r.AmbientOcclusionRadiusScale:1.0]]
[2021.12.15-19.26.46:839][  0]LogConfig: Setting CVar [[r.DepthOfFieldQuality:2]]
[2021.12.15-19.26.46:839][  0]LogConfig: Setting CVar [[r.RenderTargetPoolMin:400]]
[2021.12.15-19.26.46:839][  0]LogConfig: Setting CVar [[r.LensFlareQuality:2]]
[2021.12.15-19.26.46:839][  0]LogConfig: Setting CVar [[r.SceneColorFringeQuality:1]]
[2021.12.15-19.26.46:839][  0]LogConfig: Setting CVar [[r.EyeAdaptationQuality:2]]
[2021.12.15-19.26.46:839][  0]LogConfig: Setting CVar [[r.BloomQuality:5]]
[2021.12.15-19.26.46:839][  0]LogConfig: Setting CVar [[r.FastBlurThreshold:100]]
[2021.12.15-19.26.46:839][  0]LogConfig: Setting CVar [[r.Upscale.Quality:3]]
[2021.12.15-19.26.46:839][  0]LogConfig: Setting CVar [[r.Tonemapper.GrainQuantization:1]]
[2021.12.15-19.26.46:839][  0]LogConfig: Setting CVar [[r.LightShaftQuality:1]]
[2021.12.15-19.26.46:839][  0]LogConfig: Setting CVar [[r.Filter.SizeScale:1]]
[2021.12.15-19.26.46:839][  0]LogConfig: Setting CVar [[r.Tonemapper.Quality:5]]
[2021.12.15-19.26.46:839][  0]LogConfig: Setting CVar [[r.DOF.Gather.AccumulatorQuality:1        ; higher gathering accumulator quality]]
[2021.12.15-19.26.46:839][  0]LogConfig: Setting CVar [[r.DOF.Gather.PostfilterMethod:1          ; Median3x3 postfilering method]]
[2021.12.15-19.26.46:839][  0]LogConfig: Setting CVar [[r.DOF.Gather.EnableBokehSettings:0       ; no bokeh simulation when gathering]]
[2021.12.15-19.26.46:839][  0]LogConfig: Setting CVar [[r.DOF.Gather.RingCount:4                 ; medium number of samples when gathering]]
[2021.12.15-19.26.46:839][  0]LogConfig: Setting CVar [[r.DOF.Scatter.ForegroundCompositing:1    ; additive foreground scattering]]
[2021.12.15-19.26.46:839][  0]LogConfig: Setting CVar [[r.DOF.Scatter.BackgroundCompositing:2    ; additive background scattering]]
[2021.12.15-19.26.46:839][  0]LogConfig: Setting CVar [[r.DOF.Scatter.EnableBokehSettings:1      ; bokeh simulation when scattering]]
[2021.12.15-19.26.46:839][  0]LogConfig: Setting CVar [[r.DOF.Scatter.MaxSpriteRatio:0.1         ; only a maximum of 10% of scattered bokeh]]
[2021.12.15-19.26.46:839][  0]LogConfig: Setting CVar [[r.DOF.Recombine.Quality:1                ; cheap slight out of focus]]
[2021.12.15-19.26.46:839][  0]LogConfig: Setting CVar [[r.DOF.Recombine.EnableBokehSettings:0    ; no bokeh simulation on slight out of focus]]
[2021.12.15-19.26.46:839][  0]LogConfig: Setting CVar [[r.DOF.TemporalAAQuality:1                ; more stable temporal accumulation]]
[2021.12.15-19.26.46:839][  0]LogConfig: Setting CVar [[r.DOF.Kernel.MaxForegroundRadius:0.025]]
[2021.12.15-19.26.46:839][  0]LogConfig: Setting CVar [[r.DOF.Kernel.MaxBackgroundRadius:0.025]]
[2021.12.15-19.26.46:839][  0]LogConfig: Applying CVar settings from Section [TextureQuality@3] File [C:/Users/punna/Documents/GitHub/totemofearth/TotemsOfEarth/Saved/Config/Windows/Scalability.ini]
[2021.12.15-19.26.46:839][  0]LogConfig: Setting CVar [[r.Streaming.MipBias:0]]
[2021.12.15-19.26.46:839][  0]LogConfig: Setting CVar [[r.Streaming.AmortizeCPUToGPUCopy:0]]
[2021.12.15-19.26.46:839][  0]LogConfig: Setting CVar [[r.Streaming.MaxNumTexturesToStreamPerFrame:0]]
[2021.12.15-19.26.46:839][  0]LogConfig: Setting CVar [[r.Streaming.Boost:1]]
[2021.12.15-19.26.46:839][  0]LogConfig: Setting CVar [[r.MaxAnisotropy:8]]
[2021.12.15-19.26.46:839][  0]LogConfig: Setting CVar [[r.VT.MaxAnisotropy:8]]
[2021.12.15-19.26.46:839][  0]LogConfig: Setting CVar [[r.Streaming.LimitPoolSizeToVRAM:0]]
[2021.12.15-19.26.46:839][  0]LogConfig: Setting CVar [[r.Streaming.PoolSize:1000]]
[2021.12.15-19.26.46:839][  0]LogConfig: Setting CVar [[r.Streaming.MaxEffectiveScreenSize:0]]
[2021.12.15-19.26.46:839][  0]LogConfig: Applying CVar settings from Section [EffectsQuality@3] File [C:/Users/punna/Documents/GitHub/totemofearth/TotemsOfEarth/Saved/Config/Windows/Scalability.ini]
[2021.12.15-19.26.46:839][  0]LogConfig: Setting CVar [[r.TranslucencyLightingVolumeDim:64]]
[2021.12.15-19.26.46:839][  0]LogConfig: Setting CVar [[r.RefractionQuality:2]]
[2021.12.15-19.26.46:839][  0]LogConfig: Setting CVar [[r.SSR.Quality:3]]
[2021.12.15-19.26.46:839][  0]LogConfig: Setting CVar [[r.SSR.HalfResSceneColor:0]]
[2021.12.15-19.26.46:839][  0]LogConfig: Setting CVar [[r.SceneColorFormat:4]]
[2021.12.15-19.26.46:839][  0]LogConfig: Setting CVar [[r.DetailMode:2]]
[2021.12.15-19.26.46:839][  0]LogConfig: Setting CVar [[r.TranslucencyVolumeBlur:1]]
[2021.12.15-19.26.46:839][  0]LogConfig: Setting CVar [[r.MaterialQualityLevel:1 ; High quality]]
[2021.12.15-19.26.46:839][  0]LogConfig: Setting CVar [[r.AnisotropicMaterials:1]]
[2021.12.15-19.26.46:839][  0]LogConfig: Setting CVar [[r.SSS.Scale:1]]
[2021.12.15-19.26.46:839][  0]LogConfig: Setting CVar [[r.SSS.SampleSet:2]]
[2021.12.15-19.26.46:839][  0]LogConfig: Setting CVar [[r.SSS.Quality:1]]
[2021.12.15-19.26.46:839][  0]LogConfig: Setting CVar [[r.SSS.HalfRes:0]]
[2021.12.15-19.26.46:839][  0]LogConfig: Setting CVar [[r.SSGI.Quality:3]]
[2021.12.15-19.26.46:839][  0]LogConfig: Setting CVar [[r.EmitterSpawnRateScale:1.0]]
[2021.12.15-19.26.46:839][  0]LogConfig: Setting CVar [[r.ParticleLightQuality:2]]
[2021.12.15-19.26.46:839][  0]LogConfig: Setting CVar [[r.SkyAtmosphere.AerialPerspectiveLUT.FastApplyOnOpaque:1 ; Always have FastSkyLUT 1 in this case to avoid wrong sky]]
[2021.12.15-19.26.46:839][  0]LogConfig: Setting CVar [[r.SkyAtmosphere.AerialPerspectiveLUT.SampleCountMaxPerSlice:4]]
[2021.12.15-19.26.46:839][  0]LogConfig: Setting CVar [[r.SkyAtmosphere.AerialPerspectiveLUT.DepthResolution:16.0]]
[2021.12.15-19.26.46:839][  0]LogConfig: Setting CVar [[r.SkyAtmosphere.FastSkyLUT:1]]
[2021.12.15-19.26.46:839][  0]LogConfig: Setting CVar [[r.SkyAtmosphere.FastSkyLUT.SampleCountMin:4.0]]
[2021.12.15-19.26.46:839][  0]LogConfig: Setting CVar [[r.SkyAtmosphere.FastSkyLUT.SampleCountMax:128.0]]
[2021.12.15-19.26.46:840][  0]LogConfig: Setting CVar [[r.SkyAtmosphere.SampleCountMin:4.0]]
[2021.12.15-19.26.46:840][  0]LogConfig: Setting CVar [[r.SkyAtmosphere.SampleCountMax:128.0]]
[2021.12.15-19.26.46:840][  0]LogConfig: Setting CVar [[r.SkyAtmosphere.TransmittanceLUT.UseSmallFormat:0]]
[2021.12.15-19.26.46:840][  0]LogConfig: Setting CVar [[r.SkyAtmosphere.TransmittanceLUT.SampleCount:10.0]]
[2021.12.15-19.26.46:840][  0]LogConfig: Setting CVar [[r.SkyAtmosphere.MultiScatteringLUT.SampleCount:15.0]]
[2021.12.15-19.26.46:840][  0]LogConfig: Setting CVar [[r.SkyLight.RealTimeReflectionCapture:1]]
[2021.12.15-19.26.46:840][  0]LogConfig: Applying CVar settings from Section [FoliageQuality@3] File [C:/Users/punna/Documents/GitHub/totemofearth/TotemsOfEarth/Saved/Config/Windows/Scalability.ini]
[2021.12.15-19.26.46:840][  0]LogConfig: Setting CVar [[foliage.DensityScale:1.0]]
[2021.12.15-19.26.46:840][  0]LogConfig: Setting CVar [[grass.DensityScale:1.0]]
[2021.12.15-19.26.46:840][  0]LogConfig: Applying CVar settings from Section [ShadingQuality@3] File [C:/Users/punna/Documents/GitHub/totemofearth/TotemsOfEarth/Saved/Config/Windows/Scalability.ini]
[2021.12.15-19.26.46:840][  0]LogConfig: Setting CVar [[r.HairStrands.SkyLighting.IntegrationType:2]]
[2021.12.15-19.26.46:840][  0]LogConfig: Setting CVar [[r.HairStrands.SkyAO.SampleCount:4]]
[2021.12.15-19.26.46:840][  0]LogConfig: Setting CVar [[r.HairStrands.Visibility.MSAA.SamplePerPixel:4]]
[2021.12.15-19.26.46:840][  0]LogConfig: Applying CVar settings from Section [Startup] File [../../../Engine/Config/ConsoleVariables.ini]
[2021.12.15-19.26.46:840][  0]LogConfig: Setting CVar [[net.UseAdaptiveNetUpdateFrequency:0]]
[2021.12.15-19.26.46:840][  0]LogConfig: Setting CVar [[p.chaos.AllowCreatePhysxBodies:1]]
[2021.12.15-19.26.46:840][  0]LogConfig: Setting CVar [[fx.SkipVectorVMBackendOptimizations:1]]
[2021.12.15-19.26.46:840][  0]LogConfig: Applying CVar settings from Section [ConsoleVariables] File [C:/Users/punna/Documents/GitHub/totemofearth/TotemsOfEarth/Saved/Config/Windows/Engine.ini]
[2021.12.15-19.26.46:840][  0]LogConfig: Applying CVar settings from Section [ConsoleVariables] File [C:/Users/punna/Documents/GitHub/totemofearth/TotemsOfEarth/Saved/Config/Windows/Editor.ini]
[2021.12.15-19.26.46:840][  0]LogInit: Computer: DESKTOP-8EPG0SH
[2021.12.15-19.26.46:840][  0]LogInit: User: punna
[2021.12.15-19.26.46:840][  0]LogInit: CPU Page size=4096, Cores=8
[2021.12.15-19.26.46:840][  0]LogInit: High frequency timer resolution =10.000000 MHz
[2021.12.15-19.26.46:840][  0]LogMemory: Memory total: Physical=15.9GB (16GB approx)
[2021.12.15-19.26.46:840][  0]LogMemory: Platform Memory Stats for Windows
[2021.12.15-19.26.46:840][  0]LogMemory: Process Physical Memory: 147.37 MB used, 147.37 MB peak
[2021.12.15-19.26.46:840][  0]LogMemory: Process Virtual Memory: 123.25 MB used, 123.25 MB peak
[2021.12.15-19.26.46:840][  0]LogMemory: Physical Memory: 9743.96 MB used,  6566.59 MB free, 16310.56 MB total
[2021.12.15-19.26.46:840][  0]LogMemory: Virtual Memory: 134212776.00 MB used,  4955.70 MB free, 134217728.00 MB total
[2021.12.15-19.26.46:844][  0]LogWindows: WindowsPlatformFeatures enabled
[2021.12.15-19.26.46:871][  0]LogInit: Physics initialised using underlying interface: PhysX
[2021.12.15-19.26.46:871][  0]LogInit: Using OS detected language (en-US).
[2021.12.15-19.26.46:871][  0]LogInit: Using OS detected locale (th-TH).
[2021.12.15-19.26.46:873][  0]LogTextLocalizationManager: No specific localization for 'en-US' exists, so the 'en' localization will be used.
[2021.12.15-19.26.46:874][  0]LogTextLocalizationManager: No localization for 'th-TH' exists, so 'en' will be used for the locale.
[2021.12.15-19.26.47:049][  0]LogWindowsTextInputMethodSystem: Display: IME system deactivated.
[2021.12.15-19.26.47:065][  0]LogSlate: New Slate User Created.  User Index 0, Is Virtual User: 0
[2021.12.15-19.26.47:065][  0]LogSlate: Slate User Registered.  User Index 0, Is Virtual User: 0
[2021.12.15-19.26.47:075][  0]LogD3D11RHI: Loaded GFSDK_Aftermath_Lib.x64.dll
[2021.12.15-19.26.47:077][  0]LogHMD: Failed to initialize OpenVR with code 110
[2021.12.15-19.26.47:077][  0]LogD3D11RHI: D3D11 min allowed feature level: 11_0
[2021.12.15-19.26.47:077][  0]LogD3D11RHI: D3D11 max allowed feature level: 11_0
[2021.12.15-19.26.47:077][  0]LogD3D11RHI: D3D11 adapters:
[2021.12.15-19.26.47:169][  0]LogD3D11RHI:    0. 'NVIDIA GeForce RTX 3060' (Feature Level 11_0)
[2021.12.15-19.26.47:169][  0]LogD3D11RHI:       12143/0/8155 MB DedicatedVideo/DedicatedSystem/SharedSystem, Outputs:1, VendorId:0x10de
[2021.12.15-19.26.47:171][  0]LogD3D11RHI:    1. 'Microsoft Basic Render Driver' (Feature Level 11_0)
[2021.12.15-19.26.47:171][  0]LogD3D11RHI:       0/0/8155 MB DedicatedVideo/DedicatedSystem/SharedSystem, Outputs:0, VendorId:0x1414
[2021.12.15-19.26.47:171][  0]LogD3D11RHI: Chosen D3D11 Adapter:
[2021.12.15-19.26.47:171][  0]LogD3D11RHI:     Description : NVIDIA GeForce RTX 3060
[2021.12.15-19.26.47:171][  0]LogD3D11RHI:     VendorId    : 10de
[2021.12.15-19.26.47:171][  0]LogD3D11RHI:     DeviceId    : 2504
[2021.12.15-19.26.47:171][  0]LogD3D11RHI:     SubSysId    : 153610de
[2021.12.15-19.26.47:171][  0]LogD3D11RHI:     Revision    : 00a1
[2021.12.15-19.26.47:171][  0]LogD3D11RHI:     DedicatedVideoMemory : 12732858368 bytes
[2021.12.15-19.26.47:171][  0]LogD3D11RHI:     DedicatedSystemMemory : 0 bytes
[2021.12.15-19.26.47:171][  0]LogD3D11RHI:     SharedSystemMemory : 8551430144 bytes
[2021.12.15-19.26.47:171][  0]LogD3D11RHI:     AdapterLuid : 0 39402
[2021.12.15-19.26.47:178][  0]LogD3D11RHI: Creating new Direct3DDevice
[2021.12.15-19.26.47:178][  0]LogD3D11RHI:     GPU DeviceId: 0x2504 (for the marketing name, search the web for "GPU Device Id")
[2021.12.15-19.26.47:178][  0]LogWindows: EnumDisplayDevices:
[2021.12.15-19.26.47:178][  0]LogWindows:    0. 'NVIDIA GeForce RTX 3060' (P:1 D:1)
[2021.12.15-19.26.47:179][  0]LogWindows:    1. 'NVIDIA GeForce RTX 3060' (P:0 D:0)
[2021.12.15-19.26.47:179][  0]LogWindows:    2. 'NVIDIA GeForce RTX 3060' (P:0 D:0)
[2021.12.15-19.26.47:179][  0]LogWindows:    3. 'NVIDIA GeForce RTX 3060' (P:0 D:0)
[2021.12.15-19.26.47:179][  0]LogWindows: DebugString: FoundDriverCount:4 
[2021.12.15-19.26.47:179][  0]LogD3D11RHI:     Adapter Name: NVIDIA GeForce RTX 3060
[2021.12.15-19.26.47:179][  0]LogD3D11RHI:   Driver Version: 497.09 (internal:30.0.14.9709, unified:497.09)
[2021.12.15-19.26.47:179][  0]LogD3D11RHI:      Driver Date: 11-26-2021
[2021.12.15-19.26.47:179][  0]LogRHI: Texture pool is 8500 MB (70% of 12143 MB)
[2021.12.15-19.26.47:179][  0]LogD3D11RHI: Creating D3DDevice using adapter:
[2021.12.15-19.26.47:179][  0]LogD3D11RHI:     Description : NVIDIA GeForce RTX 3060
[2021.12.15-19.26.47:179][  0]LogD3D11RHI:     VendorId    : 10de
[2021.12.15-19.26.47:179][  0]LogD3D11RHI:     DeviceId    : 2504
[2021.12.15-19.26.47:179][  0]LogD3D11RHI:     SubSysId    : 153610de
[2021.12.15-19.26.47:179][  0]LogD3D11RHI:     Revision    : 00a1
[2021.12.15-19.26.47:179][  0]LogD3D11RHI:     DedicatedVideoMemory : 12732858368 bytes
[2021.12.15-19.26.47:179][  0]LogD3D11RHI:     DedicatedSystemMemory : 0 bytes
[2021.12.15-19.26.47:179][  0]LogD3D11RHI:     SharedSystemMemory : 8551430144 bytes
[2021.12.15-19.26.47:179][  0]LogD3D11RHI:     AdapterLuid : 0 39402
[2021.12.15-19.26.47:235][  0]LogD3D11RHI: RHI has support for 64 bit atomics
[2021.12.15-19.26.47:235][  0]LogD3D11RHI: Async texture creation enabled
[2021.12.15-19.26.47:235][  0]LogD3D11RHI: Array index from any shader is supported
[2021.12.15-19.26.47:253][  0]LogD3D11RHI: GPU Timing Frequency: 1000.000000 (Debug: 2 1)
[2021.12.15-19.26.47:274][  0]LogRHI: GeForceNow SDK initialized: 1
[2021.12.15-19.26.47:494][  0]LogTargetPlatformManager: Display: Loaded TargetPlatform 'WindowsNoEditor'
[2021.12.15-19.26.47:497][  0]LogTargetPlatformManager: Display: Loaded TargetPlatform 'Windows'
[2021.12.15-19.26.47:500][  0]LogTargetPlatformManager: Display: Loaded TargetPlatform 'WindowsClient'
[2021.12.15-19.26.47:503][  0]LogTargetPlatformManager: Display: Loaded TargetPlatform 'WindowsServer'
[2021.12.15-19.26.47:503][  0]LogTargetPlatformManager: Display: Building Assets For Windows
[2021.12.15-19.26.47:508][  0]LogAudioDebug: Display: Lib vorbis DLL was dynamically loaded.
[2021.12.15-19.26.47:526][  0]LogTextureFormatOodle: Display: Oodle Texture 2.9.0 init RDO Off
[2021.12.15-19.26.47:545][  0]LogRendererCore: Ray tracing is disabled. Reason: r.RayTracing=0.
[2021.12.15-19.26.47:545][  0]LogShaderCompilers: Guid format shader working directory is -13 characters bigger than the processId version (C:/Users/punna/Documents/GitHub/totemofearth/TotemsOfEarth/Intermediate/Shaders/WorkingDirectory/17224/).
[2021.12.15-19.26.47:545][  0]LogShaderCompilers: Cleaned the shader compiler working directory 'C:/Users/punna/AppData/Local/Temp/UnrealShaderWorkingDir/04E15B2B4A7B3E8E36AA56AA492C3267/'.
[2021.12.15-19.26.47:545][  0]LogXGEController: Cannot use XGE Controller as Incredibuild is not installed on this machine.
[2021.12.15-19.26.47:545][  0]LogShaderCompilers: Cannot use XGE Shader Compiler as Incredibuild is not installed on this machine.
[2021.12.15-19.26.47:545][  0]LogShaderCompilers: Display: Using Local Shader Compiler.
[2021.12.15-19.26.48:138][  0]LogDerivedDataCache: Display: Max Cache Size: 512 MB
[2021.12.15-19.26.48:186][  0]LogDerivedDataCache: Loaded boot cache 0.05s 94MB C:/Users/punna/AppData/Local/UnrealEngine/4.27/DerivedDataCache/Boot.ddc.
[2021.12.15-19.26.48:186][  0]LogDerivedDataCache: Display: Loaded Boot cache: C:/Users/punna/AppData/Local/UnrealEngine/4.27/DerivedDataCache/Boot.ddc
[2021.12.15-19.26.48:186][  0]LogDerivedDataCache: FDerivedDataBackendGraph:  Pak pak cache file C:/Users/punna/Documents/GitHub/totemofearth/TotemsOfEarth/DerivedDataCache/DDC.ddp not found, will not use a pak cache.
[2021.12.15-19.26.48:186][  0]LogDerivedDataCache: Unable to find inner node Pak for hierarchical cache Hierarchy.
[2021.12.15-19.26.48:186][  0]LogDerivedDataCache: FDerivedDataBackendGraph:  CompressedPak pak cache file C:/Users/punna/Documents/GitHub/totemofearth/TotemsOfEarth/DerivedDataCache/Compressed.ddp not found, will not use a pak cache.
[2021.12.15-19.26.48:186][  0]LogDerivedDataCache: Unable to find inner node CompressedPak for hierarchical cache Hierarchy.
[2021.12.15-19.26.48:201][  0]LogDerivedDataCache: Display: Pak cache opened for reading ../../../Engine/DerivedDataCache/Compressed.ddp.
[2021.12.15-19.26.48:201][  0]LogDerivedDataCache: FDerivedDataBackendGraph:  EnterprisePak pak cache file ../../../Enterprise/DerivedDataCache/Compressed.ddp not found, will not use a pak cache.
[2021.12.15-19.26.48:201][  0]LogDerivedDataCache: Unable to find inner node EnterprisePak for hierarchical cache Hierarchy.
[2021.12.15-19.26.48:208][  0]LogDerivedDataCache: Speed tests for C:/Users/punna/AppData/Local/UnrealEngine/Common/DerivedDataCache took 0.01 seconds
[2021.12.15-19.26.48:208][  0]LogDerivedDataCache: Display: Performance to C:/Users/punna/AppData/Local/UnrealEngine/Common/DerivedDataCache: Latency=0.03ms. RandomReadSpeed=1725.80MBs, RandomWriteSpeed=156.11MBs. Assigned SpeedClass 'Local'
[2021.12.15-19.26.48:209][  0]LogDerivedDataCache: Using Local data cache path C:/Users/punna/AppData/Local/UnrealEngine/Common/DerivedDataCache: Writable
[2021.12.15-19.26.48:209][  0]LogDerivedDataCache: Shared data cache path not found in *engine.ini, will not use an Shared cache.
[2021.12.15-19.26.48:209][  0]LogDerivedDataCache: Unable to find inner node Shared for hierarchical cache Hierarchy.
[2021.12.15-19.26.48:241][  0]LogSlate: Using FreeType 2.10.0
[2021.12.15-19.26.48:241][  0]LogSlate: SlateFontServices - WITH_FREETYPE: 1, WITH_HARFBUZZ: 1
[2021.12.15-19.26.48:297][  0]LogInit: Using OS detected language (en-US).
[2021.12.15-19.26.48:297][  0]LogInit: Using OS detected locale (th-TH).
[2021.12.15-19.26.48:297][  0]LogTextLocalizationManager: No localization for 'en-US' exists, so 'en' will be used for the language.
[2021.12.15-19.26.48:297][  0]LogTextLocalizationManager: No localization for 'th-TH' exists, so 'en' will be used for the locale.
[2021.12.15-19.26.48:300][  0]LogTextLocalizationManager: Compacting localization data took   0.00ms
[2021.12.15-19.26.48:300][  0]LogAssetRegistry: FAssetRegistry took 0.0015 seconds to start up
[2021.12.15-19.26.48:438][  0]LogPackageLocalizationCache: Processed 27 localized package path(s) for 1 prioritized culture(s) in 0.000849 seconds
[2021.12.15-19.26.48:493][  0]LogInit: Selected Device Profile: [Windows]
[2021.12.15-19.26.48:493][  0]LogInit: Active device profile: [00000224E1C81B00][00000224DB308A00 49] Windows
[2021.12.15-19.26.48:493][  0]LogInit: Profiles: [00000224E1C81B00][00000224DB308A00 49] Windows, [00000224E1C8B200][00000224DB310B80 49] WindowsNoEditor, [00000224E1C83900][00000224DB314D00 49] WindowsServer, [00000224E1C88A00][00000224DC0BEE80 49] WindowsClient, [00000224E1C80B00][00000224DC0C3000 49] IOS, [00000224E1C8AA00][00000224DC0C7180 49] iPadAir, [00000224E1C83300][00000224DC0CB300 49] iPadAir2, [00000224E1C31300][00000224DB30D580 49] IPadPro, [00000224E1C31400][00000224DC0CF5C0 49] iPadAir3, [00000224E1C89B00][00000224DC0D3700 49] iPadAir4, [00000224E1C33A00][00000224DC0D7840 49] iPadMini2, [00000224E1C8A600][00000224DC0DF9C0 49] iPadMini3, [00000224E1C33F00][00000224DC0E3B40 49] iPadMini4, [00000224E1C8B700][00000224DC0E6140 49] iPadMini5, [00000224E1C69000][00000224DC0EE400 49] iPhone6, [00000224E1C69100][00000224DC0EA440 49] iPodTouch6, [00000224E1C83500][00000224DC0F6700 49] iPhone7, [00000224E1C83400][00000224DC0F2740 49] iPodTouch7, [00000224E1C68100][00000224DC0FA8C0 49] iPhone5S, [00000224E1C30700][00000224DC0FEA40 49] iPhone6Plus, [00000224E1C6AF00][00000224DC102BC0 49] iPhone6S, [00000224E1C31A00][00000224DC106D40 49] iPhone6SPlus, [00000224E1C68A00][00000224E29A0EC0 49] iPhone7Plus, [00000224E1C33E00][00000224E29A5040 49] iPhoneSE, [00000224E1C80200][00000224E29A91C0 49] iPhone8, [00000224E1C30600][00000224E29AD340 49] iPhone8Plus, [00000224E1C82400][00000224E29B14C0 49] iPhoneX, [00000224E1C32F00][00000224E29B5640 49] iPhoneXS, [00000224E1C82100][00000224DC0DB780 49] iPhoneXSMax, [00000224E1C33400][00000224E29B98C0 49] iPhoneXR, [00000224E1C80900][00000224E29BDA00 49] iPhone11, [00000224E1C32500][00000224E29C1B40 49] iPhone11Pro, [00000224E1C81800][00000224E29C8140 49] iPhone11ProMax, [00000224E1C32600][00000224E29CC2C0 49] iPhoneSE2, [00000224E1C80F00][00000224E29D0440 49] iPhone12Mini, [00000224E1C32D00][00000224E29D45C0 49] iPhone12, [00000224E1C82800][00000224E29D8740 49] iPhone12Pro, [00000224E1C30500][00000224E29DC8C0 49] iPhone12ProMax, [00000224E1C81100][00000224E29E0A40 49] iPadPro105, [00000224E1C31E00][00000224E29E4BC0 49] iPadPro129, [00000224E1C80E00][00000224E29E8D40 49] iPadPro97, [00000224E1C32A00][00000224E29ECEC0 49] iPadPro2_129, [00000224E1C81000][00000224E29F1040 49] iPad5, [00000224E1C30400][00000224E29F51C0 49] iPad6, [00000224E1C83F00][00000224E29F9340 49] iPad7, [00000224E1C33D00][00000224E29FD4C0 49] iPad8, [00000224E1C82700][00000224E2A01640 49] iPadPro11, [00000224E1C33000][00000224E2A057C0 49] iPadPro2_11, [00000224E1C83A00][00000224E29C5900 49] iPadPro3_129, [00000224E1C33700][00000224E2A09A40 49] iPadPro4_129, [00000224E1C81400][00000224E2A0DB80 49] AppleTV, [00000224E1C32B00][00000224E2A10140 49] AppleTV4K, [00000224E1C80D00][00000224E2A182C0 49] TVOS, [00000224E1C32100][00000224E2A1C440 49] Mac, [00000224E1C80300][00000224E2A205C0 49] MacClient, [00000224E1C31000][00000224E2A24740 49] MacNoEditor, [00000224E1C80800][00000224E2A288C0 49] MacServer, [00000224E1C32900][00000224E2A2CA40 49] Linux, [00000224E1C83B00][00000224E2A30BC0 49] LinuxAArch64, [00000224E1C32400][00000224E2A34D40 49] LinuxNoEditor, [00000224E1C83600][00000224E2A38EC0 49] LinuxAArch64NoEditor, [00000224E1C30C00][00000224E2A3D040 49] LinuxClient, [00000224E1C83D00][00000224E2A411C0 49] LinuxAArch64Client, [00000224E1C33B00][00000224E2A45340 49] LinuxServer, [00000224E1C83800][00000224E2A494C0 49] LinuxAArch64Server, [00000224E1C33200][00000224E2A4D640 49] Android, [00000224E1C81300][00000224E2A517C0 49] Android_Low, [00000224E1C31B00][00000224E2A55940 49] Android_Mid, [00000224E1C80400][00000224E2A59AC0 49] Android_High, [00000224E1C32800][00000224E2A15C00 49] Android_Default, [00000224E1C82000][00000224E2A5C1C0 49] Android_Adreno4xx, [00000224E1D04200][00000224E2A60300 49] Android_Adreno5xx_Low, [00000224E1C82B00][00000224E2A68480 49] Android_Adreno5xx, [00000224E1C89400][00000224E2A6C600 49] Android_Adreno6xx, [00000224E1C6B900][00000224E2A70780 49] Android_Adreno6xx_Vulkan, [00000224E1C8AF00][00000224E2A74900 49] Android_Mali_T6xx, [00000224E1C68C00][00000224E2A78A80 49] Android_Mali_T7xx, [00000224E1C89200][00000224E2A7CC00 49] Android_Mali_T8xx, [00000224E1C69400][00000224E2A80D80 49] Android_Mali_G71, [00000224E1C88500][00000224E2A84F00 49] Android_Mali_G72, [00000224E1C69900][00000224E2A89080 49] Android_Mali_G72_Vulkan, [00000224E1C8BE00][00000224E2A8D200 49] Android_Mali_G76, [00000224E1C6A900][00000224DC10B380 49] Android_Mali_G76_Vulkan, [00000224E1C89000][00000224DC10F500 49] Android_Mali_G77, [00000224E1C69700][00000224DC113680 49] Android_Mali_G77_Vulkan, [00000224E1C88200][00000224DC117800 49] Android_Mali_G78, [00000224E1C69E00][00000224DC11B980 49] Android_Mali_G78_Vulkan, [00000224E1C89600][00000224DC11FB00 49] Android_Mali_G710, [00000224E1C6A100][00000224DC122100 49] Android_Mali_G710_Vulkan, [00000224E1C88800][00000224E2A64240 49] Android_Vulkan_SM5, [00000224E1C6A400][00000224DC126380 49] Android_PowerVR_G6xxx, [00000224E1C8B100][00000224DC12A4C0 49] Android_PowerVR_GT7xxx, [00000224E1C69F00][00000224DB8D4640 49] Android_PowerVR_GE8xxx, [00000224E1C8B900][00000224DB8D87C0 49] Android_PowerVR_GM9xxx, [00000224E1C69200][00000224DB8DC940 49] Android_PowerVR_GM9xxx_Vulkan, [00000224E1C8B300][00000224DB8E0AC0 49] Android_TegraK1, [00000224E1C6BC00][00000224DB8E4C40 49] Android_Unknown_Vulkan, [00000224E1C88900][00000224DB8E8DC0 49] Lumin, [00000224E1C6BF00][00000224DB8ECF40 49] Lumin_Desktop, [00000224E1C89500][00000224DB8F10C0 49] HoloLens, 
[2021.12.15-19.26.48:520][  0]LogMeshReduction: Using QuadricMeshReduction for automatic static mesh reduction
[2021.12.15-19.26.48:520][  0]LogMeshReduction: Using SimplygonMeshReduction for automatic skeletal mesh reduction
[2021.12.15-19.26.48:520][  0]LogMeshReduction: Using ProxyLODMeshReduction for automatic mesh merging
[2021.12.15-19.26.48:520][  0]LogMeshReduction: No distributed automatic mesh merging module available
[2021.12.15-19.26.48:520][  0]LogMeshMerging: No distributed automatic mesh merging module available
[2021.12.15-19.26.48:598][  0]LogNetVersion: TotemsOfEarth 1.0.0, NetCL: 17155196, EngineNetVer: 17, GameNetVer: 0 (Checksum: 2481923679)
[2021.12.15-19.26.48:782][  0]LogTexture: Default maximum texture size for cubemaps generated from long-lat sources has been changed from 512 to unlimited. In order to preserve old behaiour for '/Engine/MapTemplates/Sky/DaylightAmbientCubemap.DaylightAmbientCubemap', its maximum texture size has been explicitly set to 512.
[2021.12.15-19.26.48:826][  0]LogHMD: PokeAHoleMaterial loaded successfully
[2021.12.15-19.26.48:889][  0]LogMoviePlayer: Initializing movie player
[2021.12.15-19.26.48:977][  0]LogNiagaraDebuggerClient: Niagara Debugger Client Initialized | Session: 4685D2E3476BB68568C105BDB0D8EB61 | Instance: 437E71114676748A17531EA4EF105C0A (DESKTOP-8EPG0SH-17224).
[2021.12.15-19.26.48:992][  0]LogCollectionManager: Loaded 0 collections in 0.000637 seconds
[2021.12.15-19.26.48:994][  0]LogFileCache: Scanning file cache for directory 'C:/Users/punna/Documents/GitHub/totemofearth/TotemsOfEarth/Saved/Collections/' took 0.00s
[2021.12.15-19.26.48:994][  0]LogFileCache: Scanning file cache for directory 'C:/Users/punna/Documents/GitHub/totemofearth/TotemsOfEarth/Content/Developers/punna/Collections/' took 0.00s
[2021.12.15-19.26.48:994][  0]LogFileCache: Scanning file cache for directory 'C:/Users/punna/Documents/GitHub/totemofearth/TotemsOfEarth/Content/Collections/' took 0.00s
[2021.12.15-19.26.48:994][  0]LogCollectionManager: Fixed up redirectors for 0 collections in 0.000001 seconds (updated 0 objects)
[2021.12.15-19.26.49:061][  0]LogImageWrapper: Warning: PNG Warning: Duplicate iCCP chunk
[2021.12.15-19.26.49:061][  0]LogImageWrapper: Warning: PNG Warning: Duplicate iCCP chunk
[2021.12.15-19.26.49:061][  0]LogPython: Using Python 3.7.7
[2021.12.15-19.26.49:424][  0]LogUdpMessaging: Initializing bridge on interface 0.0.0.0:0 to multicast group 230.0.0.1:6666.
[2021.12.15-19.26.49:428][  0]LogTcpMessaging: Initializing TcpMessaging bridge
[2021.12.15-19.26.49:485][  0]SourceControl: Source control is disabled
[2021.12.15-19.26.49:485][  0]SourceControl: Source control is disabled
[2021.12.15-19.26.49:487][  0]SourceControl: Source control is disabled
[2021.12.15-19.26.49:492][  0]LogUProjectInfo: Found projects:
[2021.12.15-19.26.49:546][  0]LogOpenImageDenoise: OIDN starting up
[2021.12.15-19.26.49:563][  0]LogAndroidPermission: UAndroidPermissionCallbackProxy::GetInstance
[2021.12.15-19.26.49:575][  0]LogAudioCaptureCore: Display: No Audio Capture implementations found. Audio input will be silent.
[2021.12.15-19.26.49:575][  0]LogAudioCaptureCore: Display: No Audio Capture implementations found. Audio input will be silent.
[2021.12.15-19.26.49:625][  0]LogOcInput: OculusInput pre-init called
[2021.12.15-19.26.49:634][  0]LogUObjectArray: 22121 objects as part of root set at end of initial load.
[2021.12.15-19.26.49:634][  0]LogUObjectAllocator: 5975440 out of 0 bytes used by permanent object pool.
[2021.12.15-19.26.49:634][  0]LogUObjectArray: CloseDisregardForGC: 0/0 objects in disregard for GC pool
[2021.12.15-19.26.49:676][  0]LogEngine: Initializing Engine...
[2021.12.15-19.26.49:678][  0]LogHMD: Failed to enumerate extensions. Please check that you have a valid OpenXR runtime installed.
[2021.12.15-19.26.49:678][  0]LogHMD: Failed to initialize OpenVR with code 110
[2021.12.15-19.26.49:678][  0]LogMagicLeap: Warning: VR disabled because ZI is not enabled.  To enable, in the editor, Edit -> Project Settings -> Plugins -> Magic Leap Plugin -> Enable Zero Iteration
[2021.12.15-19.26.49:680][  0]LogStats: UGameplayTagsManager::InitializeManager -  0.000 s
[2021.12.15-19.26.49:752][  0]LogInit: Initializing FReadOnlyCVARCache
[2021.12.15-19.26.49:753][  0]LogAudio: Display: Initializing Audio Device Manager...
[2021.12.15-19.26.49:755][  0]LogAudio: Display: Loading Default Audio Settings Objects...
[2021.12.15-19.26.49:755][  0]LogAudio: Display: No default SoundConcurrencyObject specified (or failed to load).
[2021.12.15-19.26.49:756][  0]LogAudio: Display: Audio Device Manager Initialized
[2021.12.15-19.26.49:756][  0]LogAudio: Display: Creating Audio Device:                 Id: 1, Scope: Shared, Realtime: True
[2021.12.15-19.26.49:756][  0]LogAudioMixer: Display: Audio Mixer Platform Settings:
[2021.12.15-19.26.49:756][  0]LogAudioMixer: Display: 	Sample Rate:						  48000
[2021.12.15-19.26.49:756][  0]LogAudioMixer: Display: 	Callback Buffer Frame Size Requested: 1024
[2021.12.15-19.26.49:756][  0]LogAudioMixer: Display: 	Callback Buffer Frame Size To Use:	  1024
[2021.12.15-19.26.49:756][  0]LogAudioMixer: Display: 	Number of buffers to queue:			  2
[2021.12.15-19.26.49:756][  0]LogAudioMixer: Display: 	Max Channels (voices):				  32
[2021.12.15-19.26.49:756][  0]LogAudioMixer: Display: 	Number of Async Source Workers:		  0
[2021.12.15-19.26.49:756][  0]LogAudio: Display: AudioDevice MaxSources: 32
[2021.12.15-19.26.49:756][  0]LogAudio: Display: Audio Spatialization Plugin: None (built-in).
[2021.12.15-19.26.49:756][  0]LogAudio: Display: Audio Reverb Plugin: None (built-in).
[2021.12.15-19.26.49:756][  0]LogAudio: Display: Audio Occlusion Plugin: None (built-in).
[2021.12.15-19.26.49:756][  0]LogAudioMixer: Display: Initializing audio mixer.
[2021.12.15-19.26.49:763][  0]LogAudioMixer: Display: 0: FrontLeft
[2021.12.15-19.26.49:763][  0]LogAudioMixer: Display: 1: FrontRight
[2021.12.15-19.26.49:776][  0]LogAudioMixer: Display: Using Audio Device Speakers (High Definition Audio Device)
[2021.12.15-19.26.49:781][  0]LogAudioMixer: Display: Initializing Sound Submixes...
[2021.12.15-19.26.49:783][  0]LogAudioMixer: Display: Creating Master Submix 'MasterSubmixDefault'
[2021.12.15-19.26.49:783][  0]LogAudioMixer: Display: Creating Master Submix 'MasterReverbSubmixDefault'
[2021.12.15-19.26.49:784][  0]LogAudioMixer: Display: Creating Master Submix 'MasterEQSubmixDefault'
[2021.12.15-19.26.49:784][  0]LogAudioMixer: FMixerPlatformXAudio2::StartAudioStream() called
[2021.12.15-19.26.49:784][  0]LogAudioMixer: Display: Output buffers initialized: Frames=1024, Channels=2, Samples=2048
[2021.12.15-19.26.49:785][  0]LogAudioMixer: Display: Starting AudioMixerPlatformInterface::RunInternal()
[2021.12.15-19.26.49:785][  0]LogAudioMixer: Display: FMixerPlatformXAudio2::SubmitBuffer() called for the first time
[2021.12.15-19.26.49:785][  0]LogInit: FAudioDevice initialized.
[2021.12.15-19.26.49:785][  0]LogNetVersion: Set ProjectVersion to 1.0.0.0. Version Checksum will be recalculated on next use.
[2021.12.15-19.26.49:786][  0]LogInit: Texture streaming: Enabled
[2021.12.15-19.26.49:832][  0]LogAudio: Display: Audio Device (ID: 1) registered with world 'Untitled'.
[2021.12.15-19.26.49:832][  0]LogSlate: Updating window title bar state: overlay mode, drag disabled, window buttons hidden, title bar hidden
[2021.12.15-19.26.49:833][  0]LogInit: Display: Game Engine Initialized.
[2021.12.15-19.26.49:834][  0]LogNiagaraEditor: GEditor isn't valid! Particle reset commands will not work for Niagara components!
[2021.12.15-19.26.49:919][  0]LogImageWrapper: Warning: PNG Warning: Duplicate iCCP chunk
[2021.12.15-19.26.49:919][  0]LogImageWrapper: Warning: PNG Warning: Duplicate iCCP chunk
[2021.12.15-19.26.49:919][  0]LogInit: Display: Starting Game.
[2021.12.15-19.26.49:919][  0]LogNet: Browse: /Game/2DSideScrollerBP/Maps/MainMenu?Name=Player
[2021.12.15-19.26.49:919][  0]LogLoad: LoadMap: /Game/2DSideScrollerBP/Maps/MainMenu?Name=Player
[2021.12.15-19.26.49:919][  0]LogWorld: BeginTearingDown for /Temp/Untitled_0
[2021.12.15-19.26.49:920][  0]LogWorld: UWorld::CleanupWorld for Untitled, bSessionEnded=true, bCleanupResources=true
[2021.12.15-19.26.49:921][  0]LogSlate: InvalidateAllWidgets triggered.  All widgets were invalidated
[2021.12.15-19.26.49:929][  0]LogAudio: Display: Audio Device unregistered from world 'None'.
[2021.12.15-19.26.49:931][  0]LogUObjectHash: Compacting FUObjectHashTables data took   0.72ms
[2021.12.15-19.26.49:942][  0]LogAudio: Display: Audio Device (ID: 1) registered with world 'MainMenu'.
[2021.12.15-19.26.49:948][  0]LogAIModule: Creating AISystem for world MainMenu
[2021.12.15-19.26.49:948][  0]LogLoad: Game class is 'GameMode'
[2021.12.15-19.26.49:949][  0]LogWorld: Bringing World /Game/2DSideScrollerBP/Maps/MainMenu.MainMenu up for play (max tick rate 0) at 2021.12.16-02.26.49
[2021.12.15-19.26.49:949][  0]LogWorld: Bringing up level for play took: 0.000280
[2021.12.15-19.26.49:949][  0]LogGameMode: FindPlayerStart: PATHS NOT DEFINED or NO PLAYERSTART with positive rating
[2021.12.15-19.26.49:950][  0]LogGameMode: Display: Match State Changed from EnteringMap to WaitingToStart
[2021.12.15-19.26.49:950][  0]LogGameState: Match State Changed from EnteringMap to WaitingToStart
[2021.12.15-19.26.49:950][  0]LogGameMode: Display: Match State Changed from WaitingToStart to InProgress
[2021.12.15-19.26.49:950][  0]LogViewport: Display: Viewport MouseLockMode Changed, LockOnCapture -> DoNotLock
[2021.12.15-19.26.49:951][  0]LogViewport: Display: Viewport MouseCaptureMode Changed, CapturePermanently_IncludingInitialMouseDown -> NoCapture
[2021.12.15-19.26.49:951][  0]LogGameState: Match State Changed from WaitingToStart to InProgress
[2021.12.15-19.26.49:951][  0]LogLoad: Took 0.031208 seconds to LoadMap(/Game/2DSideScrollerBP/Maps/MainMenu)
[2021.12.15-19.26.50:016][  0]LogSlate: Took 0.000157 seconds to synchronously load lazily loaded font '../../../Engine/Content/Slate/Fonts/Roboto-Regular.ttf' (155K)
[2021.12.15-19.26.50:029][  0]LogRenderer: Reallocating scene render targets to support 1912x1008 Format 10 NumSamples 1 (Frame:1).
[2021.12.15-19.26.50:029][  0]LogInit: Display: Engine is initialized. Leaving FEngineLoop::Init()
[2021.12.15-19.26.50:029][  0]LogLoad: (Engine Initialization) Total time: 3.97 seconds
[2021.12.15-19.26.50:029][  0]LogLoad: (Engine Initialization) Total Blueprint compile time: 0.00 seconds
[2021.12.15-19.26.50:039][  0]LogContentStreaming: Texture pool size now 1000 MB
[2021.12.15-19.26.52:557][ 35]Closing by request
[2021.12.15-19.26.52:557][ 35]LogWindows: FPlatformMisc::RequestExit(0)
[2021.12.15-19.26.52:557][ 35]LogWindows: FPlatformMisc::RequestExitWithStatus(0, 0)
[2021.12.15-19.26.52:557][ 35]LogCore: Engine exit requested (reason: Win RequestExit)
[2021.12.15-19.26.52:560][ 36]LogCore: Engine exit requested (reason: EngineExit() was called; note: exit was already requested)
[2021.12.15-19.26.52:560][ 36]LogInit: Display: PreExit Game.
[2021.12.15-19.26.52:560][ 36]LogWorld: BeginTearingDown for /Game/2DSideScrollerBP/Maps/MainMenu
[2021.12.15-19.26.52:560][ 36]LogWorld: UWorld::CleanupWorld for MainMenu, bSessionEnded=true, bCleanupResources=true
[2021.12.15-19.26.52:560][ 36]LogSlate: InvalidateAllWidgets triggered.  All widgets were invalidated
[2021.12.15-19.26.52:682][ 36]LogAudio: Display: Beginning Audio Device Manager Shutdown (Module: AudioMixerXAudio2)...
[2021.12.15-19.26.52:682][ 36]LogAudio: Display: Destroying 1 Remaining Audio Device(s)...
[2021.12.15-19.26.52:682][ 36]LogAudio: Display: Audio Device unregistered from world 'MainMenu'.
[2021.12.15-19.26.52:712][ 36]LogAudioMixer: FMixerPlatformXAudio2::StopAudioStream() called
[2021.12.15-19.26.52:713][ 36]LogAudioMixer: FMixerPlatformXAudio2::StopAudioStream() called
[2021.12.15-19.26.52:715][ 36]LogAudio: Display: Audio Device Manager Shutdown
[2021.12.15-19.26.52:719][ 36]LogSlate: Window 'TotemsOfEarth (64-bit Development PCD3D_SM5) ' being destroyed
[2021.12.15-19.26.52:739][ 36]LogWindowsTextInputMethodSystem: Display: IME system deactivated.
[2021.12.15-19.26.52:745][ 36]LogWindowsTextInputMethodSystem: Display: IME system deactivated.
[2021.12.15-19.26.52:751][ 36]LogExit: Preparing to exit.
[2021.12.15-19.26.53:434][ 36]LogUObjectHash: Compacting FUObjectHashTables data took   0.70ms
[2021.12.15-19.26.53:461][ 36]LogMoviePlayer: Shutting down movie player
[2021.12.15-19.26.53:539][ 36]LogSlate: Updating window title bar state: overlay mode, drag disabled, window buttons hidden, title bar hidden
[2021.12.15-19.26.53:555][ 36]LogDemo: Cleaned up 0 splitscreen connections with owner deletion
[2021.12.15-19.26.53:558][ 36]LogExit: Game engine shut down
[2021.12.15-19.26.53:592][ 36]LogExit: Object subsystem successfully closed.
[2021.12.15-19.26.53:603][ 36]LogShaderCompilers: Display: === FShaderJobCache stats ===
[2021.12.15-19.26.53:603][ 36]LogShaderCompilers: Display: Total job queries 0, among them cache hits 0 (0.00%)
[2021.12.15-19.26.53:603][ 36]LogShaderCompilers: Display: Tracking 0 distinct input hashes that result in 0 distinct outputs (0.00%)
[2021.12.15-19.26.53:603][ 36]LogShaderCompilers: Display: RAM used: 0.00 MB (0.00 GB) of 819.20 MB (0.80 GB) budget. Usage: 0.00%
[2021.12.15-19.26.53:603][ 36]LogShaderCompilers: Display: ================================================
[2021.12.15-19.26.53:616][ 36]LogShaderCompilers: Display: Shaders left to compile 0
[2021.12.15-19.26.53:623][ 36]LogModuleManager: Shutting down and abandoning module SequenceRecorderSections (558)
[2021.12.15-19.26.53:623][ 36]LogModuleManager: Shutting down and abandoning module SequenceRecorder (556)
[2021.12.15-19.26.53:623][ 36]LogModuleManager: Shutting down and abandoning module AutomationController (554)
[2021.12.15-19.26.53:623][ 36]LogModuleManager: Shutting down and abandoning module AutomationWorker (552)
[2021.12.15-19.26.53:623][ 36]LogModuleManager: Shutting down and abandoning module Voice (550)
[2021.12.15-19.26.53:623][ 36]LogModuleManager: Shutting down and abandoning module AIModule (548)
[2021.12.15-19.26.53:623][ 36]LogModuleManager: Shutting down and abandoning module GameplayDebugger (547)
[2021.12.15-19.26.53:623][ 36]LogModuleManager: Shutting down and abandoning module AITestSuite (545)
[2021.12.15-19.26.53:623][ 36]LogModuleManager: Shutting down and abandoning module NavigationSystem (543)
[2021.12.15-19.26.53:623][ 36]LogModuleManager: Shutting down and abandoning module SteamVREditor (540)
[2021.12.15-19.26.53:623][ 36]LogModuleManager: Shutting down and abandoning module ToolMenus (539)
[2021.12.15-19.26.53:623][ 36]LogModuleManager: Shutting down and abandoning module OculusMR (536)
[2021.12.15-19.26.53:623][ 36]LogModuleManager: Shutting down and abandoning module TakeRecorderSources (534)
[2021.12.15-19.26.53:623][ 36]LogModuleManager: Shutting down and abandoning module TakeRecorder (533)
[2021.12.15-19.26.53:623][ 36]LogModuleManager: Shutting down and abandoning module TakeTrackRecorders (530)
[2021.12.15-19.26.53:623][ 36]LogModuleManager: Shutting down and abandoning module TakesCore (528)
[2021.12.15-19.26.53:623][ 36]LogModuleManager: Shutting down and abandoning module OpenXRInput (526)
[2021.12.15-19.26.53:623][ 36]LogModuleManager: Shutting down and abandoning module WebMMediaFactory (524)
[2021.12.15-19.26.53:623][ 36]LogModuleManager: Shutting down and abandoning module WebMMedia (522)
[2021.12.15-19.26.53:623][ 36]LogModuleManager: Shutting down and abandoning module WmfMediaFactory (520)
[2021.12.15-19.26.53:623][ 36]LogModuleManager: Shutting down and abandoning module OpenExrWrapper (518)
[2021.12.15-19.26.53:623][ 36]LogModuleManager: Shutting down and abandoning module ImgMediaFactory (516)
[2021.12.15-19.26.53:623][ 36]LogModuleManager: Shutting down and abandoning module AvfMediaFactory (514)
[2021.12.15-19.26.53:623][ 36]LogModuleManager: Shutting down and abandoning module MagicLeapMediaCodecFactory (512)
[2021.12.15-19.26.53:623][ 36]LogModuleManager: Shutting down and abandoning module MagicLeapMediaFactory (510)
[2021.12.15-19.26.53:623][ 36]LogModuleManager: Shutting down and abandoning module PlanarCut (508)
[2021.12.15-19.26.53:623][ 36]LogModuleManager: Shutting down and abandoning module CharacterAI (506)
[2021.12.15-19.26.53:623][ 36]LogModuleManager: Shutting down and abandoning module SessionServices (504)
[2021.12.15-19.26.53:623][ 36]LogModuleManager: Shutting down and abandoning module MovieSceneCapture (502)
[2021.12.15-19.26.53:623][ 36]LogModuleManager: Shutting down and abandoning module LiveCoding (500)
[2021.12.15-19.26.53:623][ 36]LogModuleManager: Shutting down and abandoning module LevelSequence (498)
[2021.12.15-19.26.53:623][ 36]LogModuleManager: Shutting down and abandoning module MovieSceneTracks (496)
[2021.12.15-19.26.53:623][ 36]LogModuleManager: Shutting down and abandoning module MovieScene (494)
[2021.12.15-19.26.53:623][ 36]LogModuleManager: Shutting down and abandoning module StreamingPauseRendering (492)
[2021.12.15-19.26.53:623][ 36]LogModuleManager: Shutting down and abandoning module PortalServices (490)
[2021.12.15-19.26.53:623][ 36]LogModuleManager: Shutting down and abandoning module PortalRpc (488)
[2021.12.15-19.26.53:623][ 36]LogModuleManager: Shutting down and abandoning module MessagingRpc (486)
[2021.12.15-19.26.53:623][ 36]LogModuleManager: Shutting down and abandoning module AudioMixerXAudio2 (484)
[2021.12.15-19.26.53:623][ 36]LogModuleManager: Shutting down and abandoning module AudioMixerCore (483)
[2021.12.15-19.26.53:623][ 36]LogModuleManager: Shutting down and abandoning module ImageWriteQueue (480)
[2021.12.15-19.26.53:626][ 36]LogModuleManager: Shutting down and abandoning module ProfilerService (478)
[2021.12.15-19.26.53:649][ 36]LogModuleManager: Shutting down and abandoning module TaskGraph (476)
[2021.12.15-19.26.53:649][ 36]LogModuleManager: Shutting down and abandoning module OculusInput (474)
[2021.12.15-19.26.53:649][ 36]LogModuleManager: Shutting down and abandoning module Synthesis (472)
[2021.12.15-19.26.53:649][ 36]LogModuleManager: Shutting down and abandoning module ProceduralMeshComponent (470)
[2021.12.15-19.26.53:649][ 36]LogModuleManager: Shutting down and abandoning module TakeMovieScene (468)
[2021.12.15-19.26.53:649][ 36]LogModuleManager: Shutting down and abandoning module MobilePatchingUtils (466)
[2021.12.15-19.26.53:649][ 36]LogModuleManager: Shutting down and abandoning module GooglePAD (464)
[2021.12.15-19.26.53:649][ 36]LogModuleManager: Shutting down and abandoning module EditableMesh (462)
[2021.12.15-19.26.53:650][ 36]LogModuleManager: Shutting down and abandoning module CableComponent (460)
[2021.12.15-19.26.53:650][ 36]LogModuleManager: Shutting down and abandoning module CustomMeshComponent (458)
[2021.12.15-19.26.53:650][ 36]LogModuleManager: Shutting down and abandoning module AudioCapture (456)
[2021.12.15-19.26.53:650][ 36]LogModuleManager: Shutting down and abandoning module AudioCaptureRtAudio (455)
[2021.12.15-19.26.53:650][ 36]LogModuleManager: Shutting down and abandoning module AssetTags (452)
[2021.12.15-19.26.53:650][ 36]LogModuleManager: Shutting down and abandoning module ArchVisCharacter (450)
[2021.12.15-19.26.53:650][ 36]LogModuleManager: Shutting down and abandoning module AppleImageUtilsBlueprintSupport (448)
[2021.12.15-19.26.53:650][ 36]LogModuleManager: Shutting down and abandoning module AppleImageUtils (446)
[2021.12.15-19.26.53:650][ 36]LogModuleManager: Shutting down and abandoning module AndroidPermission (444)
[2021.12.15-19.26.53:650][ 36]LogModuleManager: Shutting down and abandoning module ActorLayerUtilities (442)
[2021.12.15-19.26.53:650][ 36]LogModuleManager: Shutting down and abandoning module TemplateSequence (440)
[2021.12.15-19.26.53:650][ 36]LogModuleManager: Shutting down and abandoning module MediaCompositing (438)
[2021.12.15-19.26.53:650][ 36]LogModuleManager: Shutting down and abandoning module ImgMedia (436)
[2021.12.15-19.26.53:650][ 36]LogModuleManager: Shutting down and abandoning module MagicLeapSharedWorld (434)
[2021.12.15-19.26.53:650][ 36]LogModuleManager: Shutting down and abandoning module MagicLeapLightEstimation (432)
[2021.12.15-19.26.53:650][ 36]LogModuleManager: Shutting down and abandoning module OpenImageDenoise (430)
[2021.12.15-19.26.53:650][ 36]LogOpenImageDenoise: OIDN shutting down
[2021.12.15-19.26.53:650][ 36]LogModuleManager: Shutting down and abandoning module MotoSynth (428)
[2021.12.15-19.26.53:650][ 36]LogModuleManager: Shutting down and abandoning module GeometryCollectionTracks (426)
[2021.12.15-19.26.53:650][ 36]LogModuleManager: Shutting down and abandoning module GeometryCollectionSequencer (425)
[2021.12.15-19.26.53:650][ 36]LogModuleManager: Shutting down and abandoning module MagicLeapHelperVulkan (422)
[2021.12.15-19.26.53:650][ 36]LogModuleManager: Shutting down and abandoning module MagicLeapHelperOpenGL (420)
[2021.12.15-19.26.53:650][ 36]LogModuleManager: Shutting down and abandoning module MagicLeapAudio (418)
[2021.12.15-19.26.53:650][ 36]LogModuleManager: Shutting down and abandoning module GeometryCacheTracks (416)
[2021.12.15-19.26.53:650][ 36]LogModuleManager: Shutting down and abandoning module GeometryCacheSequencer (415)
[2021.12.15-19.26.53:650][ 36]LogModuleManager: Shutting down and abandoning module GeometryCache (412)
[2021.12.15-19.26.53:650][ 36]LogModuleManager: Shutting down and abandoning module GeometryCacheEd (411)
[2021.12.15-19.26.53:650][ 36]LogModuleManager: Shutting down and abandoning module MeshConversion (408)
[2021.12.15-19.26.53:650][ 36]LogModuleManager: Shutting down and abandoning module DynamicMesh (406)
[2021.12.15-19.26.53:650][ 36]LogModuleManager: Shutting down and abandoning module GeometryAlgorithms (404)
[2021.12.15-19.26.53:650][ 36]LogModuleManager: Shutting down and abandoning module GeometricObjects (402)
[2021.12.15-19.26.53:650][ 36]LogModuleManager: Shutting down and abandoning module ChaosNiagara (400)
[2021.12.15-19.26.53:650][ 36]LogModuleManager: Shutting down and abandoning module FieldSystemEngine (399)
[2021.12.15-19.26.53:650][ 36]LogModuleManager: Shutting down and abandoning module AutomationUtils (396)
[2021.12.15-19.26.53:650][ 36]LogModuleManager: Shutting down and abandoning module BackChannel (394)
[2021.12.15-19.26.53:650][ 36]LogModuleManager: Shutting down and abandoning module VisualStudioCodeSourceCodeAccess (392)
[2021.12.15-19.26.53:650][ 36]LogModuleManager: Shutting down and abandoning module OodleNetworkHandlerComponent (390)
[2021.12.15-19.26.53:650][ 36]LogModuleManager: Shutting down and abandoning module VisualStudioSourceCodeAccess (388)
[2021.12.15-19.26.53:650][ 36]LogModuleManager: Shutting down and abandoning module HotReload (387)
[2021.12.15-19.26.53:650][ 36]LogModuleManager: Shutting down and abandoning module UObjectPlugin (384)
[2021.12.15-19.26.53:650][ 36]LogModuleManager: Shutting down and abandoning module SubversionSourceControl (382)
[2021.12.15-19.26.53:650][ 36]LogModuleManager: Shutting down and abandoning module PerforceSourceControl (380)
[2021.12.15-19.26.53:650][ 36]LogModuleManager: Shutting down and abandoning module SourceControl (379)
[2021.12.15-19.26.53:650][ 36]LogModuleManager: Shutting down and abandoning module CLionSourceCodeAccess (376)
[2021.12.15-19.26.53:650][ 36]LogModuleManager: Shutting down and abandoning module LiveLinkSequencer (374)
[2021.12.15-19.26.53:650][ 36]LogModuleManager: Shutting down and abandoning module LiveLinkMovieScene (372)
[2021.12.15-19.26.53:650][ 36]LogModuleManager: Shutting down and abandoning module LiveLinkGraphNode (370)
[2021.12.15-19.26.53:650][ 36]LogModuleManager: Shutting down and abandoning module LiveLinkComponents (368)
[2021.12.15-19.26.53:650][ 36]LogModuleManager: Shutting down and abandoning module LiveLink (366)
[2021.12.15-19.26.54:461][ 36]LogModuleManager: Shutting down and abandoning module GameplayTagsEditor (364)
[2021.12.15-19.26.54:461][ 36]LogModuleManager: Shutting down and abandoning module FacialAnimation (362)
[2021.12.15-19.26.54:461][ 36]LogModuleManager: Shutting down and abandoning module AssetManagerEditor (360)
[2021.12.15-19.26.54:461][ 36]LogModuleManager: Shutting down and abandoning module TreeMap (359)
[2021.12.15-19.26.54:462][ 36]LogModuleManager: Shutting down and abandoning module SoundFields (356)
[2021.12.15-19.26.54:462][ 36]LogModuleManager: Shutting down and abandoning module SignificanceManager (354)
[2021.12.15-19.26.54:462][ 36]LogModuleManager: Shutting down and abandoning module RuntimePhysXCooking (352)
[2021.12.15-19.26.54:462][ 36]LogModuleManager: Shutting down and abandoning module PropertyAccessEditor (350)
[2021.12.15-19.26.54:462][ 36]LogModuleManager: Shutting down and abandoning module PhysXVehiclesEditor (348)
[2021.12.15-19.26.54:462][ 36]LogModuleManager: Shutting down and abandoning module LocationServicesBPLibrary (344)
[2021.12.15-19.26.54:462][ 36]LogModuleManager: Shutting down and abandoning module AudioSynesthesia (342)
[2021.12.15-19.26.54:462][ 36]LogModuleManager: Shutting down and abandoning module AudioSynesthesiaCore (340)
[2021.12.15-19.26.54:462][ 36]LogModuleManager: Shutting down and abandoning module TcpMessaging (338)
[2021.12.15-19.26.54:563][ 36]LogModuleManager: Shutting down and abandoning module UdpMessaging (336)
[2021.12.15-19.26.54:664][ 36]LogModuleManager: Shutting down and abandoning module ImgMediaEngine (334)
[2021.12.15-19.26.54:664][ 36]LogModuleManager: Shutting down and abandoning module ActorSequence (332)
[2021.12.15-19.26.54:664][ 36]LogModuleManager: Shutting down and abandoning module MagicLeapARPin (330)
[2021.12.15-19.26.54:664][ 36]LogModuleManager: Shutting down and abandoning module PythonScriptPlugin (328)
[2021.12.15-19.26.54:664][ 36]LogModuleManager: Shutting down and abandoning module MagicLeapHandMeshing (326)
[2021.12.15-19.26.54:664][ 36]LogModuleManager: Shutting down and abandoning module MagicLeapSecureStorage (324)
[2021.12.15-19.26.54:664][ 36]LogModuleManager: Shutting down and abandoning module MagicLeapPrivileges (322)
[2021.12.15-19.26.54:664][ 36]LogModuleManager: Shutting down and abandoning module MagicLeapPlanes (320)
[2021.12.15-19.26.54:664][ 36]LogMagicLeapPlanes: Planes tracker already destroyed.
[2021.12.15-19.26.54:664][ 36]LogModuleManager: Shutting down and abandoning module MagicLeapImageTracker (318)
[2021.12.15-19.26.54:664][ 36]LogModuleManager: Shutting down and abandoning module MagicLeapIdentity (316)
[2021.12.15-19.26.54:664][ 36]LogModuleManager: Shutting down and abandoning module MagicLeapHandTracking (314)
[2021.12.15-19.26.54:664][ 36]LogModuleManager: Shutting down and abandoning module MagicLeapEyeTracker (312)
[2021.12.15-19.26.54:664][ 36]LogModuleManager: Shutting down and abandoning module MagicLeapController (310)
[2021.12.15-19.26.54:664][ 36]LogModuleManager: Shutting down and abandoning module MagicLeapARPinImpl (308)
[2021.12.15-19.26.54:664][ 36]LogModuleManager: Shutting down and abandoning module MagicLeapAR (306)
[2021.12.15-19.26.54:664][ 36]LogModuleManager: Shutting down and abandoning module NiagaraAnimNotifies (304)
[2021.12.15-19.26.54:664][ 36]LogModuleManager: Shutting down and abandoning module Niagara (302)
[2021.12.15-19.26.54:664][ 36]LogModuleManager: Shutting down and abandoning module SignalProcessing (301)
[2021.12.15-19.26.54:664][ 36]LogModuleManager: Shutting down and abandoning module NiagaraEditor (299)
[2021.12.15-19.26.54:664][ 36]LogModuleManager: Shutting down and abandoning module ContentBrowser (298)
[2021.12.15-19.26.54:664][ 36]LogModuleManager: Shutting down and abandoning module CollectionManager (297)
[2021.12.15-19.26.54:664][ 36]LogModuleManager: Shutting down and abandoning module DirectoryWatcher (296)
[2021.12.15-19.26.54:664][ 36]LogModuleManager: Shutting down and abandoning module ContentBrowserData (293)
[2021.12.15-19.26.54:664][ 36]LogModuleManager: Shutting down and abandoning module NiagaraCore (288)
[2021.12.15-19.26.54:664][ 36]LogModuleManager: Shutting down and abandoning module PropertyAccessNode (286)
[2021.12.15-19.26.54:665][ 36]LogModuleManager: Shutting down and abandoning module AnimationSharing (284)
[2021.12.15-19.26.54:665][ 36]LogModuleManager: Shutting down and abandoning module EnvironmentQueryEditor (282)
[2021.12.15-19.26.54:665][ 36]LogModuleManager: Shutting down and abandoning module LightPropagationVolumeRuntime (280)
[2021.12.15-19.26.54:665][ 36]LogModuleManager: Shutting down and abandoning module GameplayCameras (278)
[2021.12.15-19.26.54:665][ 36]LogModuleManager: Shutting down and abandoning module Paper2D (276)
[2021.12.15-19.26.54:665][ 36]LogModuleManager: Shutting down and abandoning module WindowsMoviePlayer (274)
[2021.12.15-19.26.54:665][ 36]LogModuleManager: Shutting down and abandoning module WebMMoviePlayer (272)
[2021.12.15-19.26.54:665][ 36]LogModuleManager: Shutting down and abandoning module NetworkReplayStreaming (270)
[2021.12.15-19.26.54:665][ 36]LogModuleManager: Shutting down and abandoning module PacketHandler (268)
[2021.12.15-19.26.54:665][ 36]LogModuleManager: Shutting down and abandoning module ClothingSystemEditor (266)
[2021.12.15-19.26.54:665][ 36]LogModuleManager: Shutting down and abandoning module ClothingSystemRuntimeNv (264)
[2021.12.15-19.26.54:665][ 36]LogModuleManager: Shutting down and abandoning module MediaAssets (262)
[2021.12.15-19.26.54:665][ 36]LogModuleManager: Shutting down and abandoning module Overlay (260)
[2021.12.15-19.26.54:665][ 36]LogModuleManager: Shutting down and abandoning module OverlayEditor (259)
[2021.12.15-19.26.54:665][ 36]LogModuleManager: Shutting down and abandoning module VREditor (256)
[2021.12.15-19.26.54:665][ 36]LogModuleManager: Shutting down and abandoning module StringTableEditor (254)
[2021.12.15-19.26.54:665][ 36]LogModuleManager: Shutting down and abandoning module GameplayTasksEditor (252)
[2021.12.15-19.26.54:665][ 36]LogModuleManager: Shutting down and abandoning module BehaviorTreeEditor (250)
[2021.12.15-19.26.54:665][ 36]LogModuleManager: Shutting down and abandoning module FunctionalTesting (248)
[2021.12.15-19.26.54:665][ 36]LogModuleManager: Shutting down and abandoning module CollisionAnalyzer (246)
[2021.12.15-19.26.54:665][ 36]LogModuleManager: Shutting down and abandoning module WorkspaceMenuStructure (245)
[2021.12.15-19.26.54:665][ 36]LogModuleManager: Shutting down and abandoning module UMG (242)
[2021.12.15-19.26.54:665][ 36]LogModuleManager: Shutting down and abandoning module UMGEditor (241)
[2021.12.15-19.26.54:665][ 36]LogModuleManager: Shutting down and abandoning module Sequencer (240)
[2021.12.15-19.26.54:665][ 36]LogModuleManager: Shutting down and abandoning module MessageLog (237)
[2021.12.15-19.26.54:665][ 36]LogModuleManager: Shutting down and abandoning module SlateReflector (232)
[2021.12.15-19.26.54:665][ 36]LogModuleManager: Shutting down and abandoning module Slate (230)
[2021.12.15-19.26.54:665][ 36]LogModuleManager: Shutting down and abandoning module SlateCore (228)
[2021.12.15-19.26.54:666][ 36]LogModuleManager: Shutting down and abandoning module LandscapeEditorUtilities (226)
[2021.12.15-19.26.54:666][ 36]LogModuleManager: Shutting down and abandoning module UnrealEd (224)
[2021.12.15-19.26.54:666][ 36]LogModuleManager: Shutting down and abandoning module MRMesh (222)
[2021.12.15-19.26.54:666][ 36]LogModuleManager: Shutting down and abandoning module Messaging (220)
[2021.12.15-19.26.54:666][ 36]LogModuleManager: Shutting down and abandoning module SourceCodeAccess (218)
[2021.12.15-19.26.54:666][ 36]LogModuleManager: Shutting down and abandoning module HeadMountedDisplay (216)
[2021.12.15-19.26.54:666][ 36]LogModuleManager: Shutting down and abandoning module XAudio2 (214)
[2021.12.15-19.26.54:666][ 36]LogModuleManager: Shutting down and abandoning module Networking (212)
[2021.12.15-19.26.54:666][ 36]LogModuleManager: Shutting down and abandoning module Core (210)
[2021.12.15-19.26.54:666][ 36]LogModuleManager: Shutting down and abandoning module MaterialEditor (208)
[2021.12.15-19.26.54:666][ 36]LogModuleManager: Shutting down and abandoning module MovieSceneTools (206)
[2021.12.15-19.26.54:666][ 36]LogModuleManager: Shutting down and abandoning module EditorStyle (205)
[2021.12.15-19.26.54:667][ 36]LogModuleManager: Shutting down and abandoning module KismetCompiler (202)
[2021.12.15-19.26.54:667][ 36]LogModuleManager: Shutting down and abandoning module MeshBuilder (200)
[2021.12.15-19.26.54:667][ 36]LogModuleManager: Shutting down and abandoning module MeshUtilities (198)
[2021.12.15-19.26.54:667][ 36]LogModuleManager: Shutting down and abandoning module MeshMergeUtilities (197)
[2021.12.15-19.26.54:667][ 36]LogModuleManager: Shutting down and abandoning module MeshReductionInterface (196)
[2021.12.15-19.26.54:667][ 36]LogModuleManager: Shutting down and abandoning module MeshBoneReduction (195)
[2021.12.15-19.26.54:667][ 36]LogModuleManager: Shutting down and abandoning module SkeletalMeshReduction (193)
[2021.12.15-19.26.54:667][ 36]LogModuleManager: Shutting down and abandoning module ProxyLODMeshReduction (191)
[2021.12.15-19.26.54:667][ 36]LogModuleManager: Shutting down and abandoning module QuadricMeshReduction (189)
[2021.12.15-19.26.54:667][ 36]LogModuleManager: Shutting down and abandoning module MaterialBaking (185)
[2021.12.15-19.26.54:667][ 36]LogModuleManager: Shutting down and abandoning module NullInstallBundleManager (180)
[2021.12.15-19.26.54:667][ 36]LogModuleManager: Shutting down and abandoning module PIEPreviewDeviceProfileSelector (178)
[2021.12.15-19.26.54:667][ 36]LogModuleManager: Shutting down and abandoning module DerivedDataCache (176)
[2021.12.15-19.26.54:667][ 36]LogModuleManager: Shutting down and abandoning module TargetPlatform (174)
[2021.12.15-19.26.54:667][ 36]LogModuleManager: Shutting down and abandoning module VulkanShaderFormat (173)
[2021.12.15-19.26.54:667][ 36]LogModuleManager: Shutting down and abandoning module ShaderFormatVectorVM (171)
[2021.12.15-19.26.54:667][ 36]LogModuleManager: Shutting down and abandoning module ShaderFormatOpenGL (169)
[2021.12.15-19.26.54:667][ 36]LogModuleManager: Shutting down and abandoning module ShaderFormatD3D (167)
[2021.12.15-19.26.54:667][ 36]LogModuleManager: Shutting down and abandoning module MetalShaderFormat (165)
[2021.12.15-19.26.54:667][ 36]LogModuleManager: Shutting down and abandoning module TextureFormatOodle (163)
[2021.12.15-19.26.54:667][ 36]LogModuleManager: Shutting down and abandoning module TextureFormatUncompressed (161)
[2021.12.15-19.26.54:667][ 36]LogModuleManager: Shutting down and abandoning module TextureFormatPVR (159)
[2021.12.15-19.26.54:667][ 36]LogModuleManager: Shutting down and abandoning module TextureFormatETC2 (157)
[2021.12.15-19.26.54:667][ 36]LogModuleManager: Shutting down and abandoning module TextureFormatDXT (155)
[2021.12.15-19.26.54:667][ 36]LogModuleManager: Shutting down and abandoning module TextureFormatIntelISPCTexComp (153)
[2021.12.15-19.26.54:667][ 36]LogModuleManager: Shutting down and abandoning module TextureFormatASTC (151)
[2021.12.15-19.26.54:667][ 36]LogModuleManager: Shutting down and abandoning module ImageWrapper (150)
[2021.12.15-19.26.54:667][ 36]LogModuleManager: Shutting down and abandoning module AudioFormatOpus (147)
[2021.12.15-19.26.54:667][ 36]LogModuleManager: Shutting down and abandoning module AudioFormatOgg (145)
[2021.12.15-19.26.54:667][ 36]LogModuleManager: Shutting down and abandoning module AudioFormatADPCM (143)
[2021.12.15-19.26.54:667][ 36]LogModuleManager: Shutting down and abandoning module WindowsServerTargetPlatform (141)
[2021.12.15-19.26.54:667][ 36]LogModuleManager: Shutting down and abandoning module WindowsClientTargetPlatform (139)
[2021.12.15-19.26.54:667][ 36]LogModuleManager: Shutting down and abandoning module WindowsTargetPlatform (137)
[2021.12.15-19.26.54:667][ 36]LogModuleManager: Shutting down and abandoning module WindowsNoEditorTargetPlatform (135)
[2021.12.15-19.26.54:667][ 36]LogModuleManager: Shutting down and abandoning module D3D11RHI (132)
[2021.12.15-19.26.54:667][ 36]LogModuleManager: Shutting down and abandoning module InputCore (130)
[2021.12.15-19.26.54:667][ 36]LogModuleManager: Shutting down and abandoning module Settings (128)
[2021.12.15-19.26.54:667][ 36]LogModuleManager: Shutting down and abandoning module PhysXCooking (126)
[2021.12.15-19.26.54:667][ 36]LogModuleManager: Shutting down and abandoning module Chaos (124)
[2021.12.15-19.26.54:667][ 36]LogModuleManager: Shutting down and abandoning module WindowsPlatformFeatures (122)
[2021.12.15-19.26.54:667][ 36]LogModuleManager: Shutting down and abandoning module GameplayMediaEncoder (121)
[2021.12.15-19.26.54:667][ 36]LogModuleManager: Shutting down and abandoning module AVEncoder (120)
[2021.12.15-19.26.54:667][ 36]LogModuleManager: Shutting down and abandoning module SteamVRInputDevice (116)
[2021.12.15-19.26.54:667][ 36]LogModuleManager: Shutting down and abandoning module SteamVRInput (114)
[2021.12.15-19.26.54:667][ 36]LogModuleManager: Shutting down and abandoning module SteamVR (112)
[2021.12.15-19.26.54:667][ 36]LogHMD: Freeing OpenVRDLLHandle.
[2021.12.15-19.26.54:667][ 36]LogModuleManager: Shutting down and abandoning module OculusHMD (110)
[2021.12.15-19.26.54:667][ 36]LogModuleManager: Shutting down and abandoning module VariantManagerContent (108)
[2021.12.15-19.26.54:667][ 36]LogModuleManager: Shutting down and abandoning module DatasmithContent (106)
[2021.12.15-19.26.54:668][ 36]LogModuleManager: Shutting down and abandoning module OpenXRHandTracking (104)
[2021.12.15-19.26.54:668][ 36]LogSlate: Slate User Destroyed.  User Index 0, Is Virtual User: 0
[2021.12.15-19.26.54:668][ 36]LogModuleManager: Shutting down and abandoning module OpenXREyeTracker (102)
[2021.12.15-19.26.54:668][ 36]LogModuleManager: Shutting down and abandoning module OpenXRAR (100)
[2021.12.15-19.26.54:668][ 36]LogModuleManager: Shutting down and abandoning module AugmentedReality (99)
[2021.12.15-19.26.54:668][ 36]LogModuleManager: Shutting down and abandoning module OpenXRHMD (96)
[2021.12.15-19.26.54:668][ 36]LogModuleManager: Shutting down and abandoning module ExampleDeviceProfileSelector (94)
[2021.12.15-19.26.54:668][ 36]LogModuleManager: Shutting down and abandoning module ChunkDownloader (92)
[2021.12.15-19.26.54:668][ 36]LogModuleManager: Shutting down and abandoning module OnlineBlueprintSupport (90)
[2021.12.15-19.26.54:668][ 36]LogModuleManager: Shutting down and abandoning module OnlineSubsystem (86)
[2021.12.15-19.26.54:669][ 36]LogModuleManager: Shutting down and abandoning module XMPP (81)
[2021.12.15-19.26.54:669][ 36]LogModuleManager: Shutting down and abandoning module WebSockets (80)
[2021.12.15-19.26.54:703][ 36]LogModuleManager: Shutting down and abandoning module HTTP (77)
[2021.12.15-19.26.54:703][ 36]LogHttp: Display: cleaning up 0 outstanding Http requests.
[2021.12.15-19.26.54:730][ 36]LogModuleManager: Shutting down and abandoning module SSL (76)
[2021.12.15-19.26.54:731][ 36]LogModuleManager: Shutting down and abandoning module LauncherChunkInstaller (72)
[2021.12.15-19.26.54:731][ 36]LogModuleManager: Shutting down and abandoning module WmfMedia (70)
[2021.12.15-19.26.54:732][ 36]LogModuleManager: Shutting down and abandoning module Media (69)
[2021.12.15-19.26.54:732][ 36]LogModuleManager: Shutting down and abandoning module MediaInfo (68)
[2021.12.15-19.26.54:732][ 36]LogModuleManager: Shutting down and abandoning module ExrReaderGpu (64)
[2021.12.15-19.26.54:732][ 36]LogModuleManager: Shutting down and abandoning module MLSDK (62)
[2021.12.15-19.26.54:732][ 36]LogModuleManager: Shutting down and abandoning module MagicLeap (60)
[2021.12.15-19.26.54:732][ 36]LogModuleManager: Shutting down and abandoning module NiagaraVertexFactories (58)
[2021.12.15-19.26.54:732][ 36]LogModuleManager: Shutting down and abandoning module NiagaraShader (56)
[2021.12.15-19.26.54:732][ 36]LogModuleManager: Shutting down and abandoning module ChaosCloth (54)
[2021.12.15-19.26.54:732][ 36]LogModuleManager: Shutting down and abandoning module PixWinPlugin (52)
[2021.12.15-19.26.54:733][ 36]LogModuleManager: Shutting down and abandoning module AISupportModule (50)
[2021.12.15-19.26.54:733][ 36]LogModuleManager: Shutting down and abandoning module DesktopPlatform (48)
[2021.12.15-19.26.54:733][ 36]LogModuleManager: Shutting down and abandoning module PythonScriptPluginPreload (46)
[2021.12.15-19.26.54:733][ 36]LogModuleManager: Shutting down and abandoning module PlatformCryptoOpenSSL (44)
[2021.12.15-19.26.54:733][ 36]LogModuleManager: Shutting down and abandoning module PlatformCryptoTypes (42)
[2021.12.15-19.26.54:733][ 36]LogModuleManager: Shutting down and abandoning module PlatformCrypto (40)
[2021.12.15-19.26.54:733][ 36]LogModuleManager: Shutting down and abandoning module OodleDataCompressionFormat (38)
[2021.12.15-19.26.54:733][ 36]LogModuleManager: Shutting down and abandoning module XGEController (36)
[2021.12.15-19.26.54:733][ 36]LogModuleManager: Shutting down and abandoning module AnimationModifiers (34)
[2021.12.15-19.26.54:733][ 36]LogModuleManager: Shutting down and abandoning module AudioEditor (32)
[2021.12.15-19.26.54:733][ 36]LogModuleManager: Shutting down and abandoning module PropertyEditor (31)
[2021.12.15-19.26.54:733][ 36]LogModuleManager: Shutting down and abandoning module TextureCompressor (28)
[2021.12.15-19.26.54:733][ 36]LogModuleManager: Shutting down and abandoning module RenderCore (26)
[2021.12.15-19.26.54:733][ 36]LogModuleManager: Shutting down and abandoning module Landscape (24)
[2021.12.15-19.26.54:733][ 36]LogModuleManager: Shutting down and abandoning module SlateRHIRenderer (22)
[2021.12.15-19.26.54:733][ 36]LogModuleManager: Shutting down and abandoning module AnimGraphRuntime (20)
[2021.12.15-19.26.54:733][ 36]LogModuleManager: Shutting down and abandoning module Renderer (18)
[2021.12.15-19.26.54:733][ 36]LogModuleManager: Shutting down and abandoning module Engine (16)
[2021.12.15-19.26.54:733][ 36]LogModuleManager: Shutting down and abandoning module CoreUObject (14)
[2021.12.15-19.26.54:733][ 36]LogModuleManager: Shutting down and abandoning module NetworkFile (12)
[2021.12.15-19.26.54:733][ 36]LogModuleManager: Shutting down and abandoning module CookedIterativeFile (10)
[2021.12.15-19.26.54:733][ 36]LogModuleManager: Shutting down and abandoning module StreamingFile (8)
[2021.12.15-19.26.54:733][ 36]LogModuleManager: Shutting down and abandoning module SandboxFile (6)
[2021.12.15-19.26.54:733][ 36]LogModuleManager: Shutting down and abandoning module PakFile (4)
[2021.12.15-19.26.54:733][ 36]LogModuleManager: Shutting down and abandoning module RSA (3)
[2021.12.15-19.26.55:003][ 36]LogContentStreaming: Display: There are 1 unreleased StreamingManagers
[2021.12.15-19.26.55:003][ 36]LogD3D11RHI: Shutdown
[2021.12.15-19.26.55:003][ 36]LogD3D11RHI: CleanupD3DDevice
[2021.12.15-19.26.55:015][ 36]LogExit: Exiting.
[2021.12.15-19.26.55:025][ 36]Log file closed, 12/16/21 02:26:55
