Log file open, 12/15/21 20:47:29
LogWindows: Failed to load 'aqProf.dll' (GetLastError=126)
LogWindows: File 'aqProf.dll' does not exist
LogWindows: Failed to load 'VtuneApi.dll' (GetLastError=126)
LogWindows: File 'VtuneApi.dll' does not exist
LogWindows: Failed to load 'VtuneApi32e.dll' (GetLastError=126)
LogWindows: File 'VtuneApi32e.dll' does not exist
LogConsoleResponse: Display: Failed to find resolution value strings in scalability ini. Falling back to default.
LogConsoleResponse: Display: Failed to find resolution value strings in scalability ini. Falling back to default.
LogInit: Display: Running engine for game: TotemsOfEarth
LogPlatformFile: Not using cached read wrapper
LogTaskGraph: Started task graph with 5 named threads and 47 total threads with 3 sets of task threads.
LogStats: Stats thread started at 0.201600
LogICUInternationalization: ICU TimeZone Detection - Raw Offset: +7:00, Platform Override: ''
LogInit: Display: Loading text-based GConfig....
LogPluginManager: Mounting plugin MeshPainting
LogPluginManager: Mounting plugin XGEController
LogPluginManager: Mounting plugin Paper2D
LogPluginManager: Mounting plugin EnvironmentQueryEditor
LogPluginManager: Mounting plugin AISupport
LogPluginManager: Mounting plugin CameraShakePreviewer
LogPluginManager: Mounting plugin GameplayCameras
LogPluginManager: Mounting plugin LightPropagationVolume
LogPluginManager: Mounting plugin OodleNetwork
LogPluginManager: Mounting plugin LiveLink
LogPluginManager: Mounting plugin OodleData
LogPluginManager: Mounting plugin AssetManagerEditor
LogPluginManager: Mounting plugin CryptoKeys
LogPluginManager: Mounting plugin CurveEditorTools
LogPluginManager: Mounting plugin DataValidation
LogPluginManager: Mounting plugin AlembicImporter
LogPluginManager: Mounting plugin Niagara
LogPluginManager: Mounting plugin BackChannel
LogPluginManager: Mounting plugin AutomationUtils
LogPluginManager: Mounting plugin LuminPlatformFeatures
LogPluginManager: Mounting plugin MagicLeap
LogPluginManager: Mounting plugin AndroidMedia
LogPluginManager: Mounting plugin ActorSequence
LogPluginManager: Mounting plugin MagicLeapLightEstimation
LogPluginManager: Mounting plugin UdpMessaging
LogPluginManager: Mounting plugin ChaosCloth
LogPluginManager: Mounting plugin FacialAnimation
LogPluginManager: Mounting plugin GameplayTagsEditor
LogPluginManager: Mounting plugin ChaosClothEditor
LogPluginManager: Mounting plugin LevelSequenceEditor
LogPluginManager: Mounting plugin TcpMessaging
LogPluginManager: Mounting plugin MagicLeapMedia
LogPluginManager: Mounting plugin MatineeToLevelSequence
LogPluginManager: Mounting plugin ChaosEditor
LogPluginManager: Mounting plugin GeometryMode
LogPluginManager: Mounting plugin AvfMedia
LogPluginManager: Mounting plugin MacGraphicsSwitching
LogPluginManager: Mounting plugin MaterialAnalyzer
LogPluginManager: Mounting plugin ImgMedia
LogPluginManager: Mounting plugin MobileLauncherProfileWizard
LogPluginManager: Mounting plugin MediaCompositing
LogPluginManager: Mounting plugin SpeedTreeImporter
LogPluginManager: Mounting plugin OnlineSubsystem
LogPluginManager: Mounting plugin ChaosNiagara
LogPluginManager: Mounting plugin PluginBrowser
LogPluginManager: Mounting plugin TemplateSequence
LogPluginManager: Mounting plugin ChaosSolverPlugin
LogPluginManager: Mounting plugin MediaPlayerEditor
LogPluginManager: Mounting plugin OnlineSubsystemNull
LogPluginManager: Mounting plugin MagicLeapPassableWorld
LogPluginManager: Mounting plugin MLSDK
LogPluginManager: Mounting plugin CharacterAI
LogPluginManager: Mounting plugin DatasmithContent
LogPluginManager: Mounting plugin AnimationSharing
LogPluginManager: Mounting plugin CLionSourceCodeAccess
LogPluginManager: Mounting plugin OnlineSubsystemUtils
LogPluginManager: Mounting plugin VariantManagerContent
LogPluginManager: Mounting plugin GeometryCache
LogPluginManager: Mounting plugin GeometryCollectionPlugin
LogPluginManager: Mounting plugin CodeLiteSourceCodeAccess
LogPluginManager: Mounting plugin KDevelopSourceCodeAccess
LogPluginManager: Mounting plugin WebMMedia
LogPluginManager: Mounting plugin WmfMedia
LogPluginManager: Mounting plugin GitSourceControl
LogPluginManager: Mounting plugin NullSourceCodeAccess
LogPluginManager: Mounting plugin PixWinPlugin
LogPluginManager: Mounting plugin PerforceSourceControl
LogPluginManager: Mounting plugin PluginUtils
LogPluginManager: Mounting plugin PlasticSourceControl
LogPluginManager: Mounting plugin PropertyAccessNode
LogPluginManager: Mounting plugin TextureFormatOodle
LogPluginManager: Mounting plugin RiderSourceCodeAccess
LogPluginManager: Mounting plugin SubversionSourceControl
LogPluginManager: Mounting plugin UObjectPlugin
LogPluginManager: Mounting plugin LauncherChunkInstaller
LogPluginManager: Mounting plugin VisualStudioCodeSourceCodeAccess
LogPluginManager: Mounting plugin VisualStudioSourceCodeAccess
LogPluginManager: Mounting plugin XCodeSourceCodeAccess
LogPluginManager: Mounting plugin ScreenshotTools
LogPluginManager: Mounting plugin GeometryProcessing
LogPluginManager: Mounting plugin ActorLayerUtilities
LogPluginManager: Mounting plugin OpenImageDenoise
LogPluginManager: Mounting plugin MotoSynth
LogPluginManager: Mounting plugin PlatformCrypto
LogPluginManager: Mounting plugin ProxyLODPlugin
LogPluginManager: Mounting plugin AndroidDeviceProfileSelector
LogPluginManager: Mounting plugin PlanarCut
LogPluginManager: Mounting plugin AndroidMoviePlayer
LogPluginManager: Mounting plugin AndroidPermission
LogPluginManager: Mounting plugin PythonScriptPlugin
LogPluginManager: Mounting plugin AppleImageUtils
LogPluginManager: Mounting plugin AppleMoviePlayer
LogPluginManager: Mounting plugin SkeletalReduction
LogPluginManager: Mounting plugin ArchVisCharacter
LogPluginManager: Mounting plugin AssetTags
LogPluginManager: Mounting plugin AudioCapture
LogPluginManager: Mounting plugin CableComponent
LogPluginManager: Mounting plugin CustomMeshComponent
LogPluginManager: Mounting plugin AudioSynesthesia
LogPluginManager: Mounting plugin ChunkDownloader
LogPluginManager: Mounting plugin EditableMesh
LogPluginManager: Mounting plugin ExampleDeviceProfileSelector
LogPluginManager: Mounting plugin GoogleCloudMessaging
LogPluginManager: Mounting plugin GooglePAD
LogPluginManager: Mounting plugin Takes
LogPluginManager: Mounting plugin LinuxDeviceProfileSelector
LogPluginManager: Mounting plugin IOSDeviceProfileSelector
LogPluginManager: Mounting plugin LocationServicesBPLibrary
LogPluginManager: Mounting plugin MobilePatchingUtils
LogPluginManager: Mounting plugin OpenXR
LogPluginManager: Mounting plugin OpenXREyeTracker
LogPluginManager: Mounting plugin OpenXRHandTracking
LogPluginManager: Mounting plugin PhysXVehicles
LogPluginManager: Mounting plugin PostSplashScreen
LogPluginManager: Mounting plugin ProceduralMeshComponent
LogPluginManager: Mounting plugin PropertyAccessEditor
LogPluginManager: Mounting plugin RuntimePhysXCooking
LogPluginManager: Mounting plugin SignificanceManager
LogPluginManager: Mounting plugin SoundFields
LogPluginManager: Mounting plugin Synthesis
LogPluginManager: Mounting plugin WebMMoviePlayer
LogPluginManager: Mounting plugin WindowsMoviePlayer
LogPluginManager: Mounting plugin ContentBrowserAssetDataSource
LogPluginManager: Mounting plugin ContentBrowserFileDataSource
LogPluginManager: Mounting plugin ContentBrowserClassDataSource
LogPluginManager: Mounting plugin OnlineSubsystemGooglePlay
LogPluginManager: Mounting plugin OnlineSubsystemIOS
LogPluginManager: Mounting plugin OculusVR
LogPluginManager: Mounting plugin SteamVR
LogInit: Using libcurl 7.55.1-DEV
LogInit:  - built for x86_64-pc-win32
LogInit:  - supports SSL with OpenSSL/1.1.1
LogInit:  - supports HTTP deflate (compression) using libz 1.2.8
LogInit:  - other features:
LogInit:      CURL_VERSION_SSL
LogInit:      CURL_VERSION_LIBZ
LogInit:      CURL_VERSION_IPV6
LogInit:      CURL_VERSION_ASYNCHDNS
LogInit:      CURL_VERSION_LARGEFILE
LogInit:      CURL_VERSION_IDN
LogInit:  CurlRequestOptions (configurable via config and command line):
LogInit:  - bVerifyPeer = true  - Libcurl will verify peer certificate
LogInit:  - bUseHttpProxy = false  - Libcurl will NOT use HTTP proxy
LogInit:  - bDontReuseConnections = false  - Libcurl will reuse connections
LogInit:  - MaxHostConnections = 16  - Libcurl will limit the number of connections to a host
LogInit:  - LocalHostAddr = Default
LogInit:  - BufferSize = 65536
LogOnline: OSS: Creating online subsystem instance for: NULL
LogInit: WinSock: version 1.1 (2.2), MaxSocks=32767, MaxUdp=65467
LogOnline: OSS: TryLoadSubsystemAndSetDefault: Loaded subsystem for module [NULL]
PixWinPlugin: PIX capture plugin failed to initialize! Check that the process is launched from PIX.
LogOculusPluginWrapper: OculusPlugin initialized successfully
LogHMD: Failed initializing OVRPlugin 1.59.0
LogInit: Build: ++UE4+Release-4.27-CL-17735300
LogInit: Engine Version: 4.27.1-17735300+++UE4+Release-4.27
LogInit: Compatible Engine Version: 4.27.0-17155196+++UE4+Release-4.27
LogInit: Net CL: 17155196
LogInit: OS: Windows 10 (Release 2009) (), CPU: AMD Ryzen 7 3700X 8-Core Processor             , GPU: NVIDIA GeForce RTX 3060
LogInit: Compiled (64-bit): Oct  6 2021 14:42:51
LogInit: Compiled with Visual C++: 19.24.28315.00
LogInit: Build Configuration: Development
LogInit: Branch Name: ++UE4+Release-4.27
LogInit: Command Line:  /Game/2DSideScrollerBP/Maps/MainMenu -game -PIEVIACONSOLE -Multiprocess GameUserSettingsINI=C:/Users/punna/Documents/GitHub/totemofearth/TotemsOfEarth/Saved/Config/Windows/PIEGameUserSettings0.ini -MultiprocessSaveConfig -forcepassthrough -messaging -SessionName="Play in Standalone Game" -windowed -WinX=0 -WinY=24 SAVEWINPOS=1 -ResX=1910 -ResY=1046
LogInit: Base Directory: E:/Epic Game/Games/UE_4.27/Engine/Binaries/Win64/
LogInit: Allocator: TBB
LogInit: Installed Engine Build: 1
LogDevObjectVersion: Number of dev versions registered: 29
LogDevObjectVersion:   Dev-Blueprints (B0D832E4-1F89-4F0D-ACCF-7EB736FD4AA2): 10
LogDevObjectVersion:   Dev-Build (E1C64328-A22C-4D53-A36C-8E866417BD8C): 0
LogDevObjectVersion:   Dev-Core (375EC13C-06E4-48FB-B500-84F0262A717E): 4
LogDevObjectVersion:   Dev-Editor (E4B068ED-F494-42E9-A231-DA0B2E46BB41): 40
LogDevObjectVersion:   Dev-Framework (CFFC743F-43B0-4480-9391-14DF171D2073): 37
LogDevObjectVersion:   Dev-Mobile (B02B49B5-BB20-44E9-A304-32B752E40360): 3
LogDevObjectVersion:   Dev-Networking (A4E4105C-59A1-49B5-A7C5-40C4547EDFEE): 0
LogDevObjectVersion:   Dev-Online (39C831C9-5AE6-47DC-9A44-9C173E1C8E7C): 0
LogDevObjectVersion:   Dev-Physics (78F01B33-EBEA-4F98-B9B4-84EACCB95AA2): 14
LogDevObjectVersion:   Dev-Platform (6631380F-2D4D-43E0-8009-CF276956A95A): 0
LogDevObjectVersion:   Dev-Rendering (12F88B9F-8875-4AFC-A67C-D90C383ABD29): 45
LogDevObjectVersion:   Dev-Sequencer (7B5AE74C-D270-4C10-A958-57980B212A5A): 13
LogDevObjectVersion:   Dev-VR (D7296918-1DD6-4BDD-9DE2-64A83CC13884): 3
LogDevObjectVersion:   Dev-LoadTimes (C2A15278-BFE7-4AFE-6C17-90FF531DF755): 1
LogDevObjectVersion:   Private-Geometry (6EACA3D4-40EC-4CC1-B786-8BED09428FC5): 3
LogDevObjectVersion:   Dev-AnimPhys (29E575DD-E0A3-4627-9D10-D276232CDCEA): 17
LogDevObjectVersion:   Dev-Anim (AF43A65D-7FD3-4947-9873-3E8ED9C1BB05): 15
LogDevObjectVersion:   Dev-ReflectionCapture (6B266CEC-1EC7-4B8F-A30B-E4D90942FC07): 1
LogDevObjectVersion:   Dev-Automation (0DF73D61-A23F-47EA-B727-89E90C41499A): 1
LogDevObjectVersion:   FortniteMain (601D1886-AC64-4F84-AA16-D3DE0DEAC7D6): 47
LogDevObjectVersion:   FortniteRelease (E7086368-6B23-4C58-8439-1B7016265E91): 1
LogDevObjectVersion:   Dev-Enterprise (9DFFBCD6-494F-0158-E221-12823C92A888): 10
LogDevObjectVersion:   Dev-Niagara (F2AED0AC-9AFE-416F-8664-AA7FFA26D6FC): 1
LogDevObjectVersion:   Dev-Destruction (174F1F0B-B4C6-45A5-B13F-2EE8D0FB917D): 10
LogDevObjectVersion:   Dev-Physics-Ext (35F94A83-E258-406C-A318-09F59610247C): 41
LogDevObjectVersion:   Dev-PhysicsMaterial-Chaos (B68FC16E-8B1B-42E2-B453-215C058844FE): 1
LogDevObjectVersion:   Dev-CineCamera (B2E18506-4273-CFC2-A54E-F4BB758BBA07): 1
LogDevObjectVersion:   Dev-VirtualProduction (64F58936-FD1B-42BA-BA96-7289D5D0FA4E): 1
LogDevObjectVersion:   Dev-MediaFramework (6F0ED827-A609-4895-9C91-998D90180EA4): 2
LogInit: Presizing for max 25165824 objects, including 0 objects not considered by GC, pre-allocating 0 bytes for permanent pool.
LogConfig: Applying CVar settings from Section [/Script/Engine.StreamingSettings] File [C:/Users/punna/Documents/GitHub/totemofearth/TotemsOfEarth/Saved/Config/Windows/Engine.ini]
LogConfig: Setting CVar [[s.MinBulkDataSizeForAsyncLoading:131072]]
LogConfig: Setting CVar [[s.AsyncLoadingThreadEnabled:0]]
LogConfig: Setting CVar [[s.EventDrivenLoaderEnabled:1]]
LogConfig: Setting CVar [[s.WarnIfTimeLimitExceeded:0]]
LogConfig: Setting CVar [[s.TimeLimitExceededMultiplier:1.5]]
LogConfig: Setting CVar [[s.TimeLimitExceededMinTime:0.005]]
LogConfig: Setting CVar [[s.UseBackgroundLevelStreaming:1]]
LogConfig: Setting CVar [[s.PriorityAsyncLoadingExtraTime:15.0]]
LogConfig: Setting CVar [[s.LevelStreamingActorsUpdateTimeLimit:5.0]]
LogConfig: Setting CVar [[s.PriorityLevelStreamingActorsUpdateExtraTime:5.0]]
LogConfig: Setting CVar [[s.LevelStreamingComponentsRegistrationGranularity:10]]
LogConfig: Setting CVar [[s.UnregisterComponentsTimeLimit:1.0]]
LogConfig: Setting CVar [[s.LevelStreamingComponentsUnregistrationGranularity:5]]
LogConfig: Setting CVar [[s.FlushStreamingOnExit:1]]
LogInit: Object subsystem initialized
LogConfig: Setting CVar [[con.DebugEarlyDefault:1]]
LogConfig: Setting CVar [[r.setres:1280x720]]
[2021.12.15-13.47.30:117][  0]LogConfig: Setting CVar [[con.DebugEarlyDefault:1]]
[2021.12.15-13.47.30:117][  0]LogConfig: Setting CVar [[r.setres:1280x720]]
[2021.12.15-13.47.30:117][  0]LogConfig: Applying CVar settings from Section [/Script/Engine.RendererSettings] File [C:/Users/punna/Documents/GitHub/totemofearth/TotemsOfEarth/Saved/Config/Windows/Engine.ini]
[2021.12.15-13.47.30:117][  0]LogConfig: Setting CVar [[r.GPUCrashDebugging:0]]
[2021.12.15-13.47.30:117][  0]LogConfig: Setting CVar [[r.MobileHDR:0]]
[2021.12.15-13.47.30:117][  0]LogConfig: Applying CVar settings from Section [/Script/Engine.RendererOverrideSettings] File [C:/Users/punna/Documents/GitHub/totemofearth/TotemsOfEarth/Saved/Config/Windows/Engine.ini]
[2021.12.15-13.47.30:117][  0]LogConfig: Applying CVar settings from Section [/Script/Engine.StreamingSettings] File [C:/Users/punna/Documents/GitHub/totemofearth/TotemsOfEarth/Saved/Config/Windows/Engine.ini]
[2021.12.15-13.47.30:117][  0]LogConfig: Setting CVar [[s.MinBulkDataSizeForAsyncLoading:131072]]
[2021.12.15-13.47.30:117][  0]LogConfig: Setting CVar [[s.AsyncLoadingThreadEnabled:0]]
[2021.12.15-13.47.30:117][  0]LogConfig: Setting CVar [[s.EventDrivenLoaderEnabled:1]]
[2021.12.15-13.47.30:117][  0]LogConfig: Setting CVar [[s.WarnIfTimeLimitExceeded:0]]
[2021.12.15-13.47.30:117][  0]LogConfig: Setting CVar [[s.TimeLimitExceededMultiplier:1.5]]
[2021.12.15-13.47.30:117][  0]LogConfig: Setting CVar [[s.TimeLimitExceededMinTime:0.005]]
[2021.12.15-13.47.30:117][  0]LogConfig: Setting CVar [[s.UseBackgroundLevelStreaming:1]]
[2021.12.15-13.47.30:117][  0]LogConfig: Setting CVar [[s.PriorityAsyncLoadingExtraTime:15.0]]
[2021.12.15-13.47.30:117][  0]LogConfig: Setting CVar [[s.LevelStreamingActorsUpdateTimeLimit:5.0]]
[2021.12.15-13.47.30:117][  0]LogConfig: Setting CVar [[s.PriorityLevelStreamingActorsUpdateExtraTime:5.0]]
[2021.12.15-13.47.30:117][  0]LogConfig: Setting CVar [[s.LevelStreamingComponentsRegistrationGranularity:10]]
[2021.12.15-13.47.30:117][  0]LogConfig: Setting CVar [[s.UnregisterComponentsTimeLimit:1.0]]
[2021.12.15-13.47.30:117][  0]LogConfig: Setting CVar [[s.LevelStreamingComponentsUnregistrationGranularity:5]]
[2021.12.15-13.47.30:117][  0]LogConfig: Setting CVar [[s.FlushStreamingOnExit:1]]
[2021.12.15-13.47.30:117][  0]LogConfig: Applying CVar settings from Section [/Script/Engine.GarbageCollectionSettings] File [C:/Users/punna/Documents/GitHub/totemofearth/TotemsOfEarth/Saved/Config/Windows/Engine.ini]
[2021.12.15-13.47.30:117][  0]LogConfig: Setting CVar [[gc.MaxObjectsNotConsideredByGC:1]]
[2021.12.15-13.47.30:117][  0]LogConfig: Setting CVar [[gc.SizeOfPermanentObjectPool:0]]
[2021.12.15-13.47.30:117][  0]LogConfig: Setting CVar [[gc.FlushStreamingOnGC:0]]
[2021.12.15-13.47.30:117][  0]LogConfig: Setting CVar [[gc.NumRetriesBeforeForcingGC:10]]
[2021.12.15-13.47.30:117][  0]LogConfig: Setting CVar [[gc.AllowParallelGC:1]]
[2021.12.15-13.47.30:117][  0]LogConfig: Setting CVar [[gc.TimeBetweenPurgingPendingKillObjects:61.1]]
[2021.12.15-13.47.30:117][  0]LogConfig: Setting CVar [[gc.MaxObjectsInEditor:25165824]]
[2021.12.15-13.47.30:117][  0]LogConfig: Setting CVar [[gc.IncrementalBeginDestroyEnabled:1]]
[2021.12.15-13.47.30:117][  0]LogConfig: Setting CVar [[gc.CreateGCClusters:1]]
[2021.12.15-13.47.30:117][  0]LogConfig: Setting CVar [[gc.MinGCClusterSize:5]]
[2021.12.15-13.47.30:117][  0]LogConfig: Setting CVar [[gc.ActorClusteringEnabled:0]]
[2021.12.15-13.47.30:117][  0]LogConfig: Setting CVar [[gc.BlueprintClusteringEnabled:0]]
[2021.12.15-13.47.30:117][  0]LogConfig: Setting CVar [[gc.UseDisregardForGCOnDedicatedServers:0]]
[2021.12.15-13.47.30:117][  0]LogConfig: Setting CVar [[gc.MultithreadedDestructionEnabled:1]]
[2021.12.15-13.47.30:117][  0]LogConfig: Applying CVar settings from Section [/Script/Engine.NetworkSettings] File [C:/Users/punna/Documents/GitHub/totemofearth/TotemsOfEarth/Saved/Config/Windows/Engine.ini]
[2021.12.15-13.47.30:117][  0]LogConfig: Applying CVar settings from Section [/Script/UnrealEd.CookerSettings] File [C:/Users/punna/Documents/GitHub/totemofearth/TotemsOfEarth/Saved/Config/Windows/Engine.ini]
[2021.12.15-13.47.30:122][  0]LogConfig: Applying CVar settings from Section [ViewDistanceQuality@3] File [C:/Users/punna/Documents/GitHub/totemofearth/TotemsOfEarth/Saved/Config/Windows/Scalability.ini]
[2021.12.15-13.47.30:122][  0]LogConfig: Setting CVar [[r.SkeletalMeshLODBias:0]]
[2021.12.15-13.47.30:122][  0]LogConfig: Setting CVar [[r.ViewDistanceScale:1.0]]
[2021.12.15-13.47.30:122][  0]LogConfig: Applying CVar settings from Section [AntiAliasingQuality@3] File [C:/Users/punna/Documents/GitHub/totemofearth/TotemsOfEarth/Saved/Config/Windows/Scalability.ini]
[2021.12.15-13.47.30:122][  0]LogConfig: Setting CVar [[r.PostProcessAAQuality:4]]
[2021.12.15-13.47.30:122][  0]LogConfig: Applying CVar settings from Section [ShadowQuality@3] File [C:/Users/punna/Documents/GitHub/totemofearth/TotemsOfEarth/Saved/Config/Windows/Scalability.ini]
[2021.12.15-13.47.30:122][  0]LogConfig: Setting CVar [[r.LightFunctionQuality:1]]
[2021.12.15-13.47.30:122][  0]LogConfig: Setting CVar [[r.ShadowQuality:5]]
[2021.12.15-13.47.30:122][  0]LogConfig: Setting CVar [[r.Shadow.CSM.MaxCascades:10]]
[2021.12.15-13.47.30:122][  0]LogConfig: Setting CVar [[r.Shadow.MaxResolution:2048]]
[2021.12.15-13.47.30:122][  0]LogConfig: Setting CVar [[r.Shadow.MaxCSMResolution:2048]]
[2021.12.15-13.47.30:122][  0]LogConfig: Setting CVar [[r.Shadow.RadiusThreshold:0.01]]
[2021.12.15-13.47.30:122][  0]LogConfig: Setting CVar [[r.Shadow.DistanceScale:1.0]]
[2021.12.15-13.47.30:122][  0]LogConfig: Setting CVar [[r.Shadow.CSM.TransitionScale:1.0]]
[2021.12.15-13.47.30:122][  0]LogConfig: Setting CVar [[r.Shadow.PreShadowResolutionFactor:1.0]]
[2021.12.15-13.47.30:122][  0]LogConfig: Setting CVar [[r.DistanceFieldShadowing:1]]
[2021.12.15-13.47.30:122][  0]LogConfig: Setting CVar [[r.DistanceFieldAO:1]]
[2021.12.15-13.47.30:122][  0]LogConfig: Setting CVar [[r.AOQuality:2]]
[2021.12.15-13.47.30:122][  0]LogConfig: Setting CVar [[r.VolumetricFog:1]]
[2021.12.15-13.47.30:122][  0]LogConfig: Setting CVar [[r.VolumetricFog.GridPixelSize:8]]
[2021.12.15-13.47.30:122][  0]LogConfig: Setting CVar [[r.VolumetricFog.GridSizeZ:128]]
[2021.12.15-13.47.30:122][  0]LogConfig: Setting CVar [[r.VolumetricFog.HistoryMissSupersampleCount:4]]
[2021.12.15-13.47.30:122][  0]LogConfig: Setting CVar [[r.LightMaxDrawDistanceScale:1]]
[2021.12.15-13.47.30:122][  0]LogConfig: Setting CVar [[r.CapsuleShadows:1]]
[2021.12.15-13.47.30:122][  0]LogConfig: Applying CVar settings from Section [PostProcessQuality@3] File [C:/Users/punna/Documents/GitHub/totemofearth/TotemsOfEarth/Saved/Config/Windows/Scalability.ini]
[2021.12.15-13.47.30:122][  0]LogConfig: Setting CVar [[r.MotionBlurQuality:4]]
[2021.12.15-13.47.30:122][  0]LogConfig: Setting CVar [[r.AmbientOcclusionMipLevelFactor:0.4]]
[2021.12.15-13.47.30:122][  0]LogConfig: Setting CVar [[r.AmbientOcclusionMaxQuality:100]]
[2021.12.15-13.47.30:122][  0]LogConfig: Setting CVar [[r.AmbientOcclusionLevels:-1]]
[2021.12.15-13.47.30:122][  0]LogConfig: Setting CVar [[r.AmbientOcclusionRadiusScale:1.0]]
[2021.12.15-13.47.30:122][  0]LogConfig: Setting CVar [[r.DepthOfFieldQuality:2]]
[2021.12.15-13.47.30:122][  0]LogConfig: Setting CVar [[r.RenderTargetPoolMin:400]]
[2021.12.15-13.47.30:122][  0]LogConfig: Setting CVar [[r.LensFlareQuality:2]]
[2021.12.15-13.47.30:122][  0]LogConfig: Setting CVar [[r.SceneColorFringeQuality:1]]
[2021.12.15-13.47.30:122][  0]LogConfig: Setting CVar [[r.EyeAdaptationQuality:2]]
[2021.12.15-13.47.30:122][  0]LogConfig: Setting CVar [[r.BloomQuality:5]]
[2021.12.15-13.47.30:122][  0]LogConfig: Setting CVar [[r.FastBlurThreshold:100]]
[2021.12.15-13.47.30:122][  0]LogConfig: Setting CVar [[r.Upscale.Quality:3]]
[2021.12.15-13.47.30:122][  0]LogConfig: Setting CVar [[r.Tonemapper.GrainQuantization:1]]
[2021.12.15-13.47.30:122][  0]LogConfig: Setting CVar [[r.LightShaftQuality:1]]
[2021.12.15-13.47.30:122][  0]LogConfig: Setting CVar [[r.Filter.SizeScale:1]]
[2021.12.15-13.47.30:122][  0]LogConfig: Setting CVar [[r.Tonemapper.Quality:5]]
[2021.12.15-13.47.30:122][  0]LogConfig: Setting CVar [[r.DOF.Gather.AccumulatorQuality:1        ; higher gathering accumulator quality]]
[2021.12.15-13.47.30:122][  0]LogConfig: Setting CVar [[r.DOF.Gather.PostfilterMethod:1          ; Median3x3 postfilering method]]
[2021.12.15-13.47.30:122][  0]LogConfig: Setting CVar [[r.DOF.Gather.EnableBokehSettings:0       ; no bokeh simulation when gathering]]
[2021.12.15-13.47.30:122][  0]LogConfig: Setting CVar [[r.DOF.Gather.RingCount:4                 ; medium number of samples when gathering]]
[2021.12.15-13.47.30:122][  0]LogConfig: Setting CVar [[r.DOF.Scatter.ForegroundCompositing:1    ; additive foreground scattering]]
[2021.12.15-13.47.30:122][  0]LogConfig: Setting CVar [[r.DOF.Scatter.BackgroundCompositing:2    ; additive background scattering]]
[2021.12.15-13.47.30:122][  0]LogConfig: Setting CVar [[r.DOF.Scatter.EnableBokehSettings:1      ; bokeh simulation when scattering]]
[2021.12.15-13.47.30:122][  0]LogConfig: Setting CVar [[r.DOF.Scatter.MaxSpriteRatio:0.1         ; only a maximum of 10% of scattered bokeh]]
[2021.12.15-13.47.30:122][  0]LogConfig: Setting CVar [[r.DOF.Recombine.Quality:1                ; cheap slight out of focus]]
[2021.12.15-13.47.30:123][  0]LogConfig: Setting CVar [[r.DOF.Recombine.EnableBokehSettings:0    ; no bokeh simulation on slight out of focus]]
[2021.12.15-13.47.30:123][  0]LogConfig: Setting CVar [[r.DOF.TemporalAAQuality:1                ; more stable temporal accumulation]]
[2021.12.15-13.47.30:123][  0]LogConfig: Setting CVar [[r.DOF.Kernel.MaxForegroundRadius:0.025]]
[2021.12.15-13.47.30:123][  0]LogConfig: Setting CVar [[r.DOF.Kernel.MaxBackgroundRadius:0.025]]
[2021.12.15-13.47.30:123][  0]LogConfig: Applying CVar settings from Section [TextureQuality@3] File [C:/Users/punna/Documents/GitHub/totemofearth/TotemsOfEarth/Saved/Config/Windows/Scalability.ini]
[2021.12.15-13.47.30:123][  0]LogConfig: Setting CVar [[r.Streaming.MipBias:0]]
[2021.12.15-13.47.30:123][  0]LogConfig: Setting CVar [[r.Streaming.AmortizeCPUToGPUCopy:0]]
[2021.12.15-13.47.30:123][  0]LogConfig: Setting CVar [[r.Streaming.MaxNumTexturesToStreamPerFrame:0]]
[2021.12.15-13.47.30:123][  0]LogConfig: Setting CVar [[r.Streaming.Boost:1]]
[2021.12.15-13.47.30:123][  0]LogConfig: Setting CVar [[r.MaxAnisotropy:8]]
[2021.12.15-13.47.30:123][  0]LogConfig: Setting CVar [[r.VT.MaxAnisotropy:8]]
[2021.12.15-13.47.30:123][  0]LogConfig: Setting CVar [[r.Streaming.LimitPoolSizeToVRAM:0]]
[2021.12.15-13.47.30:123][  0]LogConfig: Setting CVar [[r.Streaming.PoolSize:1000]]
[2021.12.15-13.47.30:123][  0]LogConfig: Setting CVar [[r.Streaming.MaxEffectiveScreenSize:0]]
[2021.12.15-13.47.30:123][  0]LogConfig: Applying CVar settings from Section [EffectsQuality@3] File [C:/Users/punna/Documents/GitHub/totemofearth/TotemsOfEarth/Saved/Config/Windows/Scalability.ini]
[2021.12.15-13.47.30:123][  0]LogConfig: Setting CVar [[r.TranslucencyLightingVolumeDim:64]]
[2021.12.15-13.47.30:123][  0]LogConfig: Setting CVar [[r.RefractionQuality:2]]
[2021.12.15-13.47.30:123][  0]LogConfig: Setting CVar [[r.SSR.Quality:3]]
[2021.12.15-13.47.30:123][  0]LogConfig: Setting CVar [[r.SSR.HalfResSceneColor:0]]
[2021.12.15-13.47.30:123][  0]LogConfig: Setting CVar [[r.SceneColorFormat:4]]
[2021.12.15-13.47.30:123][  0]LogConfig: Setting CVar [[r.DetailMode:2]]
[2021.12.15-13.47.30:123][  0]LogConfig: Setting CVar [[r.TranslucencyVolumeBlur:1]]
[2021.12.15-13.47.30:123][  0]LogConfig: Setting CVar [[r.MaterialQualityLevel:1 ; High quality]]
[2021.12.15-13.47.30:123][  0]LogConfig: Setting CVar [[r.AnisotropicMaterials:1]]
[2021.12.15-13.47.30:123][  0]LogConfig: Setting CVar [[r.SSS.Scale:1]]
[2021.12.15-13.47.30:123][  0]LogConfig: Setting CVar [[r.SSS.SampleSet:2]]
[2021.12.15-13.47.30:123][  0]LogConfig: Setting CVar [[r.SSS.Quality:1]]
[2021.12.15-13.47.30:123][  0]LogConfig: Setting CVar [[r.SSS.HalfRes:0]]
[2021.12.15-13.47.30:123][  0]LogConfig: Setting CVar [[r.SSGI.Quality:3]]
[2021.12.15-13.47.30:123][  0]LogConfig: Setting CVar [[r.EmitterSpawnRateScale:1.0]]
[2021.12.15-13.47.30:123][  0]LogConfig: Setting CVar [[r.ParticleLightQuality:2]]
[2021.12.15-13.47.30:123][  0]LogConfig: Setting CVar [[r.SkyAtmosphere.AerialPerspectiveLUT.FastApplyOnOpaque:1 ; Always have FastSkyLUT 1 in this case to avoid wrong sky]]
[2021.12.15-13.47.30:123][  0]LogConfig: Setting CVar [[r.SkyAtmosphere.AerialPerspectiveLUT.SampleCountMaxPerSlice:4]]
[2021.12.15-13.47.30:123][  0]LogConfig: Setting CVar [[r.SkyAtmosphere.AerialPerspectiveLUT.DepthResolution:16.0]]
[2021.12.15-13.47.30:123][  0]LogConfig: Setting CVar [[r.SkyAtmosphere.FastSkyLUT:1]]
[2021.12.15-13.47.30:123][  0]LogConfig: Setting CVar [[r.SkyAtmosphere.FastSkyLUT.SampleCountMin:4.0]]
[2021.12.15-13.47.30:123][  0]LogConfig: Setting CVar [[r.SkyAtmosphere.FastSkyLUT.SampleCountMax:128.0]]
[2021.12.15-13.47.30:123][  0]LogConfig: Setting CVar [[r.SkyAtmosphere.SampleCountMin:4.0]]
[2021.12.15-13.47.30:123][  0]LogConfig: Setting CVar [[r.SkyAtmosphere.SampleCountMax:128.0]]
[2021.12.15-13.47.30:123][  0]LogConfig: Setting CVar [[r.SkyAtmosphere.TransmittanceLUT.UseSmallFormat:0]]
[2021.12.15-13.47.30:123][  0]LogConfig: Setting CVar [[r.SkyAtmosphere.TransmittanceLUT.SampleCount:10.0]]
[2021.12.15-13.47.30:123][  0]LogConfig: Setting CVar [[r.SkyAtmosphere.MultiScatteringLUT.SampleCount:15.0]]
[2021.12.15-13.47.30:123][  0]LogConfig: Setting CVar [[r.SkyLight.RealTimeReflectionCapture:1]]
[2021.12.15-13.47.30:123][  0]LogConfig: Applying CVar settings from Section [FoliageQuality@3] File [C:/Users/punna/Documents/GitHub/totemofearth/TotemsOfEarth/Saved/Config/Windows/Scalability.ini]
[2021.12.15-13.47.30:123][  0]LogConfig: Setting CVar [[foliage.DensityScale:1.0]]
[2021.12.15-13.47.30:123][  0]LogConfig: Setting CVar [[grass.DensityScale:1.0]]
[2021.12.15-13.47.30:123][  0]LogConfig: Applying CVar settings from Section [ShadingQuality@3] File [C:/Users/punna/Documents/GitHub/totemofearth/TotemsOfEarth/Saved/Config/Windows/Scalability.ini]
[2021.12.15-13.47.30:123][  0]LogConfig: Setting CVar [[r.HairStrands.SkyLighting.IntegrationType:2]]
[2021.12.15-13.47.30:123][  0]LogConfig: Setting CVar [[r.HairStrands.SkyAO.SampleCount:4]]
[2021.12.15-13.47.30:123][  0]LogConfig: Setting CVar [[r.HairStrands.Visibility.MSAA.SamplePerPixel:4]]
[2021.12.15-13.47.30:123][  0]LogInit: Selected Device Profile: [Windows]
[2021.12.15-13.47.30:123][  0]LogInit: Applying CVar settings loaded from the selected device profile: [Windows]
[2021.12.15-13.47.30:123][  0]LogHAL: Display: Platform has ~ 16 GB [17102860288 / 17179869184 / 16], which maps to Larger [LargestMinGB=32, LargerMinGB=12, DefaultMinGB=8, SmallerMinGB=6, SmallestMinGB=0)
[2021.12.15-13.47.30:123][  0]LogInit: Going up to parent DeviceProfile []
[2021.12.15-13.47.30:123][  0]LogConfig: Applying CVar settings from Section [ViewDistanceQuality@3] File [C:/Users/punna/Documents/GitHub/totemofearth/TotemsOfEarth/Saved/Config/Windows/Scalability.ini]
[2021.12.15-13.47.30:123][  0]LogConfig: Setting CVar [[r.SkeletalMeshLODBias:0]]
[2021.12.15-13.47.30:123][  0]LogConfig: Setting CVar [[r.ViewDistanceScale:1.0]]
[2021.12.15-13.47.30:123][  0]LogConfig: Applying CVar settings from Section [AntiAliasingQuality@3] File [C:/Users/punna/Documents/GitHub/totemofearth/TotemsOfEarth/Saved/Config/Windows/Scalability.ini]
[2021.12.15-13.47.30:123][  0]LogConfig: Setting CVar [[r.PostProcessAAQuality:4]]
[2021.12.15-13.47.30:123][  0]LogConfig: Applying CVar settings from Section [ShadowQuality@3] File [C:/Users/punna/Documents/GitHub/totemofearth/TotemsOfEarth/Saved/Config/Windows/Scalability.ini]
[2021.12.15-13.47.30:123][  0]LogConfig: Setting CVar [[r.LightFunctionQuality:1]]
[2021.12.15-13.47.30:123][  0]LogConfig: Setting CVar [[r.ShadowQuality:5]]
[2021.12.15-13.47.30:123][  0]LogConfig: Setting CVar [[r.Shadow.CSM.MaxCascades:10]]
[2021.12.15-13.47.30:123][  0]LogConfig: Setting CVar [[r.Shadow.MaxResolution:2048]]
[2021.12.15-13.47.30:123][  0]LogConfig: Setting CVar [[r.Shadow.MaxCSMResolution:2048]]
[2021.12.15-13.47.30:123][  0]LogConfig: Setting CVar [[r.Shadow.RadiusThreshold:0.01]]
[2021.12.15-13.47.30:123][  0]LogConfig: Setting CVar [[r.Shadow.DistanceScale:1.0]]
[2021.12.15-13.47.30:123][  0]LogConfig: Setting CVar [[r.Shadow.CSM.TransitionScale:1.0]]
[2021.12.15-13.47.30:123][  0]LogConfig: Setting CVar [[r.Shadow.PreShadowResolutionFactor:1.0]]
[2021.12.15-13.47.30:123][  0]LogConfig: Setting CVar [[r.DistanceFieldShadowing:1]]
[2021.12.15-13.47.30:123][  0]LogConfig: Setting CVar [[r.DistanceFieldAO:1]]
[2021.12.15-13.47.30:123][  0]LogConfig: Setting CVar [[r.AOQuality:2]]
[2021.12.15-13.47.30:123][  0]LogConfig: Setting CVar [[r.VolumetricFog:1]]
[2021.12.15-13.47.30:123][  0]LogConfig: Setting CVar [[r.VolumetricFog.GridPixelSize:8]]
[2021.12.15-13.47.30:123][  0]LogConfig: Setting CVar [[r.VolumetricFog.GridSizeZ:128]]
[2021.12.15-13.47.30:123][  0]LogConfig: Setting CVar [[r.VolumetricFog.HistoryMissSupersampleCount:4]]
[2021.12.15-13.47.30:123][  0]LogConfig: Setting CVar [[r.LightMaxDrawDistanceScale:1]]
[2021.12.15-13.47.30:123][  0]LogConfig: Setting CVar [[r.CapsuleShadows:1]]
[2021.12.15-13.47.30:123][  0]LogConfig: Applying CVar settings from Section [PostProcessQuality@3] File [C:/Users/punna/Documents/GitHub/totemofearth/TotemsOfEarth/Saved/Config/Windows/Scalability.ini]
[2021.12.15-13.47.30:123][  0]LogConfig: Setting CVar [[r.MotionBlurQuality:4]]
[2021.12.15-13.47.30:123][  0]LogConfig: Setting CVar [[r.AmbientOcclusionMipLevelFactor:0.4]]
[2021.12.15-13.47.30:123][  0]LogConfig: Setting CVar [[r.AmbientOcclusionMaxQuality:100]]
[2021.12.15-13.47.30:123][  0]LogConfig: Setting CVar [[r.AmbientOcclusionLevels:-1]]
[2021.12.15-13.47.30:123][  0]LogConfig: Setting CVar [[r.AmbientOcclusionRadiusScale:1.0]]
[2021.12.15-13.47.30:123][  0]LogConfig: Setting CVar [[r.DepthOfFieldQuality:2]]
[2021.12.15-13.47.30:123][  0]LogConfig: Setting CVar [[r.RenderTargetPoolMin:400]]
[2021.12.15-13.47.30:123][  0]LogConfig: Setting CVar [[r.LensFlareQuality:2]]
[2021.12.15-13.47.30:123][  0]LogConfig: Setting CVar [[r.SceneColorFringeQuality:1]]
[2021.12.15-13.47.30:123][  0]LogConfig: Setting CVar [[r.EyeAdaptationQuality:2]]
[2021.12.15-13.47.30:123][  0]LogConfig: Setting CVar [[r.BloomQuality:5]]
[2021.12.15-13.47.30:123][  0]LogConfig: Setting CVar [[r.FastBlurThreshold:100]]
[2021.12.15-13.47.30:123][  0]LogConfig: Setting CVar [[r.Upscale.Quality:3]]
[2021.12.15-13.47.30:123][  0]LogConfig: Setting CVar [[r.Tonemapper.GrainQuantization:1]]
[2021.12.15-13.47.30:124][  0]LogConfig: Setting CVar [[r.LightShaftQuality:1]]
[2021.12.15-13.47.30:124][  0]LogConfig: Setting CVar [[r.Filter.SizeScale:1]]
[2021.12.15-13.47.30:124][  0]LogConfig: Setting CVar [[r.Tonemapper.Quality:5]]
[2021.12.15-13.47.30:124][  0]LogConfig: Setting CVar [[r.DOF.Gather.AccumulatorQuality:1        ; higher gathering accumulator quality]]
[2021.12.15-13.47.30:124][  0]LogConfig: Setting CVar [[r.DOF.Gather.PostfilterMethod:1          ; Median3x3 postfilering method]]
[2021.12.15-13.47.30:124][  0]LogConfig: Setting CVar [[r.DOF.Gather.EnableBokehSettings:0       ; no bokeh simulation when gathering]]
[2021.12.15-13.47.30:124][  0]LogConfig: Setting CVar [[r.DOF.Gather.RingCount:4                 ; medium number of samples when gathering]]
[2021.12.15-13.47.30:124][  0]LogConfig: Setting CVar [[r.DOF.Scatter.ForegroundCompositing:1    ; additive foreground scattering]]
[2021.12.15-13.47.30:124][  0]LogConfig: Setting CVar [[r.DOF.Scatter.BackgroundCompositing:2    ; additive background scattering]]
[2021.12.15-13.47.30:124][  0]LogConfig: Setting CVar [[r.DOF.Scatter.EnableBokehSettings:1      ; bokeh simulation when scattering]]
[2021.12.15-13.47.30:124][  0]LogConfig: Setting CVar [[r.DOF.Scatter.MaxSpriteRatio:0.1         ; only a maximum of 10% of scattered bokeh]]
[2021.12.15-13.47.30:124][  0]LogConfig: Setting CVar [[r.DOF.Recombine.Quality:1                ; cheap slight out of focus]]
[2021.12.15-13.47.30:124][  0]LogConfig: Setting CVar [[r.DOF.Recombine.EnableBokehSettings:0    ; no bokeh simulation on slight out of focus]]
[2021.12.15-13.47.30:124][  0]LogConfig: Setting CVar [[r.DOF.TemporalAAQuality:1                ; more stable temporal accumulation]]
[2021.12.15-13.47.30:124][  0]LogConfig: Setting CVar [[r.DOF.Kernel.MaxForegroundRadius:0.025]]
[2021.12.15-13.47.30:124][  0]LogConfig: Setting CVar [[r.DOF.Kernel.MaxBackgroundRadius:0.025]]
[2021.12.15-13.47.30:124][  0]LogConfig: Applying CVar settings from Section [TextureQuality@3] File [C:/Users/punna/Documents/GitHub/totemofearth/TotemsOfEarth/Saved/Config/Windows/Scalability.ini]
[2021.12.15-13.47.30:124][  0]LogConfig: Setting CVar [[r.Streaming.MipBias:0]]
[2021.12.15-13.47.30:124][  0]LogConfig: Setting CVar [[r.Streaming.AmortizeCPUToGPUCopy:0]]
[2021.12.15-13.47.30:124][  0]LogConfig: Setting CVar [[r.Streaming.MaxNumTexturesToStreamPerFrame:0]]
[2021.12.15-13.47.30:124][  0]LogConfig: Setting CVar [[r.Streaming.Boost:1]]
[2021.12.15-13.47.30:124][  0]LogConfig: Setting CVar [[r.MaxAnisotropy:8]]
[2021.12.15-13.47.30:124][  0]LogConfig: Setting CVar [[r.VT.MaxAnisotropy:8]]
[2021.12.15-13.47.30:124][  0]LogConfig: Setting CVar [[r.Streaming.LimitPoolSizeToVRAM:0]]
[2021.12.15-13.47.30:124][  0]LogConfig: Setting CVar [[r.Streaming.PoolSize:1000]]
[2021.12.15-13.47.30:124][  0]LogConfig: Setting CVar [[r.Streaming.MaxEffectiveScreenSize:0]]
[2021.12.15-13.47.30:124][  0]LogConfig: Applying CVar settings from Section [EffectsQuality@3] File [C:/Users/punna/Documents/GitHub/totemofearth/TotemsOfEarth/Saved/Config/Windows/Scalability.ini]
[2021.12.15-13.47.30:124][  0]LogConfig: Setting CVar [[r.TranslucencyLightingVolumeDim:64]]
[2021.12.15-13.47.30:124][  0]LogConfig: Setting CVar [[r.RefractionQuality:2]]
[2021.12.15-13.47.30:124][  0]LogConfig: Setting CVar [[r.SSR.Quality:3]]
[2021.12.15-13.47.30:124][  0]LogConfig: Setting CVar [[r.SSR.HalfResSceneColor:0]]
[2021.12.15-13.47.30:124][  0]LogConfig: Setting CVar [[r.SceneColorFormat:4]]
[2021.12.15-13.47.30:124][  0]LogConfig: Setting CVar [[r.DetailMode:2]]
[2021.12.15-13.47.30:124][  0]LogConfig: Setting CVar [[r.TranslucencyVolumeBlur:1]]
[2021.12.15-13.47.30:124][  0]LogConfig: Setting CVar [[r.MaterialQualityLevel:1 ; High quality]]
[2021.12.15-13.47.30:124][  0]LogConfig: Setting CVar [[r.AnisotropicMaterials:1]]
[2021.12.15-13.47.30:124][  0]LogConfig: Setting CVar [[r.SSS.Scale:1]]
[2021.12.15-13.47.30:124][  0]LogConfig: Setting CVar [[r.SSS.SampleSet:2]]
[2021.12.15-13.47.30:124][  0]LogConfig: Setting CVar [[r.SSS.Quality:1]]
[2021.12.15-13.47.30:124][  0]LogConfig: Setting CVar [[r.SSS.HalfRes:0]]
[2021.12.15-13.47.30:124][  0]LogConfig: Setting CVar [[r.SSGI.Quality:3]]
[2021.12.15-13.47.30:124][  0]LogConfig: Setting CVar [[r.EmitterSpawnRateScale:1.0]]
[2021.12.15-13.47.30:124][  0]LogConfig: Setting CVar [[r.ParticleLightQuality:2]]
[2021.12.15-13.47.30:124][  0]LogConfig: Setting CVar [[r.SkyAtmosphere.AerialPerspectiveLUT.FastApplyOnOpaque:1 ; Always have FastSkyLUT 1 in this case to avoid wrong sky]]
[2021.12.15-13.47.30:124][  0]LogConfig: Setting CVar [[r.SkyAtmosphere.AerialPerspectiveLUT.SampleCountMaxPerSlice:4]]
[2021.12.15-13.47.30:124][  0]LogConfig: Setting CVar [[r.SkyAtmosphere.AerialPerspectiveLUT.DepthResolution:16.0]]
[2021.12.15-13.47.30:124][  0]LogConfig: Setting CVar [[r.SkyAtmosphere.FastSkyLUT:1]]
[2021.12.15-13.47.30:124][  0]LogConfig: Setting CVar [[r.SkyAtmosphere.FastSkyLUT.SampleCountMin:4.0]]
[2021.12.15-13.47.30:124][  0]LogConfig: Setting CVar [[r.SkyAtmosphere.FastSkyLUT.SampleCountMax:128.0]]
[2021.12.15-13.47.30:124][  0]LogConfig: Setting CVar [[r.SkyAtmosphere.SampleCountMin:4.0]]
[2021.12.15-13.47.30:124][  0]LogConfig: Setting CVar [[r.SkyAtmosphere.SampleCountMax:128.0]]
[2021.12.15-13.47.30:124][  0]LogConfig: Setting CVar [[r.SkyAtmosphere.TransmittanceLUT.UseSmallFormat:0]]
[2021.12.15-13.47.30:124][  0]LogConfig: Setting CVar [[r.SkyAtmosphere.TransmittanceLUT.SampleCount:10.0]]
[2021.12.15-13.47.30:124][  0]LogConfig: Setting CVar [[r.SkyAtmosphere.MultiScatteringLUT.SampleCount:15.0]]
[2021.12.15-13.47.30:124][  0]LogConfig: Setting CVar [[r.SkyLight.RealTimeReflectionCapture:1]]
[2021.12.15-13.47.30:124][  0]LogConfig: Applying CVar settings from Section [FoliageQuality@3] File [C:/Users/punna/Documents/GitHub/totemofearth/TotemsOfEarth/Saved/Config/Windows/Scalability.ini]
[2021.12.15-13.47.30:124][  0]LogConfig: Setting CVar [[foliage.DensityScale:1.0]]
[2021.12.15-13.47.30:124][  0]LogConfig: Setting CVar [[grass.DensityScale:1.0]]
[2021.12.15-13.47.30:124][  0]LogConfig: Applying CVar settings from Section [ShadingQuality@3] File [C:/Users/punna/Documents/GitHub/totemofearth/TotemsOfEarth/Saved/Config/Windows/Scalability.ini]
[2021.12.15-13.47.30:124][  0]LogConfig: Setting CVar [[r.HairStrands.SkyLighting.IntegrationType:2]]
[2021.12.15-13.47.30:124][  0]LogConfig: Setting CVar [[r.HairStrands.SkyAO.SampleCount:4]]
[2021.12.15-13.47.30:124][  0]LogConfig: Setting CVar [[r.HairStrands.Visibility.MSAA.SamplePerPixel:4]]
[2021.12.15-13.47.30:124][  0]LogConfig: Applying CVar settings from Section [Startup] File [../../../Engine/Config/ConsoleVariables.ini]
[2021.12.15-13.47.30:124][  0]LogConfig: Setting CVar [[net.UseAdaptiveNetUpdateFrequency:0]]
[2021.12.15-13.47.30:124][  0]LogConfig: Setting CVar [[p.chaos.AllowCreatePhysxBodies:1]]
[2021.12.15-13.47.30:124][  0]LogConfig: Setting CVar [[fx.SkipVectorVMBackendOptimizations:1]]
[2021.12.15-13.47.30:124][  0]LogConfig: Applying CVar settings from Section [ConsoleVariables] File [C:/Users/punna/Documents/GitHub/totemofearth/TotemsOfEarth/Saved/Config/Windows/Engine.ini]
[2021.12.15-13.47.30:124][  0]LogConfig: Applying CVar settings from Section [ConsoleVariables] File [C:/Users/punna/Documents/GitHub/totemofearth/TotemsOfEarth/Saved/Config/Windows/Editor.ini]
[2021.12.15-13.47.30:124][  0]LogInit: Computer: DESKTOP-8EPG0SH
[2021.12.15-13.47.30:124][  0]LogInit: User: punna
[2021.12.15-13.47.30:124][  0]LogInit: CPU Page size=4096, Cores=8
[2021.12.15-13.47.30:124][  0]LogInit: High frequency timer resolution =10.000000 MHz
[2021.12.15-13.47.30:124][  0]LogMemory: Memory total: Physical=15.9GB (16GB approx)
[2021.12.15-13.47.30:124][  0]LogMemory: Platform Memory Stats for Windows
[2021.12.15-13.47.30:124][  0]LogMemory: Process Physical Memory: 146.73 MB used, 146.73 MB peak
[2021.12.15-13.47.30:124][  0]LogMemory: Process Virtual Memory: 131.16 MB used, 131.16 MB peak
[2021.12.15-13.47.30:124][  0]LogMemory: Physical Memory: 8608.22 MB used,  7702.34 MB free, 16310.56 MB total
[2021.12.15-13.47.30:124][  0]LogMemory: Virtual Memory: 134210768.00 MB used,  6957.49 MB free, 134217728.00 MB total
[2021.12.15-13.47.30:128][  0]LogWindows: WindowsPlatformFeatures enabled
[2021.12.15-13.47.30:156][  0]LogInit: Physics initialised using underlying interface: PhysX
[2021.12.15-13.47.30:156][  0]LogInit: Using OS detected language (en-US).
[2021.12.15-13.47.30:156][  0]LogInit: Using OS detected locale (th-TH).
[2021.12.15-13.47.30:157][  0]LogTextLocalizationManager: No specific localization for 'en-US' exists, so the 'en' localization will be used.
[2021.12.15-13.47.30:158][  0]LogTextLocalizationManager: No localization for 'th-TH' exists, so 'en' will be used for the locale.
[2021.12.15-13.47.30:342][  0]LogWindowsTextInputMethodSystem: Display: IME system deactivated.
[2021.12.15-13.47.30:358][  0]LogSlate: New Slate User Created.  User Index 0, Is Virtual User: 0
[2021.12.15-13.47.30:358][  0]LogSlate: Slate User Registered.  User Index 0, Is Virtual User: 0
[2021.12.15-13.47.30:368][  0]LogD3D11RHI: Loaded GFSDK_Aftermath_Lib.x64.dll
[2021.12.15-13.47.30:370][  0]LogHMD: Failed to initialize OpenVR with code 110
[2021.12.15-13.47.30:370][  0]LogD3D11RHI: D3D11 min allowed feature level: 11_0
[2021.12.15-13.47.30:370][  0]LogD3D11RHI: D3D11 max allowed feature level: 11_0
[2021.12.15-13.47.30:370][  0]LogD3D11RHI: D3D11 adapters:
[2021.12.15-13.47.30:453][  0]LogD3D11RHI:    0. 'NVIDIA GeForce RTX 3060' (Feature Level 11_0)
[2021.12.15-13.47.30:453][  0]LogD3D11RHI:       12143/0/8155 MB DedicatedVideo/DedicatedSystem/SharedSystem, Outputs:1, VendorId:0x10de
[2021.12.15-13.47.30:455][  0]LogD3D11RHI:    1. 'Microsoft Basic Render Driver' (Feature Level 11_0)
[2021.12.15-13.47.30:455][  0]LogD3D11RHI:       0/0/8155 MB DedicatedVideo/DedicatedSystem/SharedSystem, Outputs:0, VendorId:0x1414
[2021.12.15-13.47.30:455][  0]LogD3D11RHI: Chosen D3D11 Adapter:
[2021.12.15-13.47.30:455][  0]LogD3D11RHI:     Description : NVIDIA GeForce RTX 3060
[2021.12.15-13.47.30:455][  0]LogD3D11RHI:     VendorId    : 10de
[2021.12.15-13.47.30:455][  0]LogD3D11RHI:     DeviceId    : 2504
[2021.12.15-13.47.30:455][  0]LogD3D11RHI:     SubSysId    : 153610de
[2021.12.15-13.47.30:455][  0]LogD3D11RHI:     Revision    : 00a1
[2021.12.15-13.47.30:455][  0]LogD3D11RHI:     DedicatedVideoMemory : 12732858368 bytes
[2021.12.15-13.47.30:455][  0]LogD3D11RHI:     DedicatedSystemMemory : 0 bytes
[2021.12.15-13.47.30:455][  0]LogD3D11RHI:     SharedSystemMemory : 8551430144 bytes
[2021.12.15-13.47.30:455][  0]LogD3D11RHI:     AdapterLuid : 0 39402
[2021.12.15-13.47.30:461][  0]LogD3D11RHI: Creating new Direct3DDevice
[2021.12.15-13.47.30:461][  0]LogD3D11RHI:     GPU DeviceId: 0x2504 (for the marketing name, search the web for "GPU Device Id")
[2021.12.15-13.47.30:461][  0]LogWindows: EnumDisplayDevices:
[2021.12.15-13.47.30:461][  0]LogWindows:    0. 'NVIDIA GeForce RTX 3060' (P:1 D:1)
[2021.12.15-13.47.30:462][  0]LogWindows:    1. 'NVIDIA GeForce RTX 3060' (P:0 D:0)
[2021.12.15-13.47.30:462][  0]LogWindows:    2. 'NVIDIA GeForce RTX 3060' (P:0 D:0)
[2021.12.15-13.47.30:462][  0]LogWindows:    3. 'NVIDIA GeForce RTX 3060' (P:0 D:0)
[2021.12.15-13.47.30:462][  0]LogWindows: DebugString: FoundDriverCount:4 
[2021.12.15-13.47.30:462][  0]LogD3D11RHI:     Adapter Name: NVIDIA GeForce RTX 3060
[2021.12.15-13.47.30:462][  0]LogD3D11RHI:   Driver Version: 497.09 (internal:30.0.14.9709, unified:497.09)
[2021.12.15-13.47.30:462][  0]LogD3D11RHI:      Driver Date: 11-26-2021
[2021.12.15-13.47.30:462][  0]LogRHI: Texture pool is 8500 MB (70% of 12143 MB)
[2021.12.15-13.47.30:462][  0]LogD3D11RHI: Creating D3DDevice using adapter:
[2021.12.15-13.47.30:462][  0]LogD3D11RHI:     Description : NVIDIA GeForce RTX 3060
[2021.12.15-13.47.30:462][  0]LogD3D11RHI:     VendorId    : 10de
[2021.12.15-13.47.30:462][  0]LogD3D11RHI:     DeviceId    : 2504
[2021.12.15-13.47.30:462][  0]LogD3D11RHI:     SubSysId    : 153610de
[2021.12.15-13.47.30:462][  0]LogD3D11RHI:     Revision    : 00a1
[2021.12.15-13.47.30:462][  0]LogD3D11RHI:     DedicatedVideoMemory : 12732858368 bytes
[2021.12.15-13.47.30:462][  0]LogD3D11RHI:     DedicatedSystemMemory : 0 bytes
[2021.12.15-13.47.30:462][  0]LogD3D11RHI:     SharedSystemMemory : 8551430144 bytes
[2021.12.15-13.47.30:462][  0]LogD3D11RHI:     AdapterLuid : 0 39402
[2021.12.15-13.47.30:520][  0]LogD3D11RHI: RHI has support for 64 bit atomics
[2021.12.15-13.47.30:520][  0]LogD3D11RHI: Async texture creation enabled
[2021.12.15-13.47.30:520][  0]LogD3D11RHI: Array index from any shader is supported
[2021.12.15-13.47.30:541][  0]LogD3D11RHI: GPU Timing Frequency: 1000.000000 (Debug: 2 1)
[2021.12.15-13.47.30:561][  0]LogRHI: GeForceNow SDK initialized: 1
[2021.12.15-13.47.30:770][  0]LogTargetPlatformManager: Display: Loaded TargetPlatform 'WindowsNoEditor'
[2021.12.15-13.47.30:773][  0]LogTargetPlatformManager: Display: Loaded TargetPlatform 'Windows'
[2021.12.15-13.47.30:776][  0]LogTargetPlatformManager: Display: Loaded TargetPlatform 'WindowsClient'
[2021.12.15-13.47.30:779][  0]LogTargetPlatformManager: Display: Loaded TargetPlatform 'WindowsServer'
[2021.12.15-13.47.30:779][  0]LogTargetPlatformManager: Display: Building Assets For Windows
[2021.12.15-13.47.30:783][  0]LogAudioDebug: Display: Lib vorbis DLL was dynamically loaded.
[2021.12.15-13.47.30:802][  0]LogTextureFormatOodle: Display: Oodle Texture 2.9.0 init RDO Off
[2021.12.15-13.47.30:821][  0]LogRendererCore: Ray tracing is disabled. Reason: r.RayTracing=0.
[2021.12.15-13.47.30:821][  0]LogShaderCompilers: Guid format shader working directory is -13 characters bigger than the processId version (C:/Users/punna/Documents/GitHub/totemofearth/TotemsOfEarth/Intermediate/Shaders/WorkingDirectory/17048/).
[2021.12.15-13.47.30:821][  0]LogShaderCompilers: Cleaned the shader compiler working directory 'C:/Users/punna/AppData/Local/Temp/UnrealShaderWorkingDir/EB6118ED41833FC90B1281B7EA726B7E/'.
[2021.12.15-13.47.30:821][  0]LogXGEController: Cannot use XGE Controller as Incredibuild is not installed on this machine.
[2021.12.15-13.47.30:821][  0]LogShaderCompilers: Cannot use XGE Shader Compiler as Incredibuild is not installed on this machine.
[2021.12.15-13.47.30:821][  0]LogShaderCompilers: Display: Using Local Shader Compiler.
[2021.12.15-13.47.31:431][  0]LogDerivedDataCache: Display: Max Cache Size: 512 MB
[2021.12.15-13.47.31:481][  0]LogDerivedDataCache: Loaded boot cache 0.05s 94MB C:/Users/punna/AppData/Local/UnrealEngine/4.27/DerivedDataCache/Boot.ddc.
[2021.12.15-13.47.31:481][  0]LogDerivedDataCache: Display: Loaded Boot cache: C:/Users/punna/AppData/Local/UnrealEngine/4.27/DerivedDataCache/Boot.ddc
[2021.12.15-13.47.31:481][  0]LogDerivedDataCache: FDerivedDataBackendGraph:  Pak pak cache file C:/Users/punna/Documents/GitHub/totemofearth/TotemsOfEarth/DerivedDataCache/DDC.ddp not found, will not use a pak cache.
[2021.12.15-13.47.31:481][  0]LogDerivedDataCache: Unable to find inner node Pak for hierarchical cache Hierarchy.
[2021.12.15-13.47.31:482][  0]LogDerivedDataCache: FDerivedDataBackendGraph:  CompressedPak pak cache file C:/Users/punna/Documents/GitHub/totemofearth/TotemsOfEarth/DerivedDataCache/Compressed.ddp not found, will not use a pak cache.
[2021.12.15-13.47.31:482][  0]LogDerivedDataCache: Unable to find inner node CompressedPak for hierarchical cache Hierarchy.
[2021.12.15-13.47.31:497][  0]LogDerivedDataCache: Display: Pak cache opened for reading ../../../Engine/DerivedDataCache/Compressed.ddp.
[2021.12.15-13.47.31:497][  0]LogDerivedDataCache: FDerivedDataBackendGraph:  EnterprisePak pak cache file ../../../Enterprise/DerivedDataCache/Compressed.ddp not found, will not use a pak cache.
[2021.12.15-13.47.31:497][  0]LogDerivedDataCache: Unable to find inner node EnterprisePak for hierarchical cache Hierarchy.
[2021.12.15-13.47.31:504][  0]LogDerivedDataCache: Speed tests for C:/Users/punna/AppData/Local/UnrealEngine/Common/DerivedDataCache took 0.01 seconds
[2021.12.15-13.47.31:505][  0]LogDerivedDataCache: Display: Performance to C:/Users/punna/AppData/Local/UnrealEngine/Common/DerivedDataCache: Latency=0.03ms. RandomReadSpeed=1804.17MBs, RandomWriteSpeed=149.25MBs. Assigned SpeedClass 'Local'
[2021.12.15-13.47.31:505][  0]LogDerivedDataCache: Using Local data cache path C:/Users/punna/AppData/Local/UnrealEngine/Common/DerivedDataCache: Writable
[2021.12.15-13.47.31:505][  0]LogDerivedDataCache: Shared data cache path not found in *engine.ini, will not use an Shared cache.
[2021.12.15-13.47.31:505][  0]LogDerivedDataCache: Unable to find inner node Shared for hierarchical cache Hierarchy.
[2021.12.15-13.47.31:537][  0]LogSlate: Using FreeType 2.10.0
[2021.12.15-13.47.31:537][  0]LogSlate: SlateFontServices - WITH_FREETYPE: 1, WITH_HARFBUZZ: 1
[2021.12.15-13.47.31:594][  0]LogInit: Using OS detected language (en-US).
[2021.12.15-13.47.31:594][  0]LogInit: Using OS detected locale (th-TH).
[2021.12.15-13.47.31:594][  0]LogTextLocalizationManager: No localization for 'en-US' exists, so 'en' will be used for the language.
[2021.12.15-13.47.31:594][  0]LogTextLocalizationManager: No localization for 'th-TH' exists, so 'en' will be used for the locale.
[2021.12.15-13.47.31:597][  0]LogTextLocalizationManager: Compacting localization data took   0.00ms
[2021.12.15-13.47.31:597][  0]LogAssetRegistry: FAssetRegistry took 0.0021 seconds to start up
[2021.12.15-13.47.31:734][  0]LogPackageLocalizationCache: Processed 27 localized package path(s) for 1 prioritized culture(s) in 0.000823 seconds
[2021.12.15-13.47.31:790][  0]LogInit: Selected Device Profile: [Windows]
[2021.12.15-13.47.31:790][  0]LogInit: Active device profile: [000001A4D2FC1B00][000001A4CB1F0AC0 49] Windows
[2021.12.15-13.47.31:790][  0]LogInit: Profiles: [000001A4D2FC1B00][000001A4CB1F0AC0 49] Windows, [000001A4D2FC7200][000001A4CB1F8C40 49] WindowsNoEditor, [000001A4D2FC3900][000001A4CB1FCDC0 49] WindowsServer, [000001A4D2FC4A00][000001A4C7484F40 49] WindowsClient, [000001A4D2FC0B00][000001A4C74890C0 49] IOS, [000001A4D2FC6A00][000001A4C748D240 49] iPadAir, [000001A4D2FC3300][000001A4C74913C0 49] iPadAir2, [000001A4D2F6D300][000001A4C7495600 49] IPadPro, [000001A4D2F6D400][000001A4CB1F5640 49] iPadAir3, [000001A4D2FC5B00][000001A4C7499780 49] iPadAir4, [000001A4D2F6FA00][000001A4C749D8C0 49] iPadMini2, [000001A4D2FC6600][000001A4C74A5A40 49] iPadMini3, [000001A4D2F6FF00][000001A4C74A9BC0 49] iPadMini4, [000001A4D2FC7700][000001A4C74AC1C0 49] iPadMini5, [000001A4D2FAD000][000001A4C74B4480 49] iPhone6, [000001A4D2FAD100][000001A4C74B04C0 49] iPodTouch6, [000001A4D2FC3500][000001A4C74BC780 49] iPhone7, [000001A4D2FC3400][000001A4C74B87C0 49] iPodTouch7, [000001A4D2FAC100][000001A4C74C0940 49] iPhone5S, [000001A4D2F6C700][000001A4C74C4AC0 49] iPhone6Plus, [000001A4D2FAEF00][000001A4C74C8C40 49] iPhone6S, [000001A4D2F6DA00][000001A4C74CCDC0 49] iPhone6SPlus, [000001A4D2FACA00][000001A4C8176F40 49] iPhone7Plus, [000001A4D2F6FE00][000001A4C817B0C0 49] iPhoneSE, [000001A4D2FC0200][000001A4C817F240 49] iPhone8, [000001A4D2F6C600][000001A4C81833C0 49] iPhone8Plus, [000001A4D2FC2400][000001A4C8187540 49] iPhoneX, [000001A4D2F6EF00][000001A4C818B6C0 49] iPhoneXS, [000001A4D2FC2100][000001A4C74A1800 49] iPhoneXSMax, [000001A4D2F6F400][000001A4C818F940 49] iPhoneXR, [000001A4D2FC0900][000001A4C8193A80 49] iPhone11, [000001A4D2F6E500][000001A4C819BC00 49] iPhone11Pro, [000001A4D2FC1800][000001A4C819E200 49] iPhone11ProMax, [000001A4D2F6E600][000001A4C81A2380 49] iPhoneSE2, [000001A4D2FC0F00][000001A4C81A6500 49] iPhone12Mini, [000001A4D2F6ED00][000001A4C81AA680 49] iPhone12, [000001A4D2FC2800][000001A4C81AE800 49] iPhone12Pro, [000001A4D2F6C500][000001A4C81B2980 49] iPhone12ProMax, [000001A4D2FC1100][000001A4C81B6B00 49] iPadPro105, [000001A4D2F6DE00][000001A4C81BAC80 49] iPadPro129, [000001A4D2FC0E00][000001A4C81BEE00 49] iPadPro97, [000001A4D2F6EA00][000001A4C81C2F80 49] iPadPro2_129, [000001A4D2FC1000][000001A4C81C7100 49] iPad5, [000001A4D2F6C400][000001A4C81CB280 49] iPad6, [000001A4D2FC3F00][000001A4C81CF400 49] iPad7, [000001A4D2F6FD00][000001A4C81D3580 49] iPad8, [000001A4D2FC2700][000001A4C81D7700 49] iPadPro11, [000001A4D2F6F000][000001A4C81DB880 49] iPadPro2_11, [000001A4D2FC3A00][000001A4C81979C0 49] iPadPro3_129, [000001A4D2F6F700][000001A4C81DFB00 49] iPadPro4_129, [000001A4D2FC1400][000001A4C81E20C0 49] AppleTV, [000001A4D2F6EB00][000001A4C81EA240 49] AppleTV4K, [000001A4D2FC0D00][000001A4C81EE3C0 49] TVOS, [000001A4D2F6E100][000001A4C81F2540 49] Mac, [000001A4D2FC0300][000001A4C81F66C0 49] MacClient, [000001A4D2F6D000][000001A4C81FA840 49] MacNoEditor, [000001A4D2FC0800][000001A4C81FE9C0 49] MacServer, [000001A4D2F6E900][000001A4C8202B40 49] Linux, [000001A4D2FC3B00][000001A4C8206CC0 49] LinuxAArch64, [000001A4D2F6E400][000001A4C820AE40 49] LinuxNoEditor, [000001A4D2FC3600][000001A4C820EFC0 49] LinuxAArch64NoEditor, [000001A4D2F6CC00][000001A4C8213140 49] LinuxClient, [000001A4D2FC3D00][000001A4C82172C0 49] LinuxAArch64Client, [000001A4D2F6FB00][000001A4C821B440 49] LinuxServer, [000001A4D2FC3800][000001A4C821F5C0 49] LinuxAArch64Server, [000001A4D2F6F200][000001A4C8223740 49] Android, [000001A4D2FC1300][000001A4C82278C0 49] Android_Low, [000001A4D2F6DB00][000001A4C822BA40 49] Android_Mid, [000001A4D2FC0400][000001A4C81E7B80 49] Android_High, [000001A4D2F6E800][000001A4C822E140 49] Android_Default, [000001A4D2FC2000][000001A4C8232280 49] Android_Adreno4xx, [000001A4D304C200][000001A4C82363C0 49] Android_Adreno5xx_Low, [000001A4D2FC2B00][000001A4C823E540 49] Android_Adreno5xx, [000001A4D2FC5400][000001A4C82426C0 49] Android_Adreno6xx, [000001A4D2FAF900][000001A4C8246840 49] Android_Adreno6xx_Vulkan, [000001A4D2FC6F00][000001A4C824A9C0 49] Android_Mali_T6xx, [000001A4D2FACC00][000001A4C7A40B40 49] Android_Mali_T7xx, [000001A4D2FC5200][000001A4C7A44CC0 49] Android_Mali_T8xx, [000001A4D2FAD400][000001A4C7A48E40 49] Android_Mali_G71, [000001A4D2FC4500][000001A4C7A4CFC0 49] Android_Mali_G72, [000001A4D2FAD900][000001A4C7A51140 49] Android_Mali_G72_Vulkan, [000001A4D2FC7E00][000001A4C7A552C0 49] Android_Mali_G76, [000001A4D2FAE900][000001A4C7A59440 49] Android_Mali_G76_Vulkan, [000001A4D2FC5000][000001A4C7A5D5C0 49] Android_Mali_G77, [000001A4D2FAD700][000001A4C7A61740 49] Android_Mali_G77_Vulkan, [000001A4D2FC4200][000001A4C7A658C0 49] Android_Mali_G78, [000001A4D2FADE00][000001A4C7A69A40 49] Android_Mali_G78_Vulkan, [000001A4D2FC5600][000001A4C7A6DBC0 49] Android_Mali_G710, [000001A4D2FAE100][000001A4C823A180 49] Android_Mali_G710_Vulkan, [000001A4D2FC4800][000001A4C7A702C0 49] Android_Vulkan_SM5, [000001A4D2FAE400][000001A4C7A74400 49] Android_PowerVR_G6xxx, [000001A4D2FC7100][000001A4C7A78540 49] Android_PowerVR_GT7xxx, [000001A4D2FADF00][000001A4C7A806C0 49] Android_PowerVR_GE8xxx, [000001A4D2FC7900][000001A4C7A84840 49] Android_PowerVR_GM9xxx, [000001A4D2FAD200][000001A4C7A889C0 49] Android_PowerVR_GM9xxx_Vulkan, [000001A4D2FC7300][000001A4C7A8CB40 49] Android_TegraK1, [000001A4D2FAFC00][000001A4C7A90CC0 49] Android_Unknown_Vulkan, [000001A4D2FC4900][000001A4C7A94E40 49] Lumin, [000001A4D2FAFF00][000001A4C7A98FC0 49] Lumin_Desktop, [000001A4D2FC5500][000001A4C7A9D140 49] HoloLens, 
[2021.12.15-13.47.31:818][  0]LogMeshReduction: Using QuadricMeshReduction for automatic static mesh reduction
[2021.12.15-13.47.31:818][  0]LogMeshReduction: Using SimplygonMeshReduction for automatic skeletal mesh reduction
[2021.12.15-13.47.31:818][  0]LogMeshReduction: Using ProxyLODMeshReduction for automatic mesh merging
[2021.12.15-13.47.31:818][  0]LogMeshReduction: No distributed automatic mesh merging module available
[2021.12.15-13.47.31:818][  0]LogMeshMerging: No distributed automatic mesh merging module available
[2021.12.15-13.47.31:898][  0]LogNetVersion: TotemsOfEarth 1.0.0, NetCL: 17155196, EngineNetVer: 17, GameNetVer: 0 (Checksum: 2481923679)
[2021.12.15-13.47.32:080][  0]LogTexture: Default maximum texture size for cubemaps generated from long-lat sources has been changed from 512 to unlimited. In order to preserve old behaiour for '/Engine/MapTemplates/Sky/DaylightAmbientCubemap.DaylightAmbientCubemap', its maximum texture size has been explicitly set to 512.
[2021.12.15-13.47.32:123][  0]LogHMD: PokeAHoleMaterial loaded successfully
[2021.12.15-13.47.32:188][  0]LogMoviePlayer: Initializing movie player
[2021.12.15-13.47.32:274][  0]LogNiagaraDebuggerClient: Niagara Debugger Client Initialized | Session: FA00D5324A256A085AD6F2927920FA0B | Instance: AB25EF84406A4A223BB821BD2C5C140A (DESKTOP-8EPG0SH-17048).
[2021.12.15-13.47.32:291][  0]LogCollectionManager: Loaded 0 collections in 0.000630 seconds
[2021.12.15-13.47.32:293][  0]LogFileCache: Scanning file cache for directory 'C:/Users/punna/Documents/GitHub/totemofearth/TotemsOfEarth/Saved/Collections/' took 0.00s
[2021.12.15-13.47.32:293][  0]LogFileCache: Scanning file cache for directory 'C:/Users/punna/Documents/GitHub/totemofearth/TotemsOfEarth/Content/Developers/punna/Collections/' took 0.00s
[2021.12.15-13.47.32:293][  0]LogFileCache: Scanning file cache for directory 'C:/Users/punna/Documents/GitHub/totemofearth/TotemsOfEarth/Content/Collections/' took 0.00s
[2021.12.15-13.47.32:293][  0]LogCollectionManager: Fixed up redirectors for 0 collections in 0.000003 seconds (updated 0 objects)
[2021.12.15-13.47.32:362][  0]LogImageWrapper: Warning: PNG Warning: Duplicate iCCP chunk
[2021.12.15-13.47.32:362][  0]LogImageWrapper: Warning: PNG Warning: Duplicate iCCP chunk
[2021.12.15-13.47.32:362][  0]LogUdpMessaging: Initializing bridge on interface 0.0.0.0:0 to multicast group 230.0.0.1:6666.
[2021.12.15-13.47.32:369][  0]LogTcpMessaging: Initializing TcpMessaging bridge
[2021.12.15-13.47.32:384][  0]LogPython: Using Python 3.7.7
[2021.12.15-13.47.32:845][  0]SourceControl: Source control is disabled
[2021.12.15-13.47.32:845][  0]SourceControl: Source control is disabled
[2021.12.15-13.47.32:847][  0]SourceControl: Source control is disabled
[2021.12.15-13.47.32:850][  0]LogUProjectInfo: Found projects:
[2021.12.15-13.47.32:866][  0]LogOpenImageDenoise: OIDN starting up
[2021.12.15-13.47.32:872][  0]LogAndroidPermission: UAndroidPermissionCallbackProxy::GetInstance
[2021.12.15-13.47.32:884][  0]LogAudioCaptureCore: Display: No Audio Capture implementations found. Audio input will be silent.
[2021.12.15-13.47.32:884][  0]LogAudioCaptureCore: Display: No Audio Capture implementations found. Audio input will be silent.
[2021.12.15-13.47.32:934][  0]LogOcInput: OculusInput pre-init called
[2021.12.15-13.47.32:942][  0]LogUObjectArray: 22121 objects as part of root set at end of initial load.
[2021.12.15-13.47.32:942][  0]LogUObjectAllocator: 5975440 out of 0 bytes used by permanent object pool.
[2021.12.15-13.47.32:942][  0]LogUObjectArray: CloseDisregardForGC: 0/0 objects in disregard for GC pool
[2021.12.15-13.47.32:985][  0]LogEngine: Initializing Engine...
[2021.12.15-13.47.32:987][  0]LogHMD: Failed to enumerate extensions. Please check that you have a valid OpenXR runtime installed.
[2021.12.15-13.47.32:987][  0]LogHMD: Failed to initialize OpenVR with code 110
[2021.12.15-13.47.32:987][  0]LogMagicLeap: Warning: VR disabled because ZI is not enabled.  To enable, in the editor, Edit -> Project Settings -> Plugins -> Magic Leap Plugin -> Enable Zero Iteration
[2021.12.15-13.47.32:989][  0]LogStats: UGameplayTagsManager::InitializeManager -  0.000 s
[2021.12.15-13.47.33:063][  0]LogInit: Initializing FReadOnlyCVARCache
[2021.12.15-13.47.33:063][  0]LogAudio: Display: Initializing Audio Device Manager...
[2021.12.15-13.47.33:065][  0]LogAudio: Display: Loading Default Audio Settings Objects...
[2021.12.15-13.47.33:066][  0]LogAudio: Display: No default SoundConcurrencyObject specified (or failed to load).
[2021.12.15-13.47.33:066][  0]LogAudio: Display: Audio Device Manager Initialized
[2021.12.15-13.47.33:066][  0]LogAudio: Display: Creating Audio Device:                 Id: 1, Scope: Shared, Realtime: True
[2021.12.15-13.47.33:066][  0]LogAudioMixer: Display: Audio Mixer Platform Settings:
[2021.12.15-13.47.33:066][  0]LogAudioMixer: Display: 	Sample Rate:						  48000
[2021.12.15-13.47.33:066][  0]LogAudioMixer: Display: 	Callback Buffer Frame Size Requested: 1024
[2021.12.15-13.47.33:066][  0]LogAudioMixer: Display: 	Callback Buffer Frame Size To Use:	  1024
[2021.12.15-13.47.33:066][  0]LogAudioMixer: Display: 	Number of buffers to queue:			  2
[2021.12.15-13.47.33:066][  0]LogAudioMixer: Display: 	Max Channels (voices):				  32
[2021.12.15-13.47.33:066][  0]LogAudioMixer: Display: 	Number of Async Source Workers:		  0
[2021.12.15-13.47.33:066][  0]LogAudio: Display: AudioDevice MaxSources: 32
[2021.12.15-13.47.33:066][  0]LogAudio: Display: Audio Spatialization Plugin: None (built-in).
[2021.12.15-13.47.33:066][  0]LogAudio: Display: Audio Reverb Plugin: None (built-in).
[2021.12.15-13.47.33:066][  0]LogAudio: Display: Audio Occlusion Plugin: None (built-in).
[2021.12.15-13.47.33:066][  0]LogAudioMixer: Display: Initializing audio mixer.
[2021.12.15-13.47.33:074][  0]LogAudioMixer: Display: 0: FrontLeft
[2021.12.15-13.47.33:074][  0]LogAudioMixer: Display: 1: FrontRight
[2021.12.15-13.47.33:086][  0]LogAudioMixer: Display: Using Audio Device Speakers (High Definition Audio Device)
[2021.12.15-13.47.33:092][  0]LogAudioMixer: Display: Initializing Sound Submixes...
[2021.12.15-13.47.33:093][  0]LogAudioMixer: Display: Creating Master Submix 'MasterSubmixDefault'
[2021.12.15-13.47.33:093][  0]LogAudioMixer: Display: Creating Master Submix 'MasterReverbSubmixDefault'
[2021.12.15-13.47.33:094][  0]LogAudioMixer: Display: Creating Master Submix 'MasterEQSubmixDefault'
[2021.12.15-13.47.33:094][  0]LogAudioMixer: FMixerPlatformXAudio2::StartAudioStream() called
[2021.12.15-13.47.33:094][  0]LogAudioMixer: Display: Output buffers initialized: Frames=1024, Channels=2, Samples=2048
[2021.12.15-13.47.33:095][  0]LogAudioMixer: Display: Starting AudioMixerPlatformInterface::RunInternal()
[2021.12.15-13.47.33:095][  0]LogAudioMixer: Display: FMixerPlatformXAudio2::SubmitBuffer() called for the first time
[2021.12.15-13.47.33:095][  0]LogInit: FAudioDevice initialized.
[2021.12.15-13.47.33:096][  0]LogNetVersion: Set ProjectVersion to 1.0.0.0. Version Checksum will be recalculated on next use.
[2021.12.15-13.47.33:096][  0]LogInit: Texture streaming: Enabled
[2021.12.15-13.47.33:142][  0]LogAudio: Display: Audio Device (ID: 1) registered with world 'Untitled'.
[2021.12.15-13.47.33:142][  0]LogSlate: Updating window title bar state: overlay mode, drag disabled, window buttons hidden, title bar hidden
[2021.12.15-13.47.33:143][  0]LogInit: Display: Game Engine Initialized.
[2021.12.15-13.47.33:143][  0]LogNiagaraEditor: GEditor isn't valid! Particle reset commands will not work for Niagara components!
[2021.12.15-13.47.33:229][  0]LogImageWrapper: Warning: PNG Warning: Duplicate iCCP chunk
[2021.12.15-13.47.33:229][  0]LogImageWrapper: Warning: PNG Warning: Duplicate iCCP chunk
[2021.12.15-13.47.33:229][  0]LogInit: Display: Starting Game.
[2021.12.15-13.47.33:229][  0]LogNet: Browse: /Game/2DSideScrollerBP/Maps/MainMenu?Name=Player
[2021.12.15-13.47.33:229][  0]LogLoad: LoadMap: /Game/2DSideScrollerBP/Maps/MainMenu?Name=Player
[2021.12.15-13.47.33:229][  0]LogWorld: BeginTearingDown for /Temp/Untitled_0
[2021.12.15-13.47.33:230][  0]LogWorld: UWorld::CleanupWorld for Untitled, bSessionEnded=true, bCleanupResources=true
[2021.12.15-13.47.33:230][  0]LogSlate: InvalidateAllWidgets triggered.  All widgets were invalidated
[2021.12.15-13.47.33:233][  0]LogAudio: Display: Audio Device unregistered from world 'None'.
[2021.12.15-13.47.33:235][  0]LogUObjectHash: Compacting FUObjectHashTables data took   0.73ms
[2021.12.15-13.47.33:246][  0]LogAudio: Display: Audio Device (ID: 1) registered with world 'MainMenu'.
[2021.12.15-13.47.33:251][  0]LogAIModule: Creating AISystem for world MainMenu
[2021.12.15-13.47.33:251][  0]LogLoad: Game class is 'GameMode'
[2021.12.15-13.47.33:252][  0]LogWorld: Bringing World /Game/2DSideScrollerBP/Maps/MainMenu.MainMenu up for play (max tick rate 0) at 2021.12.15-20.47.33
[2021.12.15-13.47.33:252][  0]LogWorld: Bringing up level for play took: 0.000267
[2021.12.15-13.47.33:252][  0]LogGameMode: FindPlayerStart: PATHS NOT DEFINED or NO PLAYERSTART with positive rating
[2021.12.15-13.47.33:253][  0]LogGameMode: Display: Match State Changed from EnteringMap to WaitingToStart
[2021.12.15-13.47.33:253][  0]LogGameState: Match State Changed from EnteringMap to WaitingToStart
[2021.12.15-13.47.33:253][  0]LogGameMode: Display: Match State Changed from WaitingToStart to InProgress
[2021.12.15-13.47.33:254][  0]LogViewport: Display: Viewport MouseLockMode Changed, LockOnCapture -> DoNotLock
[2021.12.15-13.47.33:254][  0]LogViewport: Display: Viewport MouseCaptureMode Changed, CapturePermanently_IncludingInitialMouseDown -> NoCapture
[2021.12.15-13.47.33:254][  0]LogGameState: Match State Changed from WaitingToStart to InProgress
[2021.12.15-13.47.33:254][  0]LogLoad: Took 0.024696 seconds to LoadMap(/Game/2DSideScrollerBP/Maps/MainMenu)
[2021.12.15-13.47.33:329][  0]LogSlate: Took 0.000159 seconds to synchronously load lazily loaded font '../../../Engine/Content/Slate/Fonts/Roboto-Regular.ttf' (155K)
[2021.12.15-13.47.33:344][  0]LogRenderer: Reallocating scene render targets to support 1912x1048 Format 10 NumSamples 1 (Frame:1).
[2021.12.15-13.47.33:344][  0]LogInit: Display: Engine is initialized. Leaving FEngineLoop::Init()
[2021.12.15-13.47.33:344][  0]LogLoad: (Engine Initialization) Total time: 4.00 seconds
[2021.12.15-13.47.33:344][  0]LogLoad: (Engine Initialization) Total Blueprint compile time: 0.00 seconds
[2021.12.15-13.47.33:352][  0]LogContentStreaming: Texture pool size now 1000 MB
[2021.12.15-13.47.36:808][448]LogViewport: Display: Viewport MouseLockMode Changed, DoNotLock -> LockOnCapture
[2021.12.15-13.47.36:808][448]LogViewport: Display: Viewport MouseCaptureMode Changed, NoCapture -> CapturePermanently
[2021.12.15-13.47.36:862][448]LogPackageName: SearchForPackageOnDisk took   0.054s to resolve Map01.umap.
[2021.12.15-13.47.36:863][448]LogGameMode: Display: Match State Changed from InProgress to LeavingMap
[2021.12.15-13.47.36:863][448]LogGameState: Match State Changed from InProgress to LeavingMap
[2021.12.15-13.47.36:913][448]LogPackageName: SearchForPackageOnDisk took   0.050s to resolve Map01.umap.
[2021.12.15-13.47.36:913][448]LogNet: Browse: /Game/2DSideScrollerBP/Maps/Map01
[2021.12.15-13.47.36:913][448]LogLoad: LoadMap: /Game/2DSideScrollerBP/Maps/Map01
[2021.12.15-13.47.36:913][448]LogWorld: BeginTearingDown for /Game/2DSideScrollerBP/Maps/MainMenu
[2021.12.15-13.47.36:914][448]LogWorld: UWorld::CleanupWorld for MainMenu, bSessionEnded=true, bCleanupResources=true
[2021.12.15-13.47.36:914][448]LogSlate: InvalidateAllWidgets triggered.  All widgets were invalidated
[2021.12.15-13.47.36:955][448]LogAudio: Display: Waited 40.567699 ms for audio thread.
[2021.12.15-13.47.36:975][448]LogAudio: Display: Audio Device unregistered from world 'None'.
[2021.12.15-13.47.36:977][448]LogUObjectHash: Compacting FUObjectHashTables data took   0.78ms
[2021.12.15-13.47.37:311][448]LogAudio: Display: Audio Device (ID: 1) registered with world 'Map01'.
[2021.12.15-13.47.37:312][448]LogAIModule: Creating AISystem for world Map01
[2021.12.15-13.47.37:360][448]LogLoad: Game class is '2DSideScrollerGameMode_C'
[2021.12.15-13.47.37:373][448]LogWorld: Bringing World /Game/2DSideScrollerBP/Maps/Map01.Map01 up for play (max tick rate 0) at 2021.12.15-20.47.37
[2021.12.15-13.47.37:373][448]LogWorld: Bringing up level for play took: 0.012132
[2021.12.15-13.47.37:385][448]LogLoad: Took 0.472240 seconds to LoadMap(/Game/2DSideScrollerBP/Maps/Map01)
[2021.12.15-13.49.25:325][747]LogSlate: Window 'TotemsOfEarth (64-bit Development PCD3D_SM5) ' being destroyed
[2021.12.15-13.49.25:325][747]LogWindowsTextInputMethodSystem: Display: IME system deactivated.
[2021.12.15-13.49.25:327][748]LogSlate: Updating window title bar state: overlay mode, drag disabled, window buttons hidden, title bar hidden
[2021.12.15-13.49.25:327][748]LogEngine: All Windows Closed
[2021.12.15-13.49.25:327][748]LogWindows: FPlatformMisc::RequestExit(0)
[2021.12.15-13.49.25:327][748]LogWindows: FPlatformMisc::RequestExitWithStatus(0, 0)
[2021.12.15-13.49.25:327][748]LogCore: Engine exit requested (reason: Win RequestExit)
[2021.12.15-13.49.25:327][749]LogCore: Engine exit requested (reason: EngineExit() was called; note: exit was already requested)
[2021.12.15-13.49.25:327][749]LogInit: Display: PreExit Game.
[2021.12.15-13.49.25:327][749]LogWorld: BeginTearingDown for /Game/2DSideScrollerBP/Maps/Map01
[2021.12.15-13.49.25:327][749]LogWorld: UWorld::CleanupWorld for Map01, bSessionEnded=true, bCleanupResources=true
[2021.12.15-13.49.25:329][749]LogSlate: InvalidateAllWidgets triggered.  All widgets were invalidated
[2021.12.15-13.49.26:062][749]LogAudio: Display: Beginning Audio Device Manager Shutdown (Module: AudioMixerXAudio2)...
[2021.12.15-13.49.26:062][749]LogAudio: Display: Destroying 1 Remaining Audio Device(s)...
[2021.12.15-13.49.26:062][749]LogAudio: Display: Audio Device unregistered from world 'Map01'.
[2021.12.15-13.49.26:095][749]LogAudioMixer: FMixerPlatformXAudio2::StopAudioStream() called
[2021.12.15-13.49.26:096][749]LogAudioMixer: FMixerPlatformXAudio2::StopAudioStream() called
[2021.12.15-13.49.26:099][749]LogAudio: Display: Audio Device Manager Shutdown
[2021.12.15-13.49.26:101][749]LogExit: Preparing to exit.
[2021.12.15-13.49.26:104][749]LogSlate: Updating window title bar state: overlay mode, drag disabled, window buttons hidden, title bar hidden
[2021.12.15-13.49.26:105][749]LogUObjectHash: Compacting FUObjectHashTables data took   0.95ms
[2021.12.15-13.49.26:443][749]LogMoviePlayer: Shutting down movie player
[2021.12.15-13.49.26:570][749]LogDemo: Cleaned up 0 splitscreen connections with owner deletion
[2021.12.15-13.49.26:576][749]LogExit: Game engine shut down
[2021.12.15-13.49.26:627][749]LogExit: Object subsystem successfully closed.
[2021.12.15-13.49.26:639][749]LogShaderCompilers: Display: === FShaderJobCache stats ===
[2021.12.15-13.49.26:639][749]LogShaderCompilers: Display: Total job queries 0, among them cache hits 0 (0.00%)
[2021.12.15-13.49.26:639][749]LogShaderCompilers: Display: Tracking 0 distinct input hashes that result in 0 distinct outputs (0.00%)
[2021.12.15-13.49.26:639][749]LogShaderCompilers: Display: RAM used: 0.00 MB (0.00 GB) of 819.20 MB (0.80 GB) budget. Usage: 0.00%
[2021.12.15-13.49.26:639][749]LogShaderCompilers: Display: ================================================
[2021.12.15-13.49.26:647][749]LogShaderCompilers: Display: Shaders left to compile 0
[2021.12.15-13.49.26:654][749]LogModuleManager: Shutting down and abandoning module SequenceRecorderSections (558)
[2021.12.15-13.49.26:654][749]LogModuleManager: Shutting down and abandoning module SequenceRecorder (556)
[2021.12.15-13.49.26:654][749]LogModuleManager: Shutting down and abandoning module AutomationController (554)
[2021.12.15-13.49.26:654][749]LogModuleManager: Shutting down and abandoning module AutomationWorker (552)
[2021.12.15-13.49.26:654][749]LogModuleManager: Shutting down and abandoning module Voice (550)
[2021.12.15-13.49.26:654][749]LogModuleManager: Shutting down and abandoning module AIModule (548)
[2021.12.15-13.49.26:654][749]LogModuleManager: Shutting down and abandoning module GameplayDebugger (547)
[2021.12.15-13.49.26:654][749]LogModuleManager: Shutting down and abandoning module AITestSuite (545)
[2021.12.15-13.49.26:654][749]LogModuleManager: Shutting down and abandoning module NavigationSystem (543)
[2021.12.15-13.49.26:654][749]LogModuleManager: Shutting down and abandoning module SteamVREditor (540)
[2021.12.15-13.49.26:654][749]LogModuleManager: Shutting down and abandoning module ToolMenus (539)
[2021.12.15-13.49.26:654][749]LogModuleManager: Shutting down and abandoning module OculusMR (536)
[2021.12.15-13.49.26:654][749]LogModuleManager: Shutting down and abandoning module OpenXRInput (534)
[2021.12.15-13.49.26:654][749]LogModuleManager: Shutting down and abandoning module TakeRecorderSources (532)
[2021.12.15-13.49.26:654][749]LogModuleManager: Shutting down and abandoning module TakeRecorder (531)
[2021.12.15-13.49.26:654][749]LogModuleManager: Shutting down and abandoning module TakeTrackRecorders (528)
[2021.12.15-13.49.26:654][749]LogModuleManager: Shutting down and abandoning module TakesCore (526)
[2021.12.15-13.49.26:654][749]LogModuleManager: Shutting down and abandoning module PlanarCut (524)
[2021.12.15-13.49.26:654][749]LogModuleManager: Shutting down and abandoning module WmfMediaFactory (522)
[2021.12.15-13.49.26:654][749]LogModuleManager: Shutting down and abandoning module WebMMediaFactory (520)
[2021.12.15-13.49.26:654][749]LogModuleManager: Shutting down and abandoning module WebMMedia (518)
[2021.12.15-13.49.26:654][749]LogModuleManager: Shutting down and abandoning module CharacterAI (516)
[2021.12.15-13.49.26:654][749]LogModuleManager: Shutting down and abandoning module OpenExrWrapper (514)
[2021.12.15-13.49.26:654][749]LogModuleManager: Shutting down and abandoning module ImgMediaFactory (512)
[2021.12.15-13.49.26:654][749]LogModuleManager: Shutting down and abandoning module AvfMediaFactory (510)
[2021.12.15-13.49.26:654][749]LogModuleManager: Shutting down and abandoning module MagicLeapMediaCodecFactory (508)
[2021.12.15-13.49.26:654][749]LogModuleManager: Shutting down and abandoning module MagicLeapMediaFactory (506)
[2021.12.15-13.49.26:654][749]LogModuleManager: Shutting down and abandoning module SessionServices (504)
[2021.12.15-13.49.26:654][749]LogModuleManager: Shutting down and abandoning module MovieSceneCapture (502)
[2021.12.15-13.49.26:654][749]LogModuleManager: Shutting down and abandoning module LiveCoding (500)
[2021.12.15-13.49.26:654][749]LogModuleManager: Shutting down and abandoning module LevelSequence (498)
[2021.12.15-13.49.26:654][749]LogModuleManager: Shutting down and abandoning module MovieSceneTracks (496)
[2021.12.15-13.49.26:654][749]LogModuleManager: Shutting down and abandoning module MovieScene (494)
[2021.12.15-13.49.26:654][749]LogModuleManager: Shutting down and abandoning module StreamingPauseRendering (492)
[2021.12.15-13.49.26:654][749]LogModuleManager: Shutting down and abandoning module PortalServices (490)
[2021.12.15-13.49.26:654][749]LogModuleManager: Shutting down and abandoning module PortalRpc (488)
[2021.12.15-13.49.26:654][749]LogModuleManager: Shutting down and abandoning module MessagingRpc (486)
[2021.12.15-13.49.26:654][749]LogModuleManager: Shutting down and abandoning module AudioMixerXAudio2 (484)
[2021.12.15-13.49.26:654][749]LogModuleManager: Shutting down and abandoning module AudioMixerCore (483)
[2021.12.15-13.49.26:654][749]LogModuleManager: Shutting down and abandoning module ImageWriteQueue (480)
[2021.12.15-13.49.26:657][749]LogModuleManager: Shutting down and abandoning module ProfilerService (478)
[2021.12.15-13.49.26:892][749]LogModuleManager: Shutting down and abandoning module TaskGraph (476)
[2021.12.15-13.49.26:892][749]LogModuleManager: Shutting down and abandoning module OculusInput (474)
[2021.12.15-13.49.26:892][749]LogModuleManager: Shutting down and abandoning module Synthesis (472)
[2021.12.15-13.49.26:892][749]LogModuleManager: Shutting down and abandoning module ProceduralMeshComponent (470)
[2021.12.15-13.49.26:892][749]LogModuleManager: Shutting down and abandoning module MobilePatchingUtils (468)
[2021.12.15-13.49.26:892][749]LogModuleManager: Shutting down and abandoning module TakeMovieScene (466)
[2021.12.15-13.49.26:892][749]LogModuleManager: Shutting down and abandoning module GooglePAD (464)
[2021.12.15-13.49.26:892][749]LogModuleManager: Shutting down and abandoning module EditableMesh (462)
[2021.12.15-13.49.26:892][749]LogModuleManager: Shutting down and abandoning module CustomMeshComponent (460)
[2021.12.15-13.49.26:892][749]LogModuleManager: Shutting down and abandoning module CableComponent (458)
[2021.12.15-13.49.26:892][749]LogModuleManager: Shutting down and abandoning module AudioCapture (456)
[2021.12.15-13.49.26:892][749]LogModuleManager: Shutting down and abandoning module AudioCaptureRtAudio (455)
[2021.12.15-13.49.26:892][749]LogModuleManager: Shutting down and abandoning module AssetTags (452)
[2021.12.15-13.49.26:892][749]LogModuleManager: Shutting down and abandoning module ArchVisCharacter (450)
[2021.12.15-13.49.26:892][749]LogModuleManager: Shutting down and abandoning module AppleImageUtilsBlueprintSupport (448)
[2021.12.15-13.49.26:892][749]LogModuleManager: Shutting down and abandoning module AppleImageUtils (446)
[2021.12.15-13.49.26:892][749]LogModuleManager: Shutting down and abandoning module AndroidPermission (444)
[2021.12.15-13.49.26:893][749]LogModuleManager: Shutting down and abandoning module MotoSynth (442)
[2021.12.15-13.49.26:893][749]LogModuleManager: Shutting down and abandoning module OpenImageDenoise (440)
[2021.12.15-13.49.26:893][749]LogOpenImageDenoise: OIDN shutting down
[2021.12.15-13.49.26:893][749]LogModuleManager: Shutting down and abandoning module ActorLayerUtilities (438)
[2021.12.15-13.49.26:893][749]LogModuleManager: Shutting down and abandoning module MeshConversion (436)
[2021.12.15-13.49.26:893][749]LogModuleManager: Shutting down and abandoning module DynamicMesh (434)
[2021.12.15-13.49.26:893][749]LogModuleManager: Shutting down and abandoning module GeometryAlgorithms (432)
[2021.12.15-13.49.26:893][749]LogModuleManager: Shutting down and abandoning module GeometricObjects (430)
[2021.12.15-13.49.26:893][749]LogModuleManager: Shutting down and abandoning module VisualStudioSourceCodeAccess (428)
[2021.12.15-13.49.26:893][749]LogModuleManager: Shutting down and abandoning module HotReload (427)
[2021.12.15-13.49.26:893][749]LogModuleManager: Shutting down and abandoning module VisualStudioCodeSourceCodeAccess (424)
[2021.12.15-13.49.26:893][749]LogModuleManager: Shutting down and abandoning module UObjectPlugin (422)
[2021.12.15-13.49.26:893][749]LogModuleManager: Shutting down and abandoning module SubversionSourceControl (420)
[2021.12.15-13.49.26:893][749]LogModuleManager: Shutting down and abandoning module PerforceSourceControl (418)
[2021.12.15-13.49.26:893][749]LogModuleManager: Shutting down and abandoning module SourceControl (417)
[2021.12.15-13.49.26:893][749]LogModuleManager: Shutting down and abandoning module GeometryCollectionTracks (414)
[2021.12.15-13.49.26:893][749]LogModuleManager: Shutting down and abandoning module GeometryCollectionSequencer (413)
[2021.12.15-13.49.26:893][749]LogModuleManager: Shutting down and abandoning module GeometryCacheTracks (410)
[2021.12.15-13.49.26:893][749]LogModuleManager: Shutting down and abandoning module GeometryCacheSequencer (409)
[2021.12.15-13.49.26:893][749]LogModuleManager: Shutting down and abandoning module GeometryCache (406)
[2021.12.15-13.49.26:893][749]LogModuleManager: Shutting down and abandoning module GeometryCacheEd (405)
[2021.12.15-13.49.26:893][749]LogModuleManager: Shutting down and abandoning module CLionSourceCodeAccess (402)
[2021.12.15-13.49.26:893][749]LogModuleManager: Shutting down and abandoning module MagicLeapSharedWorld (400)
[2021.12.15-13.49.26:893][749]LogModuleManager: Shutting down and abandoning module TemplateSequence (398)
[2021.12.15-13.49.26:893][749]LogModuleManager: Shutting down and abandoning module ChaosNiagara (396)
[2021.12.15-13.49.26:893][749]LogModuleManager: Shutting down and abandoning module FieldSystemEngine (395)
[2021.12.15-13.49.26:893][749]LogModuleManager: Shutting down and abandoning module MediaCompositing (392)
[2021.12.15-13.49.26:893][749]LogModuleManager: Shutting down and abandoning module ImgMedia (390)
[2021.12.15-13.49.26:893][749]LogModuleManager: Shutting down and abandoning module MagicLeapLightEstimation (388)
[2021.12.15-13.49.26:893][749]LogModuleManager: Shutting down and abandoning module MagicLeapHelperVulkan (386)
[2021.12.15-13.49.26:893][749]LogModuleManager: Shutting down and abandoning module MagicLeapHelperOpenGL (384)
[2021.12.15-13.49.26:893][749]LogModuleManager: Shutting down and abandoning module MagicLeapAudio (382)
[2021.12.15-13.49.26:893][749]LogModuleManager: Shutting down and abandoning module AutomationUtils (380)
[2021.12.15-13.49.26:893][749]LogModuleManager: Shutting down and abandoning module BackChannel (378)
[2021.12.15-13.49.26:893][749]LogModuleManager: Shutting down and abandoning module LiveLinkSequencer (376)
[2021.12.15-13.49.26:893][749]LogModuleManager: Shutting down and abandoning module LiveLinkMovieScene (374)
[2021.12.15-13.49.26:893][749]LogModuleManager: Shutting down and abandoning module LiveLinkGraphNode (372)
[2021.12.15-13.49.26:893][749]LogModuleManager: Shutting down and abandoning module LiveLinkComponents (370)
[2021.12.15-13.49.26:893][749]LogModuleManager: Shutting down and abandoning module LiveLink (368)
